[ 2015-06-22T10:58:27+08:00 ] 127.0.0.1 /thbbs/
INFO: [ app_init ] --START--
INFO: Run Behavior\BuildLiteBehavior [ RunTime:0.000016s ]
INFO: [ app_init ] --END-- [ RunTime:0.000085s ]
INFO: [ app_begin ] --START--
INFO: Run Behavior\ReadHtmlCacheBehavior [ RunTime:0.000556s ]
INFO: [ app_begin ] --END-- [ RunTime:0.000627s ]
INFO: [ view_parse ] --START--
INFO: [ template_filter ] --START--
INFO: Run Behavior\ContentReplaceBehavior [ RunTime:0.000250s ]
INFO: [ template_filter ] --END-- [ RunTime:0.000330s ]
INFO: Run Behavior\ParseTemplateBehavior [ RunTime:0.008792s ]
INFO: [ view_parse ] --END-- [ RunTime:0.008868s ]
INFO: [ view_filter ] --START--
INFO: Run Behavior\WriteHtmlCacheBehavior [ RunTime:0.000193s ]
INFO: [ view_filter ] --END-- [ RunTime:0.000238s ]
INFO: [ app_end ] --START--
INFO: Run Behavior\ShowPageTraceBehavior [ RunTime:0.000531s ]
INFO: [ app_end ] --END-- [ RunTime:0.000586s ]

[ 2015-06-22T11:07:40+08:00 ] 127.0.0.1 /thbbs/
INFO: [ app_init ] --START--
INFO: Run Behavior\BuildLiteBehavior [ RunTime:0.000009s ]
INFO: [ app_init ] --END-- [ RunTime:0.000218s ]
INFO: [ app_begin ] --START--
INFO: Run Behavior\ReadHtmlCacheBehavior [ RunTime:0.000300s ]
INFO: [ app_begin ] --END-- [ RunTime:0.000337s ]
SQL: SHOW COLUMNS FROM `user` [ RunTime:0.0074s ]
SQL: SELECT * FROM `user`  [ RunTime:0.0003s ]
INFO: [ app_end ] --START--
INFO: Run Behavior\ShowPageTraceBehavior [ RunTime:0.000608s ]
INFO: [ app_end ] --END-- [ RunTime:0.000710s ]

[ 2015-06-22T11:46:01+08:00 ] 127.0.0.1 /thbbs/
INFO: [ app_init ] --START--
INFO: Run Behavior\BuildLiteBehavior [ RunTime:0.000013s ]
INFO: [ app_init ] --END-- [ RunTime:0.000319s ]
INFO: [ app_begin ] --START--
INFO: Run Behavior\ReadHtmlCacheBehavior [ RunTime:0.000514s ]
INFO: [ app_begin ] --END-- [ RunTime:0.000579s ]
ERR: SQLSTATE[42S02]: Base table or view not found: 1146 Table 'test.msg' doesn't exist

[ 2015-06-22T11:46:20+08:00 ] 127.0.0.1 /thbbs/
INFO: [ app_init ] --START--
INFO: Run Behavior\BuildLiteBehavior [ RunTime:0.000014s ]
INFO: [ app_init ] --END-- [ RunTime:0.000380s ]
INFO: [ app_begin ] --START--
INFO: Run Behavior\ReadHtmlCacheBehavior [ RunTime:0.000421s ]
INFO: [ app_begin ] --END-- [ RunTime:0.000463s ]
SQL: SHOW COLUMNS FROM `think_msg` [ RunTime:0.0013s ]
SQL: SELECT * FROM `think_msg`  [ RunTime:0.0003s ]
INFO: [ app_end ] --START--
INFO: Run Behavior\ShowPageTraceBehavior [ RunTime:0.000698s ]
INFO: [ app_end ] --END-- [ RunTime:0.000757s ]

[ 2015-06-22T11:47:04+08:00 ] 127.0.0.1 /thbbs/
INFO: [ app_init ] --START--
INFO: Run Behavior\BuildLiteBehavior [ RunTime:0.000019s ]
INFO: [ app_init ] --END-- [ RunTime:0.000452s ]
INFO: [ app_begin ] --START--
INFO: Run Behavior\ReadHtmlCacheBehavior [ RunTime:0.000414s ]
INFO: [ app_begin ] --END-- [ RunTime:0.000475s ]
SQL: SHOW COLUMNS FROM `think_msg` [ RunTime:0.0024s ]
SQL: SELECT * FROM `think_msg`  [ RunTime:0.0003s ]
INFO: [ app_end ] --START--
INFO: Run Behavior\ShowPageTraceBehavior [ RunTime:0.000544s ]
INFO: [ app_end ] --END-- [ RunTime:0.000593s ]

[ 2015-06-22T11:49:17+08:00 ] 127.0.0.1 /thbbs/
INFO: [ app_init ] --START--
INFO: Run Behavior\BuildLiteBehavior [ RunTime:0.000014s ]
INFO: [ app_init ] --END-- [ RunTime:0.000368s ]
INFO: [ app_begin ] --START--
INFO: Run Behavior\ReadHtmlCacheBehavior [ RunTime:0.000494s ]
INFO: [ app_begin ] --END-- [ RunTime:0.000607s ]
SQL: SHOW COLUMNS FROM `think_msg` [ RunTime:0.0025s ]
SQL: SELECT * FROM `think_msg` WHERE ( id=0 )  [ RunTime:0.0003s ]
INFO: [ app_end ] --START--
INFO: Run Behavior\ShowPageTraceBehavior [ RunTime:0.000674s ]
INFO: [ app_end ] --END-- [ RunTime:0.000733s ]

[ 2015-06-22T11:49:18+08:00 ] 127.0.0.1 /thbbs/?123asd
INFO: [ app_init ] --START--
INFO: Run Behavior\BuildLiteBehavior [ RunTime:0.000013s ]
INFO: [ app_init ] --END-- [ RunTime:0.000247s ]
INFO: [ app_begin ] --START--
INFO: Run Behavior\ReadHtmlCacheBehavior [ RunTime:0.000324s ]
INFO: [ app_begin ] --END-- [ RunTime:0.000362s ]
SQL: SHOW COLUMNS FROM `think_msg` [ RunTime:0.0021s ]
SQL: SELECT * FROM `think_msg` WHERE ( id=0 )  [ RunTime:0.0004s ]
INFO: [ app_end ] --START--
INFO: Run Behavior\ShowPageTraceBehavior [ RunTime:0.000464s ]
INFO: [ app_end ] --END-- [ RunTime:0.000507s ]

[ 2015-06-22T11:49:20+08:00 ] 127.0.0.1 /thbbs/
INFO: [ app_init ] --START--
INFO: Run Behavior\BuildLiteBehavior [ RunTime:0.000015s ]
INFO: [ app_init ] --END-- [ RunTime:0.000342s ]
INFO: [ app_begin ] --START--
INFO: Run Behavior\ReadHtmlCacheBehavior [ RunTime:0.000365s ]
INFO: [ app_begin ] --END-- [ RunTime:0.000409s ]
SQL: SHOW COLUMNS FROM `think_msg` [ RunTime:0.0012s ]
SQL: SELECT * FROM `think_msg` WHERE ( id=0 )  [ RunTime:0.0002s ]
INFO: [ app_end ] --START--
INFO: Run Behavior\ShowPageTraceBehavior [ RunTime:0.000512s ]
INFO: [ app_end ] --END-- [ RunTime:0.000552s ]

[ 2015-06-22T11:49:26+08:00 ] 127.0.0.1 /thbbs/
INFO: [ app_init ] --START--
INFO: Run Behavior\BuildLiteBehavior [ RunTime:0.000008s ]
INFO: [ app_init ] --END-- [ RunTime:0.000209s ]
INFO: [ app_begin ] --START--
INFO: Run Behavior\ReadHtmlCacheBehavior [ RunTime:0.000308s ]
INFO: [ app_begin ] --END-- [ RunTime:0.000348s ]
SQL: SHOW COLUMNS FROM `think_msg` [ RunTime:0.0028s ]
SQL: SELECT * FROM `think_msg` WHERE ( id=1 )  [ RunTime:0.0004s ]
INFO: [ app_end ] --START--
INFO: Run Behavior\ShowPageTraceBehavior [ RunTime:0.000469s ]
INFO: [ app_end ] --END-- [ RunTime:0.000514s ]

[ 2015-06-22T11:49:41+08:00 ] 127.0.0.1 /thbbs/
INFO: [ app_init ] --START--
INFO: Run Behavior\BuildLiteBehavior [ RunTime:0.000011s ]
INFO: [ app_init ] --END-- [ RunTime:0.000239s ]
INFO: [ app_begin ] --START--
INFO: Run Behavior\ReadHtmlCacheBehavior [ RunTime:0.000461s ]
INFO: [ app_begin ] --END-- [ RunTime:0.000563s ]
SQL: SHOW COLUMNS FROM `think_msg` [ RunTime:0.0022s ]
SQL: SELECT * FROM `think_msg` WHERE ( fm=0 )  [ RunTime:0.0004s ]
INFO: [ app_end ] --START--
INFO: Run Behavior\ShowPageTraceBehavior [ RunTime:0.000474s ]
INFO: [ app_end ] --END-- [ RunTime:0.000517s ]

[ 2015-06-22T11:50:39+08:00 ] 127.0.0.1 /thbbs/
INFO: [ app_init ] --START--
INFO: Run Behavior\BuildLiteBehavior [ RunTime:0.000025s ]
INFO: [ app_init ] --END-- [ RunTime:0.000272s ]
INFO: [ app_begin ] --START--
INFO: Run Behavior\ReadHtmlCacheBehavior [ RunTime:0.000726s ]
INFO: [ app_begin ] --END-- [ RunTime:0.000822s ]
NOTIC: [2048] Declaration of Home\Controller\IndexController::show() should be compatible with Think\Controller::show($content, $charset = '', $contentType = '', $prefix = '') /Applications/XAMPP/xamppfiles/htdocs/thbbs/app/Home/Controller/IndexController.class.php 第 15 行.
SQL: SHOW COLUMNS FROM `think_msg` [ RunTime:0.0025s ]
SQL: SELECT * FROM `think_msg` WHERE ( fm=0 )  [ RunTime:0.0005s ]
INFO: [ app_end ] --START--
INFO: Run Behavior\ShowPageTraceBehavior [ RunTime:0.000642s ]
INFO: [ app_end ] --END-- [ RunTime:0.000704s ]

[ 2015-06-22T11:50:42+08:00 ] 127.0.0.1 /thbbs/
INFO: [ app_init ] --START--
INFO: Run Behavior\BuildLiteBehavior [ RunTime:0.000029s ]
INFO: [ app_init ] --END-- [ RunTime:0.000516s ]
INFO: [ app_begin ] --START--
INFO: Run Behavior\ReadHtmlCacheBehavior [ RunTime:0.000574s ]
INFO: [ app_begin ] --END-- [ RunTime:0.000685s ]
NOTIC: [2048] Declaration of Home\Controller\IndexController::show() should be compatible with Think\Controller::show($content, $charset = '', $contentType = '', $prefix = '') /Applications/XAMPP/xamppfiles/htdocs/thbbs/app/Home/Controller/IndexController.class.php 第 15 行.
SQL: SHOW COLUMNS FROM `think_msg` [ RunTime:0.0022s ]
SQL: SELECT * FROM `think_msg` WHERE ( fm=0 )  [ RunTime:0.0003s ]
INFO: [ app_end ] --START--
INFO: Run Behavior\ShowPageTraceBehavior [ RunTime:0.000468s ]
INFO: [ app_end ] --END-- [ RunTime:0.000510s ]

[ 2015-06-22T11:51:01+08:00 ] 127.0.0.1 /thbbs/
INFO: [ app_init ] --START--
INFO: Run Behavior\BuildLiteBehavior [ RunTime:0.000011s ]
INFO: [ app_init ] --END-- [ RunTime:0.000247s ]
INFO: [ app_begin ] --START--
INFO: Run Behavior\ReadHtmlCacheBehavior [ RunTime:0.000435s ]
INFO: [ app_begin ] --END-- [ RunTime:0.000483s ]
NOTIC: [2048] Declaration of Home\Controller\IndexController::show() should be compatible with Think\Controller::show($content, $charset = '', $contentType = '', $prefix = '') /Applications/XAMPP/xamppfiles/htdocs/thbbs/app/Home/Controller/IndexController.class.php 第 16 行.
SQL: SHOW COLUMNS FROM `think_msg` [ RunTime:0.0023s ]
SQL: SELECT * FROM `think_msg` WHERE ( fm=0 )  [ RunTime:0.0003s ]
NOTIC: [2] json_decode() expects parameter 1 to be string, array given /Applications/XAMPP/xamppfiles/htdocs/thbbs/app/Home/Controller/IndexController.class.php 第 14 行.
INFO: [ app_end ] --START--
INFO: Run Behavior\ShowPageTraceBehavior [ RunTime:0.000504s ]
INFO: [ app_end ] --END-- [ RunTime:0.000544s ]

[ 2015-06-22T11:51:23+08:00 ] 127.0.0.1 /thbbs/
INFO: [ app_init ] --START--
INFO: Run Behavior\BuildLiteBehavior [ RunTime:0.000009s ]
INFO: [ app_init ] --END-- [ RunTime:0.000214s ]
INFO: [ app_begin ] --START--
INFO: Run Behavior\ReadHtmlCacheBehavior [ RunTime:0.000264s ]
INFO: [ app_begin ] --END-- [ RunTime:0.000316s ]
NOTIC: [2048] Declaration of Home\Controller\IndexController::show() should be compatible with Think\Controller::show($content, $charset = '', $contentType = '', $prefix = '') /Applications/XAMPP/xamppfiles/htdocs/thbbs/app/Home/Controller/IndexController.class.php 第 18 行.
SQL: SHOW COLUMNS FROM `think_msg` [ RunTime:0.0016s ]
SQL: SELECT * FROM `think_msg` WHERE ( fm=0 )  [ RunTime:0.0005s ]
NOTIC: [2] json_decode() expects parameter 1 to be string, array given /Applications/XAMPP/xamppfiles/htdocs/thbbs/app/Home/Controller/IndexController.class.php 第 16 行.
SQL: SELECT * FROM `think_msg` WHERE ( fm=0 )  [ RunTime:0.0004s ]
NOTIC: [2] json_decode() expects parameter 1 to be string, array given /Applications/XAMPP/xamppfiles/htdocs/thbbs/app/Home/Controller/IndexController.class.php 第 9 行.
INFO: [ app_end ] --START--
INFO: Run Behavior\ShowPageTraceBehavior [ RunTime:0.000661s ]
INFO: [ app_end ] --END-- [ RunTime:0.000707s ]

[ 2015-06-22T11:51:34+08:00 ] 127.0.0.1 /thbbs/
INFO: [ app_init ] --START--
INFO: Run Behavior\BuildLiteBehavior [ RunTime:0.000020s ]
INFO: [ app_init ] --END-- [ RunTime:0.000474s ]
INFO: [ app_begin ] --START--
INFO: Run Behavior\ReadHtmlCacheBehavior [ RunTime:0.000534s ]
INFO: [ app_begin ] --END-- [ RunTime:0.000608s ]
NOTIC: [2048] Declaration of Home\Controller\IndexController::show() should be compatible with Think\Controller::show($content, $charset = '', $contentType = '', $prefix = '') /Applications/XAMPP/xamppfiles/htdocs/thbbs/app/Home/Controller/IndexController.class.php 第 16 行.
SQL: SHOW COLUMNS FROM `think_msg` [ RunTime:0.0023s ]
SQL: SELECT * FROM `think_msg` WHERE ( fm=0 )  [ RunTime:0.0005s ]
INFO: [ app_end ] --START--
INFO: Run Behavior\ShowPageTraceBehavior [ RunTime:0.000495s ]
INFO: [ app_end ] --END-- [ RunTime:0.000546s ]

[ 2015-06-22T12:02:19+08:00 ] 127.0.0.1 /thbbs/
INFO: [ app_init ] --START--
INFO: Run Behavior\BuildLiteBehavior [ RunTime:0.000011s ]
INFO: [ app_init ] --END-- [ RunTime:0.000271s ]
INFO: [ app_begin ] --START--
INFO: Run Behavior\ReadHtmlCacheBehavior [ RunTime:0.000282s ]
INFO: [ app_begin ] --END-- [ RunTime:0.000316s ]
NOTIC: [2048] Declaration of Home\Controller\IndexController::show() should be compatible with Think\Controller::show($content, $charset = '', $contentType = '', $prefix = '') /Applications/XAMPP/xamppfiles/htdocs/thbbs/app/Home/Controller/IndexController.class.php 第 22 行.
SQL: SHOW COLUMNS FROM `think_msg` [ RunTime:0.0025s ]
SQL: SELECT * FROM `think_msg` WHERE ( fm=0 )  [ RunTime:0.0005s ]
SQL: INSERT INTO `think_msg` (`msg`,`fm`) VALUES ('undefined','0') [ RunTime:0.0015s ]
INFO: [ app_end ] --START--
INFO: Run Behavior\ShowPageTraceBehavior [ RunTime:0.000674s ]
INFO: [ app_end ] --END-- [ RunTime:0.000727s ]

[ 2015-06-22T12:02:20+08:00 ] 127.0.0.1 /thbbs/
INFO: [ app_init ] --START--
INFO: Run Behavior\BuildLiteBehavior [ RunTime:0.000009s ]
INFO: [ app_init ] --END-- [ RunTime:0.000202s ]
INFO: [ app_begin ] --START--
INFO: Run Behavior\ReadHtmlCacheBehavior [ RunTime:0.000257s ]
INFO: [ app_begin ] --END-- [ RunTime:0.000289s ]
NOTIC: [2048] Declaration of Home\Controller\IndexController::show() should be compatible with Think\Controller::show($content, $charset = '', $contentType = '', $prefix = '') /Applications/XAMPP/xamppfiles/htdocs/thbbs/app/Home/Controller/IndexController.class.php 第 22 行.
SQL: SHOW COLUMNS FROM `think_msg` [ RunTime:0.0013s ]
SQL: SELECT * FROM `think_msg` WHERE ( fm=0 )  [ RunTime:0.0005s ]
SQL: INSERT INTO `think_msg` (`msg`,`fm`) VALUES ('undefined','0') [ RunTime:0.0013s ]
INFO: [ app_end ] --START--
INFO: Run Behavior\ShowPageTraceBehavior [ RunTime:0.000568s ]
INFO: [ app_end ] --END-- [ RunTime:0.000612s ]

[ 2015-06-22T12:02:21+08:00 ] 127.0.0.1 /thbbs/
INFO: [ app_init ] --START--
INFO: Run Behavior\BuildLiteBehavior [ RunTime:0.000011s ]
INFO: [ app_init ] --END-- [ RunTime:0.000293s ]
INFO: [ app_begin ] --START--
INFO: Run Behavior\ReadHtmlCacheBehavior [ RunTime:0.000317s ]
INFO: [ app_begin ] --END-- [ RunTime:0.000356s ]
NOTIC: [2048] Declaration of Home\Controller\IndexController::show() should be compatible with Think\Controller::show($content, $charset = '', $contentType = '', $prefix = '') /Applications/XAMPP/xamppfiles/htdocs/thbbs/app/Home/Controller/IndexController.class.php 第 22 行.
SQL: SHOW COLUMNS FROM `think_msg` [ RunTime:0.0024s ]
SQL: SELECT * FROM `think_msg` WHERE ( fm=0 )  [ RunTime:0.0004s ]
SQL: INSERT INTO `think_msg` (`msg`,`fm`) VALUES ('undefined','0') [ RunTime:0.0010s ]
INFO: [ app_end ] --START--
INFO: Run Behavior\ShowPageTraceBehavior [ RunTime:0.000544s ]
INFO: [ app_end ] --END-- [ RunTime:0.000592s ]

[ 2015-06-22T12:02:26+08:00 ] 127.0.0.1 /thbbs/
INFO: [ app_init ] --START--
INFO: Run Behavior\BuildLiteBehavior [ RunTime:0.000016s ]
INFO: [ app_init ] --END-- [ RunTime:0.000404s ]
INFO: [ app_begin ] --START--
INFO: Run Behavior\ReadHtmlCacheBehavior [ RunTime:0.000445s ]
INFO: [ app_begin ] --END-- [ RunTime:0.000502s ]
NOTIC: [2048] Declaration of Home\Controller\IndexController::show() should be compatible with Think\Controller::show($content, $charset = '', $contentType = '', $prefix = '') /Applications/XAMPP/xamppfiles/htdocs/thbbs/app/Home/Controller/IndexController.class.php 第 22 行.
SQL: SHOW COLUMNS FROM `think_msg` [ RunTime:0.0028s ]
SQL: SELECT * FROM `think_msg` WHERE ( fm=0 )  [ RunTime:0.0004s ]
SQL: INSERT INTO `think_msg` (`msg`,`fm`) VALUES ('undefined','0') [ RunTime:0.0012s ]
INFO: [ app_end ] --START--
INFO: Run Behavior\ShowPageTraceBehavior [ RunTime:0.000648s ]
INFO: [ app_end ] --END-- [ RunTime:0.000706s ]

[ 2015-06-22T12:02:27+08:00 ] 127.0.0.1 /thbbs/
INFO: [ app_init ] --START--
INFO: Run Behavior\BuildLiteBehavior [ RunTime:0.000021s ]
INFO: [ app_init ] --END-- [ RunTime:0.000380s ]
INFO: [ app_begin ] --START--
INFO: Run Behavior\ReadHtmlCacheBehavior [ RunTime:0.000503s ]
INFO: [ app_begin ] --END-- [ RunTime:0.000575s ]
NOTIC: [2048] Declaration of Home\Controller\IndexController::show() should be compatible with Think\Controller::show($content, $charset = '', $contentType = '', $prefix = '') /Applications/XAMPP/xamppfiles/htdocs/thbbs/app/Home/Controller/IndexController.class.php 第 22 行.
SQL: SHOW COLUMNS FROM `think_msg` [ RunTime:0.0023s ]
SQL: SELECT * FROM `think_msg` WHERE ( fm=0 )  [ RunTime:0.0004s ]
SQL: INSERT INTO `think_msg` (`msg`,`fm`) VALUES ('undefined','0') [ RunTime:0.0010s ]
INFO: [ app_end ] --START--
INFO: Run Behavior\ShowPageTraceBehavior [ RunTime:0.000660s ]
INFO: [ app_end ] --END-- [ RunTime:0.000727s ]

[ 2015-06-22T12:02:57+08:00 ] 127.0.0.1 /thbbs/
INFO: [ app_init ] --START--
INFO: Run Behavior\BuildLiteBehavior [ RunTime:0.000009s ]
INFO: [ app_init ] --END-- [ RunTime:0.000220s ]
INFO: [ app_begin ] --START--
INFO: Run Behavior\ReadHtmlCacheBehavior [ RunTime:0.000266s ]
INFO: [ app_begin ] --END-- [ RunTime:0.000300s ]
NOTIC: [2048] Declaration of Home\Controller\IndexController::show() should be compatible with Think\Controller::show($content, $charset = '', $contentType = '', $prefix = '') /Applications/XAMPP/xamppfiles/htdocs/thbbs/app/Home/Controller/IndexController.class.php 第 22 行.
SQL: SHOW COLUMNS FROM `think_msg` [ RunTime:0.0023s ]
SQL: SELECT * FROM `think_msg` WHERE ( fm=0 )  [ RunTime:0.0003s ]
SQL: INSERT INTO `think_msg` (`msg`,`fm`) VALUES ('undefined','0') [ RunTime:0.0011s ]
INFO: [ app_end ] --START--
INFO: Run Behavior\ShowPageTraceBehavior [ RunTime:0.000642s ]
INFO: [ app_end ] --END-- [ RunTime:0.000692s ]

[ 2015-06-22T12:04:16+08:00 ] 127.0.0.1 /thbbs/
INFO: [ app_init ] --START--
INFO: Run Behavior\BuildLiteBehavior [ RunTime:0.000021s ]
INFO: [ app_init ] --END-- [ RunTime:0.000858s ]
INFO: [ app_begin ] --START--
INFO: Run Behavior\ReadHtmlCacheBehavior [ RunTime:0.000980s ]
INFO: [ app_begin ] --END-- [ RunTime:0.001072s ]
NOTIC: [2048] Declaration of Home\Controller\IndexController::show() should be compatible with Think\Controller::show($content, $charset = '', $contentType = '', $prefix = '') /Applications/XAMPP/xamppfiles/htdocs/thbbs/app/Home/Controller/IndexController.class.php 第 22 行.
SQL: SHOW COLUMNS FROM `think_msg` [ RunTime:0.0024s ]
SQL: SELECT * FROM `think_msg` WHERE ( fm=0 ) ORDER BY time desc  [ RunTime:0.0005s ]
SQL: INSERT INTO `think_msg` (`msg`,`fm`) VALUES ('undefined','0') [ RunTime:0.0014s ]
INFO: [ app_end ] --START--
INFO: Run Behavior\ShowPageTraceBehavior [ RunTime:0.000837s ]
INFO: [ app_end ] --END-- [ RunTime:0.000899s ]

[ 2015-06-22T12:04:19+08:00 ] 127.0.0.1 /thbbs/
INFO: [ app_init ] --START--
INFO: Run Behavior\BuildLiteBehavior [ RunTime:0.000012s ]
INFO: [ app_init ] --END-- [ RunTime:0.000255s ]
INFO: [ app_begin ] --START--
INFO: Run Behavior\ReadHtmlCacheBehavior [ RunTime:0.000642s ]
INFO: [ app_begin ] --END-- [ RunTime:0.000718s ]
NOTIC: [2048] Declaration of Home\Controller\IndexController::show() should be compatible with Think\Controller::show($content, $charset = '', $contentType = '', $prefix = '') /Applications/XAMPP/xamppfiles/htdocs/thbbs/app/Home/Controller/IndexController.class.php 第 22 行.
SQL: SHOW COLUMNS FROM `think_msg` [ RunTime:0.0026s ]
SQL: SELECT * FROM `think_msg` WHERE ( fm=0 ) ORDER BY time desc  [ RunTime:0.0004s ]
SQL: INSERT INTO `think_msg` (`msg`,`fm`) VALUES ('undefined','0') [ RunTime:0.0010s ]
INFO: [ app_end ] --START--
INFO: Run Behavior\ShowPageTraceBehavior [ RunTime:0.000642s ]
INFO: [ app_end ] --END-- [ RunTime:0.000697s ]

[ 2015-06-22T12:04:23+08:00 ] 127.0.0.1 /thbbs/
INFO: [ app_init ] --START--
INFO: Run Behavior\BuildLiteBehavior [ RunTime:0.000061s ]
INFO: [ app_init ] --END-- [ RunTime:0.001014s ]
INFO: [ app_begin ] --START--
INFO: Run Behavior\ReadHtmlCacheBehavior [ RunTime:0.000588s ]
INFO: [ app_begin ] --END-- [ RunTime:0.000663s ]
NOTIC: [2048] Declaration of Home\Controller\IndexController::show() should be compatible with Think\Controller::show($content, $charset = '', $contentType = '', $prefix = '') /Applications/XAMPP/xamppfiles/htdocs/thbbs/app/Home/Controller/IndexController.class.php 第 22 行.
SQL: SHOW COLUMNS FROM `think_msg` [ RunTime:0.0021s ]
SQL: SELECT * FROM `think_msg` WHERE ( fm=0 ) ORDER BY time desc  [ RunTime:0.0006s ]
SQL: INSERT INTO `think_msg` (`msg`,`fm`) VALUES ('undefined','0') [ RunTime:0.0012s ]
INFO: [ app_end ] --START--
INFO: Run Behavior\ShowPageTraceBehavior [ RunTime:0.000649s ]
INFO: [ app_end ] --END-- [ RunTime:0.000710s ]

[ 2015-06-22T12:04:25+08:00 ] 127.0.0.1 /thbbs/
INFO: [ app_init ] --START--
INFO: Run Behavior\BuildLiteBehavior [ RunTime:0.000011s ]
INFO: [ app_init ] --END-- [ RunTime:0.000255s ]
INFO: [ app_begin ] --START--
INFO: Run Behavior\ReadHtmlCacheBehavior [ RunTime:0.000597s ]
INFO: [ app_begin ] --END-- [ RunTime:0.000655s ]
NOTIC: [2048] Declaration of Home\Controller\IndexController::show() should be compatible with Think\Controller::show($content, $charset = '', $contentType = '', $prefix = '') /Applications/XAMPP/xamppfiles/htdocs/thbbs/app/Home/Controller/IndexController.class.php 第 22 行.
SQL: SHOW COLUMNS FROM `think_msg` [ RunTime:0.0021s ]
SQL: SELECT * FROM `think_msg` WHERE ( fm=0 ) ORDER BY time desc  [ RunTime:0.0005s ]
SQL: INSERT INTO `think_msg` (`msg`,`fm`) VALUES ('undefined','0') [ RunTime:0.0011s ]
INFO: [ app_end ] --START--
INFO: Run Behavior\ShowPageTraceBehavior [ RunTime:0.000591s ]
INFO: [ app_end ] --END-- [ RunTime:0.000646s ]

[ 2015-06-22T12:14:03+08:00 ] 127.0.0.1 /thbbs/
INFO: [ app_init ] --START--
INFO: Run Behavior\BuildLiteBehavior [ RunTime:0.000013s ]
INFO: [ app_init ] --END-- [ RunTime:0.000300s ]
INFO: [ app_begin ] --START--
INFO: Run Behavior\ReadHtmlCacheBehavior [ RunTime:0.000368s ]
INFO: [ app_begin ] --END-- [ RunTime:0.000413s ]
NOTIC: [2048] Declaration of Home\Controller\IndexController::show() should be compatible with Think\Controller::show($content, $charset = '', $contentType = '', $prefix = '') /Applications/XAMPP/xamppfiles/htdocs/thbbs/app/Home/Controller/IndexController.class.php 第 22 行.
SQL: SHOW COLUMNS FROM `think_msg` [ RunTime:0.0033s ]
SQL: SELECT * FROM `think_msg` WHERE ( fm=0 ) ORDER BY time desc  [ RunTime:0.0005s ]
INFO: [ app_end ] --START--
INFO: Run Behavior\ShowPageTraceBehavior [ RunTime:0.000578s ]
INFO: [ app_end ] --END-- [ RunTime:0.000631s ]

[ 2015-06-22T12:14:05+08:00 ] 127.0.0.1 /thbbs/
INFO: [ app_init ] --START--
INFO: Run Behavior\BuildLiteBehavior [ RunTime:0.000011s ]
INFO: [ app_init ] --END-- [ RunTime:0.000257s ]
INFO: [ app_begin ] --START--
INFO: Run Behavior\ReadHtmlCacheBehavior [ RunTime:0.000580s ]
INFO: [ app_begin ] --END-- [ RunTime:0.000660s ]
NOTIC: [2048] Declaration of Home\Controller\IndexController::show() should be compatible with Think\Controller::show($content, $charset = '', $contentType = '', $prefix = '') /Applications/XAMPP/xamppfiles/htdocs/thbbs/app/Home/Controller/IndexController.class.php 第 22 行.
SQL: SHOW COLUMNS FROM `think_msg` [ RunTime:0.0022s ]
SQL: SELECT * FROM `think_msg` WHERE ( fm=0 ) ORDER BY time desc  [ RunTime:0.0004s ]
INFO: [ app_end ] --START--
INFO: Run Behavior\ShowPageTraceBehavior [ RunTime:0.000486s ]
INFO: [ app_end ] --END-- [ RunTime:0.000529s ]

[ 2015-06-22T12:14:16+08:00 ] 127.0.0.1 /thbbs/index.php/Home/Index/index.html
INFO: [ app_init ] --START--
INFO: Run Behavior\BuildLiteBehavior [ RunTime:0.000009s ]
INFO: [ app_init ] --END-- [ RunTime:0.000210s ]
INFO: [ app_begin ] --START--
INFO: Run Behavior\ReadHtmlCacheBehavior [ RunTime:0.000268s ]
INFO: [ app_begin ] --END-- [ RunTime:0.000302s ]
NOTIC: [2048] Declaration of Home\Controller\IndexController::show() should be compatible with Think\Controller::show($content, $charset = '', $contentType = '', $prefix = '') /Applications/XAMPP/xamppfiles/htdocs/thbbs/app/Home/Controller/IndexController.class.php 第 22 行.
SQL: SHOW COLUMNS FROM `think_msg` [ RunTime:0.0013s ]
SQL: SELECT * FROM `think_msg` WHERE ( fm=0 ) ORDER BY time desc  [ RunTime:0.0004s ]
INFO: [ app_end ] --START--
INFO: Run Behavior\ShowPageTraceBehavior [ RunTime:0.000559s ]
INFO: [ app_end ] --END-- [ RunTime:0.000696s ]

[ 2015-06-22T13:22:49+08:00 ] 127.0.0.1 /thbbs/show_1
INFO: [ app_init ] --START--
INFO: Run Behavior\BuildLiteBehavior [ RunTime:0.000014s ]
INFO: [ app_init ] --END-- [ RunTime:0.000336s ]
INFO: [ app_begin ] --START--
INFO: Run Behavior\ReadHtmlCacheBehavior [ RunTime:0.000991s ]
INFO: [ app_begin ] --END-- [ RunTime:0.001066s ]
NOTIC: [2048] Declaration of Home\Controller\IndexController::show() should be compatible with Think\Controller::show($content, $charset = '', $contentType = '', $prefix = '') /Applications/XAMPP/xamppfiles/htdocs/thbbs/app/Home/Controller/IndexController.class.php 第 22 行.
ERR: 非法操作:add

[ 2015-06-22T13:23:36+08:00 ] 127.0.0.1 /thbbs/show_1
INFO: [ app_init ] --START--
INFO: Run Behavior\BuildLiteBehavior [ RunTime:0.000015s ]
INFO: [ app_init ] --END-- [ RunTime:0.000347s ]
INFO: [ app_begin ] --START--
INFO: Run Behavior\ReadHtmlCacheBehavior [ RunTime:0.000405s ]
INFO: [ app_begin ] --END-- [ RunTime:0.000456s ]
NOTIC: [2048] Declaration of Home\Controller\IndexController::show() should be compatible with Think\Controller::show($content, $charset = '', $contentType = '', $prefix = '') /Applications/XAMPP/xamppfiles/htdocs/thbbs/app/Home/Controller/IndexController.class.php 第 22 行.
SQL: SHOW COLUMNS FROM `think_msg` [ RunTime:0.0268s ]
SQL: SELECT * FROM `think_msg` WHERE ( fm=1 ) ORDER BY time desc  [ RunTime:0.0134s ]
INFO: [ app_end ] --START--
INFO: Run Behavior\ShowPageTraceBehavior [ RunTime:0.001290s ]
INFO: [ app_end ] --END-- [ RunTime:0.001428s ]

[ 2015-06-22T13:23:39+08:00 ] 127.0.0.1 /thbbs/show_0
INFO: [ app_init ] --START--
INFO: Run Behavior\BuildLiteBehavior [ RunTime:0.000023s ]
INFO: [ app_init ] --END-- [ RunTime:0.000520s ]
INFO: [ app_begin ] --START--
INFO: Run Behavior\ReadHtmlCacheBehavior [ RunTime:0.000540s ]
INFO: [ app_begin ] --END-- [ RunTime:0.000615s ]
NOTIC: [2048] Declaration of Home\Controller\IndexController::show() should be compatible with Think\Controller::show($content, $charset = '', $contentType = '', $prefix = '') /Applications/XAMPP/xamppfiles/htdocs/thbbs/app/Home/Controller/IndexController.class.php 第 22 行.
SQL: SHOW COLUMNS FROM `think_msg` [ RunTime:0.0013s ]
SQL: SELECT * FROM `think_msg` WHERE ( fm=0 ) ORDER BY time desc  [ RunTime:0.0004s ]
INFO: [ app_end ] --START--
INFO: Run Behavior\ShowPageTraceBehavior [ RunTime:0.000471s ]
INFO: [ app_end ] --END-- [ RunTime:0.000513s ]

[ 2015-06-22T19:00:19+08:00 ] 127.0.0.1 /thbbs/show_0
INFO: [ app_init ] --START--
INFO: Run Behavior\BuildLiteBehavior [ RunTime:0.000014s ]
INFO: [ app_init ] --END-- [ RunTime:0.000342s ]
INFO: [ app_begin ] --START--
INFO: Run Behavior\ReadHtmlCacheBehavior [ RunTime:0.001358s ]
INFO: [ app_begin ] --END-- [ RunTime:0.001497s ]
NOTIC: [2048] Declaration of Home\Controller\IndexController::show() should be compatible with Think\Controller::show($content, $charset = '', $contentType = '', $prefix = '') /Applications/XAMPP/xamppfiles/htdocs/thbbs/app/Home/Controller/IndexController.class.php 第 22 行.
SQL: SHOW COLUMNS FROM `think_msg` [ RunTime:0.0103s ]
SQL: SELECT * FROM `think_msg` WHERE ( fm=0 ) ORDER BY time desc  [ RunTime:0.0017s ]
INFO: [ app_end ] --START--
INFO: Run Behavior\ShowPageTraceBehavior [ RunTime:0.001217s ]
INFO: [ app_end ] --END-- [ RunTime:0.001301s ]

[ 2015-06-22T19:01:30+08:00 ] 127.0.0.1 /thbbs/show_0
INFO: [ app_init ] --START--
INFO: Run Behavior\BuildLiteBehavior [ RunTime:0.000013s ]
INFO: [ app_init ] --END-- [ RunTime:0.000350s ]
INFO: [ app_begin ] --START--
INFO: Run Behavior\ReadHtmlCacheBehavior [ RunTime:0.002103s ]
INFO: [ app_begin ] --END-- [ RunTime:0.002233s ]
NOTIC: [2048] Declaration of Home\Controller\IndexController::show() should be compatible with Think\Controller::show($content, $charset = '', $contentType = '', $prefix = '') /Applications/XAMPP/xamppfiles/htdocs/thbbs/app/Home/Controller/IndexController.class.php 第 22 行.
SQL: SHOW COLUMNS FROM `think_msg` [ RunTime:0.0020s ]
SQL: SELECT * FROM `think_msg` WHERE ( fm=0 ) ORDER BY time desc  [ RunTime:0.0021s ]
INFO: [ app_end ] --START--
INFO: Run Behavior\ShowPageTraceBehavior [ RunTime:0.000930s ]
INFO: [ app_end ] --END-- [ RunTime:0.001015s ]

[ 2015-06-22T19:01:34+08:00 ] 127.0.0.1 /thbbs/show_1
INFO: [ app_init ] --START--
INFO: Run Behavior\BuildLiteBehavior [ RunTime:0.000009s ]
INFO: [ app_init ] --END-- [ RunTime:0.000212s ]
INFO: [ app_begin ] --START--
INFO: Run Behavior\ReadHtmlCacheBehavior [ RunTime:0.000270s ]
INFO: [ app_begin ] --END-- [ RunTime:0.000303s ]
NOTIC: [2048] Declaration of Home\Controller\IndexController::show() should be compatible with Think\Controller::show($content, $charset = '', $contentType = '', $prefix = '') /Applications/XAMPP/xamppfiles/htdocs/thbbs/app/Home/Controller/IndexController.class.php 第 22 行.
SQL: SHOW COLUMNS FROM `think_msg` [ RunTime:0.0053s ]
SQL: SELECT * FROM `think_msg` WHERE ( fm=1 ) ORDER BY time desc  [ RunTime:0.0004s ]
INFO: [ app_end ] --START--
INFO: Run Behavior\ShowPageTraceBehavior [ RunTime:0.001987s ]
INFO: [ app_end ] --END-- [ RunTime:0.002072s ]

[ 2015-06-22T19:01:38+08:00 ] 127.0.0.1 /thbbs/show_2
INFO: [ app_init ] --START--
INFO: Run Behavior\BuildLiteBehavior [ RunTime:0.000018s ]
INFO: [ app_init ] --END-- [ RunTime:0.000397s ]
INFO: [ app_begin ] --START--
INFO: Run Behavior\ReadHtmlCacheBehavior [ RunTime:0.000435s ]
INFO: [ app_begin ] --END-- [ RunTime:0.000491s ]
NOTIC: [2048] Declaration of Home\Controller\IndexController::show() should be compatible with Think\Controller::show($content, $charset = '', $contentType = '', $prefix = '') /Applications/XAMPP/xamppfiles/htdocs/thbbs/app/Home/Controller/IndexController.class.php 第 22 行.
SQL: SHOW COLUMNS FROM `think_msg` [ RunTime:0.0017s ]
SQL: SELECT * FROM `think_msg` WHERE ( fm=2 ) ORDER BY time desc  [ RunTime:0.0004s ]
INFO: [ app_end ] --START--
INFO: Run Behavior\ShowPageTraceBehavior [ RunTime:0.000486s ]
INFO: [ app_end ] --END-- [ RunTime:0.000528s ]

[ 2015-06-22T19:02:18+08:00 ] 127.0.0.1 /thbbs/show_0
INFO: [ app_init ] --START--
INFO: Run Behavior\BuildLiteBehavior [ RunTime:0.000010s ]
INFO: [ app_init ] --END-- [ RunTime:0.000204s ]
INFO: [ app_begin ] --START--
INFO: Run Behavior\ReadHtmlCacheBehavior [ RunTime:0.000263s ]
INFO: [ app_begin ] --END-- [ RunTime:0.000292s ]
NOTIC: [2048] Declaration of Home\Controller\IndexController::show() should be compatible with Think\Controller::show($content, $charset = '', $contentType = '', $prefix = '') /Applications/XAMPP/xamppfiles/htdocs/thbbs/app/Home/Controller/IndexController.class.php 第 22 行.
SQL: SHOW COLUMNS FROM `think_msg` [ RunTime:0.0022s ]
SQL: SELECT * FROM `think_msg` WHERE ( fm=0 ) ORDER BY time desc  [ RunTime:0.0022s ]
INFO: [ app_end ] --START--
INFO: Run Behavior\ShowPageTraceBehavior [ RunTime:0.000849s ]
INFO: [ app_end ] --END-- [ RunTime:0.000948s ]

[ 2015-06-22T19:04:28+08:00 ] 127.0.0.1 /thbbs/Home/Index/talk
INFO: [ app_init ] --START--
INFO: Run Behavior\BuildLiteBehavior [ RunTime:0.000014s ]
INFO: [ app_init ] --END-- [ RunTime:0.000340s ]
NOTIC: [2] array_shift() expects parameter 1 to be array, string given /Applications/XAMPP/xamppfiles/htdocs/thbbs/ThinkPHP/Library/Think/Route.class.php 第 38 行.
NOTIC: [2] array_shift() expects parameter 1 to be array, string given /Applications/XAMPP/xamppfiles/htdocs/thbbs/ThinkPHP/Library/Think/Route.class.php 第 38 行.
INFO: [ app_begin ] --START--
INFO: Run Behavior\ReadHtmlCacheBehavior [ RunTime:0.000437s ]
INFO: [ app_begin ] --END-- [ RunTime:0.000480s ]
NOTIC: [2048] Declaration of Home\Controller\IndexController::show() should be compatible with Think\Controller::show($content, $charset = '', $contentType = '', $prefix = '') /Applications/XAMPP/xamppfiles/htdocs/thbbs/app/Home/Controller/IndexController.class.php 第 22 行.
SQL: SHOW COLUMNS FROM `think_msg` [ RunTime:0.0016s ]
SQL: INSERT INTO `think_msg` (`msg`,`fm`) VALUES ('undefined','0') [ RunTime:0.0284s ]
INFO: [ app_end ] --START--
INFO: Run Behavior\ShowPageTraceBehavior [ RunTime:0.000899s ]
INFO: [ app_end ] --END-- [ RunTime:0.000979s ]

[ 2015-06-22T19:04:41+08:00 ] 127.0.0.1 /thbbs/Home/Index/talk?id=1&msg=aaaaaaa
INFO: [ app_init ] --START--
INFO: Run Behavior\BuildLiteBehavior [ RunTime:0.000014s ]
INFO: [ app_init ] --END-- [ RunTime:0.000343s ]
NOTIC: [2] array_shift() expects parameter 1 to be array, string given /Applications/XAMPP/xamppfiles/htdocs/thbbs/ThinkPHP/Library/Think/Route.class.php 第 38 行.
NOTIC: [2] array_shift() expects parameter 1 to be array, string given /Applications/XAMPP/xamppfiles/htdocs/thbbs/ThinkPHP/Library/Think/Route.class.php 第 38 行.
INFO: [ app_begin ] --START--
INFO: Run Behavior\ReadHtmlCacheBehavior [ RunTime:0.000824s ]
INFO: [ app_begin ] --END-- [ RunTime:0.000906s ]
NOTIC: [2048] Declaration of Home\Controller\IndexController::show() should be compatible with Think\Controller::show($content, $charset = '', $contentType = '', $prefix = '') /Applications/XAMPP/xamppfiles/htdocs/thbbs/app/Home/Controller/IndexController.class.php 第 22 行.
SQL: SHOW COLUMNS FROM `think_msg` [ RunTime:0.0032s ]
SQL: INSERT INTO `think_msg` (`msg`,`fm`) VALUES ('aaaaaaa','1') [ RunTime:0.0012s ]
INFO: [ app_end ] --START--
INFO: Run Behavior\ShowPageTraceBehavior [ RunTime:0.002438s ]
INFO: [ app_end ] --END-- [ RunTime:0.002541s ]

[ 2015-06-22T19:04:54+08:00 ] 127.0.0.1 /thbbs/show_1
INFO: [ app_init ] --START--
INFO: Run Behavior\BuildLiteBehavior [ RunTime:0.000012s ]
INFO: [ app_init ] --END-- [ RunTime:0.000264s ]
INFO: [ app_begin ] --START--
INFO: Run Behavior\ReadHtmlCacheBehavior [ RunTime:0.000380s ]
INFO: [ app_begin ] --END-- [ RunTime:0.000432s ]
NOTIC: [2048] Declaration of Home\Controller\IndexController::show() should be compatible with Think\Controller::show($content, $charset = '', $contentType = '', $prefix = '') /Applications/XAMPP/xamppfiles/htdocs/thbbs/app/Home/Controller/IndexController.class.php 第 22 行.
SQL: SHOW COLUMNS FROM `think_msg` [ RunTime:0.0013s ]
SQL: SELECT * FROM `think_msg` WHERE ( fm=1 ) ORDER BY time desc  [ RunTime:0.0005s ]
INFO: [ app_end ] --START--
INFO: Run Behavior\ShowPageTraceBehavior [ RunTime:0.000633s ]
INFO: [ app_end ] --END-- [ RunTime:0.000692s ]

[ 2015-06-22T19:05:03+08:00 ] 127.0.0.1 /thbbs/Home/Index/talk?id=1&msg=aaaaaaa
INFO: [ app_init ] --START--
INFO: Run Behavior\BuildLiteBehavior [ RunTime:0.000020s ]
INFO: [ app_init ] --END-- [ RunTime:0.000651s ]
NOTIC: [2] array_shift() expects parameter 1 to be array, string given /Applications/XAMPP/xamppfiles/htdocs/thbbs/ThinkPHP/Library/Think/Route.class.php 第 38 行.
NOTIC: [2] array_shift() expects parameter 1 to be array, string given /Applications/XAMPP/xamppfiles/htdocs/thbbs/ThinkPHP/Library/Think/Route.class.php 第 38 行.
INFO: [ app_begin ] --START--
INFO: Run Behavior\ReadHtmlCacheBehavior [ RunTime:0.000664s ]
INFO: [ app_begin ] --END-- [ RunTime:0.000764s ]
NOTIC: [2048] Declaration of Home\Controller\IndexController::show() should be compatible with Think\Controller::show($content, $charset = '', $contentType = '', $prefix = '') /Applications/XAMPP/xamppfiles/htdocs/thbbs/app/Home/Controller/IndexController.class.php 第 22 行.
SQL: SHOW COLUMNS FROM `think_msg` [ RunTime:0.0012s ]
SQL: INSERT INTO `think_msg` (`msg`,`fm`) VALUES ('aaaaaaa','1') [ RunTime:0.0016s ]
INFO: [ app_end ] --START--
INFO: Run Behavior\ShowPageTraceBehavior [ RunTime:0.000482s ]
INFO: [ app_end ] --END-- [ RunTime:0.000517s ]

[ 2015-06-22T19:05:06+08:00 ] 127.0.0.1 /thbbs/show_1
INFO: [ app_init ] --START--
INFO: Run Behavior\BuildLiteBehavior [ RunTime:0.000012s ]
INFO: [ app_init ] --END-- [ RunTime:0.000251s ]
INFO: [ app_begin ] --START--
INFO: Run Behavior\ReadHtmlCacheBehavior [ RunTime:0.000434s ]
INFO: [ app_begin ] --END-- [ RunTime:0.000490s ]
NOTIC: [2048] Declaration of Home\Controller\IndexController::show() should be compatible with Think\Controller::show($content, $charset = '', $contentType = '', $prefix = '') /Applications/XAMPP/xamppfiles/htdocs/thbbs/app/Home/Controller/IndexController.class.php 第 22 行.
SQL: SHOW COLUMNS FROM `think_msg` [ RunTime:0.0012s ]
SQL: SELECT * FROM `think_msg` WHERE ( fm=1 ) ORDER BY time desc  [ RunTime:0.0005s ]
INFO: [ app_end ] --START--
INFO: Run Behavior\ShowPageTraceBehavior [ RunTime:0.000655s ]
INFO: [ app_end ] --END-- [ RunTime:0.000719s ]

[ 2015-06-22T19:07:11+08:00 ] 127.0.0.1 /thbbs/Home/Index/talk?id=1&msg=aaaaaaa
INFO: [ app_init ] --START--
INFO: Run Behavior\BuildLiteBehavior [ RunTime:0.000013s ]
INFO: [ app_init ] --END-- [ RunTime:0.000269s ]
NOTIC: [2] array_shift() expects parameter 1 to be array, string given /Applications/XAMPP/xamppfiles/htdocs/thbbs/ThinkPHP/Library/Think/Route.class.php 第 38 行.
NOTIC: [2] array_shift() expects parameter 1 to be array, string given /Applications/XAMPP/xamppfiles/htdocs/thbbs/ThinkPHP/Library/Think/Route.class.php 第 38 行.
INFO: [ app_begin ] --START--
INFO: Run Behavior\ReadHtmlCacheBehavior [ RunTime:0.000906s ]
INFO: [ app_begin ] --END-- [ RunTime:0.000995s ]
NOTIC: [2048] Declaration of Home\Controller\IndexController::show() should be compatible with Think\Controller::show($content, $charset = '', $contentType = '', $prefix = '') /Applications/XAMPP/xamppfiles/htdocs/thbbs/app/Home/Controller/IndexController.class.php 第 22 行.
SQL: SHOW COLUMNS FROM `think_msg` [ RunTime:0.0018s ]
SQL: INSERT INTO `think_msg` (`msg`,`fm`) VALUES ('aaaaaaa','1') [ RunTime:0.0008s ]
INFO: [ app_end ] --START--
INFO: Run Behavior\ShowPageTraceBehavior [ RunTime:0.000643s ]
INFO: [ app_end ] --END-- [ RunTime:0.000692s ]

[ 2015-06-22T19:07:13+08:00 ] 127.0.0.1 /thbbs/Home/Index/talk?id=1&msg=aaaaaaa
INFO: [ app_init ] --START--
INFO: Run Behavior\BuildLiteBehavior [ RunTime:0.000011s ]
INFO: [ app_init ] --END-- [ RunTime:0.000332s ]
NOTIC: [2] array_shift() expects parameter 1 to be array, string given /Applications/XAMPP/xamppfiles/htdocs/thbbs/ThinkPHP/Library/Think/Route.class.php 第 38 行.
NOTIC: [2] array_shift() expects parameter 1 to be array, string given /Applications/XAMPP/xamppfiles/htdocs/thbbs/ThinkPHP/Library/Think/Route.class.php 第 38 行.
INFO: [ app_begin ] --START--
INFO: Run Behavior\ReadHtmlCacheBehavior [ RunTime:0.000340s ]
INFO: [ app_begin ] --END-- [ RunTime:0.000435s ]
NOTIC: [2048] Declaration of Home\Controller\IndexController::show() should be compatible with Think\Controller::show($content, $charset = '', $contentType = '', $prefix = '') /Applications/XAMPP/xamppfiles/htdocs/thbbs/app/Home/Controller/IndexController.class.php 第 22 行.
SQL: SHOW COLUMNS FROM `think_msg` [ RunTime:0.0024s ]
SQL: INSERT INTO `think_msg` (`msg`,`fm`) VALUES ('aaaaaaa','1') [ RunTime:0.0011s ]
INFO: [ app_end ] --START--
INFO: Run Behavior\ShowPageTraceBehavior [ RunTime:0.000560s ]
INFO: [ app_end ] --END-- [ RunTime:0.000608s ]

[ 2015-06-22T19:07:16+08:00 ] 127.0.0.1 /thbbs/Home/Index/talk
INFO: [ app_init ] --START--
INFO: Run Behavior\BuildLiteBehavior [ RunTime:0.000010s ]
INFO: [ app_init ] --END-- [ RunTime:0.000227s ]
NOTIC: [2] array_shift() expects parameter 1 to be array, string given /Applications/XAMPP/xamppfiles/htdocs/thbbs/ThinkPHP/Library/Think/Route.class.php 第 38 行.
NOTIC: [2] array_shift() expects parameter 1 to be array, string given /Applications/XAMPP/xamppfiles/htdocs/thbbs/ThinkPHP/Library/Think/Route.class.php 第 38 行.
INFO: [ app_begin ] --START--
INFO: Run Behavior\ReadHtmlCacheBehavior [ RunTime:0.000314s ]
INFO: [ app_begin ] --END-- [ RunTime:0.000343s ]
NOTIC: [2048] Declaration of Home\Controller\IndexController::show() should be compatible with Think\Controller::show($content, $charset = '', $contentType = '', $prefix = '') /Applications/XAMPP/xamppfiles/htdocs/thbbs/app/Home/Controller/IndexController.class.php 第 22 行.
SQL: SHOW COLUMNS FROM `think_msg` [ RunTime:0.0014s ]
SQL: INSERT INTO `think_msg` (`msg`,`fm`) VALUES ('undefined','0') [ RunTime:0.0010s ]
INFO: [ app_end ] --START--
INFO: Run Behavior\ShowPageTraceBehavior [ RunTime:0.000620s ]
INFO: [ app_end ] --END-- [ RunTime:0.000673s ]

[ 2015-06-22T19:07:21+08:00 ] 127.0.0.1 /thbbs/show_1
INFO: [ app_init ] --START--
INFO: Run Behavior\BuildLiteBehavior [ RunTime:0.000012s ]
INFO: [ app_init ] --END-- [ RunTime:0.000386s ]
INFO: [ app_begin ] --START--
INFO: Run Behavior\ReadHtmlCacheBehavior [ RunTime:0.000280s ]
INFO: [ app_begin ] --END-- [ RunTime:0.000310s ]
NOTIC: [2048] Declaration of Home\Controller\IndexController::show() should be compatible with Think\Controller::show($content, $charset = '', $contentType = '', $prefix = '') /Applications/XAMPP/xamppfiles/htdocs/thbbs/app/Home/Controller/IndexController.class.php 第 22 行.
SQL: SHOW COLUMNS FROM `think_msg` [ RunTime:0.0023s ]
SQL: SELECT * FROM `think_msg` WHERE ( fm=1 ) ORDER BY time desc  [ RunTime:0.0004s ]
INFO: [ app_end ] --START--
INFO: Run Behavior\ShowPageTraceBehavior [ RunTime:0.000495s ]
INFO: [ app_end ] --END-- [ RunTime:0.000544s ]

[ 2015-06-22T19:07:53+08:00 ] 127.0.0.1 /thbbs/Home/Index/talk
INFO: [ app_init ] --START--
INFO: Run Behavior\BuildLiteBehavior [ RunTime:0.000013s ]
INFO: [ app_init ] --END-- [ RunTime:0.000302s ]
NOTIC: [2] array_shift() expects parameter 1 to be array, string given /Applications/XAMPP/xamppfiles/htdocs/thbbs/ThinkPHP/Library/Think/Route.class.php 第 38 行.
NOTIC: [2] array_shift() expects parameter 1 to be array, string given /Applications/XAMPP/xamppfiles/htdocs/thbbs/ThinkPHP/Library/Think/Route.class.php 第 38 行.
INFO: [ app_begin ] --START--
INFO: Run Behavior\ReadHtmlCacheBehavior [ RunTime:0.000624s ]
INFO: [ app_begin ] --END-- [ RunTime:0.000695s ]
NOTIC: [2048] Declaration of Home\Controller\IndexController::show() should be compatible with Think\Controller::show($content, $charset = '', $contentType = '', $prefix = '') /Applications/XAMPP/xamppfiles/htdocs/thbbs/app/Home/Controller/IndexController.class.php 第 22 行.
NOTIC: [2] Creating default object from empty value /Applications/XAMPP/xamppfiles/htdocs/thbbs/app/Home/Controller/IndexController.class.php 第 18 行.

[ 2015-06-22T19:08:10+08:00 ] 127.0.0.1 /thbbs/Home/Index/talk
INFO: [ app_init ] --START--
INFO: Run Behavior\BuildLiteBehavior [ RunTime:0.000103s ]
INFO: [ app_init ] --END-- [ RunTime:0.000532s ]
NOTIC: [2] array_shift() expects parameter 1 to be array, string given /Applications/XAMPP/xamppfiles/htdocs/thbbs/ThinkPHP/Library/Think/Route.class.php 第 38 行.
NOTIC: [2] array_shift() expects parameter 1 to be array, string given /Applications/XAMPP/xamppfiles/htdocs/thbbs/ThinkPHP/Library/Think/Route.class.php 第 38 行.
INFO: [ app_begin ] --START--
INFO: Run Behavior\ReadHtmlCacheBehavior [ RunTime:0.000587s ]
INFO: [ app_begin ] --END-- [ RunTime:0.000643s ]
NOTIC: [2048] Declaration of Home\Controller\IndexController::show() should be compatible with Think\Controller::show($content, $charset = '', $contentType = '', $prefix = '') /Applications/XAMPP/xamppfiles/htdocs/thbbs/app/Home/Controller/IndexController.class.php 第 25 行.
INFO: [ app_end ] --START--
INFO: Run Behavior\ShowPageTraceBehavior [ RunTime:0.000495s ]
INFO: [ app_end ] --END-- [ RunTime:0.000542s ]

[ 2015-06-22T19:08:21+08:00 ] 127.0.0.1 /thbbs/Home/Index/talk?id=1&msg=aaaaaaa
INFO: [ app_init ] --START--
INFO: Run Behavior\BuildLiteBehavior [ RunTime:0.000015s ]
INFO: [ app_init ] --END-- [ RunTime:0.000433s ]
NOTIC: [2] array_shift() expects parameter 1 to be array, string given /Applications/XAMPP/xamppfiles/htdocs/thbbs/ThinkPHP/Library/Think/Route.class.php 第 38 行.
NOTIC: [2] array_shift() expects parameter 1 to be array, string given /Applications/XAMPP/xamppfiles/htdocs/thbbs/ThinkPHP/Library/Think/Route.class.php 第 38 行.
INFO: [ app_begin ] --START--
INFO: Run Behavior\ReadHtmlCacheBehavior [ RunTime:0.000677s ]
INFO: [ app_begin ] --END-- [ RunTime:0.000723s ]
NOTIC: [2048] Declaration of Home\Controller\IndexController::show() should be compatible with Think\Controller::show($content, $charset = '', $contentType = '', $prefix = '') /Applications/XAMPP/xamppfiles/htdocs/thbbs/app/Home/Controller/IndexController.class.php 第 25 行.
SQL: SHOW COLUMNS FROM `think_msg` [ RunTime:0.0014s ]
SQL: INSERT INTO `think_msg` (`msg`,`fm`) VALUES ('aaaaaaa','1') [ RunTime:0.0011s ]
INFO: [ app_end ] --START--
INFO: Run Behavior\ShowPageTraceBehavior [ RunTime:0.000652s ]
INFO: [ app_end ] --END-- [ RunTime:0.000819s ]

[ 2015-06-22T19:08:25+08:00 ] 127.0.0.1 /thbbs/show_1
INFO: [ app_init ] --START--
INFO: Run Behavior\BuildLiteBehavior [ RunTime:0.000013s ]
INFO: [ app_init ] --END-- [ RunTime:0.000354s ]
INFO: [ app_begin ] --START--
INFO: Run Behavior\ReadHtmlCacheBehavior [ RunTime:0.001036s ]
INFO: [ app_begin ] --END-- [ RunTime:0.001117s ]
NOTIC: [2048] Declaration of Home\Controller\IndexController::show() should be compatible with Think\Controller::show($content, $charset = '', $contentType = '', $prefix = '') /Applications/XAMPP/xamppfiles/htdocs/thbbs/app/Home/Controller/IndexController.class.php 第 25 行.
SQL: SHOW COLUMNS FROM `think_msg` [ RunTime:0.0024s ]
SQL: SELECT * FROM `think_msg` WHERE ( fm=1 ) ORDER BY time desc  [ RunTime:0.0004s ]
INFO: [ app_end ] --START--
INFO: Run Behavior\ShowPageTraceBehavior [ RunTime:0.000482s ]
INFO: [ app_end ] --END-- [ RunTime:0.000536s ]

[ 2015-06-22T19:09:37+08:00 ] 127.0.0.1 /thbbs/show_1234
INFO: [ app_init ] --START--
INFO: Run Behavior\BuildLiteBehavior [ RunTime:0.000009s ]
INFO: [ app_init ] --END-- [ RunTime:0.000207s ]
INFO: [ app_begin ] --START--
INFO: Run Behavior\ReadHtmlCacheBehavior [ RunTime:0.000271s ]
INFO: [ app_begin ] --END-- [ RunTime:0.000301s ]
NOTIC: [2048] Declaration of Home\Controller\IndexController::show() should be compatible with Think\Controller::show($content, $charset = '', $contentType = '', $prefix = '') /Applications/XAMPP/xamppfiles/htdocs/thbbs/app/Home/Controller/IndexController.class.php 第 24 行.
SQL: SHOW COLUMNS FROM `think_msg` [ RunTime:0.0016s ]
SQL: SELECT * FROM `think_msg` WHERE ( fm=1234 ) ORDER BY time desc  [ RunTime:0.0003s ]
INFO: [ app_end ] --START--
INFO: Run Behavior\ShowPageTraceBehavior [ RunTime:0.000396s ]
INFO: [ app_end ] --END-- [ RunTime:0.000433s ]

[ 2015-06-22T19:09:41+08:00 ] 127.0.0.1 /thbbs/show_1
INFO: [ app_init ] --START--
INFO: Run Behavior\BuildLiteBehavior [ RunTime:0.000009s ]
INFO: [ app_init ] --END-- [ RunTime:0.000204s ]
INFO: [ app_begin ] --START--
INFO: Run Behavior\ReadHtmlCacheBehavior [ RunTime:0.000263s ]
INFO: [ app_begin ] --END-- [ RunTime:0.000295s ]
NOTIC: [2048] Declaration of Home\Controller\IndexController::show() should be compatible with Think\Controller::show($content, $charset = '', $contentType = '', $prefix = '') /Applications/XAMPP/xamppfiles/htdocs/thbbs/app/Home/Controller/IndexController.class.php 第 24 行.
SQL: SHOW COLUMNS FROM `think_msg` [ RunTime:0.0024s ]
SQL: SELECT * FROM `think_msg` WHERE ( fm=1 ) ORDER BY time desc  [ RunTime:0.0004s ]
INFO: [ app_end ] --START--
INFO: Run Behavior\ShowPageTraceBehavior [ RunTime:0.000371s ]
INFO: [ app_end ] --END-- [ RunTime:0.000404s ]

[ 2015-06-22T19:16:06+08:00 ] 127.0.0.1 /thbbs/show_1234
INFO: [ app_init ] --START--
INFO: Run Behavior\BuildLiteBehavior [ RunTime:0.000013s ]
INFO: [ app_init ] --END-- [ RunTime:0.000329s ]
INFO: [ app_begin ] --START--
INFO: Run Behavior\ReadHtmlCacheBehavior [ RunTime:0.000348s ]
INFO: [ app_begin ] --END-- [ RunTime:0.000385s ]
NOTIC: [2048] Declaration of Home\Controller\IndexController::show() should be compatible with Think\Controller::show($content, $charset = '', $contentType = '', $prefix = '') /Applications/XAMPP/xamppfiles/htdocs/thbbs/app/Home/Controller/IndexController.class.php 第 24 行.
SQL: SHOW COLUMNS FROM `think_msg` [ RunTime:0.0021s ]
SQL: SELECT * FROM `think_msg` WHERE ( fm=1234 ) ORDER BY time desc  [ RunTime:0.0006s ]
INFO: [ app_end ] --START--
INFO: Run Behavior\ShowPageTraceBehavior [ RunTime:0.000900s ]
INFO: [ app_end ] --END-- [ RunTime:0.000995s ]

[ 2015-06-22T19:16:07+08:00 ] 127.0.0.1 /thbbs/show_1
INFO: [ app_init ] --START--
INFO: Run Behavior\BuildLiteBehavior [ RunTime:0.000010s ]
INFO: [ app_init ] --END-- [ RunTime:0.000211s ]
INFO: [ app_begin ] --START--
INFO: Run Behavior\ReadHtmlCacheBehavior [ RunTime:0.000267s ]
INFO: [ app_begin ] --END-- [ RunTime:0.000301s ]
NOTIC: [2048] Declaration of Home\Controller\IndexController::show() should be compatible with Think\Controller::show($content, $charset = '', $contentType = '', $prefix = '') /Applications/XAMPP/xamppfiles/htdocs/thbbs/app/Home/Controller/IndexController.class.php 第 24 行.
SQL: SHOW COLUMNS FROM `think_msg` [ RunTime:0.0023s ]
SQL: SELECT * FROM `think_msg` WHERE ( fm=1 ) ORDER BY time desc  [ RunTime:0.0007s ]
INFO: [ app_end ] --START--
INFO: Run Behavior\ShowPageTraceBehavior [ RunTime:0.000823s ]
INFO: [ app_end ] --END-- [ RunTime:0.000914s ]

[ 2015-06-22T19:17:25+08:00 ] 127.0.0.1 /thbbs/show_1
INFO: [ app_init ] --START--
INFO: Run Behavior\BuildLiteBehavior [ RunTime:0.000012s ]
INFO: [ app_init ] --END-- [ RunTime:0.000329s ]
INFO: [ app_begin ] --START--
INFO: Run Behavior\ReadHtmlCacheBehavior [ RunTime:0.000448s ]
INFO: [ app_begin ] --END-- [ RunTime:0.000497s ]
NOTIC: [2048] Declaration of Home\Controller\IndexController::show() should be compatible with Think\Controller::show($content, $charset = '', $contentType = '', $prefix = '') /Applications/XAMPP/xamppfiles/htdocs/thbbs/app/Home/Controller/IndexController.class.php 第 24 行.
SQL: SHOW COLUMNS FROM `think_msg` [ RunTime:0.0013s ]
SQL: SELECT * FROM `think_msg` WHERE ( fm=1 ) ORDER BY time desc  [ RunTime:0.0004s ]
INFO: [ app_end ] --START--
INFO: Run Behavior\ShowPageTraceBehavior [ RunTime:0.000581s ]
INFO: [ app_end ] --END-- [ RunTime:0.000642s ]

[ 2015-06-22T19:23:22+08:00 ] 127.0.0.1 /thbbs/show_1
INFO: [ app_init ] --START--
INFO: Run Behavior\BuildLiteBehavior [ RunTime:0.000016s ]
INFO: [ app_init ] --END-- [ RunTime:0.000354s ]
INFO: [ app_begin ] --START--
INFO: Run Behavior\ReadHtmlCacheBehavior [ RunTime:0.000762s ]
INFO: [ app_begin ] --END-- [ RunTime:0.000858s ]
NOTIC: [2048] Declaration of Home\Controller\IndexController::show() should be compatible with Think\Controller::show($content, $charset = '', $contentType = '', $prefix = '') /Applications/XAMPP/xamppfiles/htdocs/thbbs/app/Home/Controller/IndexController.class.php 第 24 行.
SQL: SHOW COLUMNS FROM `think_msg` [ RunTime:0.0024s ]
SQL: SELECT * FROM `think_msg` WHERE ( fm=1 ) ORDER BY time desc  [ RunTime:0.0005s ]
INFO: [ app_end ] --START--
INFO: Run Behavior\ShowPageTraceBehavior [ RunTime:0.002088s ]
INFO: [ app_end ] --END-- [ RunTime:0.002185s ]

[ 2015-06-22T19:23:24+08:00 ] 127.0.0.1 /thbbs/show_1
INFO: [ app_init ] --START--
INFO: Run Behavior\BuildLiteBehavior [ RunTime:0.000018s ]
INFO: [ app_init ] --END-- [ RunTime:0.000464s ]
INFO: [ app_begin ] --START--
INFO: Run Behavior\ReadHtmlCacheBehavior [ RunTime:0.000560s ]
INFO: [ app_begin ] --END-- [ RunTime:0.000631s ]
NOTIC: [2048] Declaration of Home\Controller\IndexController::show() should be compatible with Think\Controller::show($content, $charset = '', $contentType = '', $prefix = '') /Applications/XAMPP/xamppfiles/htdocs/thbbs/app/Home/Controller/IndexController.class.php 第 24 行.
SQL: SHOW COLUMNS FROM `think_msg` [ RunTime:0.0025s ]
SQL: SELECT * FROM `think_msg` WHERE ( fm=1 ) ORDER BY time desc  [ RunTime:0.0004s ]
INFO: [ app_end ] --START--
INFO: Run Behavior\ShowPageTraceBehavior [ RunTime:0.000501s ]
INFO: [ app_end ] --END-- [ RunTime:0.000551s ]

[ 2015-06-22T19:26:11+08:00 ] 127.0.0.1 /thbbs/show_1
INFO: [ app_init ] --START--
INFO: Run Behavior\BuildLiteBehavior [ RunTime:0.000012s ]
INFO: [ app_init ] --END-- [ RunTime:0.000241s ]
INFO: [ app_begin ] --START--
INFO: Run Behavior\ReadHtmlCacheBehavior [ RunTime:0.000301s ]
INFO: [ app_begin ] --END-- [ RunTime:0.000333s ]
NOTIC: [2048] Declaration of Home\Controller\IndexController::show() should be compatible with Think\Controller::show($content, $charset = '', $contentType = '', $prefix = '') /Applications/XAMPP/xamppfiles/htdocs/thbbs/app/Home/Controller/IndexController.class.php 第 24 行.
SQL: SHOW COLUMNS FROM `think_msg` [ RunTime:0.0018s ]
SQL: SELECT * FROM `think_msg` WHERE ( fm=1 ) ORDER BY time desc  [ RunTime:0.0003s ]
INFO: [ app_end ] --START--
INFO: Run Behavior\ShowPageTraceBehavior [ RunTime:0.000412s ]
INFO: [ app_end ] --END-- [ RunTime:0.000448s ]

[ 2015-06-22T19:26:14+08:00 ] 127.0.0.1 /thbbs/show_1
INFO: [ app_init ] --START--
INFO: Run Behavior\BuildLiteBehavior [ RunTime:0.000012s ]
INFO: [ app_init ] --END-- [ RunTime:0.000235s ]
INFO: [ app_begin ] --START--
INFO: Run Behavior\ReadHtmlCacheBehavior [ RunTime:0.000298s ]
INFO: [ app_begin ] --END-- [ RunTime:0.000329s ]
NOTIC: [2048] Declaration of Home\Controller\IndexController::show() should be compatible with Think\Controller::show($content, $charset = '', $contentType = '', $prefix = '') /Applications/XAMPP/xamppfiles/htdocs/thbbs/app/Home/Controller/IndexController.class.php 第 24 行.
SQL: SHOW COLUMNS FROM `think_msg` [ RunTime:0.0017s ]
SQL: SELECT * FROM `think_msg` WHERE ( fm=1 ) ORDER BY time desc  [ RunTime:0.0015s ]
INFO: [ app_end ] --START--
INFO: Run Behavior\ShowPageTraceBehavior [ RunTime:0.000406s ]
INFO: [ app_end ] --END-- [ RunTime:0.000441s ]

[ 2015-06-22T19:26:16+08:00 ] 127.0.0.1 /thbbs/show_1
INFO: [ app_init ] --START--
INFO: Run Behavior\BuildLiteBehavior [ RunTime:0.000013s ]
INFO: [ app_init ] --END-- [ RunTime:0.000253s ]
INFO: [ app_begin ] --START--
INFO: Run Behavior\ReadHtmlCacheBehavior [ RunTime:0.000318s ]
INFO: [ app_begin ] --END-- [ RunTime:0.000351s ]
NOTIC: [2048] Declaration of Home\Controller\IndexController::show() should be compatible with Think\Controller::show($content, $charset = '', $contentType = '', $prefix = '') /Applications/XAMPP/xamppfiles/htdocs/thbbs/app/Home/Controller/IndexController.class.php 第 24 行.
SQL: SHOW COLUMNS FROM `think_msg` [ RunTime:0.0029s ]
SQL: SELECT * FROM `think_msg` WHERE ( fm=1 ) ORDER BY time desc  [ RunTime:0.0003s ]
INFO: [ app_end ] --START--
INFO: Run Behavior\ShowPageTraceBehavior [ RunTime:0.000401s ]
INFO: [ app_end ] --END-- [ RunTime:0.000437s ]

[ 2015-06-22T19:26:51+08:00 ] 127.0.0.1 /thbbs/show_1
INFO: [ app_init ] --START--
INFO: Run Behavior\BuildLiteBehavior [ RunTime:0.000013s ]
INFO: [ app_init ] --END-- [ RunTime:0.000272s ]
INFO: [ app_begin ] --START--
INFO: Run Behavior\ReadHtmlCacheBehavior [ RunTime:0.000303s ]
INFO: [ app_begin ] --END-- [ RunTime:0.000337s ]
NOTIC: [2048] Declaration of Home\Controller\IndexController::show() should be compatible with Think\Controller::show($content, $charset = '', $contentType = '', $prefix = '') /Applications/XAMPP/xamppfiles/htdocs/thbbs/app/Home/Controller/IndexController.class.php 第 24 行.
SQL: SHOW COLUMNS FROM `think_msg` [ RunTime:0.0018s ]
SQL: SELECT * FROM `think_msg` WHERE ( fm=1 ) ORDER BY time desc  [ RunTime:0.0007s ]
INFO: [ app_end ] --START--
INFO: Run Behavior\ShowPageTraceBehavior [ RunTime:0.000407s ]
INFO: [ app_end ] --END-- [ RunTime:0.000443s ]

[ 2015-06-22T19:26:53+08:00 ] 127.0.0.1 /thbbs/show_1
INFO: [ app_init ] --START--
INFO: Run Behavior\BuildLiteBehavior [ RunTime:0.000018s ]
INFO: [ app_init ] --END-- [ RunTime:0.000391s ]
INFO: [ app_begin ] --START--
INFO: Run Behavior\ReadHtmlCacheBehavior [ RunTime:0.000538s ]
INFO: [ app_begin ] --END-- [ RunTime:0.000611s ]
NOTIC: [2048] Declaration of Home\Controller\IndexController::show() should be compatible with Think\Controller::show($content, $charset = '', $contentType = '', $prefix = '') /Applications/XAMPP/xamppfiles/htdocs/thbbs/app/Home/Controller/IndexController.class.php 第 24 行.
SQL: SHOW COLUMNS FROM `think_msg` [ RunTime:0.0025s ]
SQL: SELECT * FROM `think_msg` WHERE ( fm=1 ) ORDER BY time desc  [ RunTime:0.0004s ]
INFO: [ app_end ] --START--
INFO: Run Behavior\ShowPageTraceBehavior [ RunTime:0.000595s ]
INFO: [ app_end ] --END-- [ RunTime:0.000655s ]

[ 2015-06-22T19:27:27+08:00 ] 127.0.0.1 /thbbs/Home/Index/talk?id=1&msg=aaaaaaa
INFO: [ app_init ] --START--
INFO: Run Behavior\BuildLiteBehavior [ RunTime:0.000011s ]
INFO: [ app_init ] --END-- [ RunTime:0.000253s ]
NOTIC: [2] array_shift() expects parameter 1 to be array, string given /Applications/XAMPP/xamppfiles/htdocs/thbbs/ThinkPHP/Library/Think/Route.class.php 第 38 行.
NOTIC: [2] array_shift() expects parameter 1 to be array, string given /Applications/XAMPP/xamppfiles/htdocs/thbbs/ThinkPHP/Library/Think/Route.class.php 第 38 行.
INFO: [ app_begin ] --START--
INFO: Run Behavior\ReadHtmlCacheBehavior [ RunTime:0.000445s ]
INFO: [ app_begin ] --END-- [ RunTime:0.000479s ]
NOTIC: [2048] Declaration of Home\Controller\IndexController::show() should be compatible with Think\Controller::show($content, $charset = '', $contentType = '', $prefix = '') /Applications/XAMPP/xamppfiles/htdocs/thbbs/app/Home/Controller/IndexController.class.php 第 24 行.
SQL: SHOW COLUMNS FROM `think_msg` [ RunTime:0.0015s ]
SQL: INSERT INTO `think_msg` (`msg`,`fm`) VALUES ('aaaaaaa','1') [ RunTime:0.0010s ]
INFO: [ app_end ] --START--
INFO: Run Behavior\ShowPageTraceBehavior [ RunTime:0.000783s ]
INFO: [ app_end ] --END-- [ RunTime:0.000841s ]

[ 2015-06-22T19:27:36+08:00 ] 127.0.0.1 /thbbs/Home/Index/talk?id=0&msg=aaaaabbbaa
INFO: [ app_init ] --START--
INFO: Run Behavior\BuildLiteBehavior [ RunTime:0.000014s ]
INFO: [ app_init ] --END-- [ RunTime:0.000317s ]
NOTIC: [2] array_shift() expects parameter 1 to be array, string given /Applications/XAMPP/xamppfiles/htdocs/thbbs/ThinkPHP/Library/Think/Route.class.php 第 38 行.
NOTIC: [2] array_shift() expects parameter 1 to be array, string given /Applications/XAMPP/xamppfiles/htdocs/thbbs/ThinkPHP/Library/Think/Route.class.php 第 38 行.
INFO: [ app_begin ] --START--
INFO: Run Behavior\ReadHtmlCacheBehavior [ RunTime:0.000449s ]
INFO: [ app_begin ] --END-- [ RunTime:0.000527s ]
NOTIC: [2048] Declaration of Home\Controller\IndexController::show() should be compatible with Think\Controller::show($content, $charset = '', $contentType = '', $prefix = '') /Applications/XAMPP/xamppfiles/htdocs/thbbs/app/Home/Controller/IndexController.class.php 第 24 行.
SQL: SHOW COLUMNS FROM `think_msg` [ RunTime:0.0015s ]
SQL: INSERT INTO `think_msg` (`msg`,`fm`) VALUES ('aaaaabbbaa','0') [ RunTime:0.0011s ]
INFO: [ app_end ] --START--
INFO: Run Behavior\ShowPageTraceBehavior [ RunTime:0.000625s ]
INFO: [ app_end ] --END-- [ RunTime:0.000680s ]

[ 2015-06-22T19:27:44+08:00 ] 127.0.0.1 /thbbs/show_1
INFO: [ app_init ] --START--
INFO: Run Behavior\BuildLiteBehavior [ RunTime:0.000018s ]
INFO: [ app_init ] --END-- [ RunTime:0.000472s ]
INFO: [ app_begin ] --START--
INFO: Run Behavior\ReadHtmlCacheBehavior [ RunTime:0.000498s ]
INFO: [ app_begin ] --END-- [ RunTime:0.000565s ]
NOTIC: [2048] Declaration of Home\Controller\IndexController::show() should be compatible with Think\Controller::show($content, $charset = '', $contentType = '', $prefix = '') /Applications/XAMPP/xamppfiles/htdocs/thbbs/app/Home/Controller/IndexController.class.php 第 24 行.
SQL: SHOW COLUMNS FROM `think_msg` [ RunTime:0.0015s ]
SQL: SELECT * FROM `think_msg` WHERE ( fm=1 ) ORDER BY time desc  [ RunTime:0.0004s ]
INFO: [ app_end ] --START--
INFO: Run Behavior\ShowPageTraceBehavior [ RunTime:0.001395s ]
INFO: [ app_end ] --END-- [ RunTime:0.001526s ]

[ 2015-06-22T19:27:49+08:00 ] 127.0.0.1 /thbbs/Home/Index/talk?id=0&msg=aaaaabbbaa
INFO: [ app_init ] --START--
INFO: Run Behavior\BuildLiteBehavior [ RunTime:0.000019s ]
INFO: [ app_init ] --END-- [ RunTime:0.000499s ]
NOTIC: [2] array_shift() expects parameter 1 to be array, string given /Applications/XAMPP/xamppfiles/htdocs/thbbs/ThinkPHP/Library/Think/Route.class.php 第 38 行.
NOTIC: [2] array_shift() expects parameter 1 to be array, string given /Applications/XAMPP/xamppfiles/htdocs/thbbs/ThinkPHP/Library/Think/Route.class.php 第 38 行.
INFO: [ app_begin ] --START--
INFO: Run Behavior\ReadHtmlCacheBehavior [ RunTime:0.000523s ]
INFO: [ app_begin ] --END-- [ RunTime:0.000573s ]
NOTIC: [2048] Declaration of Home\Controller\IndexController::show() should be compatible with Think\Controller::show($content, $charset = '', $contentType = '', $prefix = '') /Applications/XAMPP/xamppfiles/htdocs/thbbs/app/Home/Controller/IndexController.class.php 第 24 行.
SQL: SHOW COLUMNS FROM `think_msg` [ RunTime:0.0022s ]
SQL: INSERT INTO `think_msg` (`msg`,`fm`) VALUES ('aaaaabbbaa','0') [ RunTime:0.0009s ]
INFO: [ app_end ] --START--
INFO: Run Behavior\ShowPageTraceBehavior [ RunTime:0.000791s ]
INFO: [ app_end ] --END-- [ RunTime:0.000855s ]

[ 2015-06-22T19:27:56+08:00 ] 127.0.0.1 /thbbs/show_1
INFO: [ app_init ] --START--
INFO: Run Behavior\BuildLiteBehavior [ RunTime:0.000011s ]
INFO: [ app_init ] --END-- [ RunTime:0.000242s ]
INFO: [ app_begin ] --START--
INFO: Run Behavior\ReadHtmlCacheBehavior [ RunTime:0.000319s ]
INFO: [ app_begin ] --END-- [ RunTime:0.000352s ]
NOTIC: [2048] Declaration of Home\Controller\IndexController::show() should be compatible with Think\Controller::show($content, $charset = '', $contentType = '', $prefix = '') /Applications/XAMPP/xamppfiles/htdocs/thbbs/app/Home/Controller/IndexController.class.php 第 24 行.
SQL: SHOW COLUMNS FROM `think_msg` [ RunTime:0.0033s ]
SQL: SELECT * FROM `think_msg` WHERE ( fm=1 ) ORDER BY time desc  [ RunTime:0.0004s ]
INFO: [ app_end ] --START--
INFO: Run Behavior\ShowPageTraceBehavior [ RunTime:0.000401s ]
INFO: [ app_end ] --END-- [ RunTime:0.000436s ]

[ 2015-06-22T19:28:02+08:00 ] 127.0.0.1 /thbbs/Home/Index/talk?id=1&msg=aaaaabbbaa
INFO: [ app_init ] --START--
INFO: Run Behavior\BuildLiteBehavior [ RunTime:0.000012s ]
INFO: [ app_init ] --END-- [ RunTime:0.000312s ]
NOTIC: [2] array_shift() expects parameter 1 to be array, string given /Applications/XAMPP/xamppfiles/htdocs/thbbs/ThinkPHP/Library/Think/Route.class.php 第 38 行.
NOTIC: [2] array_shift() expects parameter 1 to be array, string given /Applications/XAMPP/xamppfiles/htdocs/thbbs/ThinkPHP/Library/Think/Route.class.php 第 38 行.
INFO: [ app_begin ] --START--
INFO: Run Behavior\ReadHtmlCacheBehavior [ RunTime:0.000353s ]
INFO: [ app_begin ] --END-- [ RunTime:0.000387s ]
NOTIC: [2048] Declaration of Home\Controller\IndexController::show() should be compatible with Think\Controller::show($content, $charset = '', $contentType = '', $prefix = '') /Applications/XAMPP/xamppfiles/htdocs/thbbs/app/Home/Controller/IndexController.class.php 第 24 行.
SQL: SHOW COLUMNS FROM `think_msg` [ RunTime:0.0013s ]
SQL: INSERT INTO `think_msg` (`msg`,`fm`) VALUES ('aaaaabbbaa','1') [ RunTime:0.0012s ]
INFO: [ app_end ] --START--
INFO: Run Behavior\ShowPageTraceBehavior [ RunTime:0.000738s ]
INFO: [ app_end ] --END-- [ RunTime:0.000809s ]

[ 2015-06-22T19:28:07+08:00 ] 127.0.0.1 /thbbs/show_1
INFO: [ app_init ] --START--
INFO: Run Behavior\BuildLiteBehavior [ RunTime:0.000012s ]
INFO: [ app_init ] --END-- [ RunTime:0.000248s ]
INFO: [ app_begin ] --START--
INFO: Run Behavior\ReadHtmlCacheBehavior [ RunTime:0.000307s ]
INFO: [ app_begin ] --END-- [ RunTime:0.000340s ]
NOTIC: [2048] Declaration of Home\Controller\IndexController::show() should be compatible with Think\Controller::show($content, $charset = '', $contentType = '', $prefix = '') /Applications/XAMPP/xamppfiles/htdocs/thbbs/app/Home/Controller/IndexController.class.php 第 24 行.
SQL: SHOW COLUMNS FROM `think_msg` [ RunTime:0.0024s ]
SQL: SELECT * FROM `think_msg` WHERE ( fm=1 ) ORDER BY time desc  [ RunTime:0.0004s ]
INFO: [ app_end ] --START--
INFO: Run Behavior\ShowPageTraceBehavior [ RunTime:0.000616s ]
INFO: [ app_end ] --END-- [ RunTime:0.000680s ]

[ 2015-06-22T19:28:33+08:00 ] 127.0.0.1 /thbbs/show_1
INFO: [ app_init ] --START--
INFO: Run Behavior\BuildLiteBehavior [ RunTime:0.000013s ]
INFO: [ app_init ] --END-- [ RunTime:0.000294s ]
INFO: [ app_begin ] --START--
INFO: Run Behavior\ReadHtmlCacheBehavior [ RunTime:0.000397s ]
INFO: [ app_begin ] --END-- [ RunTime:0.000447s ]
NOTIC: [2048] Declaration of Home\Controller\IndexController::show() should be compatible with Think\Controller::show($content, $charset = '', $contentType = '', $prefix = '') /Applications/XAMPP/xamppfiles/htdocs/thbbs/app/Home/Controller/IndexController.class.php 第 24 行.
SQL: SHOW COLUMNS FROM `think_msg` [ RunTime:0.0017s ]
SQL: SELECT * FROM `think_msg` WHERE ( fm=1 ) ORDER BY time desc  [ RunTime:0.0006s ]
INFO: [ app_end ] --START--
INFO: Run Behavior\ShowPageTraceBehavior [ RunTime:0.000888s ]
INFO: [ app_end ] --END-- [ RunTime:0.000964s ]

[ 2015-06-22T19:28:36+08:00 ] 127.0.0.1 /thbbs/Home/Index/talk?id=1&msg=aaaaabbbaa
INFO: [ app_init ] --START--
INFO: Run Behavior\BuildLiteBehavior [ RunTime:0.000010s ]
INFO: [ app_init ] --END-- [ RunTime:0.000229s ]
NOTIC: [2] array_shift() expects parameter 1 to be array, string given /Applications/XAMPP/xamppfiles/htdocs/thbbs/ThinkPHP/Library/Think/Route.class.php 第 38 行.
NOTIC: [2] array_shift() expects parameter 1 to be array, string given /Applications/XAMPP/xamppfiles/htdocs/thbbs/ThinkPHP/Library/Think/Route.class.php 第 38 行.
INFO: [ app_begin ] --START--
INFO: Run Behavior\ReadHtmlCacheBehavior [ RunTime:0.000313s ]
INFO: [ app_begin ] --END-- [ RunTime:0.000348s ]
NOTIC: [2048] Declaration of Home\Controller\IndexController::show() should be compatible with Think\Controller::show($content, $charset = '', $contentType = '', $prefix = '') /Applications/XAMPP/xamppfiles/htdocs/thbbs/app/Home/Controller/IndexController.class.php 第 24 行.
SQL: SHOW COLUMNS FROM `think_msg` [ RunTime:0.0023s ]
SQL: INSERT INTO `think_msg` (`msg`,`fm`) VALUES ('aaaaabbbaa','1') [ RunTime:0.0012s ]
INFO: [ app_end ] --START--
INFO: Run Behavior\ShowPageTraceBehavior [ RunTime:0.000801s ]
INFO: [ app_end ] --END-- [ RunTime:0.000884s ]

[ 2015-06-22T19:28:40+08:00 ] 127.0.0.1 /thbbs/show_1
INFO: [ app_init ] --START--
INFO: Run Behavior\BuildLiteBehavior [ RunTime:0.000010s ]
INFO: [ app_init ] --END-- [ RunTime:0.000211s ]
INFO: [ app_begin ] --START--
INFO: Run Behavior\ReadHtmlCacheBehavior [ RunTime:0.000294s ]
INFO: [ app_begin ] --END-- [ RunTime:0.000322s ]
NOTIC: [2048] Declaration of Home\Controller\IndexController::show() should be compatible with Think\Controller::show($content, $charset = '', $contentType = '', $prefix = '') /Applications/XAMPP/xamppfiles/htdocs/thbbs/app/Home/Controller/IndexController.class.php 第 24 行.
SQL: SHOW COLUMNS FROM `think_msg` [ RunTime:0.0012s ]
SQL: SELECT * FROM `think_msg` WHERE ( fm=1 ) ORDER BY time desc  [ RunTime:0.0003s ]
INFO: [ app_end ] --START--
INFO: Run Behavior\ShowPageTraceBehavior [ RunTime:0.000405s ]
INFO: [ app_end ] --END-- [ RunTime:0.000442s ]

[ 2015-06-22T19:28:42+08:00 ] 127.0.0.1 /thbbs/show_1
INFO: [ app_init ] --START--
INFO: Run Behavior\BuildLiteBehavior [ RunTime:0.000010s ]
INFO: [ app_init ] --END-- [ RunTime:0.000209s ]
INFO: [ app_begin ] --START--
INFO: Run Behavior\ReadHtmlCacheBehavior [ RunTime:0.000388s ]
INFO: [ app_begin ] --END-- [ RunTime:0.000426s ]
NOTIC: [2048] Declaration of Home\Controller\IndexController::show() should be compatible with Think\Controller::show($content, $charset = '', $contentType = '', $prefix = '') /Applications/XAMPP/xamppfiles/htdocs/thbbs/app/Home/Controller/IndexController.class.php 第 24 行.
SQL: SHOW COLUMNS FROM `think_msg` [ RunTime:0.0025s ]
SQL: SELECT * FROM `think_msg` WHERE ( fm=1 ) ORDER BY time desc  [ RunTime:0.0009s ]
INFO: [ app_end ] --START--
INFO: Run Behavior\ShowPageTraceBehavior [ RunTime:0.000475s ]
INFO: [ app_end ] --END-- [ RunTime:0.000550s ]

[ 2015-06-22T19:28:43+08:00 ] 127.0.0.1 /thbbs/show_1
INFO: [ app_init ] --START--
INFO: Run Behavior\BuildLiteBehavior [ RunTime:0.000010s ]
INFO: [ app_init ] --END-- [ RunTime:0.000211s ]
INFO: [ app_begin ] --START--
INFO: Run Behavior\ReadHtmlCacheBehavior [ RunTime:0.000264s ]
INFO: [ app_begin ] --END-- [ RunTime:0.000293s ]
NOTIC: [2048] Declaration of Home\Controller\IndexController::show() should be compatible with Think\Controller::show($content, $charset = '', $contentType = '', $prefix = '') /Applications/XAMPP/xamppfiles/htdocs/thbbs/app/Home/Controller/IndexController.class.php 第 24 行.
SQL: SHOW COLUMNS FROM `think_msg` [ RunTime:0.0017s ]
SQL: SELECT * FROM `think_msg` WHERE ( fm=1 ) ORDER BY time desc  [ RunTime:0.0004s ]
INFO: [ app_end ] --START--
INFO: Run Behavior\ShowPageTraceBehavior [ RunTime:0.000497s ]
INFO: [ app_end ] --END-- [ RunTime:0.000547s ]

[ 2015-06-22T19:28:53+08:00 ] 127.0.0.1 /thbbs/show_1
INFO: [ app_init ] --START--
INFO: Run Behavior\BuildLiteBehavior [ RunTime:0.000011s ]
INFO: [ app_init ] --END-- [ RunTime:0.000226s ]
INFO: [ app_begin ] --START--
INFO: Run Behavior\ReadHtmlCacheBehavior [ RunTime:0.000265s ]
INFO: [ app_begin ] --END-- [ RunTime:0.000294s ]
NOTIC: [2048] Declaration of Home\Controller\IndexController::show() should be compatible with Think\Controller::show($content, $charset = '', $contentType = '', $prefix = '') /Applications/XAMPP/xamppfiles/htdocs/thbbs/app/Home/Controller/IndexController.class.php 第 24 行.
SQL: SHOW COLUMNS FROM `think_msg` [ RunTime:0.0015s ]
SQL: SELECT * FROM `think_msg` WHERE ( fm=1 ) ORDER BY time desc  [ RunTime:0.0006s ]
INFO: [ app_end ] --START--
INFO: Run Behavior\ShowPageTraceBehavior [ RunTime:0.000622s ]
INFO: [ app_end ] --END-- [ RunTime:0.000679s ]

[ 2015-06-22T19:28:58+08:00 ] 127.0.0.1 /thbbs/Home/Index/talk?id=1&msg=aaaaabbbaa
INFO: [ app_init ] --START--
INFO: Run Behavior\BuildLiteBehavior [ RunTime:0.000013s ]
INFO: [ app_init ] --END-- [ RunTime:0.000278s ]
NOTIC: [2] array_shift() expects parameter 1 to be array, string given /Applications/XAMPP/xamppfiles/htdocs/thbbs/ThinkPHP/Library/Think/Route.class.php 第 38 行.
NOTIC: [2] array_shift() expects parameter 1 to be array, string given /Applications/XAMPP/xamppfiles/htdocs/thbbs/ThinkPHP/Library/Think/Route.class.php 第 38 行.
INFO: [ app_begin ] --START--
INFO: Run Behavior\ReadHtmlCacheBehavior [ RunTime:0.000475s ]
INFO: [ app_begin ] --END-- [ RunTime:0.000521s ]
NOTIC: [2048] Declaration of Home\Controller\IndexController::show() should be compatible with Think\Controller::show($content, $charset = '', $contentType = '', $prefix = '') /Applications/XAMPP/xamppfiles/htdocs/thbbs/app/Home/Controller/IndexController.class.php 第 24 行.
SQL: SHOW COLUMNS FROM `think_msg` [ RunTime:0.0023s ]
SQL: INSERT INTO `think_msg` (`msg`,`fm`) VALUES ('aaaaabbbaa','1') [ RunTime:0.0007s ]
INFO: [ app_end ] --START--
INFO: Run Behavior\ShowPageTraceBehavior [ RunTime:0.000525s ]
INFO: [ app_end ] --END-- [ RunTime:0.000579s ]

[ 2015-06-22T19:29:01+08:00 ] 127.0.0.1 /thbbs/show_1
INFO: [ app_init ] --START--
INFO: Run Behavior\BuildLiteBehavior [ RunTime:0.000017s ]
INFO: [ app_init ] --END-- [ RunTime:0.000331s ]
INFO: [ app_begin ] --START--
INFO: Run Behavior\ReadHtmlCacheBehavior [ RunTime:0.000321s ]
INFO: [ app_begin ] --END-- [ RunTime:0.000378s ]
NOTIC: [2048] Declaration of Home\Controller\IndexController::show() should be compatible with Think\Controller::show($content, $charset = '', $contentType = '', $prefix = '') /Applications/XAMPP/xamppfiles/htdocs/thbbs/app/Home/Controller/IndexController.class.php 第 24 行.
SQL: SHOW COLUMNS FROM `think_msg` [ RunTime:0.0024s ]
SQL: SELECT * FROM `think_msg` WHERE ( fm=1 ) ORDER BY time desc  [ RunTime:0.0004s ]
INFO: [ app_end ] --START--
INFO: Run Behavior\ShowPageTraceBehavior [ RunTime:0.000540s ]
INFO: [ app_end ] --END-- [ RunTime:0.000589s ]

[ 2015-06-22T19:30:50+08:00 ] 127.0.0.1 /thbbs/show_1
INFO: [ app_init ] --START--
INFO: Run Behavior\BuildLiteBehavior [ RunTime:0.000010s ]
INFO: [ app_init ] --END-- [ RunTime:0.000265s ]
INFO: [ app_begin ] --START--
INFO: Run Behavior\ReadHtmlCacheBehavior [ RunTime:0.000385s ]
INFO: [ app_begin ] --END-- [ RunTime:0.000421s ]
NOTIC: [2048] Declaration of Home\Controller\IndexController::show() should be compatible with Think\Controller::show($content, $charset = '', $contentType = '', $prefix = '') /Applications/XAMPP/xamppfiles/htdocs/thbbs/app/Home/Controller/IndexController.class.php 第 24 行.
SQL: SHOW COLUMNS FROM `think_msg` [ RunTime:0.0025s ]
SQL: SELECT * FROM `think_msg` WHERE ( fm=1 ) ORDER BY time desc  [ RunTime:0.0004s ]
INFO: [ app_end ] --START--
INFO: Run Behavior\ShowPageTraceBehavior [ RunTime:0.000467s ]
INFO: [ app_end ] --END-- [ RunTime:0.000520s ]

[ 2015-06-22T19:30:51+08:00 ] 127.0.0.1 /thbbs/show_1
INFO: [ app_init ] --START--
INFO: Run Behavior\BuildLiteBehavior [ RunTime:0.000022s ]
INFO: [ app_init ] --END-- [ RunTime:0.000400s ]
INFO: [ app_begin ] --START--
INFO: Run Behavior\ReadHtmlCacheBehavior [ RunTime:0.000582s ]
INFO: [ app_begin ] --END-- [ RunTime:0.000637s ]
NOTIC: [2048] Declaration of Home\Controller\IndexController::show() should be compatible with Think\Controller::show($content, $charset = '', $contentType = '', $prefix = '') /Applications/XAMPP/xamppfiles/htdocs/thbbs/app/Home/Controller/IndexController.class.php 第 24 行.
SQL: SHOW COLUMNS FROM `think_msg` [ RunTime:0.0015s ]
SQL: SELECT * FROM `think_msg` WHERE ( fm=1 ) ORDER BY time desc  [ RunTime:0.0004s ]
INFO: [ app_end ] --START--
INFO: Run Behavior\ShowPageTraceBehavior [ RunTime:0.000522s ]
INFO: [ app_end ] --END-- [ RunTime:0.000573s ]

[ 2015-06-22T19:30:52+08:00 ] 127.0.0.1 /thbbs/show_1
INFO: [ app_init ] --START--
INFO: Run Behavior\BuildLiteBehavior [ RunTime:0.000013s ]
INFO: [ app_init ] --END-- [ RunTime:0.000282s ]
INFO: [ app_begin ] --START--
INFO: Run Behavior\ReadHtmlCacheBehavior [ RunTime:0.000295s ]
INFO: [ app_begin ] --END-- [ RunTime:0.000327s ]
NOTIC: [2048] Declaration of Home\Controller\IndexController::show() should be compatible with Think\Controller::show($content, $charset = '', $contentType = '', $prefix = '') /Applications/XAMPP/xamppfiles/htdocs/thbbs/app/Home/Controller/IndexController.class.php 第 24 行.
SQL: SHOW COLUMNS FROM `think_msg` [ RunTime:0.0026s ]
SQL: SELECT * FROM `think_msg` WHERE ( fm=1 ) ORDER BY time desc  [ RunTime:0.0005s ]
INFO: [ app_end ] --START--
INFO: Run Behavior\ShowPageTraceBehavior [ RunTime:0.000671s ]
INFO: [ app_end ] --END-- [ RunTime:0.000737s ]

[ 2015-06-22T19:30:52+08:00 ] 127.0.0.1 /thbbs/show_1
INFO: [ app_init ] --START--
INFO: Run Behavior\BuildLiteBehavior [ RunTime:0.000010s ]
INFO: [ app_init ] --END-- [ RunTime:0.000389s ]
INFO: [ app_begin ] --START--
INFO: Run Behavior\ReadHtmlCacheBehavior [ RunTime:0.000353s ]
INFO: [ app_begin ] --END-- [ RunTime:0.000390s ]
NOTIC: [2048] Declaration of Home\Controller\IndexController::show() should be compatible with Think\Controller::show($content, $charset = '', $contentType = '', $prefix = '') /Applications/XAMPP/xamppfiles/htdocs/thbbs/app/Home/Controller/IndexController.class.php 第 24 行.
SQL: SHOW COLUMNS FROM `think_msg` [ RunTime:0.0025s ]
SQL: SELECT * FROM `think_msg` WHERE ( fm=1 ) ORDER BY time desc  [ RunTime:0.0005s ]
INFO: [ app_end ] --START--
INFO: Run Behavior\ShowPageTraceBehavior [ RunTime:0.000564s ]
INFO: [ app_end ] --END-- [ RunTime:0.000618s ]

[ 2015-06-22T19:30:52+08:00 ] 127.0.0.1 /thbbs/show_1
INFO: [ app_init ] --START--
INFO: Run Behavior\BuildLiteBehavior [ RunTime:0.000017s ]
INFO: [ app_init ] --END-- [ RunTime:0.000379s ]
INFO: [ app_begin ] --START--
INFO: Run Behavior\ReadHtmlCacheBehavior [ RunTime:0.000565s ]
INFO: [ app_begin ] --END-- [ RunTime:0.000652s ]
NOTIC: [2048] Declaration of Home\Controller\IndexController::show() should be compatible with Think\Controller::show($content, $charset = '', $contentType = '', $prefix = '') /Applications/XAMPP/xamppfiles/htdocs/thbbs/app/Home/Controller/IndexController.class.php 第 24 行.
SQL: SHOW COLUMNS FROM `think_msg` [ RunTime:0.0027s ]
SQL: SELECT * FROM `think_msg` WHERE ( fm=1 ) ORDER BY time desc  [ RunTime:0.0004s ]
INFO: [ app_end ] --START--
INFO: Run Behavior\ShowPageTraceBehavior [ RunTime:0.000602s ]
INFO: [ app_end ] --END-- [ RunTime:0.000654s ]

[ 2015-06-22T19:30:52+08:00 ] 127.0.0.1 /thbbs/show_1
INFO: [ app_init ] --START--
INFO: Run Behavior\BuildLiteBehavior [ RunTime:0.000018s ]
INFO: [ app_init ] --END-- [ RunTime:0.000320s ]
INFO: [ app_begin ] --START--
INFO: Run Behavior\ReadHtmlCacheBehavior [ RunTime:0.000490s ]
INFO: [ app_begin ] --END-- [ RunTime:0.000543s ]
NOTIC: [2048] Declaration of Home\Controller\IndexController::show() should be compatible with Think\Controller::show($content, $charset = '', $contentType = '', $prefix = '') /Applications/XAMPP/xamppfiles/htdocs/thbbs/app/Home/Controller/IndexController.class.php 第 24 行.
SQL: SHOW COLUMNS FROM `think_msg` [ RunTime:0.0022s ]
SQL: SELECT * FROM `think_msg` WHERE ( fm=1 ) ORDER BY time desc  [ RunTime:0.0005s ]
INFO: [ app_end ] --START--
INFO: Run Behavior\ShowPageTraceBehavior [ RunTime:0.000611s ]
INFO: [ app_end ] --END-- [ RunTime:0.000661s ]

[ 2015-06-22T19:30:52+08:00 ] 127.0.0.1 /thbbs/show_1
INFO: [ app_init ] --START--
INFO: Run Behavior\BuildLiteBehavior [ RunTime:0.000015s ]
INFO: [ app_init ] --END-- [ RunTime:0.000390s ]
INFO: [ app_begin ] --START--
INFO: Run Behavior\ReadHtmlCacheBehavior [ RunTime:0.000399s ]
INFO: [ app_begin ] --END-- [ RunTime:0.000439s ]
NOTIC: [2048] Declaration of Home\Controller\IndexController::show() should be compatible with Think\Controller::show($content, $charset = '', $contentType = '', $prefix = '') /Applications/XAMPP/xamppfiles/htdocs/thbbs/app/Home/Controller/IndexController.class.php 第 24 行.
SQL: SHOW COLUMNS FROM `think_msg` [ RunTime:0.0020s ]
SQL: SELECT * FROM `think_msg` WHERE ( fm=1 ) ORDER BY time desc  [ RunTime:0.0006s ]
INFO: [ app_end ] --START--
INFO: Run Behavior\ShowPageTraceBehavior [ RunTime:0.000629s ]
INFO: [ app_end ] --END-- [ RunTime:0.000693s ]

[ 2015-06-22T19:30:52+08:00 ] 127.0.0.1 /thbbs/show_1
INFO: [ app_init ] --START--
INFO: Run Behavior\BuildLiteBehavior [ RunTime:0.000010s ]
INFO: [ app_init ] --END-- [ RunTime:0.000208s ]
INFO: [ app_begin ] --START--
INFO: Run Behavior\ReadHtmlCacheBehavior [ RunTime:0.000650s ]
INFO: [ app_begin ] --END-- [ RunTime:0.000703s ]
NOTIC: [2048] Declaration of Home\Controller\IndexController::show() should be compatible with Think\Controller::show($content, $charset = '', $contentType = '', $prefix = '') /Applications/XAMPP/xamppfiles/htdocs/thbbs/app/Home/Controller/IndexController.class.php 第 24 行.
SQL: SHOW COLUMNS FROM `think_msg` [ RunTime:0.0016s ]
SQL: SELECT * FROM `think_msg` WHERE ( fm=1 ) ORDER BY time desc  [ RunTime:0.0004s ]
INFO: [ app_end ] --START--
INFO: Run Behavior\ShowPageTraceBehavior [ RunTime:0.000450s ]
INFO: [ app_end ] --END-- [ RunTime:0.000491s ]

[ 2015-06-22T19:30:52+08:00 ] 127.0.0.1 /thbbs/show_1
INFO: [ app_init ] --START--
INFO: Run Behavior\BuildLiteBehavior [ RunTime:0.000009s ]
INFO: [ app_init ] --END-- [ RunTime:0.000209s ]
INFO: [ app_begin ] --START--
INFO: Run Behavior\ReadHtmlCacheBehavior [ RunTime:0.000334s ]
INFO: [ app_begin ] --END-- [ RunTime:0.000370s ]
NOTIC: [2048] Declaration of Home\Controller\IndexController::show() should be compatible with Think\Controller::show($content, $charset = '', $contentType = '', $prefix = '') /Applications/XAMPP/xamppfiles/htdocs/thbbs/app/Home/Controller/IndexController.class.php 第 24 行.
SQL: SHOW COLUMNS FROM `think_msg` [ RunTime:0.0023s ]
SQL: SELECT * FROM `think_msg` WHERE ( fm=1 ) ORDER BY time desc  [ RunTime:0.0004s ]
INFO: [ app_end ] --START--
INFO: Run Behavior\ShowPageTraceBehavior [ RunTime:0.000472s ]
INFO: [ app_end ] --END-- [ RunTime:0.000516s ]

[ 2015-06-22T19:30:53+08:00 ] 127.0.0.1 /thbbs/show_1
INFO: [ app_init ] --START--
INFO: Run Behavior\BuildLiteBehavior [ RunTime:0.000013s ]
INFO: [ app_init ] --END-- [ RunTime:0.000265s ]
INFO: [ app_begin ] --START--
INFO: Run Behavior\ReadHtmlCacheBehavior [ RunTime:0.000334s ]
INFO: [ app_begin ] --END-- [ RunTime:0.000368s ]
NOTIC: [2048] Declaration of Home\Controller\IndexController::show() should be compatible with Think\Controller::show($content, $charset = '', $contentType = '', $prefix = '') /Applications/XAMPP/xamppfiles/htdocs/thbbs/app/Home/Controller/IndexController.class.php 第 24 行.
SQL: SHOW COLUMNS FROM `think_msg` [ RunTime:0.0025s ]
SQL: SELECT * FROM `think_msg` WHERE ( fm=1 ) ORDER BY time desc  [ RunTime:0.0004s ]
INFO: [ app_end ] --START--
INFO: Run Behavior\ShowPageTraceBehavior [ RunTime:0.000436s ]
INFO: [ app_end ] --END-- [ RunTime:0.000472s ]

[ 2015-06-22T19:30:56+08:00 ] 127.0.0.1 /thbbs/Home/Index/talk?id=1&msg=aaaaabbbaa
INFO: [ app_init ] --START--
INFO: Run Behavior\BuildLiteBehavior [ RunTime:0.000013s ]
INFO: [ app_init ] --END-- [ RunTime:0.000290s ]
NOTIC: [2] array_shift() expects parameter 1 to be array, string given /Applications/XAMPP/xamppfiles/htdocs/thbbs/ThinkPHP/Library/Think/Route.class.php 第 38 行.
NOTIC: [2] array_shift() expects parameter 1 to be array, string given /Applications/XAMPP/xamppfiles/htdocs/thbbs/ThinkPHP/Library/Think/Route.class.php 第 38 行.
INFO: [ app_begin ] --START--
INFO: Run Behavior\ReadHtmlCacheBehavior [ RunTime:0.000374s ]
INFO: [ app_begin ] --END-- [ RunTime:0.000413s ]
NOTIC: [2048] Declaration of Home\Controller\IndexController::show() should be compatible with Think\Controller::show($content, $charset = '', $contentType = '', $prefix = '') /Applications/XAMPP/xamppfiles/htdocs/thbbs/app/Home/Controller/IndexController.class.php 第 24 行.
SQL: SHOW COLUMNS FROM `think_msg` [ RunTime:0.0015s ]
SQL: INSERT INTO `think_msg` (`msg`,`fm`) VALUES ('aaaaabbbaa','1') [ RunTime:0.0005s ]
INFO: [ app_end ] --START--
INFO: Run Behavior\ShowPageTraceBehavior [ RunTime:0.000426s ]
INFO: [ app_end ] --END-- [ RunTime:0.000464s ]

[ 2015-06-22T19:30:59+08:00 ] 127.0.0.1 /thbbs/show_1
INFO: [ app_init ] --START--
INFO: Run Behavior\BuildLiteBehavior [ RunTime:0.000010s ]
INFO: [ app_init ] --END-- [ RunTime:0.000217s ]
INFO: [ app_begin ] --START--
INFO: Run Behavior\ReadHtmlCacheBehavior [ RunTime:0.000351s ]
INFO: [ app_begin ] --END-- [ RunTime:0.000389s ]
NOTIC: [2048] Declaration of Home\Controller\IndexController::show() should be compatible with Think\Controller::show($content, $charset = '', $contentType = '', $prefix = '') /Applications/XAMPP/xamppfiles/htdocs/thbbs/app/Home/Controller/IndexController.class.php 第 24 行.
SQL: SHOW COLUMNS FROM `think_msg` [ RunTime:0.0021s ]
SQL: SELECT * FROM `think_msg` WHERE ( fm=1 ) ORDER BY time desc  [ RunTime:0.0004s ]
INFO: [ app_end ] --START--
INFO: Run Behavior\ShowPageTraceBehavior [ RunTime:0.000481s ]
INFO: [ app_end ] --END-- [ RunTime:0.000522s ]

[ 2015-06-22T19:31:00+08:00 ] 127.0.0.1 /thbbs/show_1
INFO: [ app_init ] --START--
INFO: Run Behavior\BuildLiteBehavior [ RunTime:0.000010s ]
INFO: [ app_init ] --END-- [ RunTime:0.000209s ]
INFO: [ app_begin ] --START--
INFO: Run Behavior\ReadHtmlCacheBehavior [ RunTime:0.000262s ]
INFO: [ app_begin ] --END-- [ RunTime:0.000291s ]
NOTIC: [2048] Declaration of Home\Controller\IndexController::show() should be compatible with Think\Controller::show($content, $charset = '', $contentType = '', $prefix = '') /Applications/XAMPP/xamppfiles/htdocs/thbbs/app/Home/Controller/IndexController.class.php 第 24 行.
SQL: SHOW COLUMNS FROM `think_msg` [ RunTime:0.0024s ]
SQL: SELECT * FROM `think_msg` WHERE ( fm=1 ) ORDER BY time desc  [ RunTime:0.0005s ]
INFO: [ app_end ] --START--
INFO: Run Behavior\ShowPageTraceBehavior [ RunTime:0.000595s ]
INFO: [ app_end ] --END-- [ RunTime:0.000651s ]

[ 2015-06-22T19:31:00+08:00 ] 127.0.0.1 /thbbs/show_1
INFO: [ app_init ] --START--
INFO: Run Behavior\BuildLiteBehavior [ RunTime:0.000010s ]
INFO: [ app_init ] --END-- [ RunTime:0.000204s ]
INFO: [ app_begin ] --START--
INFO: Run Behavior\ReadHtmlCacheBehavior [ RunTime:0.000256s ]
INFO: [ app_begin ] --END-- [ RunTime:0.000283s ]
NOTIC: [2048] Declaration of Home\Controller\IndexController::show() should be compatible with Think\Controller::show($content, $charset = '', $contentType = '', $prefix = '') /Applications/XAMPP/xamppfiles/htdocs/thbbs/app/Home/Controller/IndexController.class.php 第 24 行.
SQL: SHOW COLUMNS FROM `think_msg` [ RunTime:0.0023s ]
SQL: SELECT * FROM `think_msg` WHERE ( fm=1 ) ORDER BY time desc  [ RunTime:0.0005s ]
INFO: [ app_end ] --START--
INFO: Run Behavior\ShowPageTraceBehavior [ RunTime:0.000524s ]
INFO: [ app_end ] --END-- [ RunTime:0.000572s ]

[ 2015-06-22T19:31:00+08:00 ] 127.0.0.1 /thbbs/show_1
INFO: [ app_init ] --START--
INFO: Run Behavior\BuildLiteBehavior [ RunTime:0.000010s ]
INFO: [ app_init ] --END-- [ RunTime:0.000209s ]
INFO: [ app_begin ] --START--
INFO: Run Behavior\ReadHtmlCacheBehavior [ RunTime:0.000488s ]
INFO: [ app_begin ] --END-- [ RunTime:0.000539s ]
NOTIC: [2048] Declaration of Home\Controller\IndexController::show() should be compatible with Think\Controller::show($content, $charset = '', $contentType = '', $prefix = '') /Applications/XAMPP/xamppfiles/htdocs/thbbs/app/Home/Controller/IndexController.class.php 第 24 行.
SQL: SHOW COLUMNS FROM `think_msg` [ RunTime:0.0021s ]
SQL: SELECT * FROM `think_msg` WHERE ( fm=1 ) ORDER BY time desc  [ RunTime:0.0005s ]
INFO: [ app_end ] --START--
INFO: Run Behavior\ShowPageTraceBehavior [ RunTime:0.000648s ]
INFO: [ app_end ] --END-- [ RunTime:0.000714s ]

[ 2015-06-22T19:31:00+08:00 ] 127.0.0.1 /thbbs/show_1
INFO: [ app_init ] --START--
INFO: Run Behavior\BuildLiteBehavior [ RunTime:0.000010s ]
INFO: [ app_init ] --END-- [ RunTime:0.000221s ]
INFO: [ app_begin ] --START--
INFO: Run Behavior\ReadHtmlCacheBehavior [ RunTime:0.000274s ]
INFO: [ app_begin ] --END-- [ RunTime:0.000329s ]
NOTIC: [2048] Declaration of Home\Controller\IndexController::show() should be compatible with Think\Controller::show($content, $charset = '', $contentType = '', $prefix = '') /Applications/XAMPP/xamppfiles/htdocs/thbbs/app/Home/Controller/IndexController.class.php 第 24 行.
SQL: SHOW COLUMNS FROM `think_msg` [ RunTime:0.0015s ]
SQL: SELECT * FROM `think_msg` WHERE ( fm=1 ) ORDER BY time desc  [ RunTime:0.0005s ]
INFO: [ app_end ] --START--
INFO: Run Behavior\ShowPageTraceBehavior [ RunTime:0.000556s ]
INFO: [ app_end ] --END-- [ RunTime:0.000605s ]

[ 2015-06-22T22:39:02+08:00 ] 127.0.0.1 /thbbs/show_1
INFO: [ app_init ] --START--
INFO: Run Behavior\BuildLiteBehavior [ RunTime:0.000042s ]
INFO: [ app_init ] --END-- [ RunTime:0.002371s ]
INFO: [ app_begin ] --START--
INFO: Run Behavior\ReadHtmlCacheBehavior [ RunTime:0.001088s ]
INFO: [ app_begin ] --END-- [ RunTime:0.001206s ]
NOTIC: [2048] Declaration of Home\Controller\IndexController::show() should be compatible with Think\Controller::show($content, $charset = '', $contentType = '', $prefix = '') /Applications/XAMPP/xamppfiles/htdocs/thbbs/app/Home/Controller/IndexController.class.php 第 24 行.
SQL: SHOW COLUMNS FROM `think_msg` [ RunTime:0.0313s ]
SQL: SELECT * FROM `think_msg` WHERE ( fm=1 ) ORDER BY time desc  [ RunTime:0.0138s ]
INFO: [ app_end ] --START--
INFO: Run Behavior\ShowPageTraceBehavior [ RunTime:0.004090s ]
INFO: [ app_end ] --END-- [ RunTime:0.004249s ]

[ 2015-06-22T22:55:21+08:00 ] 127.0.0.1 /thbbs/show_1
INFO: [ app_init ] --START--
INFO: Run Behavior\BuildLiteBehavior [ RunTime:0.000021s ]
INFO: [ app_init ] --END-- [ RunTime:0.000503s ]
INFO: [ app_begin ] --START--
INFO: Run Behavior\ReadHtmlCacheBehavior [ RunTime:0.000638s ]
INFO: [ app_begin ] --END-- [ RunTime:0.000716s ]
NOTIC: [2048] Declaration of Home\Controller\IndexController::show() should be compatible with Think\Controller::show($content, $charset = '', $contentType = '', $prefix = '') /Applications/XAMPP/xamppfiles/htdocs/thbbs/app/Home/Controller/IndexController.class.php 第 24 行.
SQL: SHOW COLUMNS FROM `think_msg` [ RunTime:0.0034s ]
SQL: SELECT * FROM `think_msg` WHERE ( fm=1 ) ORDER BY time desc  [ RunTime:0.0007s ]
INFO: [ app_end ] --START--
INFO: Run Behavior\ShowPageTraceBehavior [ RunTime:0.002398s ]
INFO: [ app_end ] --END-- [ RunTime:0.002521s ]

[ 2015-06-22T22:55:21+08:00 ] 127.0.0.1 /thbbs/show_1
INFO: [ app_init ] --START--
INFO: Run Behavior\BuildLiteBehavior [ RunTime:0.000052s ]
INFO: [ app_init ] --END-- [ RunTime:0.000279s ]
INFO: [ app_begin ] --START--
INFO: Run Behavior\ReadHtmlCacheBehavior [ RunTime:0.000476s ]
INFO: [ app_begin ] --END-- [ RunTime:0.000522s ]
NOTIC: [2048] Declaration of Home\Controller\IndexController::show() should be compatible with Think\Controller::show($content, $charset = '', $contentType = '', $prefix = '') /Applications/XAMPP/xamppfiles/htdocs/thbbs/app/Home/Controller/IndexController.class.php 第 24 行.
SQL: SHOW COLUMNS FROM `think_msg` [ RunTime:0.0018s ]
SQL: SELECT * FROM `think_msg` WHERE ( fm=1 ) ORDER BY time desc  [ RunTime:0.0004s ]
INFO: [ app_end ] --START--
INFO: Run Behavior\ShowPageTraceBehavior [ RunTime:0.000463s ]
INFO: [ app_end ] --END-- [ RunTime:0.000505s ]

[ 2015-06-22T22:55:22+08:00 ] 127.0.0.1 /thbbs/show_1
INFO: [ app_init ] --START--
INFO: Run Behavior\BuildLiteBehavior [ RunTime:0.000011s ]
INFO: [ app_init ] --END-- [ RunTime:0.000226s ]
INFO: [ app_begin ] --START--
INFO: Run Behavior\ReadHtmlCacheBehavior [ RunTime:0.000545s ]
INFO: [ app_begin ] --END-- [ RunTime:0.000683s ]
NOTIC: [2048] Declaration of Home\Controller\IndexController::show() should be compatible with Think\Controller::show($content, $charset = '', $contentType = '', $prefix = '') /Applications/XAMPP/xamppfiles/htdocs/thbbs/app/Home/Controller/IndexController.class.php 第 24 行.
SQL: SHOW COLUMNS FROM `think_msg` [ RunTime:0.0015s ]
SQL: SELECT * FROM `think_msg` WHERE ( fm=1 ) ORDER BY time desc  [ RunTime:0.0005s ]
INFO: [ app_end ] --START--
INFO: Run Behavior\ShowPageTraceBehavior [ RunTime:0.000448s ]
INFO: [ app_end ] --END-- [ RunTime:0.000491s ]

