[ 2015-11-29T13:33:28+08:00 ] 127.0.0.1 /oj/index.php/Home/
INFO: [ app_init ] --START--
INFO: Run Behavior\BuildLiteBehavior [ RunTime:0.000035s ]
INFO: [ app_init ] --END-- [ RunTime:0.003268s ]
INFO: [ app_begin ] --START--
INFO: Run Behavior\ReadHtmlCacheBehavior [ RunTime:0.000988s ]
INFO: [ app_begin ] --END-- [ RunTime:0.001115s ]
INFO: [ view_parse ] --START--
INFO: [ template_filter ] --START--
INFO: Run Behavior\ContentReplaceBehavior [ RunTime:0.000427s ]
INFO: [ template_filter ] --END-- [ RunTime:0.000580s ]
INFO: Run Behavior\ParseTemplateBehavior [ RunTime:0.014958s ]
INFO: [ view_parse ] --END-- [ RunTime:0.015090s ]
INFO: [ view_filter ] --START--
INFO: Run Behavior\WriteHtmlCacheBehavior [ RunTime:0.000628s ]
INFO: [ view_filter ] --END-- [ RunTime:0.000718s ]
INFO: [ app_end ] --START--
INFO: Run Behavior\ShowPageTraceBehavior [ RunTime:0.001258s ]
INFO: [ app_end ] --END-- [ RunTime:0.001355s ]

[ 2015-11-29T13:33:30+08:00 ] 127.0.0.1 /oj/index.php/Home/login.html
INFO: [ app_init ] --START--
INFO: Run Behavior\BuildLiteBehavior [ RunTime:0.000010s ]
INFO: [ app_init ] --END-- [ RunTime:0.000220s ]
INFO: [ app_begin ] --START--
INFO: Run Behavior\ReadHtmlCacheBehavior [ RunTime:0.000329s ]
INFO: [ app_begin ] --END-- [ RunTime:0.000363s ]
INFO: [ view_parse ] --START--
INFO: [ template_filter ] --START--
INFO: Run Behavior\ContentReplaceBehavior [ RunTime:0.000049s ]
INFO: [ template_filter ] --END-- [ RunTime:0.000143s ]
NOTIC: [8] Undefined variable: P /Applications/XAMPP/xamppfiles/htdocs/oj/app/Runtime/Cache/Home/1721c4720770efb58325480714de9558.php 第 25 行.
NOTIC: [8] Undefined variable: P /Applications/XAMPP/xamppfiles/htdocs/oj/app/Runtime/Cache/Home/1721c4720770efb58325480714de9558.php 第 26 行.
NOTIC: [8] Undefined variable: P /Applications/XAMPP/xamppfiles/htdocs/oj/app/Runtime/Cache/Home/1721c4720770efb58325480714de9558.php 第 27 行.
NOTIC: [8] Undefined variable: P /Applications/XAMPP/xamppfiles/htdocs/oj/app/Runtime/Cache/Home/1721c4720770efb58325480714de9558.php 第 28 行.
INFO: Run Behavior\ParseTemplateBehavior [ RunTime:0.018662s ]
INFO: [ view_parse ] --END-- [ RunTime:0.018715s ]
INFO: [ view_filter ] --START--
INFO: Run Behavior\WriteHtmlCacheBehavior [ RunTime:0.000156s ]
INFO: [ view_filter ] --END-- [ RunTime:0.000188s ]
INFO: [ app_end ] --START--
INFO: Run Behavior\ShowPageTraceBehavior [ RunTime:0.000498s ]
INFO: [ app_end ] --END-- [ RunTime:0.000546s ]

[ 2015-11-29T13:33:32+08:00 ] 127.0.0.1 /oj/index.php/Home/bbs/index.html
INFO: [ app_init ] --START--
INFO: Run Behavior\BuildLiteBehavior [ RunTime:0.000011s ]
INFO: [ app_init ] --END-- [ RunTime:0.000235s ]
INFO: [ app_begin ] --START--
INFO: Run Behavior\ReadHtmlCacheBehavior [ RunTime:0.000274s ]
INFO: [ app_begin ] --END-- [ RunTime:0.000305s ]
INFO: [ app_end ] --START--
INFO: Run Behavior\ShowPageTraceBehavior [ RunTime:0.000608s ]
INFO: [ app_end ] --END-- [ RunTime:0.000680s ]

[ 2015-11-29T13:45:11+08:00 ] 127.0.0.1 /oj/index.php/Home/bbs/index.html
INFO: [ app_init ] --START--
INFO: Run Behavior\BuildLiteBehavior [ RunTime:0.000022s ]
INFO: [ app_init ] --END-- [ RunTime:0.001130s ]
INFO: [ app_begin ] --START--
INFO: Run Behavior\ReadHtmlCacheBehavior [ RunTime:0.000953s ]
INFO: [ app_begin ] --END-- [ RunTime:0.001052s ]
INFO: [ view_parse ] --START--
INFO: [ template_filter ] --START--
INFO: Run Behavior\ContentReplaceBehavior [ RunTime:0.000049s ]
INFO: [ template_filter ] --END-- [ RunTime:0.000118s ]
NOTIC: [8] Undefined variable: P /Applications/XAMPP/xamppfiles/htdocs/oj/app/Runtime/Cache/Home/b97291c2af8e49c8c2885d7e183c22cb.php 第 25 行.
NOTIC: [8] Undefined variable: P /Applications/XAMPP/xamppfiles/htdocs/oj/app/Runtime/Cache/Home/b97291c2af8e49c8c2885d7e183c22cb.php 第 26 行.
NOTIC: [8] Undefined variable: P /Applications/XAMPP/xamppfiles/htdocs/oj/app/Runtime/Cache/Home/b97291c2af8e49c8c2885d7e183c22cb.php 第 27 行.
NOTIC: [8] Undefined variable: P /Applications/XAMPP/xamppfiles/htdocs/oj/app/Runtime/Cache/Home/b97291c2af8e49c8c2885d7e183c22cb.php 第 28 行.
NOTIC: [8] Undefined variable: userInf /Applications/XAMPP/xamppfiles/htdocs/oj/app/Runtime/Cache/Home/b97291c2af8e49c8c2885d7e183c22cb.php 第 64 行.
INFO: Run Behavior\ParseTemplateBehavior [ RunTime:0.016091s ]
INFO: [ view_parse ] --END-- [ RunTime:0.016188s ]
INFO: [ view_filter ] --START--
INFO: Run Behavior\WriteHtmlCacheBehavior [ RunTime:0.000519s ]
INFO: [ view_filter ] --END-- [ RunTime:0.000578s ]
INFO: [ app_end ] --START--
INFO: Run Behavior\ShowPageTraceBehavior [ RunTime:0.001244s ]
INFO: [ app_end ] --END-- [ RunTime:0.001337s ]

[ 2015-11-29T13:45:36+08:00 ] 127.0.0.1 /oj/index.php/Home/bbs/index.html
INFO: [ app_init ] --START--
INFO: Run Behavior\BuildLiteBehavior [ RunTime:0.000017s ]
INFO: [ app_init ] --END-- [ RunTime:0.000424s ]
INFO: [ app_begin ] --START--
INFO: Run Behavior\ReadHtmlCacheBehavior [ RunTime:0.000386s ]
INFO: [ app_begin ] --END-- [ RunTime:0.000444s ]
INFO: [ view_parse ] --START--
INFO: [ template_filter ] --START--
INFO: Run Behavior\ContentReplaceBehavior [ RunTime:0.000032s ]
INFO: [ template_filter ] --END-- [ RunTime:0.000101s ]
NOTIC: [8] Undefined variable: P /Applications/XAMPP/xamppfiles/htdocs/oj/app/Runtime/Cache/Home/b97291c2af8e49c8c2885d7e183c22cb.php 第 25 行.
NOTIC: [8] Undefined variable: P /Applications/XAMPP/xamppfiles/htdocs/oj/app/Runtime/Cache/Home/b97291c2af8e49c8c2885d7e183c22cb.php 第 26 行.
NOTIC: [8] Undefined variable: P /Applications/XAMPP/xamppfiles/htdocs/oj/app/Runtime/Cache/Home/b97291c2af8e49c8c2885d7e183c22cb.php 第 27 行.
NOTIC: [8] Undefined variable: P /Applications/XAMPP/xamppfiles/htdocs/oj/app/Runtime/Cache/Home/b97291c2af8e49c8c2885d7e183c22cb.php 第 28 行.
INFO: Run Behavior\ParseTemplateBehavior [ RunTime:0.009516s ]
INFO: [ view_parse ] --END-- [ RunTime:0.009608s ]
INFO: [ view_filter ] --START--
INFO: Run Behavior\WriteHtmlCacheBehavior [ RunTime:0.000127s ]
INFO: [ view_filter ] --END-- [ RunTime:0.000153s ]
INFO: [ app_end ] --START--
INFO: Run Behavior\ShowPageTraceBehavior [ RunTime:0.000454s ]
INFO: [ app_end ] --END-- [ RunTime:0.000495s ]

[ 2015-11-29T13:45:45+08:00 ] 127.0.0.1 /oj/index.php/Home/bbs/index.html
INFO: [ app_init ] --START--
INFO: Run Behavior\BuildLiteBehavior [ RunTime:0.000016s ]
INFO: [ app_init ] --END-- [ RunTime:0.000387s ]
INFO: [ app_begin ] --START--
INFO: Run Behavior\ReadHtmlCacheBehavior [ RunTime:0.000450s ]
INFO: [ app_begin ] --END-- [ RunTime:0.000511s ]
INFO: [ view_parse ] --START--
INFO: [ template_filter ] --START--
INFO: Run Behavior\ContentReplaceBehavior [ RunTime:0.000046s ]
INFO: [ template_filter ] --END-- [ RunTime:0.000151s ]
NOTIC: [8] Undefined variable: P /Applications/XAMPP/xamppfiles/htdocs/oj/app/Runtime/Cache/Home/b97291c2af8e49c8c2885d7e183c22cb.php 第 25 行.
NOTIC: [8] Undefined variable: P /Applications/XAMPP/xamppfiles/htdocs/oj/app/Runtime/Cache/Home/b97291c2af8e49c8c2885d7e183c22cb.php 第 26 行.
NOTIC: [8] Undefined variable: P /Applications/XAMPP/xamppfiles/htdocs/oj/app/Runtime/Cache/Home/b97291c2af8e49c8c2885d7e183c22cb.php 第 27 行.
NOTIC: [8] Undefined variable: P /Applications/XAMPP/xamppfiles/htdocs/oj/app/Runtime/Cache/Home/b97291c2af8e49c8c2885d7e183c22cb.php 第 28 行.
INFO: Run Behavior\ParseTemplateBehavior [ RunTime:0.013123s ]
INFO: [ view_parse ] --END-- [ RunTime:0.013190s ]
INFO: [ view_filter ] --START--
INFO: Run Behavior\WriteHtmlCacheBehavior [ RunTime:0.000168s ]
INFO: [ view_filter ] --END-- [ RunTime:0.000206s ]
INFO: [ app_end ] --START--
INFO: Run Behavior\ShowPageTraceBehavior [ RunTime:0.000631s ]
INFO: [ app_end ] --END-- [ RunTime:0.000683s ]

[ 2015-11-29T13:46:02+08:00 ] 127.0.0.1 /oj/index.php/Home/bbs/index.html
INFO: [ app_init ] --START--
INFO: Run Behavior\BuildLiteBehavior [ RunTime:0.000011s ]
INFO: [ app_init ] --END-- [ RunTime:0.000277s ]
INFO: [ app_begin ] --START--
INFO: Run Behavior\ReadHtmlCacheBehavior [ RunTime:0.000320s ]
INFO: [ app_begin ] --END-- [ RunTime:0.000352s ]
INFO: [ view_parse ] --START--
INFO: [ template_filter ] --START--
INFO: Run Behavior\ContentReplaceBehavior [ RunTime:0.000018s ]
INFO: [ template_filter ] --END-- [ RunTime:0.000048s ]
NOTIC: [8] Undefined variable: P /Applications/XAMPP/xamppfiles/htdocs/oj/app/Runtime/Cache/Home/b97291c2af8e49c8c2885d7e183c22cb.php 第 25 行.
NOTIC: [8] Undefined variable: P /Applications/XAMPP/xamppfiles/htdocs/oj/app/Runtime/Cache/Home/b97291c2af8e49c8c2885d7e183c22cb.php 第 26 行.
NOTIC: [8] Undefined variable: P /Applications/XAMPP/xamppfiles/htdocs/oj/app/Runtime/Cache/Home/b97291c2af8e49c8c2885d7e183c22cb.php 第 27 行.
NOTIC: [8] Undefined variable: P /Applications/XAMPP/xamppfiles/htdocs/oj/app/Runtime/Cache/Home/b97291c2af8e49c8c2885d7e183c22cb.php 第 28 行.
INFO: Run Behavior\ParseTemplateBehavior [ RunTime:0.004280s ]
INFO: [ view_parse ] --END-- [ RunTime:0.004307s ]
INFO: [ view_filter ] --START--
INFO: Run Behavior\WriteHtmlCacheBehavior [ RunTime:0.000108s ]
INFO: [ view_filter ] --END-- [ RunTime:0.000131s ]
INFO: [ app_end ] --START--
INFO: Run Behavior\ShowPageTraceBehavior [ RunTime:0.000318s ]
INFO: [ app_end ] --END-- [ RunTime:0.000343s ]

[ 2015-11-29T13:46:23+08:00 ] 127.0.0.1 /oj/index.php/Home/bbs/index.html
INFO: [ app_init ] --START--
INFO: Run Behavior\BuildLiteBehavior [ RunTime:0.000009s ]
INFO: [ app_init ] --END-- [ RunTime:0.000210s ]
INFO: [ app_begin ] --START--
INFO: Run Behavior\ReadHtmlCacheBehavior [ RunTime:0.000359s ]
INFO: [ app_begin ] --END-- [ RunTime:0.000391s ]
INFO: [ view_parse ] --START--
INFO: [ template_filter ] --START--
INFO: Run Behavior\ContentReplaceBehavior [ RunTime:0.000024s ]
INFO: [ template_filter ] --END-- [ RunTime:0.000067s ]
NOTIC: [8] Undefined variable: P /Applications/XAMPP/xamppfiles/htdocs/oj/app/Runtime/Cache/Home/b97291c2af8e49c8c2885d7e183c22cb.php 第 25 行.
NOTIC: [8] Undefined variable: P /Applications/XAMPP/xamppfiles/htdocs/oj/app/Runtime/Cache/Home/b97291c2af8e49c8c2885d7e183c22cb.php 第 26 行.
NOTIC: [8] Undefined variable: P /Applications/XAMPP/xamppfiles/htdocs/oj/app/Runtime/Cache/Home/b97291c2af8e49c8c2885d7e183c22cb.php 第 27 行.
NOTIC: [8] Undefined variable: P /Applications/XAMPP/xamppfiles/htdocs/oj/app/Runtime/Cache/Home/b97291c2af8e49c8c2885d7e183c22cb.php 第 28 行.
INFO: Run Behavior\ParseTemplateBehavior [ RunTime:0.005055s ]
INFO: [ view_parse ] --END-- [ RunTime:0.005087s ]
INFO: [ view_filter ] --START--
INFO: Run Behavior\WriteHtmlCacheBehavior [ RunTime:0.000115s ]
INFO: [ view_filter ] --END-- [ RunTime:0.000140s ]
INFO: [ app_end ] --START--
INFO: Run Behavior\ShowPageTraceBehavior [ RunTime:0.000307s ]
INFO: [ app_end ] --END-- [ RunTime:0.000333s ]

[ 2015-11-29T13:53:04+08:00 ] 127.0.0.1 /oj/index.php/Home/bbs/index.html
INFO: [ app_init ] --START--
INFO: Run Behavior\BuildLiteBehavior [ RunTime:0.000022s ]
INFO: [ app_init ] --END-- [ RunTime:0.000689s ]
INFO: [ app_begin ] --START--
INFO: Run Behavior\ReadHtmlCacheBehavior [ RunTime:0.001967s ]
INFO: [ app_begin ] --END-- [ RunTime:0.002052s ]
SQL: SHOW COLUMNS FROM `bbslist` [ RunTime:0.0017s ]
SQL: SELECT * FROM `bbslist` ORDER BY last desc LIMIT 0,10   [ RunTime:0.0003s ]
INFO: [ view_parse ] --START--
INFO: [ template_filter ] --START--
INFO: Run Behavior\ContentReplaceBehavior [ RunTime:0.000050s ]
INFO: [ template_filter ] --END-- [ RunTime:0.000131s ]
NOTIC: [8] Undefined variable: P /Applications/XAMPP/xamppfiles/htdocs/oj/app/Runtime/Cache/Home/b97291c2af8e49c8c2885d7e183c22cb.php 第 25 行.
NOTIC: [8] Undefined variable: P /Applications/XAMPP/xamppfiles/htdocs/oj/app/Runtime/Cache/Home/b97291c2af8e49c8c2885d7e183c22cb.php 第 26 行.
NOTIC: [8] Undefined variable: P /Applications/XAMPP/xamppfiles/htdocs/oj/app/Runtime/Cache/Home/b97291c2af8e49c8c2885d7e183c22cb.php 第 27 行.
NOTIC: [8] Undefined variable: P /Applications/XAMPP/xamppfiles/htdocs/oj/app/Runtime/Cache/Home/b97291c2af8e49c8c2885d7e183c22cb.php 第 28 行.
INFO: Run Behavior\ParseTemplateBehavior [ RunTime:0.009960s ]
INFO: [ view_parse ] --END-- [ RunTime:0.010014s ]
INFO: [ view_filter ] --START--
INFO: Run Behavior\WriteHtmlCacheBehavior [ RunTime:0.000480s ]
INFO: [ view_filter ] --END-- [ RunTime:0.000515s ]
INFO: [ app_end ] --START--
INFO: Run Behavior\ShowPageTraceBehavior [ RunTime:0.000744s ]
INFO: [ app_end ] --END-- [ RunTime:0.000796s ]

[ 2015-11-29T13:55:26+08:00 ] 127.0.0.1 /oj/index.php/Home/bbs/index.html
INFO: [ app_init ] --START--
INFO: Run Behavior\BuildLiteBehavior [ RunTime:0.000016s ]
INFO: [ app_init ] --END-- [ RunTime:0.000395s ]
INFO: [ app_begin ] --START--
INFO: Run Behavior\ReadHtmlCacheBehavior [ RunTime:0.000492s ]
INFO: [ app_begin ] --END-- [ RunTime:0.000563s ]
SQL: SHOW COLUMNS FROM `bbslist` [ RunTime:0.0023s ]
SQL: SELECT * FROM `bbslist` ORDER BY last desc LIMIT 0,10   [ RunTime:0.0020s ]
INFO: [ view_parse ] --START--
INFO: [ template_filter ] --START--
INFO: Run Behavior\ContentReplaceBehavior [ RunTime:0.000042s ]
INFO: [ template_filter ] --END-- [ RunTime:0.000131s ]
NOTIC: [8] Undefined variable: P /Applications/XAMPP/xamppfiles/htdocs/oj/app/Runtime/Cache/Home/b97291c2af8e49c8c2885d7e183c22cb.php 第 25 行.
NOTIC: [8] Undefined variable: P /Applications/XAMPP/xamppfiles/htdocs/oj/app/Runtime/Cache/Home/b97291c2af8e49c8c2885d7e183c22cb.php 第 26 行.
NOTIC: [8] Undefined variable: P /Applications/XAMPP/xamppfiles/htdocs/oj/app/Runtime/Cache/Home/b97291c2af8e49c8c2885d7e183c22cb.php 第 27 行.
NOTIC: [8] Undefined variable: P /Applications/XAMPP/xamppfiles/htdocs/oj/app/Runtime/Cache/Home/b97291c2af8e49c8c2885d7e183c22cb.php 第 28 行.
INFO: Run Behavior\ParseTemplateBehavior [ RunTime:0.011071s ]
INFO: [ view_parse ] --END-- [ RunTime:0.011130s ]
INFO: [ view_filter ] --START--
INFO: Run Behavior\WriteHtmlCacheBehavior [ RunTime:0.000152s ]
INFO: [ view_filter ] --END-- [ RunTime:0.000182s ]
INFO: [ app_end ] --START--
INFO: Run Behavior\ShowPageTraceBehavior [ RunTime:0.000567s ]
INFO: [ app_end ] --END-- [ RunTime:0.000606s ]

[ 2015-11-29T13:55:38+08:00 ] 127.0.0.1 /oj/index.php/Home/bbs/index.html
INFO: [ app_init ] --START--
INFO: Run Behavior\BuildLiteBehavior [ RunTime:0.000031s ]
INFO: [ app_init ] --END-- [ RunTime:0.000687s ]
INFO: [ app_begin ] --START--
INFO: Run Behavior\ReadHtmlCacheBehavior [ RunTime:0.000743s ]
INFO: [ app_begin ] --END-- [ RunTime:0.000850s ]
SQL: SHOW COLUMNS FROM `bbslist` [ RunTime:0.0028s ]
SQL: SELECT * FROM `bbslist` ORDER BY last desc LIMIT 0,10   [ RunTime:0.0005s ]
INFO: [ view_parse ] --START--
INFO: [ template_filter ] --START--
INFO: Run Behavior\ContentReplaceBehavior [ RunTime:0.000062s ]
INFO: [ template_filter ] --END-- [ RunTime:0.000182s ]
NOTIC: [8] Undefined variable: P /Applications/XAMPP/xamppfiles/htdocs/oj/app/Runtime/Cache/Home/b97291c2af8e49c8c2885d7e183c22cb.php 第 25 行.
NOTIC: [8] Undefined variable: P /Applications/XAMPP/xamppfiles/htdocs/oj/app/Runtime/Cache/Home/b97291c2af8e49c8c2885d7e183c22cb.php 第 26 行.
NOTIC: [8] Undefined variable: P /Applications/XAMPP/xamppfiles/htdocs/oj/app/Runtime/Cache/Home/b97291c2af8e49c8c2885d7e183c22cb.php 第 27 行.
NOTIC: [8] Undefined variable: P /Applications/XAMPP/xamppfiles/htdocs/oj/app/Runtime/Cache/Home/b97291c2af8e49c8c2885d7e183c22cb.php 第 28 行.
INFO: Run Behavior\ParseTemplateBehavior [ RunTime:0.011265s ]
INFO: [ view_parse ] --END-- [ RunTime:0.011331s ]
INFO: [ view_filter ] --START--
INFO: Run Behavior\WriteHtmlCacheBehavior [ RunTime:0.000320s ]
INFO: [ view_filter ] --END-- [ RunTime:0.000349s ]
INFO: [ app_end ] --START--
INFO: Run Behavior\ShowPageTraceBehavior [ RunTime:0.000490s ]
INFO: [ app_end ] --END-- [ RunTime:0.000528s ]

[ 2015-11-29T13:57:33+08:00 ] 127.0.0.1 /oj/index.php/Home/bbs/index.html
INFO: [ app_init ] --START--
INFO: Run Behavior\BuildLiteBehavior [ RunTime:0.000017s ]
INFO: [ app_init ] --END-- [ RunTime:0.000397s ]
INFO: [ app_begin ] --START--
INFO: Run Behavior\ReadHtmlCacheBehavior [ RunTime:0.000404s ]
INFO: [ app_begin ] --END-- [ RunTime:0.000466s ]
SQL: SHOW COLUMNS FROM `bbslist` [ RunTime:0.0014s ]
SQL: SELECT * FROM `bbslist` ORDER BY last desc LIMIT 0,10   [ RunTime:0.0005s ]
INFO: [ view_parse ] --START--
INFO: [ template_filter ] --START--
INFO: Run Behavior\ContentReplaceBehavior [ RunTime:0.000028s ]
INFO: [ template_filter ] --END-- [ RunTime:0.000061s ]
NOTIC: [8] Undefined variable: P /Applications/XAMPP/xamppfiles/htdocs/oj/app/Runtime/Cache/Home/b97291c2af8e49c8c2885d7e183c22cb.php 第 25 行.
NOTIC: [8] Undefined variable: P /Applications/XAMPP/xamppfiles/htdocs/oj/app/Runtime/Cache/Home/b97291c2af8e49c8c2885d7e183c22cb.php 第 26 行.
NOTIC: [8] Undefined variable: P /Applications/XAMPP/xamppfiles/htdocs/oj/app/Runtime/Cache/Home/b97291c2af8e49c8c2885d7e183c22cb.php 第 27 行.
NOTIC: [8] Undefined variable: P /Applications/XAMPP/xamppfiles/htdocs/oj/app/Runtime/Cache/Home/b97291c2af8e49c8c2885d7e183c22cb.php 第 28 行.
INFO: Run Behavior\ParseTemplateBehavior [ RunTime:0.009404s ]
INFO: [ view_parse ] --END-- [ RunTime:0.009463s ]
INFO: [ view_filter ] --START--
INFO: Run Behavior\WriteHtmlCacheBehavior [ RunTime:0.000236s ]
INFO: [ view_filter ] --END-- [ RunTime:0.000280s ]
INFO: [ app_end ] --START--
INFO: Run Behavior\ShowPageTraceBehavior [ RunTime:0.000760s ]
INFO: [ app_end ] --END-- [ RunTime:0.000817s ]

[ 2015-11-29T13:57:57+08:00 ] 127.0.0.1 /oj/index.php/Home/bbs/index.html
INFO: [ app_init ] --START--
INFO: Run Behavior\BuildLiteBehavior [ RunTime:0.000010s ]
INFO: [ app_init ] --END-- [ RunTime:0.000264s ]
INFO: [ app_begin ] --START--
INFO: Run Behavior\ReadHtmlCacheBehavior [ RunTime:0.000274s ]
INFO: [ app_begin ] --END-- [ RunTime:0.000304s ]
SQL: SHOW COLUMNS FROM `bbslist` [ RunTime:0.0023s ]
SQL: SELECT * FROM `bbslist` ORDER BY last desc LIMIT 0,10   [ RunTime:0.0004s ]
INFO: [ view_parse ] --START--
INFO: [ template_filter ] --START--
INFO: Run Behavior\ContentReplaceBehavior [ RunTime:0.000030s ]
INFO: [ template_filter ] --END-- [ RunTime:0.000068s ]
NOTIC: [8] Undefined variable: P /Applications/XAMPP/xamppfiles/htdocs/oj/app/Runtime/Cache/Home/b97291c2af8e49c8c2885d7e183c22cb.php 第 25 行.
NOTIC: [8] Undefined variable: P /Applications/XAMPP/xamppfiles/htdocs/oj/app/Runtime/Cache/Home/b97291c2af8e49c8c2885d7e183c22cb.php 第 26 行.
NOTIC: [8] Undefined variable: P /Applications/XAMPP/xamppfiles/htdocs/oj/app/Runtime/Cache/Home/b97291c2af8e49c8c2885d7e183c22cb.php 第 27 行.
NOTIC: [8] Undefined variable: P /Applications/XAMPP/xamppfiles/htdocs/oj/app/Runtime/Cache/Home/b97291c2af8e49c8c2885d7e183c22cb.php 第 28 行.
INFO: Run Behavior\ParseTemplateBehavior [ RunTime:0.006731s ]
INFO: [ view_parse ] --END-- [ RunTime:0.006768s ]
INFO: [ view_filter ] --START--
INFO: Run Behavior\WriteHtmlCacheBehavior [ RunTime:0.000112s ]
INFO: [ view_filter ] --END-- [ RunTime:0.000135s ]
INFO: [ app_end ] --START--
INFO: Run Behavior\ShowPageTraceBehavior [ RunTime:0.000341s ]
INFO: [ app_end ] --END-- [ RunTime:0.000376s ]

[ 2015-11-29T13:59:08+08:00 ] 127.0.0.1 /oj/index.php/Home/bbs/index.html
INFO: [ app_init ] --START--
INFO: Run Behavior\BuildLiteBehavior [ RunTime:0.000034s ]
INFO: [ app_init ] --END-- [ RunTime:0.001074s ]
INFO: [ app_begin ] --START--
INFO: Run Behavior\ReadHtmlCacheBehavior [ RunTime:0.001137s ]
INFO: [ app_begin ] --END-- [ RunTime:0.001261s ]
SQL: SHOW COLUMNS FROM `bbslist` [ RunTime:0.0016s ]
SQL: SELECT * FROM `bbslist` ORDER BY last desc LIMIT 0,10   [ RunTime:0.0004s ]
INFO: [ view_parse ] --START--
INFO: [ template_filter ] --START--
INFO: Run Behavior\ContentReplaceBehavior [ RunTime:0.000047s ]
INFO: [ template_filter ] --END-- [ RunTime:0.000129s ]
NOTIC: [8] Undefined variable: P /Applications/XAMPP/xamppfiles/htdocs/oj/app/Runtime/Cache/Home/b97291c2af8e49c8c2885d7e183c22cb.php 第 25 行.
NOTIC: [8] Undefined variable: P /Applications/XAMPP/xamppfiles/htdocs/oj/app/Runtime/Cache/Home/b97291c2af8e49c8c2885d7e183c22cb.php 第 26 行.
NOTIC: [8] Undefined variable: P /Applications/XAMPP/xamppfiles/htdocs/oj/app/Runtime/Cache/Home/b97291c2af8e49c8c2885d7e183c22cb.php 第 27 行.
NOTIC: [8] Undefined variable: P /Applications/XAMPP/xamppfiles/htdocs/oj/app/Runtime/Cache/Home/b97291c2af8e49c8c2885d7e183c22cb.php 第 28 行.
INFO: Run Behavior\ParseTemplateBehavior [ RunTime:0.013633s ]
INFO: [ view_parse ] --END-- [ RunTime:0.013678s ]
INFO: [ view_filter ] --START--
INFO: Run Behavior\WriteHtmlCacheBehavior [ RunTime:0.000529s ]
INFO: [ view_filter ] --END-- [ RunTime:0.000588s ]
INFO: [ app_end ] --START--
INFO: Run Behavior\ShowPageTraceBehavior [ RunTime:0.001171s ]
INFO: [ app_end ] --END-- [ RunTime:0.001309s ]

[ 2015-11-29T13:59:34+08:00 ] 127.0.0.1 /oj/index.php/Home/bbs/index.html
INFO: [ app_init ] --START--
INFO: Run Behavior\BuildLiteBehavior [ RunTime:0.000013s ]
INFO: [ app_init ] --END-- [ RunTime:0.000412s ]
INFO: [ app_begin ] --START--
INFO: Run Behavior\ReadHtmlCacheBehavior [ RunTime:0.000285s ]
INFO: [ app_begin ] --END-- [ RunTime:0.000316s ]
SQL: SHOW COLUMNS FROM `bbslist` [ RunTime:0.0013s ]
SQL: SELECT * FROM `bbslist` ORDER BY last desc LIMIT 0,10   [ RunTime:0.0004s ]
INFO: [ view_parse ] --START--
INFO: [ template_filter ] --START--
INFO: Run Behavior\ContentReplaceBehavior [ RunTime:0.000025s ]
INFO: [ template_filter ] --END-- [ RunTime:0.000059s ]
NOTIC: [8] Undefined variable: P /Applications/XAMPP/xamppfiles/htdocs/oj/app/Runtime/Cache/Home/b97291c2af8e49c8c2885d7e183c22cb.php 第 25 行.
NOTIC: [8] Undefined variable: P /Applications/XAMPP/xamppfiles/htdocs/oj/app/Runtime/Cache/Home/b97291c2af8e49c8c2885d7e183c22cb.php 第 26 行.
NOTIC: [8] Undefined variable: P /Applications/XAMPP/xamppfiles/htdocs/oj/app/Runtime/Cache/Home/b97291c2af8e49c8c2885d7e183c22cb.php 第 27 行.
NOTIC: [8] Undefined variable: P /Applications/XAMPP/xamppfiles/htdocs/oj/app/Runtime/Cache/Home/b97291c2af8e49c8c2885d7e183c22cb.php 第 28 行.
INFO: Run Behavior\ParseTemplateBehavior [ RunTime:0.006636s ]
INFO: [ view_parse ] --END-- [ RunTime:0.006672s ]
INFO: [ view_filter ] --START--
INFO: Run Behavior\WriteHtmlCacheBehavior [ RunTime:0.000122s ]
INFO: [ view_filter ] --END-- [ RunTime:0.000145s ]
INFO: [ app_end ] --START--
INFO: Run Behavior\ShowPageTraceBehavior [ RunTime:0.002244s ]
INFO: [ app_end ] --END-- [ RunTime:0.002362s ]

[ 2015-11-29T14:02:10+08:00 ] 127.0.0.1 /oj/index.php/Home/bbs/index.html
INFO: [ app_init ] --START--
INFO: Run Behavior\BuildLiteBehavior [ RunTime:0.000022s ]
INFO: [ app_init ] --END-- [ RunTime:0.000822s ]
INFO: [ app_begin ] --START--
INFO: Run Behavior\ReadHtmlCacheBehavior [ RunTime:0.000910s ]
INFO: [ app_begin ] --END-- [ RunTime:0.000991s ]
SQL: SHOW COLUMNS FROM `bbslist` [ RunTime:0.0026s ]
SQL: SELECT * FROM `bbslist` ORDER BY last desc LIMIT 0,10   [ RunTime:0.0004s ]
INFO: [ view_parse ] --START--
INFO: [ template_filter ] --START--
INFO: Run Behavior\ContentReplaceBehavior [ RunTime:0.000041s ]
INFO: [ template_filter ] --END-- [ RunTime:0.000106s ]
NOTIC: [8] Undefined variable: P /Applications/XAMPP/xamppfiles/htdocs/oj/app/Runtime/Cache/Home/b97291c2af8e49c8c2885d7e183c22cb.php 第 25 行.
NOTIC: [8] Undefined variable: P /Applications/XAMPP/xamppfiles/htdocs/oj/app/Runtime/Cache/Home/b97291c2af8e49c8c2885d7e183c22cb.php 第 26 行.
NOTIC: [8] Undefined variable: P /Applications/XAMPP/xamppfiles/htdocs/oj/app/Runtime/Cache/Home/b97291c2af8e49c8c2885d7e183c22cb.php 第 27 行.
NOTIC: [8] Undefined variable: P /Applications/XAMPP/xamppfiles/htdocs/oj/app/Runtime/Cache/Home/b97291c2af8e49c8c2885d7e183c22cb.php 第 28 行.
INFO: Run Behavior\ParseTemplateBehavior [ RunTime:0.013205s ]
INFO: [ view_parse ] --END-- [ RunTime:0.013249s ]
INFO: [ view_filter ] --START--
INFO: Run Behavior\WriteHtmlCacheBehavior [ RunTime:0.000539s ]
INFO: [ view_filter ] --END-- [ RunTime:0.000600s ]
INFO: [ app_end ] --START--
INFO: Run Behavior\ShowPageTraceBehavior [ RunTime:0.001151s ]
INFO: [ app_end ] --END-- [ RunTime:0.001217s ]

[ 2015-11-29T14:03:04+08:00 ] 127.0.0.1 /oj/index.php/Home/bbs/index.html
INFO: [ app_init ] --START--
INFO: Run Behavior\BuildLiteBehavior [ RunTime:0.000071s ]
INFO: [ app_init ] --END-- [ RunTime:0.000453s ]
INFO: [ app_begin ] --START--
INFO: Run Behavior\ReadHtmlCacheBehavior [ RunTime:0.000395s ]
INFO: [ app_begin ] --END-- [ RunTime:0.000469s ]
SQL: SHOW COLUMNS FROM `bbslist` [ RunTime:0.0025s ]
SQL: SELECT * FROM `bbslist` ORDER BY last desc LIMIT 0,10   [ RunTime:0.0003s ]
INFO: [ view_parse ] --START--
INFO: [ template_filter ] --START--
INFO: Run Behavior\ContentReplaceBehavior [ RunTime:0.000027s ]
INFO: [ template_filter ] --END-- [ RunTime:0.000073s ]
NOTIC: [8] Undefined variable: P /Applications/XAMPP/xamppfiles/htdocs/oj/app/Runtime/Cache/Home/b97291c2af8e49c8c2885d7e183c22cb.php 第 25 行.
NOTIC: [8] Undefined variable: P /Applications/XAMPP/xamppfiles/htdocs/oj/app/Runtime/Cache/Home/b97291c2af8e49c8c2885d7e183c22cb.php 第 26 行.
NOTIC: [8] Undefined variable: P /Applications/XAMPP/xamppfiles/htdocs/oj/app/Runtime/Cache/Home/b97291c2af8e49c8c2885d7e183c22cb.php 第 27 行.
NOTIC: [8] Undefined variable: P /Applications/XAMPP/xamppfiles/htdocs/oj/app/Runtime/Cache/Home/b97291c2af8e49c8c2885d7e183c22cb.php 第 28 行.
INFO: Run Behavior\ParseTemplateBehavior [ RunTime:0.008407s ]
INFO: [ view_parse ] --END-- [ RunTime:0.008446s ]
INFO: [ view_filter ] --START--
INFO: Run Behavior\WriteHtmlCacheBehavior [ RunTime:0.000129s ]
INFO: [ view_filter ] --END-- [ RunTime:0.000152s ]
INFO: [ app_end ] --START--
INFO: Run Behavior\ShowPageTraceBehavior [ RunTime:0.000453s ]
INFO: [ app_end ] --END-- [ RunTime:0.000480s ]

[ 2015-11-29T14:03:12+08:00 ] 127.0.0.1 /oj/index.php/Home/bbs/index.html
INFO: [ app_init ] --START--
INFO: Run Behavior\BuildLiteBehavior [ RunTime:0.000011s ]
INFO: [ app_init ] --END-- [ RunTime:0.000379s ]
INFO: [ app_begin ] --START--
INFO: Run Behavior\ReadHtmlCacheBehavior [ RunTime:0.000394s ]
INFO: [ app_begin ] --END-- [ RunTime:0.000438s ]
SQL: SHOW COLUMNS FROM `bbslist` [ RunTime:0.0013s ]
SQL: SELECT * FROM `bbslist` ORDER BY last desc LIMIT 0,10   [ RunTime:0.0003s ]
INFO: [ view_parse ] --START--
INFO: [ template_filter ] --START--
INFO: Run Behavior\ContentReplaceBehavior [ RunTime:0.000025s ]
INFO: [ template_filter ] --END-- [ RunTime:0.000062s ]
NOTIC: [8] Undefined variable: P /Applications/XAMPP/xamppfiles/htdocs/oj/app/Runtime/Cache/Home/b97291c2af8e49c8c2885d7e183c22cb.php 第 25 行.
NOTIC: [8] Undefined variable: P /Applications/XAMPP/xamppfiles/htdocs/oj/app/Runtime/Cache/Home/b97291c2af8e49c8c2885d7e183c22cb.php 第 26 行.
NOTIC: [8] Undefined variable: P /Applications/XAMPP/xamppfiles/htdocs/oj/app/Runtime/Cache/Home/b97291c2af8e49c8c2885d7e183c22cb.php 第 27 行.
NOTIC: [8] Undefined variable: P /Applications/XAMPP/xamppfiles/htdocs/oj/app/Runtime/Cache/Home/b97291c2af8e49c8c2885d7e183c22cb.php 第 28 行.
INFO: Run Behavior\ParseTemplateBehavior [ RunTime:0.006353s ]
INFO: [ view_parse ] --END-- [ RunTime:0.006425s ]
INFO: [ view_filter ] --START--
INFO: Run Behavior\WriteHtmlCacheBehavior [ RunTime:0.000169s ]
INFO: [ view_filter ] --END-- [ RunTime:0.000197s ]
INFO: [ app_end ] --START--
INFO: Run Behavior\ShowPageTraceBehavior [ RunTime:0.000374s ]
INFO: [ app_end ] --END-- [ RunTime:0.000403s ]

[ 2015-11-29T14:03:24+08:00 ] 127.0.0.1 /oj/index.php/Home/bbs/index.html
INFO: [ app_init ] --START--
INFO: Run Behavior\BuildLiteBehavior [ RunTime:0.000011s ]
INFO: [ app_init ] --END-- [ RunTime:0.000242s ]
INFO: [ app_begin ] --START--
INFO: Run Behavior\ReadHtmlCacheBehavior [ RunTime:0.000281s ]
INFO: [ app_begin ] --END-- [ RunTime:0.000311s ]
SQL: SHOW COLUMNS FROM `bbslist` [ RunTime:0.0040s ]
SQL: SELECT * FROM `bbslist` ORDER BY last desc LIMIT 0,10   [ RunTime:0.0004s ]
INFO: [ view_parse ] --START--
INFO: [ template_filter ] --START--
INFO: Run Behavior\ContentReplaceBehavior [ RunTime:0.000022s ]
INFO: [ template_filter ] --END-- [ RunTime:0.000052s ]
NOTIC: [8] Undefined variable: P /Applications/XAMPP/xamppfiles/htdocs/oj/app/Runtime/Cache/Home/b97291c2af8e49c8c2885d7e183c22cb.php 第 25 行.
NOTIC: [8] Undefined variable: P /Applications/XAMPP/xamppfiles/htdocs/oj/app/Runtime/Cache/Home/b97291c2af8e49c8c2885d7e183c22cb.php 第 26 行.
NOTIC: [8] Undefined variable: P /Applications/XAMPP/xamppfiles/htdocs/oj/app/Runtime/Cache/Home/b97291c2af8e49c8c2885d7e183c22cb.php 第 27 行.
NOTIC: [8] Undefined variable: P /Applications/XAMPP/xamppfiles/htdocs/oj/app/Runtime/Cache/Home/b97291c2af8e49c8c2885d7e183c22cb.php 第 28 行.
INFO: Run Behavior\ParseTemplateBehavior [ RunTime:0.005276s ]
INFO: [ view_parse ] --END-- [ RunTime:0.005313s ]
INFO: [ view_filter ] --START--
INFO: Run Behavior\WriteHtmlCacheBehavior [ RunTime:0.000106s ]
INFO: [ view_filter ] --END-- [ RunTime:0.000129s ]
INFO: [ app_end ] --START--
INFO: Run Behavior\ShowPageTraceBehavior [ RunTime:0.000321s ]
INFO: [ app_end ] --END-- [ RunTime:0.000346s ]

[ 2015-11-29T14:03:44+08:00 ] 127.0.0.1 /oj/index.php/Home/bbs/index.html
INFO: [ app_init ] --START--
INFO: Run Behavior\BuildLiteBehavior [ RunTime:0.000010s ]
INFO: [ app_init ] --END-- [ RunTime:0.000221s ]
INFO: [ app_begin ] --START--
INFO: Run Behavior\ReadHtmlCacheBehavior [ RunTime:0.000279s ]
INFO: [ app_begin ] --END-- [ RunTime:0.000308s ]
SQL: SHOW COLUMNS FROM `bbslist` [ RunTime:0.0017s ]
SQL: SELECT * FROM `bbslist` ORDER BY last desc LIMIT 0,10   [ RunTime:0.0003s ]
INFO: [ view_parse ] --START--
INFO: [ template_filter ] --START--
INFO: Run Behavior\ContentReplaceBehavior [ RunTime:0.000026s ]
INFO: [ template_filter ] --END-- [ RunTime:0.000076s ]
NOTIC: [8] Undefined variable: P /Applications/XAMPP/xamppfiles/htdocs/oj/app/Runtime/Cache/Home/b97291c2af8e49c8c2885d7e183c22cb.php 第 25 行.
NOTIC: [8] Undefined variable: P /Applications/XAMPP/xamppfiles/htdocs/oj/app/Runtime/Cache/Home/b97291c2af8e49c8c2885d7e183c22cb.php 第 26 行.
NOTIC: [8] Undefined variable: P /Applications/XAMPP/xamppfiles/htdocs/oj/app/Runtime/Cache/Home/b97291c2af8e49c8c2885d7e183c22cb.php 第 27 行.
NOTIC: [8] Undefined variable: P /Applications/XAMPP/xamppfiles/htdocs/oj/app/Runtime/Cache/Home/b97291c2af8e49c8c2885d7e183c22cb.php 第 28 行.
INFO: Run Behavior\ParseTemplateBehavior [ RunTime:0.006632s ]
INFO: [ view_parse ] --END-- [ RunTime:0.006669s ]
INFO: [ view_filter ] --START--
INFO: Run Behavior\WriteHtmlCacheBehavior [ RunTime:0.000121s ]
INFO: [ view_filter ] --END-- [ RunTime:0.000144s ]
INFO: [ app_end ] --START--
INFO: Run Behavior\ShowPageTraceBehavior [ RunTime:0.000333s ]
INFO: [ app_end ] --END-- [ RunTime:0.000370s ]

[ 2015-11-29T14:04:45+08:00 ] 127.0.0.1 /oj/index.php/Home/bbs/index.html
INFO: [ app_init ] --START--
INFO: Run Behavior\BuildLiteBehavior [ RunTime:0.000024s ]
INFO: [ app_init ] --END-- [ RunTime:0.000871s ]
INFO: [ app_begin ] --START--
INFO: Run Behavior\ReadHtmlCacheBehavior [ RunTime:0.000890s ]
INFO: [ app_begin ] --END-- [ RunTime:0.000958s ]
SQL: SHOW COLUMNS FROM `bbslist` [ RunTime:0.0019s ]
SQL: SELECT * FROM `bbslist` ORDER BY last desc LIMIT 0,10   [ RunTime:0.0005s ]
INFO: [ view_parse ] --START--
INFO: [ template_filter ] --START--
INFO: Run Behavior\ContentReplaceBehavior [ RunTime:0.000030s ]
INFO: [ template_filter ] --END-- [ RunTime:0.000079s ]
NOTIC: [8] Undefined variable: P /Applications/XAMPP/xamppfiles/htdocs/oj/app/Runtime/Cache/Home/b97291c2af8e49c8c2885d7e183c22cb.php 第 25 行.
NOTIC: [8] Undefined variable: P /Applications/XAMPP/xamppfiles/htdocs/oj/app/Runtime/Cache/Home/b97291c2af8e49c8c2885d7e183c22cb.php 第 26 行.
NOTIC: [8] Undefined variable: P /Applications/XAMPP/xamppfiles/htdocs/oj/app/Runtime/Cache/Home/b97291c2af8e49c8c2885d7e183c22cb.php 第 27 行.
NOTIC: [8] Undefined variable: P /Applications/XAMPP/xamppfiles/htdocs/oj/app/Runtime/Cache/Home/b97291c2af8e49c8c2885d7e183c22cb.php 第 28 行.
INFO: Run Behavior\ParseTemplateBehavior [ RunTime:0.011873s ]
INFO: [ view_parse ] --END-- [ RunTime:0.011924s ]
INFO: [ view_filter ] --START--
INFO: Run Behavior\WriteHtmlCacheBehavior [ RunTime:0.000462s ]
INFO: [ view_filter ] --END-- [ RunTime:0.000510s ]
INFO: [ app_end ] --START--
INFO: Run Behavior\ShowPageTraceBehavior [ RunTime:0.000817s ]
INFO: [ app_end ] --END-- [ RunTime:0.000871s ]

[ 2015-11-29T14:04:51+08:00 ] 127.0.0.1 /oj/index.php/Home/bbs/index.html
INFO: [ app_init ] --START--
INFO: Run Behavior\BuildLiteBehavior [ RunTime:0.000010s ]
INFO: [ app_init ] --END-- [ RunTime:0.000218s ]
INFO: [ app_begin ] --START--
INFO: Run Behavior\ReadHtmlCacheBehavior [ RunTime:0.000273s ]
INFO: [ app_begin ] --END-- [ RunTime:0.000304s ]
SQL: SHOW COLUMNS FROM `bbslist` [ RunTime:0.0017s ]
SQL: SELECT * FROM `bbslist` ORDER BY last desc LIMIT 0,10   [ RunTime:0.0003s ]
INFO: [ view_parse ] --START--
INFO: [ template_filter ] --START--
INFO: Run Behavior\ContentReplaceBehavior [ RunTime:0.000024s ]
INFO: [ template_filter ] --END-- [ RunTime:0.000065s ]
NOTIC: [8] Undefined variable: P /Applications/XAMPP/xamppfiles/htdocs/oj/app/Runtime/Cache/Home/b97291c2af8e49c8c2885d7e183c22cb.php 第 25 行.
NOTIC: [8] Undefined variable: P /Applications/XAMPP/xamppfiles/htdocs/oj/app/Runtime/Cache/Home/b97291c2af8e49c8c2885d7e183c22cb.php 第 26 行.
NOTIC: [8] Undefined variable: P /Applications/XAMPP/xamppfiles/htdocs/oj/app/Runtime/Cache/Home/b97291c2af8e49c8c2885d7e183c22cb.php 第 27 行.
NOTIC: [8] Undefined variable: P /Applications/XAMPP/xamppfiles/htdocs/oj/app/Runtime/Cache/Home/b97291c2af8e49c8c2885d7e183c22cb.php 第 28 行.
INFO: Run Behavior\ParseTemplateBehavior [ RunTime:0.007526s ]
INFO: [ view_parse ] --END-- [ RunTime:0.007563s ]
INFO: [ view_filter ] --START--
INFO: Run Behavior\WriteHtmlCacheBehavior [ RunTime:0.000105s ]
INFO: [ view_filter ] --END-- [ RunTime:0.000129s ]
INFO: [ app_end ] --START--
INFO: Run Behavior\ShowPageTraceBehavior [ RunTime:0.000298s ]
INFO: [ app_end ] --END-- [ RunTime:0.000326s ]

[ 2015-11-29T14:05:04+08:00 ] 127.0.0.1 /oj/index.php/Home/bbs/index.html
INFO: [ app_init ] --START--
INFO: Run Behavior\BuildLiteBehavior [ RunTime:0.000009s ]
INFO: [ app_init ] --END-- [ RunTime:0.000210s ]
INFO: [ app_begin ] --START--
INFO: Run Behavior\ReadHtmlCacheBehavior [ RunTime:0.000268s ]
INFO: [ app_begin ] --END-- [ RunTime:0.000298s ]
SQL: SHOW COLUMNS FROM `bbslist` [ RunTime:0.0018s ]
SQL: SELECT * FROM `bbslist` ORDER BY last desc LIMIT 0,10   [ RunTime:0.0004s ]
INFO: [ view_parse ] --START--
INFO: [ template_filter ] --START--
INFO: Run Behavior\ContentReplaceBehavior [ RunTime:0.000025s ]
INFO: [ template_filter ] --END-- [ RunTime:0.000061s ]
NOTIC: [8] Undefined variable: P /Applications/XAMPP/xamppfiles/htdocs/oj/app/Runtime/Cache/Home/b97291c2af8e49c8c2885d7e183c22cb.php 第 25 行.
NOTIC: [8] Undefined variable: P /Applications/XAMPP/xamppfiles/htdocs/oj/app/Runtime/Cache/Home/b97291c2af8e49c8c2885d7e183c22cb.php 第 26 行.
NOTIC: [8] Undefined variable: P /Applications/XAMPP/xamppfiles/htdocs/oj/app/Runtime/Cache/Home/b97291c2af8e49c8c2885d7e183c22cb.php 第 27 行.
NOTIC: [8] Undefined variable: P /Applications/XAMPP/xamppfiles/htdocs/oj/app/Runtime/Cache/Home/b97291c2af8e49c8c2885d7e183c22cb.php 第 28 行.
INFO: Run Behavior\ParseTemplateBehavior [ RunTime:0.006929s ]
INFO: [ view_parse ] --END-- [ RunTime:0.006979s ]
INFO: [ view_filter ] --START--
INFO: Run Behavior\WriteHtmlCacheBehavior [ RunTime:0.000178s ]
INFO: [ view_filter ] --END-- [ RunTime:0.000216s ]
INFO: [ app_end ] --START--
INFO: Run Behavior\ShowPageTraceBehavior [ RunTime:0.000655s ]
INFO: [ app_end ] --END-- [ RunTime:0.000726s ]

[ 2015-11-29T14:05:30+08:00 ] 127.0.0.1 /oj/index.php/Home/bbs/index.html
INFO: [ app_init ] --START--
INFO: Run Behavior\BuildLiteBehavior [ RunTime:0.000011s ]
INFO: [ app_init ] --END-- [ RunTime:0.000243s ]
INFO: [ app_begin ] --START--
INFO: Run Behavior\ReadHtmlCacheBehavior [ RunTime:0.000536s ]
INFO: [ app_begin ] --END-- [ RunTime:0.000574s ]
SQL: SHOW COLUMNS FROM `bbslist` [ RunTime:0.0018s ]
SQL: SELECT * FROM `bbslist` ORDER BY last desc LIMIT 0,10   [ RunTime:0.0003s ]
INFO: [ view_parse ] --START--
INFO: [ template_filter ] --START--
INFO: Run Behavior\ContentReplaceBehavior [ RunTime:0.000026s ]
INFO: [ template_filter ] --END-- [ RunTime:0.000075s ]
NOTIC: [8] Undefined variable: P /Applications/XAMPP/xamppfiles/htdocs/oj/app/Runtime/Cache/Home/b97291c2af8e49c8c2885d7e183c22cb.php 第 25 行.
NOTIC: [8] Undefined variable: P /Applications/XAMPP/xamppfiles/htdocs/oj/app/Runtime/Cache/Home/b97291c2af8e49c8c2885d7e183c22cb.php 第 26 行.
NOTIC: [8] Undefined variable: P /Applications/XAMPP/xamppfiles/htdocs/oj/app/Runtime/Cache/Home/b97291c2af8e49c8c2885d7e183c22cb.php 第 27 行.
NOTIC: [8] Undefined variable: P /Applications/XAMPP/xamppfiles/htdocs/oj/app/Runtime/Cache/Home/b97291c2af8e49c8c2885d7e183c22cb.php 第 28 行.
INFO: Run Behavior\ParseTemplateBehavior [ RunTime:0.007950s ]
INFO: [ view_parse ] --END-- [ RunTime:0.007990s ]
INFO: [ view_filter ] --START--
INFO: Run Behavior\WriteHtmlCacheBehavior [ RunTime:0.000153s ]
INFO: [ view_filter ] --END-- [ RunTime:0.000179s ]
INFO: [ app_end ] --START--
INFO: Run Behavior\ShowPageTraceBehavior [ RunTime:0.000428s ]
INFO: [ app_end ] --END-- [ RunTime:0.000508s ]

[ 2015-11-29T14:05:38+08:00 ] 127.0.0.1 /oj/index.php/Home/bbs/index.html
INFO: [ app_init ] --START--
INFO: Run Behavior\BuildLiteBehavior [ RunTime:0.000017s ]
INFO: [ app_init ] --END-- [ RunTime:0.000510s ]
INFO: [ app_begin ] --START--
INFO: Run Behavior\ReadHtmlCacheBehavior [ RunTime:0.000509s ]
INFO: [ app_begin ] --END-- [ RunTime:0.000565s ]
SQL: SHOW COLUMNS FROM `bbslist` [ RunTime:0.0029s ]
SQL: SELECT * FROM `bbslist` ORDER BY last desc LIMIT 0,10   [ RunTime:0.0003s ]
INFO: [ view_parse ] --START--
INFO: [ template_filter ] --START--
INFO: Run Behavior\ContentReplaceBehavior [ RunTime:0.000025s ]
INFO: [ template_filter ] --END-- [ RunTime:0.000068s ]
NOTIC: [8] Undefined variable: P /Applications/XAMPP/xamppfiles/htdocs/oj/app/Runtime/Cache/Home/b97291c2af8e49c8c2885d7e183c22cb.php 第 25 行.
NOTIC: [8] Undefined variable: P /Applications/XAMPP/xamppfiles/htdocs/oj/app/Runtime/Cache/Home/b97291c2af8e49c8c2885d7e183c22cb.php 第 26 行.
NOTIC: [8] Undefined variable: P /Applications/XAMPP/xamppfiles/htdocs/oj/app/Runtime/Cache/Home/b97291c2af8e49c8c2885d7e183c22cb.php 第 27 行.
NOTIC: [8] Undefined variable: P /Applications/XAMPP/xamppfiles/htdocs/oj/app/Runtime/Cache/Home/b97291c2af8e49c8c2885d7e183c22cb.php 第 28 行.
INFO: Run Behavior\ParseTemplateBehavior [ RunTime:0.008087s ]
INFO: [ view_parse ] --END-- [ RunTime:0.008129s ]
INFO: [ view_filter ] --START--
INFO: Run Behavior\WriteHtmlCacheBehavior [ RunTime:0.000133s ]
INFO: [ view_filter ] --END-- [ RunTime:0.000157s ]
INFO: [ app_end ] --START--
INFO: Run Behavior\ShowPageTraceBehavior [ RunTime:0.000441s ]
INFO: [ app_end ] --END-- [ RunTime:0.000477s ]

[ 2015-11-29T14:05:45+08:00 ] 127.0.0.1 /oj/index.php/Home/bbs/index.html
INFO: [ app_init ] --START--
INFO: Run Behavior\BuildLiteBehavior [ RunTime:0.000011s ]
INFO: [ app_init ] --END-- [ RunTime:0.000223s ]
INFO: [ app_begin ] --START--
INFO: Run Behavior\ReadHtmlCacheBehavior [ RunTime:0.000280s ]
INFO: [ app_begin ] --END-- [ RunTime:0.000309s ]
SQL: SHOW COLUMNS FROM `bbslist` [ RunTime:0.0026s ]
SQL: SELECT * FROM `bbslist` ORDER BY last desc LIMIT 0,10   [ RunTime:0.0003s ]
INFO: [ view_parse ] --START--
INFO: [ template_filter ] --START--
INFO: Run Behavior\ContentReplaceBehavior [ RunTime:0.000023s ]
INFO: [ template_filter ] --END-- [ RunTime:0.000056s ]
NOTIC: [8] Undefined variable: P /Applications/XAMPP/xamppfiles/htdocs/oj/app/Runtime/Cache/Home/b97291c2af8e49c8c2885d7e183c22cb.php 第 25 行.
NOTIC: [8] Undefined variable: P /Applications/XAMPP/xamppfiles/htdocs/oj/app/Runtime/Cache/Home/b97291c2af8e49c8c2885d7e183c22cb.php 第 26 行.
NOTIC: [8] Undefined variable: P /Applications/XAMPP/xamppfiles/htdocs/oj/app/Runtime/Cache/Home/b97291c2af8e49c8c2885d7e183c22cb.php 第 27 行.
NOTIC: [8] Undefined variable: P /Applications/XAMPP/xamppfiles/htdocs/oj/app/Runtime/Cache/Home/b97291c2af8e49c8c2885d7e183c22cb.php 第 28 行.
INFO: Run Behavior\ParseTemplateBehavior [ RunTime:0.005985s ]
INFO: [ view_parse ] --END-- [ RunTime:0.006020s ]
INFO: [ view_filter ] --START--
INFO: Run Behavior\WriteHtmlCacheBehavior [ RunTime:0.000113s ]
INFO: [ view_filter ] --END-- [ RunTime:0.000137s ]
INFO: [ app_end ] --START--
INFO: Run Behavior\ShowPageTraceBehavior [ RunTime:0.000324s ]
INFO: [ app_end ] --END-- [ RunTime:0.000356s ]

[ 2015-11-29T14:05:55+08:00 ] 127.0.0.1 /oj/index.php/Home/bbs/index.html
INFO: [ app_init ] --START--
INFO: Run Behavior\BuildLiteBehavior [ RunTime:0.000013s ]
INFO: [ app_init ] --END-- [ RunTime:0.000287s ]
INFO: [ app_begin ] --START--
INFO: Run Behavior\ReadHtmlCacheBehavior [ RunTime:0.000364s ]
INFO: [ app_begin ] --END-- [ RunTime:0.000404s ]
SQL: SHOW COLUMNS FROM `bbslist` [ RunTime:0.0018s ]
SQL: SELECT * FROM `bbslist` ORDER BY last desc LIMIT 0,10   [ RunTime:0.0004s ]
INFO: [ view_parse ] --START--
INFO: [ template_filter ] --START--
INFO: Run Behavior\ContentReplaceBehavior [ RunTime:0.000023s ]
INFO: [ template_filter ] --END-- [ RunTime:0.000058s ]
NOTIC: [8] Undefined variable: P /Applications/XAMPP/xamppfiles/htdocs/oj/app/Runtime/Cache/Home/b97291c2af8e49c8c2885d7e183c22cb.php 第 25 行.
NOTIC: [8] Undefined variable: P /Applications/XAMPP/xamppfiles/htdocs/oj/app/Runtime/Cache/Home/b97291c2af8e49c8c2885d7e183c22cb.php 第 26 行.
NOTIC: [8] Undefined variable: P /Applications/XAMPP/xamppfiles/htdocs/oj/app/Runtime/Cache/Home/b97291c2af8e49c8c2885d7e183c22cb.php 第 27 行.
NOTIC: [8] Undefined variable: P /Applications/XAMPP/xamppfiles/htdocs/oj/app/Runtime/Cache/Home/b97291c2af8e49c8c2885d7e183c22cb.php 第 28 行.
INFO: Run Behavior\ParseTemplateBehavior [ RunTime:0.005793s ]
INFO: [ view_parse ] --END-- [ RunTime:0.005830s ]
INFO: [ view_filter ] --START--
INFO: Run Behavior\WriteHtmlCacheBehavior [ RunTime:0.000111s ]
INFO: [ view_filter ] --END-- [ RunTime:0.000134s ]
INFO: [ app_end ] --START--
INFO: Run Behavior\ShowPageTraceBehavior [ RunTime:0.001715s ]
INFO: [ app_end ] --END-- [ RunTime:0.001785s ]

[ 2015-11-29T14:06:41+08:00 ] 127.0.0.1 /oj/index.php/Home/bbs/index.html
INFO: [ app_init ] --START--
INFO: Run Behavior\BuildLiteBehavior [ RunTime:0.000019s ]
INFO: [ app_init ] --END-- [ RunTime:0.000442s ]
INFO: [ app_begin ] --START--
INFO: Run Behavior\ReadHtmlCacheBehavior [ RunTime:0.000665s ]
INFO: [ app_begin ] --END-- [ RunTime:0.000750s ]
SQL: SHOW COLUMNS FROM `bbslist` [ RunTime:0.0014s ]
SQL: SELECT * FROM `bbslist` ORDER BY last desc LIMIT 0,10   [ RunTime:0.0003s ]
INFO: [ view_parse ] --START--
INFO: [ template_filter ] --START--
INFO: Run Behavior\ContentReplaceBehavior [ RunTime:0.000023s ]
INFO: [ template_filter ] --END-- [ RunTime:0.000056s ]
NOTIC: [8] Undefined variable: P /Applications/XAMPP/xamppfiles/htdocs/oj/app/Runtime/Cache/Home/b97291c2af8e49c8c2885d7e183c22cb.php 第 25 行.
NOTIC: [8] Undefined variable: P /Applications/XAMPP/xamppfiles/htdocs/oj/app/Runtime/Cache/Home/b97291c2af8e49c8c2885d7e183c22cb.php 第 26 行.
NOTIC: [8] Undefined variable: P /Applications/XAMPP/xamppfiles/htdocs/oj/app/Runtime/Cache/Home/b97291c2af8e49c8c2885d7e183c22cb.php 第 27 行.
NOTIC: [8] Undefined variable: P /Applications/XAMPP/xamppfiles/htdocs/oj/app/Runtime/Cache/Home/b97291c2af8e49c8c2885d7e183c22cb.php 第 28 行.
INFO: Run Behavior\ParseTemplateBehavior [ RunTime:0.006004s ]
INFO: [ view_parse ] --END-- [ RunTime:0.006045s ]
INFO: [ view_filter ] --START--
INFO: Run Behavior\WriteHtmlCacheBehavior [ RunTime:0.000115s ]
INFO: [ view_filter ] --END-- [ RunTime:0.000140s ]
INFO: [ app_end ] --START--
INFO: Run Behavior\ShowPageTraceBehavior [ RunTime:0.000358s ]
INFO: [ app_end ] --END-- [ RunTime:0.000390s ]

[ 2015-11-29T14:07:17+08:00 ] 127.0.0.1 /oj/index.php/Home/bbs/index.html
INFO: [ app_init ] --START--
INFO: Run Behavior\BuildLiteBehavior [ RunTime:0.000010s ]
INFO: [ app_init ] --END-- [ RunTime:0.000220s ]
INFO: [ app_begin ] --START--
INFO: Run Behavior\ReadHtmlCacheBehavior [ RunTime:0.000274s ]
INFO: [ app_begin ] --END-- [ RunTime:0.000308s ]
SQL: SHOW COLUMNS FROM `bbslist` [ RunTime:0.0029s ]
SQL: SELECT * FROM `bbslist` ORDER BY last desc LIMIT 0,10   [ RunTime:0.0004s ]
INFO: [ view_parse ] --START--
INFO: [ template_filter ] --START--
INFO: Run Behavior\ContentReplaceBehavior [ RunTime:0.000025s ]
INFO: [ template_filter ] --END-- [ RunTime:0.000060s ]
NOTIC: [8] Undefined variable: P /Applications/XAMPP/xamppfiles/htdocs/oj/app/Runtime/Cache/Home/b97291c2af8e49c8c2885d7e183c22cb.php 第 25 行.
NOTIC: [8] Undefined variable: P /Applications/XAMPP/xamppfiles/htdocs/oj/app/Runtime/Cache/Home/b97291c2af8e49c8c2885d7e183c22cb.php 第 26 行.
NOTIC: [8] Undefined variable: P /Applications/XAMPP/xamppfiles/htdocs/oj/app/Runtime/Cache/Home/b97291c2af8e49c8c2885d7e183c22cb.php 第 27 行.
NOTIC: [8] Undefined variable: P /Applications/XAMPP/xamppfiles/htdocs/oj/app/Runtime/Cache/Home/b97291c2af8e49c8c2885d7e183c22cb.php 第 28 行.
INFO: Run Behavior\ParseTemplateBehavior [ RunTime:0.006084s ]
INFO: [ view_parse ] --END-- [ RunTime:0.006120s ]
INFO: [ view_filter ] --START--
INFO: Run Behavior\WriteHtmlCacheBehavior [ RunTime:0.000113s ]
INFO: [ view_filter ] --END-- [ RunTime:0.000136s ]
INFO: [ app_end ] --START--
INFO: Run Behavior\ShowPageTraceBehavior [ RunTime:0.000303s ]
INFO: [ app_end ] --END-- [ RunTime:0.000329s ]

[ 2015-11-29T14:07:41+08:00 ] 127.0.0.1 /oj/index.php/Home/bbs/index.html
INFO: [ app_init ] --START--
INFO: Run Behavior\BuildLiteBehavior [ RunTime:0.000010s ]
INFO: [ app_init ] --END-- [ RunTime:0.000259s ]
INFO: [ app_begin ] --START--
INFO: Run Behavior\ReadHtmlCacheBehavior [ RunTime:0.000510s ]
INFO: [ app_begin ] --END-- [ RunTime:0.000563s ]
SQL: SHOW COLUMNS FROM `bbslist` [ RunTime:0.0023s ]
SQL: SELECT * FROM `bbslist` ORDER BY last desc LIMIT 0,10   [ RunTime:0.0004s ]
INFO: [ view_parse ] --START--
INFO: [ template_filter ] --START--
INFO: Run Behavior\ContentReplaceBehavior [ RunTime:0.000021s ]
INFO: [ template_filter ] --END-- [ RunTime:0.000053s ]
NOTIC: [8] Undefined variable: P /Applications/XAMPP/xamppfiles/htdocs/oj/app/Runtime/Cache/Home/b97291c2af8e49c8c2885d7e183c22cb.php 第 25 行.
NOTIC: [8] Undefined variable: P /Applications/XAMPP/xamppfiles/htdocs/oj/app/Runtime/Cache/Home/b97291c2af8e49c8c2885d7e183c22cb.php 第 26 行.
NOTIC: [8] Undefined variable: P /Applications/XAMPP/xamppfiles/htdocs/oj/app/Runtime/Cache/Home/b97291c2af8e49c8c2885d7e183c22cb.php 第 27 行.
NOTIC: [8] Undefined variable: P /Applications/XAMPP/xamppfiles/htdocs/oj/app/Runtime/Cache/Home/b97291c2af8e49c8c2885d7e183c22cb.php 第 28 行.
INFO: Run Behavior\ParseTemplateBehavior [ RunTime:0.005241s ]
INFO: [ view_parse ] --END-- [ RunTime:0.005278s ]
INFO: [ view_filter ] --START--
INFO: Run Behavior\WriteHtmlCacheBehavior [ RunTime:0.000108s ]
INFO: [ view_filter ] --END-- [ RunTime:0.000131s ]
INFO: [ app_end ] --START--
INFO: Run Behavior\ShowPageTraceBehavior [ RunTime:0.000294s ]
INFO: [ app_end ] --END-- [ RunTime:0.000330s ]

[ 2015-11-29T14:07:56+08:00 ] 127.0.0.1 /oj/index.php/Home/bbs/index.html
INFO: [ app_init ] --START--
INFO: Run Behavior\BuildLiteBehavior [ RunTime:0.000012s ]
INFO: [ app_init ] --END-- [ RunTime:0.000242s ]
INFO: [ app_begin ] --START--
INFO: Run Behavior\ReadHtmlCacheBehavior [ RunTime:0.000277s ]
INFO: [ app_begin ] --END-- [ RunTime:0.000309s ]
SQL: SHOW COLUMNS FROM `bbslist` [ RunTime:0.0027s ]
SQL: SELECT * FROM `bbslist` ORDER BY last desc LIMIT 0,10   [ RunTime:0.0003s ]
INFO: [ view_parse ] --START--
INFO: [ template_filter ] --START--
INFO: Run Behavior\ContentReplaceBehavior [ RunTime:0.000023s ]
INFO: [ template_filter ] --END-- [ RunTime:0.000057s ]
NOTIC: [8] Undefined variable: P /Applications/XAMPP/xamppfiles/htdocs/oj/app/Runtime/Cache/Home/b97291c2af8e49c8c2885d7e183c22cb.php 第 25 行.
NOTIC: [8] Undefined variable: P /Applications/XAMPP/xamppfiles/htdocs/oj/app/Runtime/Cache/Home/b97291c2af8e49c8c2885d7e183c22cb.php 第 26 行.
NOTIC: [8] Undefined variable: P /Applications/XAMPP/xamppfiles/htdocs/oj/app/Runtime/Cache/Home/b97291c2af8e49c8c2885d7e183c22cb.php 第 27 行.
NOTIC: [8] Undefined variable: P /Applications/XAMPP/xamppfiles/htdocs/oj/app/Runtime/Cache/Home/b97291c2af8e49c8c2885d7e183c22cb.php 第 28 行.
INFO: Run Behavior\ParseTemplateBehavior [ RunTime:0.007236s ]
INFO: [ view_parse ] --END-- [ RunTime:0.007307s ]
INFO: [ view_filter ] --START--
INFO: Run Behavior\WriteHtmlCacheBehavior [ RunTime:0.000298s ]
INFO: [ view_filter ] --END-- [ RunTime:0.000343s ]
INFO: [ app_end ] --START--
INFO: Run Behavior\ShowPageTraceBehavior [ RunTime:0.000845s ]
INFO: [ app_end ] --END-- [ RunTime:0.000925s ]

[ 2015-11-29T14:09:14+08:00 ] 127.0.0.1 /oj/index.php/Home/bbs/index.html
INFO: [ app_init ] --START--
INFO: Run Behavior\BuildLiteBehavior [ RunTime:0.000009s ]
INFO: [ app_init ] --END-- [ RunTime:0.000209s ]
INFO: [ app_begin ] --START--
INFO: Run Behavior\ReadHtmlCacheBehavior [ RunTime:0.000264s ]
INFO: [ app_begin ] --END-- [ RunTime:0.000293s ]
SQL: SHOW COLUMNS FROM `bbslist` [ RunTime:0.0030s ]
SQL: SELECT * FROM `bbslist` ORDER BY last desc LIMIT 0,10   [ RunTime:0.0004s ]
INFO: [ view_parse ] --START--
INFO: [ template_filter ] --START--
INFO: Run Behavior\ContentReplaceBehavior [ RunTime:0.000043s ]
INFO: [ template_filter ] --END-- [ RunTime:0.000112s ]
NOTIC: [8] Undefined variable: P /Applications/XAMPP/xamppfiles/htdocs/oj/app/Runtime/Cache/Home/b97291c2af8e49c8c2885d7e183c22cb.php 第 25 行.
NOTIC: [8] Undefined variable: P /Applications/XAMPP/xamppfiles/htdocs/oj/app/Runtime/Cache/Home/b97291c2af8e49c8c2885d7e183c22cb.php 第 26 行.
NOTIC: [8] Undefined variable: P /Applications/XAMPP/xamppfiles/htdocs/oj/app/Runtime/Cache/Home/b97291c2af8e49c8c2885d7e183c22cb.php 第 27 行.
NOTIC: [8] Undefined variable: P /Applications/XAMPP/xamppfiles/htdocs/oj/app/Runtime/Cache/Home/b97291c2af8e49c8c2885d7e183c22cb.php 第 28 行.
INFO: Run Behavior\ParseTemplateBehavior [ RunTime:0.008987s ]
INFO: [ view_parse ] --END-- [ RunTime:0.009042s ]
INFO: [ view_filter ] --START--
INFO: Run Behavior\WriteHtmlCacheBehavior [ RunTime:0.000211s ]
INFO: [ view_filter ] --END-- [ RunTime:0.000258s ]
INFO: [ app_end ] --START--
INFO: Run Behavior\ShowPageTraceBehavior [ RunTime:0.000572s ]
INFO: [ app_end ] --END-- [ RunTime:0.000622s ]

[ 2015-11-29T14:09:20+08:00 ] 127.0.0.1 /oj/index.php/Home/bbs/index.html
INFO: [ app_init ] --START--
INFO: Run Behavior\BuildLiteBehavior [ RunTime:0.000009s ]
INFO: [ app_init ] --END-- [ RunTime:0.000213s ]
INFO: [ app_begin ] --START--
INFO: Run Behavior\ReadHtmlCacheBehavior [ RunTime:0.000268s ]
INFO: [ app_begin ] --END-- [ RunTime:0.000298s ]
SQL: SHOW COLUMNS FROM `bbslist` [ RunTime:0.0025s ]
SQL: SELECT * FROM `bbslist` ORDER BY last desc LIMIT 0,10   [ RunTime:0.0003s ]
INFO: [ view_parse ] --START--
INFO: [ template_filter ] --START--
INFO: Run Behavior\ContentReplaceBehavior [ RunTime:0.000025s ]
INFO: [ template_filter ] --END-- [ RunTime:0.000057s ]
NOTIC: [8] Undefined variable: P /Applications/XAMPP/xamppfiles/htdocs/oj/app/Runtime/Cache/Home/b97291c2af8e49c8c2885d7e183c22cb.php 第 25 行.
NOTIC: [8] Undefined variable: P /Applications/XAMPP/xamppfiles/htdocs/oj/app/Runtime/Cache/Home/b97291c2af8e49c8c2885d7e183c22cb.php 第 26 行.
NOTIC: [8] Undefined variable: P /Applications/XAMPP/xamppfiles/htdocs/oj/app/Runtime/Cache/Home/b97291c2af8e49c8c2885d7e183c22cb.php 第 27 行.
NOTIC: [8] Undefined variable: P /Applications/XAMPP/xamppfiles/htdocs/oj/app/Runtime/Cache/Home/b97291c2af8e49c8c2885d7e183c22cb.php 第 28 行.
INFO: Run Behavior\ParseTemplateBehavior [ RunTime:0.005526s ]
INFO: [ view_parse ] --END-- [ RunTime:0.005559s ]
INFO: [ view_filter ] --START--
INFO: Run Behavior\WriteHtmlCacheBehavior [ RunTime:0.000110s ]
INFO: [ view_filter ] --END-- [ RunTime:0.000135s ]
INFO: [ app_end ] --START--
INFO: Run Behavior\ShowPageTraceBehavior [ RunTime:0.000300s ]
INFO: [ app_end ] --END-- [ RunTime:0.000336s ]

[ 2015-11-29T14:09:33+08:00 ] 127.0.0.1 /oj/index.php/Home/bbs/index.html
INFO: [ app_init ] --START--
INFO: Run Behavior\BuildLiteBehavior [ RunTime:0.000012s ]
INFO: [ app_init ] --END-- [ RunTime:0.000299s ]
INFO: [ app_begin ] --START--
INFO: Run Behavior\ReadHtmlCacheBehavior [ RunTime:0.000291s ]
INFO: [ app_begin ] --END-- [ RunTime:0.000322s ]
SQL: SHOW COLUMNS FROM `bbslist` [ RunTime:0.0025s ]
SQL: SELECT * FROM `bbslist` ORDER BY last desc LIMIT 0,10   [ RunTime:0.0005s ]
INFO: [ view_parse ] --START--
INFO: [ template_filter ] --START--
INFO: Run Behavior\ContentReplaceBehavior [ RunTime:0.000030s ]
INFO: [ template_filter ] --END-- [ RunTime:0.000076s ]
NOTIC: [8] Undefined variable: P /Applications/XAMPP/xamppfiles/htdocs/oj/app/Runtime/Cache/Home/b97291c2af8e49c8c2885d7e183c22cb.php 第 25 行.
NOTIC: [8] Undefined variable: P /Applications/XAMPP/xamppfiles/htdocs/oj/app/Runtime/Cache/Home/b97291c2af8e49c8c2885d7e183c22cb.php 第 26 行.
NOTIC: [8] Undefined variable: P /Applications/XAMPP/xamppfiles/htdocs/oj/app/Runtime/Cache/Home/b97291c2af8e49c8c2885d7e183c22cb.php 第 27 行.
NOTIC: [8] Undefined variable: P /Applications/XAMPP/xamppfiles/htdocs/oj/app/Runtime/Cache/Home/b97291c2af8e49c8c2885d7e183c22cb.php 第 28 行.
INFO: Run Behavior\ParseTemplateBehavior [ RunTime:0.008007s ]
INFO: [ view_parse ] --END-- [ RunTime:0.008073s ]
INFO: [ view_filter ] --START--
INFO: Run Behavior\WriteHtmlCacheBehavior [ RunTime:0.000225s ]
INFO: [ view_filter ] --END-- [ RunTime:0.000274s ]
INFO: [ app_end ] --START--
INFO: Run Behavior\ShowPageTraceBehavior [ RunTime:0.000402s ]
INFO: [ app_end ] --END-- [ RunTime:0.000455s ]

[ 2015-11-29T14:10:03+08:00 ] 127.0.0.1 /oj/index.php/Home/bbs/index.html
INFO: [ app_init ] --START--
INFO: Run Behavior\BuildLiteBehavior [ RunTime:0.000010s ]
INFO: [ app_init ] --END-- [ RunTime:0.000220s ]
INFO: [ app_begin ] --START--
INFO: Run Behavior\ReadHtmlCacheBehavior [ RunTime:0.000300s ]
INFO: [ app_begin ] --END-- [ RunTime:0.000330s ]
SQL: SHOW COLUMNS FROM `bbslist` [ RunTime:0.0025s ]
SQL: SELECT * FROM `bbslist` ORDER BY last desc LIMIT 0,10   [ RunTime:0.0005s ]
INFO: [ view_parse ] --START--
INFO: [ template_filter ] --START--
INFO: Run Behavior\ContentReplaceBehavior [ RunTime:0.000031s ]
INFO: [ template_filter ] --END-- [ RunTime:0.000073s ]
NOTIC: [8] Undefined variable: P /Applications/XAMPP/xamppfiles/htdocs/oj/app/Runtime/Cache/Home/b97291c2af8e49c8c2885d7e183c22cb.php 第 25 行.
NOTIC: [8] Undefined variable: P /Applications/XAMPP/xamppfiles/htdocs/oj/app/Runtime/Cache/Home/b97291c2af8e49c8c2885d7e183c22cb.php 第 26 行.
NOTIC: [8] Undefined variable: P /Applications/XAMPP/xamppfiles/htdocs/oj/app/Runtime/Cache/Home/b97291c2af8e49c8c2885d7e183c22cb.php 第 27 行.
NOTIC: [8] Undefined variable: P /Applications/XAMPP/xamppfiles/htdocs/oj/app/Runtime/Cache/Home/b97291c2af8e49c8c2885d7e183c22cb.php 第 28 行.
INFO: Run Behavior\ParseTemplateBehavior [ RunTime:0.007714s ]
INFO: [ view_parse ] --END-- [ RunTime:0.007770s ]
INFO: [ view_filter ] --START--
INFO: Run Behavior\WriteHtmlCacheBehavior [ RunTime:0.000164s ]
INFO: [ view_filter ] --END-- [ RunTime:0.000195s ]
INFO: [ app_end ] --START--
INFO: Run Behavior\ShowPageTraceBehavior [ RunTime:0.000361s ]
INFO: [ app_end ] --END-- [ RunTime:0.000399s ]

[ 2015-11-29T14:11:20+08:00 ] 127.0.0.1 /oj/index.php/Home/bbs/index.html
INFO: [ app_init ] --START--
INFO: Run Behavior\BuildLiteBehavior [ RunTime:0.000010s ]
INFO: [ app_init ] --END-- [ RunTime:0.000218s ]
INFO: [ app_begin ] --START--
INFO: Run Behavior\ReadHtmlCacheBehavior [ RunTime:0.000324s ]
INFO: [ app_begin ] --END-- [ RunTime:0.000434s ]
SQL: SHOW COLUMNS FROM `bbslist` [ RunTime:0.0019s ]
SQL: SELECT * FROM `bbslist` ORDER BY last desc LIMIT 0,10   [ RunTime:0.0003s ]
INFO: [ view_parse ] --START--
INFO: [ template_filter ] --START--
INFO: Run Behavior\ContentReplaceBehavior [ RunTime:0.000031s ]
INFO: [ template_filter ] --END-- [ RunTime:0.000083s ]
NOTIC: [8] Undefined variable: P /Applications/XAMPP/xamppfiles/htdocs/oj/app/Runtime/Cache/Home/b97291c2af8e49c8c2885d7e183c22cb.php 第 25 行.
NOTIC: [8] Undefined variable: P /Applications/XAMPP/xamppfiles/htdocs/oj/app/Runtime/Cache/Home/b97291c2af8e49c8c2885d7e183c22cb.php 第 26 行.
NOTIC: [8] Undefined variable: P /Applications/XAMPP/xamppfiles/htdocs/oj/app/Runtime/Cache/Home/b97291c2af8e49c8c2885d7e183c22cb.php 第 27 行.
NOTIC: [8] Undefined variable: P /Applications/XAMPP/xamppfiles/htdocs/oj/app/Runtime/Cache/Home/b97291c2af8e49c8c2885d7e183c22cb.php 第 28 行.
INFO: Run Behavior\ParseTemplateBehavior [ RunTime:0.007975s ]
INFO: [ view_parse ] --END-- [ RunTime:0.008011s ]
INFO: [ view_filter ] --START--
INFO: Run Behavior\WriteHtmlCacheBehavior [ RunTime:0.000128s ]
INFO: [ view_filter ] --END-- [ RunTime:0.000153s ]
INFO: [ app_end ] --START--
INFO: Run Behavior\ShowPageTraceBehavior [ RunTime:0.000331s ]
INFO: [ app_end ] --END-- [ RunTime:0.000382s ]

[ 2015-11-29T14:12:39+08:00 ] 127.0.0.1 /oj/index.php/Home/bbs/index.html
INFO: [ app_init ] --START--
INFO: Run Behavior\BuildLiteBehavior [ RunTime:0.000011s ]
INFO: [ app_init ] --END-- [ RunTime:0.000265s ]
INFO: [ app_begin ] --START--
INFO: Run Behavior\ReadHtmlCacheBehavior [ RunTime:0.000361s ]
INFO: [ app_begin ] --END-- [ RunTime:0.000413s ]
SQL: SHOW COLUMNS FROM `bbslist` [ RunTime:0.0029s ]
SQL: SELECT * FROM `bbslist` ORDER BY last desc LIMIT 0,10   [ RunTime:0.0004s ]
INFO: [ view_parse ] --START--
INFO: [ template_filter ] --START--
INFO: Run Behavior\ContentReplaceBehavior [ RunTime:0.000109s ]
INFO: [ template_filter ] --END-- [ RunTime:0.000219s ]
NOTIC: [8] Undefined variable: P /Applications/XAMPP/xamppfiles/htdocs/oj/app/Runtime/Cache/Home/b97291c2af8e49c8c2885d7e183c22cb.php 第 25 行.
NOTIC: [8] Undefined variable: P /Applications/XAMPP/xamppfiles/htdocs/oj/app/Runtime/Cache/Home/b97291c2af8e49c8c2885d7e183c22cb.php 第 26 行.
NOTIC: [8] Undefined variable: P /Applications/XAMPP/xamppfiles/htdocs/oj/app/Runtime/Cache/Home/b97291c2af8e49c8c2885d7e183c22cb.php 第 27 行.
NOTIC: [8] Undefined variable: P /Applications/XAMPP/xamppfiles/htdocs/oj/app/Runtime/Cache/Home/b97291c2af8e49c8c2885d7e183c22cb.php 第 28 行.
INFO: Run Behavior\ParseTemplateBehavior [ RunTime:0.009028s ]
INFO: [ view_parse ] --END-- [ RunTime:0.009071s ]
INFO: [ view_filter ] --START--
INFO: Run Behavior\WriteHtmlCacheBehavior [ RunTime:0.000159s ]
INFO: [ view_filter ] --END-- [ RunTime:0.000190s ]
INFO: [ app_end ] --START--
INFO: Run Behavior\ShowPageTraceBehavior [ RunTime:0.000459s ]
INFO: [ app_end ] --END-- [ RunTime:0.000503s ]

