[ 2015-11-27T13:43:03+08:00 ] 127.0.0.1 /oj/index.php/Home/User/Index.html
INFO: [ app_init ] --START--
INFO: Run Behavior\BuildLiteBehavior [ RunTime:0.000033s ]
INFO: [ app_init ] --END-- [ RunTime:0.002407s ]
INFO: [ app_begin ] --START--
INFO: Run Behavior\ReadHtmlCacheBehavior [ RunTime:0.001046s ]
INFO: [ app_begin ] --END-- [ RunTime:0.001167s ]
SQL: SHOW COLUMNS FROM `user` [ RunTime:0.0276s ]
SQL: SELECT * FROM `user` WHERE `username` = 'admin' LIMIT 1   [ RunTime:0.0109s ]
INFO: [ view_parse ] --START--
INFO: [ template_filter ] --START--
INFO: Run Behavior\ContentReplaceBehavior [ RunTime:0.000061s ]
INFO: [ template_filter ] --END-- [ RunTime:0.000155s ]
NOTIC: [8] Undefined variable: P /Applications/XAMPP/xamppfiles/htdocs/oj/app/Runtime/Cache/Home/c4d675da734f315aa47c2be816a3d76e.php 第 25 行.
NOTIC: [8] Undefined variable: P /Applications/XAMPP/xamppfiles/htdocs/oj/app/Runtime/Cache/Home/c4d675da734f315aa47c2be816a3d76e.php 第 26 行.
NOTIC: [8] Undefined variable: P /Applications/XAMPP/xamppfiles/htdocs/oj/app/Runtime/Cache/Home/c4d675da734f315aa47c2be816a3d76e.php 第 27 行.
NOTIC: [8] Undefined variable: P /Applications/XAMPP/xamppfiles/htdocs/oj/app/Runtime/Cache/Home/c4d675da734f315aa47c2be816a3d76e.php 第 28 行.
INFO: Run Behavior\ParseTemplateBehavior [ RunTime:0.019653s ]
INFO: [ view_parse ] --END-- [ RunTime:0.019767s ]
INFO: [ view_filter ] --START--
INFO: Run Behavior\WriteHtmlCacheBehavior [ RunTime:0.000661s ]
INFO: [ view_filter ] --END-- [ RunTime:0.000726s ]
INFO: [ app_end ] --START--
INFO: Run Behavior\ShowPageTraceBehavior [ RunTime:0.001433s ]
INFO: [ app_end ] --END-- [ RunTime:0.001526s ]

[ 2015-11-27T13:43:06+08:00 ] 127.0.0.1 /oj/index.php/Home/User/Index.html
INFO: [ app_init ] --START--
INFO: Run Behavior\BuildLiteBehavior [ RunTime:0.000017s ]
INFO: [ app_init ] --END-- [ RunTime:0.000368s ]
INFO: [ app_begin ] --START--
INFO: Run Behavior\ReadHtmlCacheBehavior [ RunTime:0.000403s ]
INFO: [ app_begin ] --END-- [ RunTime:0.000461s ]
SQL: SHOW COLUMNS FROM `user` [ RunTime:0.0021s ]
SQL: SELECT * FROM `user` WHERE `username` = 'admin' LIMIT 1   [ RunTime:0.0003s ]
INFO: [ view_parse ] --START--
INFO: [ template_filter ] --START--
INFO: Run Behavior\ContentReplaceBehavior [ RunTime:0.000031s ]
INFO: [ template_filter ] --END-- [ RunTime:0.000087s ]
NOTIC: [8] Undefined variable: P /Applications/XAMPP/xamppfiles/htdocs/oj/app/Runtime/Cache/Home/c4d675da734f315aa47c2be816a3d76e.php 第 25 行.
NOTIC: [8] Undefined variable: P /Applications/XAMPP/xamppfiles/htdocs/oj/app/Runtime/Cache/Home/c4d675da734f315aa47c2be816a3d76e.php 第 26 行.
NOTIC: [8] Undefined variable: P /Applications/XAMPP/xamppfiles/htdocs/oj/app/Runtime/Cache/Home/c4d675da734f315aa47c2be816a3d76e.php 第 27 行.
NOTIC: [8] Undefined variable: P /Applications/XAMPP/xamppfiles/htdocs/oj/app/Runtime/Cache/Home/c4d675da734f315aa47c2be816a3d76e.php 第 28 行.
INFO: Run Behavior\ParseTemplateBehavior [ RunTime:0.010009s ]
INFO: [ view_parse ] --END-- [ RunTime:0.010096s ]
INFO: [ view_filter ] --START--
INFO: Run Behavior\WriteHtmlCacheBehavior [ RunTime:0.000240s ]
INFO: [ view_filter ] --END-- [ RunTime:0.000280s ]
INFO: [ app_end ] --START--
INFO: Run Behavior\ShowPageTraceBehavior [ RunTime:0.000750s ]
INFO: [ app_end ] --END-- [ RunTime:0.000805s ]

[ 2015-11-27T13:43:34+08:00 ] 127.0.0.1 /oj/index.php/Home/User/Index.html
INFO: [ app_init ] --START--
INFO: Run Behavior\BuildLiteBehavior [ RunTime:0.000030s ]
INFO: [ app_init ] --END-- [ RunTime:0.000985s ]
INFO: [ app_begin ] --START--
INFO: Run Behavior\ReadHtmlCacheBehavior [ RunTime:0.001007s ]
INFO: [ app_begin ] --END-- [ RunTime:0.001109s ]
SQL: SHOW COLUMNS FROM `user` [ RunTime:0.0025s ]
SQL: SELECT * FROM `user` WHERE `username` = 'admin' LIMIT 1   [ RunTime:0.0003s ]
INFO: [ view_parse ] --START--
INFO: [ template_filter ] --START--
INFO: Run Behavior\ContentReplaceBehavior [ RunTime:0.000037s ]
INFO: [ template_filter ] --END-- [ RunTime:0.000105s ]
NOTIC: [8] Undefined variable: P /Applications/XAMPP/xamppfiles/htdocs/oj/app/Runtime/Cache/Home/c4d675da734f315aa47c2be816a3d76e.php 第 25 行.
NOTIC: [8] Undefined variable: P /Applications/XAMPP/xamppfiles/htdocs/oj/app/Runtime/Cache/Home/c4d675da734f315aa47c2be816a3d76e.php 第 26 行.
NOTIC: [8] Undefined variable: P /Applications/XAMPP/xamppfiles/htdocs/oj/app/Runtime/Cache/Home/c4d675da734f315aa47c2be816a3d76e.php 第 27 行.
NOTIC: [8] Undefined variable: P /Applications/XAMPP/xamppfiles/htdocs/oj/app/Runtime/Cache/Home/c4d675da734f315aa47c2be816a3d76e.php 第 28 行.
INFO: Run Behavior\ParseTemplateBehavior [ RunTime:0.014800s ]
INFO: [ view_parse ] --END-- [ RunTime:0.014875s ]
INFO: [ view_filter ] --START--
INFO: Run Behavior\WriteHtmlCacheBehavior [ RunTime:0.000485s ]
INFO: [ view_filter ] --END-- [ RunTime:0.000548s ]
INFO: [ app_end ] --START--
INFO: Run Behavior\ShowPageTraceBehavior [ RunTime:0.000911s ]
INFO: [ app_end ] --END-- [ RunTime:0.000987s ]

[ 2015-11-27T13:45:03+08:00 ] 127.0.0.1 /oj/index.php/Home/User/Index.html
INFO: [ app_init ] --START--
INFO: Run Behavior\BuildLiteBehavior [ RunTime:0.000011s ]
INFO: [ app_init ] --END-- [ RunTime:0.000222s ]
INFO: [ app_begin ] --START--
INFO: Run Behavior\ReadHtmlCacheBehavior [ RunTime:0.000325s ]
INFO: [ app_begin ] --END-- [ RunTime:0.000355s ]
SQL: SHOW COLUMNS FROM `user` [ RunTime:0.0043s ]
SQL: SELECT * FROM `user` WHERE `username` = 'admin' LIMIT 1   [ RunTime:0.0005s ]
INFO: [ view_parse ] --START--
INFO: [ template_filter ] --START--
INFO: Run Behavior\ContentReplaceBehavior [ RunTime:0.000025s ]
INFO: [ template_filter ] --END-- [ RunTime:0.000061s ]
NOTIC: [8] Undefined variable: P /Applications/XAMPP/xamppfiles/htdocs/oj/app/Runtime/Cache/Home/c4d675da734f315aa47c2be816a3d76e.php 第 25 行.
NOTIC: [8] Undefined variable: P /Applications/XAMPP/xamppfiles/htdocs/oj/app/Runtime/Cache/Home/c4d675da734f315aa47c2be816a3d76e.php 第 26 行.
NOTIC: [8] Undefined variable: P /Applications/XAMPP/xamppfiles/htdocs/oj/app/Runtime/Cache/Home/c4d675da734f315aa47c2be816a3d76e.php 第 27 行.
NOTIC: [8] Undefined variable: P /Applications/XAMPP/xamppfiles/htdocs/oj/app/Runtime/Cache/Home/c4d675da734f315aa47c2be816a3d76e.php 第 28 行.
INFO: Run Behavior\ParseTemplateBehavior [ RunTime:0.005932s ]
INFO: [ view_parse ] --END-- [ RunTime:0.005968s ]
INFO: [ view_filter ] --START--
INFO: Run Behavior\WriteHtmlCacheBehavior [ RunTime:0.000116s ]
INFO: [ view_filter ] --END-- [ RunTime:0.000141s ]
INFO: [ app_end ] --START--
INFO: Run Behavior\ShowPageTraceBehavior [ RunTime:0.000486s ]
INFO: [ app_end ] --END-- [ RunTime:0.000526s ]

[ 2015-11-27T13:45:11+08:00 ] 127.0.0.1 /oj/index.php/Home/User/Index.html
INFO: [ app_init ] --START--
INFO: Run Behavior\BuildLiteBehavior [ RunTime:0.000020s ]
INFO: [ app_init ] --END-- [ RunTime:0.000534s ]
INFO: [ app_begin ] --START--
INFO: Run Behavior\ReadHtmlCacheBehavior [ RunTime:0.000663s ]
INFO: [ app_begin ] --END-- [ RunTime:0.000745s ]
SQL: SHOW COLUMNS FROM `user` [ RunTime:0.0016s ]
SQL: SELECT * FROM `user` WHERE `username` = 'admin' LIMIT 1   [ RunTime:0.0004s ]
INFO: [ view_parse ] --START--
INFO: [ template_filter ] --START--
INFO: Run Behavior\ContentReplaceBehavior [ RunTime:0.000029s ]
INFO: [ template_filter ] --END-- [ RunTime:0.000075s ]
NOTIC: [8] Undefined variable: P /Applications/XAMPP/xamppfiles/htdocs/oj/app/Runtime/Cache/Home/c4d675da734f315aa47c2be816a3d76e.php 第 25 行.
NOTIC: [8] Undefined variable: P /Applications/XAMPP/xamppfiles/htdocs/oj/app/Runtime/Cache/Home/c4d675da734f315aa47c2be816a3d76e.php 第 26 行.
NOTIC: [8] Undefined variable: P /Applications/XAMPP/xamppfiles/htdocs/oj/app/Runtime/Cache/Home/c4d675da734f315aa47c2be816a3d76e.php 第 27 行.
NOTIC: [8] Undefined variable: P /Applications/XAMPP/xamppfiles/htdocs/oj/app/Runtime/Cache/Home/c4d675da734f315aa47c2be816a3d76e.php 第 28 行.
INFO: Run Behavior\ParseTemplateBehavior [ RunTime:0.007572s ]
INFO: [ view_parse ] --END-- [ RunTime:0.007641s ]
INFO: [ view_filter ] --START--
INFO: Run Behavior\WriteHtmlCacheBehavior [ RunTime:0.000132s ]
INFO: [ view_filter ] --END-- [ RunTime:0.000154s ]
INFO: [ app_end ] --START--
INFO: Run Behavior\ShowPageTraceBehavior [ RunTime:0.000417s ]
INFO: [ app_end ] --END-- [ RunTime:0.000450s ]

[ 2015-11-27T13:45:16+08:00 ] 127.0.0.1 /oj/index.php/Home/User/Index.html
INFO: [ app_init ] --START--
INFO: Run Behavior\BuildLiteBehavior [ RunTime:0.000010s ]
INFO: [ app_init ] --END-- [ RunTime:0.000227s ]
INFO: [ app_begin ] --START--
INFO: Run Behavior\ReadHtmlCacheBehavior [ RunTime:0.000281s ]
INFO: [ app_begin ] --END-- [ RunTime:0.000311s ]
SQL: SHOW COLUMNS FROM `user` [ RunTime:0.0026s ]
SQL: SELECT * FROM `user` WHERE `username` = 'admin' LIMIT 1   [ RunTime:0.0004s ]
INFO: [ view_parse ] --START--
INFO: [ template_filter ] --START--
INFO: Run Behavior\ContentReplaceBehavior [ RunTime:0.000026s ]
INFO: [ template_filter ] --END-- [ RunTime:0.000064s ]
NOTIC: [8] Undefined variable: P /Applications/XAMPP/xamppfiles/htdocs/oj/app/Runtime/Cache/Home/c4d675da734f315aa47c2be816a3d76e.php 第 25 行.
NOTIC: [8] Undefined variable: P /Applications/XAMPP/xamppfiles/htdocs/oj/app/Runtime/Cache/Home/c4d675da734f315aa47c2be816a3d76e.php 第 26 行.
NOTIC: [8] Undefined variable: P /Applications/XAMPP/xamppfiles/htdocs/oj/app/Runtime/Cache/Home/c4d675da734f315aa47c2be816a3d76e.php 第 27 行.
NOTIC: [8] Undefined variable: P /Applications/XAMPP/xamppfiles/htdocs/oj/app/Runtime/Cache/Home/c4d675da734f315aa47c2be816a3d76e.php 第 28 行.
INFO: Run Behavior\ParseTemplateBehavior [ RunTime:0.005990s ]
INFO: [ view_parse ] --END-- [ RunTime:0.006024s ]
INFO: [ view_filter ] --START--
INFO: Run Behavior\WriteHtmlCacheBehavior [ RunTime:0.000113s ]
INFO: [ view_filter ] --END-- [ RunTime:0.000136s ]
INFO: [ app_end ] --START--
INFO: Run Behavior\ShowPageTraceBehavior [ RunTime:0.000304s ]
INFO: [ app_end ] --END-- [ RunTime:0.000330s ]

[ 2015-11-27T13:48:30+08:00 ] 127.0.0.1 /oj/index.php
INFO: [ app_init ] --START--
INFO: Run Behavior\BuildLiteBehavior [ RunTime:0.000016s ]
INFO: [ app_init ] --END-- [ RunTime:0.000610s ]
INFO: [ app_begin ] --START--
INFO: Run Behavior\ReadHtmlCacheBehavior [ RunTime:0.000745s ]
INFO: [ app_begin ] --END-- [ RunTime:0.000808s ]
INFO: [ view_parse ] --START--
INFO: [ template_filter ] --START--
INFO: Run Behavior\ContentReplaceBehavior [ RunTime:0.000041s ]
INFO: [ template_filter ] --END-- [ RunTime:0.000117s ]
INFO: Run Behavior\ParseTemplateBehavior [ RunTime:0.009188s ]
INFO: [ view_parse ] --END-- [ RunTime:0.009257s ]
INFO: [ view_filter ] --START--
INFO: Run Behavior\WriteHtmlCacheBehavior [ RunTime:0.000512s ]
INFO: [ view_filter ] --END-- [ RunTime:0.000575s ]
INFO: [ app_end ] --START--
INFO: Run Behavior\ShowPageTraceBehavior [ RunTime:0.001008s ]
INFO: [ app_end ] --END-- [ RunTime:0.001079s ]

[ 2015-11-27T13:48:32+08:00 ] 127.0.0.1 /oj/index.php/Home/login.html
INFO: [ app_init ] --START--
INFO: Run Behavior\BuildLiteBehavior [ RunTime:0.000020s ]
INFO: [ app_init ] --END-- [ RunTime:0.000392s ]
INFO: [ app_begin ] --START--
INFO: Run Behavior\ReadHtmlCacheBehavior [ RunTime:0.000477s ]
INFO: [ app_begin ] --END-- [ RunTime:0.000558s ]
INFO: [ view_parse ] --START--
INFO: [ template_filter ] --START--
INFO: Run Behavior\ContentReplaceBehavior [ RunTime:0.000035s ]
INFO: [ template_filter ] --END-- [ RunTime:0.000100s ]
NOTIC: [8] Undefined variable: P /Applications/XAMPP/xamppfiles/htdocs/oj/app/Runtime/Cache/Home/1721c4720770efb58325480714de9558.php 第 25 行.
NOTIC: [8] Undefined variable: P /Applications/XAMPP/xamppfiles/htdocs/oj/app/Runtime/Cache/Home/1721c4720770efb58325480714de9558.php 第 26 行.
NOTIC: [8] Undefined variable: P /Applications/XAMPP/xamppfiles/htdocs/oj/app/Runtime/Cache/Home/1721c4720770efb58325480714de9558.php 第 27 行.
NOTIC: [8] Undefined variable: P /Applications/XAMPP/xamppfiles/htdocs/oj/app/Runtime/Cache/Home/1721c4720770efb58325480714de9558.php 第 28 行.
INFO: Run Behavior\ParseTemplateBehavior [ RunTime:0.010928s ]
INFO: [ view_parse ] --END-- [ RunTime:0.011028s ]
INFO: [ view_filter ] --START--
INFO: Run Behavior\WriteHtmlCacheBehavior [ RunTime:0.000152s ]
INFO: [ view_filter ] --END-- [ RunTime:0.000184s ]
INFO: [ app_end ] --START--
INFO: Run Behavior\ShowPageTraceBehavior [ RunTime:0.000565s ]
INFO: [ app_end ] --END-- [ RunTime:0.000614s ]

[ 2015-11-27T13:48:34+08:00 ] 127.0.0.1 /oj/index.php/Home/Login/login.html
INFO: [ app_init ] --START--
INFO: Run Behavior\BuildLiteBehavior [ RunTime:0.000011s ]
INFO: [ app_init ] --END-- [ RunTime:0.000223s ]
INFO: [ app_begin ] --START--
INFO: Run Behavior\ReadHtmlCacheBehavior [ RunTime:0.000276s ]
INFO: [ app_begin ] --END-- [ RunTime:0.000307s ]
SQL: SHOW COLUMNS FROM `user` [ RunTime:0.0026s ]
SQL: SELECT * FROM `user` WHERE `username` = 'admin' AND `password` = 'admin888' LIMIT 1   [ RunTime:0.0033s ]
SQL: SHOW COLUMNS FROM `mymsg` [ RunTime:0.0043s ]
SQL: SELECT * FROM `mymsg` WHERE `to` = 'admin' AND `read` = 0  [ RunTime:0.0029s ]
INFO: [ app_end ] --START--
INFO: Run Behavior\ShowPageTraceBehavior [ RunTime:0.000859s ]
INFO: [ app_end ] --END-- [ RunTime:0.000923s ]

[ 2015-11-27T13:48:36+08:00 ] 127.0.0.1 /oj/index.php/Home/User.html
INFO: [ app_init ] --START--
INFO: Run Behavior\BuildLiteBehavior [ RunTime:0.000019s ]
INFO: [ app_init ] --END-- [ RunTime:0.000405s ]
INFO: [ app_begin ] --START--
INFO: Run Behavior\ReadHtmlCacheBehavior [ RunTime:0.000347s ]
INFO: [ app_begin ] --END-- [ RunTime:0.000413s ]
SQL: SHOW COLUMNS FROM `user` [ RunTime:0.0027s ]
SQL: SELECT * FROM `user` WHERE `username` = 'admin' LIMIT 1   [ RunTime:0.0003s ]
INFO: [ view_parse ] --START--
INFO: [ template_filter ] --START--
INFO: Run Behavior\ContentReplaceBehavior [ RunTime:0.000052s ]
INFO: [ template_filter ] --END-- [ RunTime:0.000167s ]
NOTIC: [8] Undefined variable: P /Applications/XAMPP/xamppfiles/htdocs/oj/app/Runtime/Cache/Home/c4d675da734f315aa47c2be816a3d76e.php 第 25 行.
NOTIC: [8] Undefined variable: P /Applications/XAMPP/xamppfiles/htdocs/oj/app/Runtime/Cache/Home/c4d675da734f315aa47c2be816a3d76e.php 第 26 行.
NOTIC: [8] Undefined variable: P /Applications/XAMPP/xamppfiles/htdocs/oj/app/Runtime/Cache/Home/c4d675da734f315aa47c2be816a3d76e.php 第 27 行.
NOTIC: [8] Undefined variable: P /Applications/XAMPP/xamppfiles/htdocs/oj/app/Runtime/Cache/Home/c4d675da734f315aa47c2be816a3d76e.php 第 28 行.
INFO: Run Behavior\ParseTemplateBehavior [ RunTime:0.009279s ]
INFO: [ view_parse ] --END-- [ RunTime:0.009342s ]
INFO: [ view_filter ] --START--
INFO: Run Behavior\WriteHtmlCacheBehavior [ RunTime:0.000166s ]
INFO: [ view_filter ] --END-- [ RunTime:0.000193s ]
INFO: [ app_end ] --START--
INFO: Run Behavior\ShowPageTraceBehavior [ RunTime:0.000452s ]
INFO: [ app_end ] --END-- [ RunTime:0.000491s ]

[ 2015-11-27T13:48:40+08:00 ] 127.0.0.1 /oj/index.php/Home/Msg/sendmsg.html
INFO: [ app_init ] --START--
INFO: Run Behavior\BuildLiteBehavior [ RunTime:0.000010s ]
INFO: [ app_init ] --END-- [ RunTime:0.000214s ]
INFO: [ app_begin ] --START--
INFO: Run Behavior\ReadHtmlCacheBehavior [ RunTime:0.000312s ]
INFO: [ app_begin ] --END-- [ RunTime:0.000345s ]
INFO: [ view_parse ] --START--
INFO: [ template_filter ] --START--
INFO: Run Behavior\ContentReplaceBehavior [ RunTime:0.000024s ]
INFO: [ template_filter ] --END-- [ RunTime:0.000076s ]
NOTIC: [8] Undefined variable: P /Applications/XAMPP/xamppfiles/htdocs/oj/app/Runtime/Cache/Home/f9d305132a315cabdd824eb3fd6bcd01.php 第 25 行.
NOTIC: [8] Undefined variable: P /Applications/XAMPP/xamppfiles/htdocs/oj/app/Runtime/Cache/Home/f9d305132a315cabdd824eb3fd6bcd01.php 第 26 行.
NOTIC: [8] Undefined variable: P /Applications/XAMPP/xamppfiles/htdocs/oj/app/Runtime/Cache/Home/f9d305132a315cabdd824eb3fd6bcd01.php 第 27 行.
NOTIC: [8] Undefined variable: P /Applications/XAMPP/xamppfiles/htdocs/oj/app/Runtime/Cache/Home/f9d305132a315cabdd824eb3fd6bcd01.php 第 28 行.
NOTIC: [8] Undefined variable: userInf /Applications/XAMPP/xamppfiles/htdocs/oj/app/Runtime/Cache/Home/f9d305132a315cabdd824eb3fd6bcd01.php 第 64 行.
INFO: Run Behavior\ParseTemplateBehavior [ RunTime:0.006796s ]
INFO: [ view_parse ] --END-- [ RunTime:0.006825s ]
INFO: [ view_filter ] --START--
INFO: Run Behavior\WriteHtmlCacheBehavior [ RunTime:0.000117s ]
INFO: [ view_filter ] --END-- [ RunTime:0.000141s ]
INFO: [ app_end ] --START--
INFO: Run Behavior\ShowPageTraceBehavior [ RunTime:0.000304s ]
INFO: [ app_end ] --END-- [ RunTime:0.000329s ]

[ 2015-11-27T13:48:47+08:00 ] 127.0.0.1 /oj/index.php/Home/Msg/send.html
INFO: [ app_init ] --START--
INFO: Run Behavior\BuildLiteBehavior [ RunTime:0.000023s ]
INFO: [ app_init ] --END-- [ RunTime:0.000563s ]
INFO: [ app_begin ] --START--
INFO: Run Behavior\ReadHtmlCacheBehavior [ RunTime:0.000647s ]
INFO: [ app_begin ] --END-- [ RunTime:0.000764s ]
SQL: SHOW COLUMNS FROM `mymsg` [ RunTime:0.0020s ]
SQL: SHOW COLUMNS FROM `user` [ RunTime:0.0019s ]
SQL: SELECT * FROM `user` WHERE `username` = '' LIMIT 1   [ RunTime:0.0013s ]
NOTIC: [8] Undefined offset: 0 /Applications/XAMPP/xamppfiles/htdocs/oj/app/Home/Controller/MsgController.class.php 第 63 行.
INFO: [ app_end ] --START--
INFO: Run Behavior\ShowPageTraceBehavior [ RunTime:0.001047s ]
INFO: [ app_end ] --END-- [ RunTime:0.001139s ]

[ 2015-11-27T13:48:49+08:00 ] 127.0.0.1 /oj/index.php/Home/User/Index.html
INFO: [ app_init ] --START--
INFO: Run Behavior\BuildLiteBehavior [ RunTime:0.000012s ]
INFO: [ app_init ] --END-- [ RunTime:0.000264s ]
INFO: [ app_begin ] --START--
INFO: Run Behavior\ReadHtmlCacheBehavior [ RunTime:0.000327s ]
INFO: [ app_begin ] --END-- [ RunTime:0.000367s ]
SQL: SHOW COLUMNS FROM `user` [ RunTime:0.0022s ]
SQL: SELECT * FROM `user` WHERE `username` = 'admin' LIMIT 1   [ RunTime:0.0003s ]
INFO: [ view_parse ] --START--
INFO: [ template_filter ] --START--
INFO: Run Behavior\ContentReplaceBehavior [ RunTime:0.000031s ]
INFO: [ template_filter ] --END-- [ RunTime:0.000087s ]
NOTIC: [8] Undefined variable: P /Applications/XAMPP/xamppfiles/htdocs/oj/app/Runtime/Cache/Home/c4d675da734f315aa47c2be816a3d76e.php 第 25 行.
NOTIC: [8] Undefined variable: P /Applications/XAMPP/xamppfiles/htdocs/oj/app/Runtime/Cache/Home/c4d675da734f315aa47c2be816a3d76e.php 第 26 行.
NOTIC: [8] Undefined variable: P /Applications/XAMPP/xamppfiles/htdocs/oj/app/Runtime/Cache/Home/c4d675da734f315aa47c2be816a3d76e.php 第 27 行.
NOTIC: [8] Undefined variable: P /Applications/XAMPP/xamppfiles/htdocs/oj/app/Runtime/Cache/Home/c4d675da734f315aa47c2be816a3d76e.php 第 28 行.
INFO: Run Behavior\ParseTemplateBehavior [ RunTime:0.008634s ]
INFO: [ view_parse ] --END-- [ RunTime:0.008718s ]
INFO: [ view_filter ] --START--
INFO: Run Behavior\WriteHtmlCacheBehavior [ RunTime:0.000179s ]
INFO: [ view_filter ] --END-- [ RunTime:0.000209s ]
INFO: [ app_end ] --START--
INFO: Run Behavior\ShowPageTraceBehavior [ RunTime:0.000448s ]
INFO: [ app_end ] --END-- [ RunTime:0.000490s ]

[ 2015-11-27T13:49:06+08:00 ] 127.0.0.1 /oj/index.php/Home/User/Index.html
INFO: [ app_init ] --START--
INFO: Run Behavior\BuildLiteBehavior [ RunTime:0.000018s ]
INFO: [ app_init ] --END-- [ RunTime:0.000399s ]
INFO: [ app_begin ] --START--
INFO: Run Behavior\ReadHtmlCacheBehavior [ RunTime:0.000406s ]
INFO: [ app_begin ] --END-- [ RunTime:0.000469s ]
SQL: SHOW COLUMNS FROM `user` [ RunTime:0.0019s ]
SQL: SELECT * FROM `user` WHERE `username` = 'admin' LIMIT 1   [ RunTime:0.0004s ]
INFO: [ view_parse ] --START--
INFO: [ template_filter ] --START--
INFO: Run Behavior\ContentReplaceBehavior [ RunTime:0.000055s ]
INFO: [ template_filter ] --END-- [ RunTime:0.000149s ]
NOTIC: [8] Undefined variable: P /Applications/XAMPP/xamppfiles/htdocs/oj/app/Runtime/Cache/Home/c4d675da734f315aa47c2be816a3d76e.php 第 25 行.
NOTIC: [8] Undefined variable: P /Applications/XAMPP/xamppfiles/htdocs/oj/app/Runtime/Cache/Home/c4d675da734f315aa47c2be816a3d76e.php 第 26 行.
NOTIC: [8] Undefined variable: P /Applications/XAMPP/xamppfiles/htdocs/oj/app/Runtime/Cache/Home/c4d675da734f315aa47c2be816a3d76e.php 第 27 行.
NOTIC: [8] Undefined variable: P /Applications/XAMPP/xamppfiles/htdocs/oj/app/Runtime/Cache/Home/c4d675da734f315aa47c2be816a3d76e.php 第 28 行.
INFO: Run Behavior\ParseTemplateBehavior [ RunTime:0.011463s ]
INFO: [ view_parse ] --END-- [ RunTime:0.011536s ]
INFO: [ view_filter ] --START--
INFO: Run Behavior\WriteHtmlCacheBehavior [ RunTime:0.000182s ]
INFO: [ view_filter ] --END-- [ RunTime:0.000214s ]
INFO: [ app_end ] --START--
INFO: Run Behavior\ShowPageTraceBehavior [ RunTime:0.000555s ]
INFO: [ app_end ] --END-- [ RunTime:0.000602s ]

[ 2015-11-27T16:47:38+08:00 ] 127.0.0.1 /oj/index.php
INFO: [ app_init ] --START--
INFO: Run Behavior\BuildLiteBehavior [ RunTime:0.000027s ]
INFO: [ app_init ] --END-- [ RunTime:0.002521s ]
INFO: [ app_begin ] --START--
INFO: Run Behavior\ReadHtmlCacheBehavior [ RunTime:0.001098s ]
INFO: [ app_begin ] --END-- [ RunTime:0.001213s ]
INFO: [ view_parse ] --START--
INFO: [ template_filter ] --START--
INFO: Run Behavior\ContentReplaceBehavior [ RunTime:0.000053s ]
INFO: [ template_filter ] --END-- [ RunTime:0.000138s ]
INFO: Run Behavior\ParseTemplateBehavior [ RunTime:0.011879s ]
INFO: [ view_parse ] --END-- [ RunTime:0.012000s ]
INFO: [ view_filter ] --START--
INFO: Run Behavior\WriteHtmlCacheBehavior [ RunTime:0.000594s ]
INFO: [ view_filter ] --END-- [ RunTime:0.000671s ]
INFO: [ app_end ] --START--
INFO: Run Behavior\ShowPageTraceBehavior [ RunTime:0.001373s ]
INFO: [ app_end ] --END-- [ RunTime:0.001468s ]

[ 2015-11-27T16:47:45+08:00 ] 127.0.0.1 /oj/index.php
INFO: [ app_init ] --START--
INFO: Run Behavior\BuildLiteBehavior [ RunTime:0.000010s ]
INFO: [ app_init ] --END-- [ RunTime:0.000213s ]
INFO: [ app_begin ] --START--
INFO: Run Behavior\ReadHtmlCacheBehavior [ RunTime:0.000265s ]
INFO: [ app_begin ] --END-- [ RunTime:0.000295s ]
INFO: [ view_parse ] --START--
INFO: [ template_filter ] --START--
INFO: Run Behavior\ContentReplaceBehavior [ RunTime:0.000021s ]
INFO: [ template_filter ] --END-- [ RunTime:0.000053s ]
INFO: Run Behavior\ParseTemplateBehavior [ RunTime:0.003381s ]
INFO: [ view_parse ] --END-- [ RunTime:0.003412s ]
INFO: [ view_filter ] --START--
INFO: Run Behavior\WriteHtmlCacheBehavior [ RunTime:0.000107s ]
INFO: [ view_filter ] --END-- [ RunTime:0.000132s ]
INFO: [ app_end ] --START--
INFO: Run Behavior\ShowPageTraceBehavior [ RunTime:0.000315s ]
INFO: [ app_end ] --END-- [ RunTime:0.000344s ]

[ 2015-11-27T16:47:53+08:00 ] 127.0.0.1 /oj/index.php
INFO: [ app_init ] --START--
INFO: Run Behavior\BuildLiteBehavior [ RunTime:0.000022s ]
INFO: [ app_init ] --END-- [ RunTime:0.000495s ]
INFO: [ app_begin ] --START--
INFO: Run Behavior\ReadHtmlCacheBehavior [ RunTime:0.000629s ]
INFO: [ app_begin ] --END-- [ RunTime:0.000738s ]
INFO: [ view_parse ] --START--
INFO: [ template_filter ] --START--
INFO: Run Behavior\ContentReplaceBehavior [ RunTime:0.000037s ]
INFO: [ template_filter ] --END-- [ RunTime:0.000113s ]
INFO: Run Behavior\ParseTemplateBehavior [ RunTime:0.005961s ]
INFO: [ view_parse ] --END-- [ RunTime:0.006028s ]
INFO: [ view_filter ] --START--
INFO: Run Behavior\WriteHtmlCacheBehavior [ RunTime:0.000151s ]
INFO: [ view_filter ] --END-- [ RunTime:0.000196s ]
INFO: [ app_end ] --START--
INFO: Run Behavior\ShowPageTraceBehavior [ RunTime:0.000516s ]
INFO: [ app_end ] --END-- [ RunTime:0.000567s ]

[ 2015-11-27T16:48:11+08:00 ] 127.0.0.1 /oj/index.php
INFO: [ app_init ] --START--
INFO: Run Behavior\BuildLiteBehavior [ RunTime:0.000017s ]
INFO: [ app_init ] --END-- [ RunTime:0.000361s ]
INFO: [ app_begin ] --START--
INFO: Run Behavior\ReadHtmlCacheBehavior [ RunTime:0.000371s ]
INFO: [ app_begin ] --END-- [ RunTime:0.000437s ]
INFO: [ view_parse ] --START--
INFO: [ template_filter ] --START--
INFO: Run Behavior\ContentReplaceBehavior [ RunTime:0.000039s ]
INFO: [ template_filter ] --END-- [ RunTime:0.000108s ]
INFO: Run Behavior\ParseTemplateBehavior [ RunTime:0.004834s ]
INFO: [ view_parse ] --END-- [ RunTime:0.004888s ]
INFO: [ view_filter ] --START--
INFO: Run Behavior\WriteHtmlCacheBehavior [ RunTime:0.000124s ]
INFO: [ view_filter ] --END-- [ RunTime:0.000161s ]
INFO: [ app_end ] --START--
INFO: Run Behavior\ShowPageTraceBehavior [ RunTime:0.000467s ]
INFO: [ app_end ] --END-- [ RunTime:0.000511s ]

[ 2015-11-27T16:48:16+08:00 ] 127.0.0.1 /oj/index.php
INFO: [ app_init ] --START--
INFO: Run Behavior\BuildLiteBehavior [ RunTime:0.000019s ]
INFO: [ app_init ] --END-- [ RunTime:0.000402s ]
INFO: [ app_begin ] --START--
INFO: Run Behavior\ReadHtmlCacheBehavior [ RunTime:0.000498s ]
INFO: [ app_begin ] --END-- [ RunTime:0.000575s ]
INFO: [ view_parse ] --START--
INFO: [ template_filter ] --START--
INFO: Run Behavior\ContentReplaceBehavior [ RunTime:0.000031s ]
INFO: [ template_filter ] --END-- [ RunTime:0.000082s ]
INFO: Run Behavior\ParseTemplateBehavior [ RunTime:0.004459s ]
INFO: [ view_parse ] --END-- [ RunTime:0.004511s ]
INFO: [ view_filter ] --START--
INFO: Run Behavior\WriteHtmlCacheBehavior [ RunTime:0.000109s ]
INFO: [ view_filter ] --END-- [ RunTime:0.000141s ]
INFO: [ app_end ] --START--
INFO: Run Behavior\ShowPageTraceBehavior [ RunTime:0.000398s ]
INFO: [ app_end ] --END-- [ RunTime:0.000436s ]

[ 2015-11-27T16:48:18+08:00 ] 127.0.0.1 /oj/index.php
INFO: [ app_init ] --START--
INFO: Run Behavior\BuildLiteBehavior [ RunTime:0.000019s ]
INFO: [ app_init ] --END-- [ RunTime:0.000363s ]
INFO: [ app_begin ] --START--
INFO: Run Behavior\ReadHtmlCacheBehavior [ RunTime:0.000381s ]
INFO: [ app_begin ] --END-- [ RunTime:0.000448s ]
INFO: [ view_parse ] --START--
INFO: [ template_filter ] --START--
INFO: Run Behavior\ContentReplaceBehavior [ RunTime:0.000040s ]
INFO: [ template_filter ] --END-- [ RunTime:0.000115s ]
INFO: Run Behavior\ParseTemplateBehavior [ RunTime:0.006126s ]
INFO: [ view_parse ] --END-- [ RunTime:0.006190s ]
INFO: [ view_filter ] --START--
INFO: Run Behavior\WriteHtmlCacheBehavior [ RunTime:0.000153s ]
INFO: [ view_filter ] --END-- [ RunTime:0.000199s ]
INFO: [ app_end ] --START--
INFO: Run Behavior\ShowPageTraceBehavior [ RunTime:0.000542s ]
INFO: [ app_end ] --END-- [ RunTime:0.000594s ]

[ 2015-11-27T16:48:23+08:00 ] 127.0.0.1 /oj/index.php
INFO: [ app_init ] --START--
INFO: Run Behavior\BuildLiteBehavior [ RunTime:0.000010s ]
INFO: [ app_init ] --END-- [ RunTime:0.000224s ]
INFO: [ app_begin ] --START--
INFO: Run Behavior\ReadHtmlCacheBehavior [ RunTime:0.000276s ]
INFO: [ app_begin ] --END-- [ RunTime:0.000306s ]
INFO: [ view_parse ] --START--
INFO: [ template_filter ] --START--
INFO: Run Behavior\ContentReplaceBehavior [ RunTime:0.000024s ]
INFO: [ template_filter ] --END-- [ RunTime:0.000063s ]
INFO: Run Behavior\ParseTemplateBehavior [ RunTime:0.003622s ]
INFO: [ view_parse ] --END-- [ RunTime:0.003653s ]
INFO: [ view_filter ] --START--
INFO: Run Behavior\WriteHtmlCacheBehavior [ RunTime:0.000113s ]
INFO: [ view_filter ] --END-- [ RunTime:0.000137s ]
INFO: [ app_end ] --START--
INFO: Run Behavior\ShowPageTraceBehavior [ RunTime:0.000317s ]
INFO: [ app_end ] --END-- [ RunTime:0.000354s ]

[ 2015-11-27T16:48:27+08:00 ] 127.0.0.1 /oj/index.php/Home/login.html
INFO: [ app_init ] --START--
INFO: Run Behavior\BuildLiteBehavior [ RunTime:0.000012s ]
INFO: [ app_init ] --END-- [ RunTime:0.000245s ]
INFO: [ app_begin ] --START--
INFO: Run Behavior\ReadHtmlCacheBehavior [ RunTime:0.000485s ]
INFO: [ app_begin ] --END-- [ RunTime:0.000523s ]
INFO: [ view_parse ] --START--
INFO: [ template_filter ] --START--
INFO: Run Behavior\ContentReplaceBehavior [ RunTime:0.000029s ]
INFO: [ template_filter ] --END-- [ RunTime:0.000079s ]
NOTIC: [8] Undefined variable: P /Applications/XAMPP/xamppfiles/htdocs/oj/app/Runtime/Cache/Home/1721c4720770efb58325480714de9558.php 第 25 行.
NOTIC: [8] Undefined variable: P /Applications/XAMPP/xamppfiles/htdocs/oj/app/Runtime/Cache/Home/1721c4720770efb58325480714de9558.php 第 26 行.
NOTIC: [8] Undefined variable: P /Applications/XAMPP/xamppfiles/htdocs/oj/app/Runtime/Cache/Home/1721c4720770efb58325480714de9558.php 第 27 行.
NOTIC: [8] Undefined variable: P /Applications/XAMPP/xamppfiles/htdocs/oj/app/Runtime/Cache/Home/1721c4720770efb58325480714de9558.php 第 28 行.
INFO: Run Behavior\ParseTemplateBehavior [ RunTime:0.013055s ]
INFO: [ view_parse ] --END-- [ RunTime:0.013128s ]
INFO: [ view_filter ] --START--
INFO: Run Behavior\WriteHtmlCacheBehavior [ RunTime:0.000151s ]
INFO: [ view_filter ] --END-- [ RunTime:0.000180s ]
INFO: [ app_end ] --START--
INFO: Run Behavior\ShowPageTraceBehavior [ RunTime:0.000661s ]
INFO: [ app_end ] --END-- [ RunTime:0.000710s ]

[ 2015-11-27T16:48:30+08:00 ] 127.0.0.1 /oj/index.php/Home/Login/login.html
INFO: [ app_init ] --START--
INFO: Run Behavior\BuildLiteBehavior [ RunTime:0.000010s ]
INFO: [ app_init ] --END-- [ RunTime:0.000211s ]
INFO: [ app_begin ] --START--
INFO: Run Behavior\ReadHtmlCacheBehavior [ RunTime:0.000262s ]
INFO: [ app_begin ] --END-- [ RunTime:0.000296s ]
SQL: SHOW COLUMNS FROM `user` [ RunTime:0.0254s ]
SQL: SELECT * FROM `user` WHERE `username` = 'admin' AND `password` = 'admin888' LIMIT 1   [ RunTime:0.0121s ]
SQL: SHOW COLUMNS FROM `mymsg` [ RunTime:0.0029s ]
SQL: SELECT * FROM `mymsg` WHERE `to` = 'admin' AND `read` = 0  [ RunTime:0.0011s ]
INFO: [ app_end ] --START--
INFO: Run Behavior\ShowPageTraceBehavior [ RunTime:0.000697s ]
INFO: [ app_end ] --END-- [ RunTime:0.000756s ]

[ 2015-11-27T16:48:32+08:00 ] 127.0.0.1 /oj/index.php/Home/User.html
INFO: [ app_init ] --START--
INFO: Run Behavior\BuildLiteBehavior [ RunTime:0.000012s ]
INFO: [ app_init ] --END-- [ RunTime:0.000273s ]
INFO: [ app_begin ] --START--
INFO: Run Behavior\ReadHtmlCacheBehavior [ RunTime:0.000338s ]
INFO: [ app_begin ] --END-- [ RunTime:0.000378s ]
SQL: SHOW COLUMNS FROM `user` [ RunTime:0.0015s ]
SQL: SELECT * FROM `user` WHERE `username` = 'admin' LIMIT 1   [ RunTime:0.0004s ]
INFO: [ view_parse ] --START--
INFO: [ template_filter ] --START--
INFO: Run Behavior\ContentReplaceBehavior [ RunTime:0.000030s ]
INFO: [ template_filter ] --END-- [ RunTime:0.000087s ]
NOTIC: [8] Undefined variable: P /Applications/XAMPP/xamppfiles/htdocs/oj/app/Runtime/Cache/Home/c4d675da734f315aa47c2be816a3d76e.php 第 25 行.
NOTIC: [8] Undefined variable: P /Applications/XAMPP/xamppfiles/htdocs/oj/app/Runtime/Cache/Home/c4d675da734f315aa47c2be816a3d76e.php 第 26 行.
NOTIC: [8] Undefined variable: P /Applications/XAMPP/xamppfiles/htdocs/oj/app/Runtime/Cache/Home/c4d675da734f315aa47c2be816a3d76e.php 第 27 行.
NOTIC: [8] Undefined variable: P /Applications/XAMPP/xamppfiles/htdocs/oj/app/Runtime/Cache/Home/c4d675da734f315aa47c2be816a3d76e.php 第 28 行.
INFO: Run Behavior\ParseTemplateBehavior [ RunTime:0.008879s ]
INFO: [ view_parse ] --END-- [ RunTime:0.008986s ]
INFO: [ view_filter ] --START--
INFO: Run Behavior\WriteHtmlCacheBehavior [ RunTime:0.000215s ]
INFO: [ view_filter ] --END-- [ RunTime:0.000253s ]
INFO: [ app_end ] --START--
INFO: Run Behavior\ShowPageTraceBehavior [ RunTime:0.000471s ]
INFO: [ app_end ] --END-- [ RunTime:0.000514s ]

[ 2015-11-27T16:48:34+08:00 ] 127.0.0.1 /oj/index.php/Home/Msg/sendmsg.html
INFO: [ app_init ] --START--
INFO: Run Behavior\BuildLiteBehavior [ RunTime:0.000013s ]
INFO: [ app_init ] --END-- [ RunTime:0.000310s ]
INFO: [ app_begin ] --START--
INFO: Run Behavior\ReadHtmlCacheBehavior [ RunTime:0.000392s ]
INFO: [ app_begin ] --END-- [ RunTime:0.000432s ]
INFO: [ view_parse ] --START--
INFO: [ template_filter ] --START--
INFO: Run Behavior\ContentReplaceBehavior [ RunTime:0.000038s ]
INFO: [ template_filter ] --END-- [ RunTime:0.000100s ]
NOTIC: [8] Undefined variable: P /Applications/XAMPP/xamppfiles/htdocs/oj/app/Runtime/Cache/Home/f9d305132a315cabdd824eb3fd6bcd01.php 第 25 行.
NOTIC: [8] Undefined variable: P /Applications/XAMPP/xamppfiles/htdocs/oj/app/Runtime/Cache/Home/f9d305132a315cabdd824eb3fd6bcd01.php 第 26 行.
NOTIC: [8] Undefined variable: P /Applications/XAMPP/xamppfiles/htdocs/oj/app/Runtime/Cache/Home/f9d305132a315cabdd824eb3fd6bcd01.php 第 27 行.
NOTIC: [8] Undefined variable: P /Applications/XAMPP/xamppfiles/htdocs/oj/app/Runtime/Cache/Home/f9d305132a315cabdd824eb3fd6bcd01.php 第 28 行.
NOTIC: [8] Undefined variable: userInf /Applications/XAMPP/xamppfiles/htdocs/oj/app/Runtime/Cache/Home/f9d305132a315cabdd824eb3fd6bcd01.php 第 64 行.
INFO: Run Behavior\ParseTemplateBehavior [ RunTime:0.009262s ]
INFO: [ view_parse ] --END-- [ RunTime:0.009325s ]
INFO: [ view_filter ] --START--
INFO: Run Behavior\WriteHtmlCacheBehavior [ RunTime:0.000207s ]
INFO: [ view_filter ] --END-- [ RunTime:0.000257s ]
INFO: [ app_end ] --START--
INFO: Run Behavior\ShowPageTraceBehavior [ RunTime:0.000488s ]
INFO: [ app_end ] --END-- [ RunTime:0.000533s ]

[ 2015-11-27T16:59:33+08:00 ] 127.0.0.1 /oj/index.php/Home/Msg/index.html
INFO: [ app_init ] --START--
INFO: Run Behavior\BuildLiteBehavior [ RunTime:0.000017s ]
INFO: [ app_init ] --END-- [ RunTime:0.000713s ]
INFO: [ app_begin ] --START--
INFO: Run Behavior\ReadHtmlCacheBehavior [ RunTime:0.000771s ]
INFO: [ app_begin ] --END-- [ RunTime:0.000847s ]
SQL: SHOW COLUMNS FROM `mymsg` [ RunTime:0.0021s ]
SQL: SELECT * FROM `mymsg` WHERE `to` = 'admin' AND `read` = 0  [ RunTime:0.0008s ]
SQL: UPDATE `mymsg` SET `time`='2015-11-26 22:30:29',`from`='admin',`to`='admin',`title`='爱好的赛道和',`content`='自行车',`read`='1' WHERE `id` = 23 [ RunTime:0.0117s ]
SQL: SELECT * FROM `mymsg` WHERE `to` = 'admin' AND `read` = 0  [ RunTime:0.0004s ]
SQL: SHOW COLUMNS FROM `user` [ RunTime:0.0023s ]
SQL: SELECT * FROM `user` WHERE `username` = 'admin' LIMIT 1   [ RunTime:0.0004s ]
INFO: [ view_parse ] --START--
INFO: [ template_filter ] --START--
INFO: Run Behavior\ContentReplaceBehavior [ RunTime:0.000033s ]
INFO: [ template_filter ] --END-- [ RunTime:0.000093s ]
NOTIC: [8] Undefined variable: P /Applications/XAMPP/xamppfiles/htdocs/oj/app/Runtime/Cache/Home/1957e975426890445b61855cec9e87d2.php 第 25 行.
NOTIC: [8] Undefined variable: P /Applications/XAMPP/xamppfiles/htdocs/oj/app/Runtime/Cache/Home/1957e975426890445b61855cec9e87d2.php 第 26 行.
NOTIC: [8] Undefined variable: P /Applications/XAMPP/xamppfiles/htdocs/oj/app/Runtime/Cache/Home/1957e975426890445b61855cec9e87d2.php 第 27 行.
NOTIC: [8] Undefined variable: P /Applications/XAMPP/xamppfiles/htdocs/oj/app/Runtime/Cache/Home/1957e975426890445b61855cec9e87d2.php 第 28 行.
INFO: Run Behavior\ParseTemplateBehavior [ RunTime:0.014678s ]
INFO: [ view_parse ] --END-- [ RunTime:0.014724s ]
INFO: [ view_filter ] --START--
INFO: Run Behavior\WriteHtmlCacheBehavior [ RunTime:0.000532s ]
INFO: [ view_filter ] --END-- [ RunTime:0.000582s ]
INFO: [ app_end ] --START--
INFO: Run Behavior\ShowPageTraceBehavior [ RunTime:0.002206s ]
INFO: [ app_end ] --END-- [ RunTime:0.002288s ]

[ 2015-11-27T16:59:37+08:00 ] 127.0.0.1 /oj/index.php/Home/Msg/index.html
INFO: [ app_init ] --START--
INFO: Run Behavior\BuildLiteBehavior [ RunTime:0.000011s ]
INFO: [ app_init ] --END-- [ RunTime:0.000238s ]
INFO: [ app_begin ] --START--
INFO: Run Behavior\ReadHtmlCacheBehavior [ RunTime:0.000282s ]
INFO: [ app_begin ] --END-- [ RunTime:0.000315s ]
SQL: SHOW COLUMNS FROM `mymsg` [ RunTime:0.0020s ]
SQL: SELECT * FROM `mymsg` WHERE `to` = 'admin' AND `read` = 0  [ RunTime:0.0003s ]
SQL: SELECT * FROM `mymsg` WHERE `to` = 'admin' AND `read` = 0  [ RunTime:0.0003s ]
SQL: SHOW COLUMNS FROM `user` [ RunTime:0.0018s ]
SQL: SELECT * FROM `user` WHERE `username` = 'admin' LIMIT 1   [ RunTime:0.0003s ]
INFO: [ view_parse ] --START--
INFO: [ template_filter ] --START--
INFO: Run Behavior\ContentReplaceBehavior [ RunTime:0.000027s ]
INFO: [ template_filter ] --END-- [ RunTime:0.000064s ]
NOTIC: [8] Undefined variable: P /Applications/XAMPP/xamppfiles/htdocs/oj/app/Runtime/Cache/Home/1957e975426890445b61855cec9e87d2.php 第 25 行.
NOTIC: [8] Undefined variable: P /Applications/XAMPP/xamppfiles/htdocs/oj/app/Runtime/Cache/Home/1957e975426890445b61855cec9e87d2.php 第 26 行.
NOTIC: [8] Undefined variable: P /Applications/XAMPP/xamppfiles/htdocs/oj/app/Runtime/Cache/Home/1957e975426890445b61855cec9e87d2.php 第 27 行.
NOTIC: [8] Undefined variable: P /Applications/XAMPP/xamppfiles/htdocs/oj/app/Runtime/Cache/Home/1957e975426890445b61855cec9e87d2.php 第 28 行.
INFO: Run Behavior\ParseTemplateBehavior [ RunTime:0.005872s ]
INFO: [ view_parse ] --END-- [ RunTime:0.005908s ]
INFO: [ view_filter ] --START--
INFO: Run Behavior\WriteHtmlCacheBehavior [ RunTime:0.000121s ]
INFO: [ view_filter ] --END-- [ RunTime:0.000144s ]
INFO: [ app_end ] --START--
INFO: Run Behavior\ShowPageTraceBehavior [ RunTime:0.000311s ]
INFO: [ app_end ] --END-- [ RunTime:0.000342s ]

[ 2015-11-27T16:59:39+08:00 ] 127.0.0.1 /oj/index.php/Home/Msg/old.html
INFO: [ app_init ] --START--
INFO: Run Behavior\BuildLiteBehavior [ RunTime:0.000011s ]
INFO: [ app_init ] --END-- [ RunTime:0.000259s ]
INFO: [ app_begin ] --START--
INFO: Run Behavior\ReadHtmlCacheBehavior [ RunTime:0.000290s ]
INFO: [ app_begin ] --END-- [ RunTime:0.000320s ]
SQL: SHOW COLUMNS FROM `mymsg` [ RunTime:0.0020s ]
SQL: SELECT * FROM `mymsg` WHERE `to` = 'admin'  [ RunTime:0.0004s ]
SQL: SHOW COLUMNS FROM `user` [ RunTime:0.0014s ]
SQL: SELECT * FROM `user` WHERE `username` = 'admin' LIMIT 1   [ RunTime:0.0004s ]
INFO: [ view_parse ] --START--
INFO: [ template_filter ] --START--
INFO: Run Behavior\ContentReplaceBehavior [ RunTime:0.000039s ]
INFO: [ template_filter ] --END-- [ RunTime:0.000094s ]
NOTIC: [8] Undefined variable: P /Applications/XAMPP/xamppfiles/htdocs/oj/app/Runtime/Cache/Home/1957e975426890445b61855cec9e87d2.php 第 25 行.
NOTIC: [8] Undefined variable: P /Applications/XAMPP/xamppfiles/htdocs/oj/app/Runtime/Cache/Home/1957e975426890445b61855cec9e87d2.php 第 26 行.
NOTIC: [8] Undefined variable: P /Applications/XAMPP/xamppfiles/htdocs/oj/app/Runtime/Cache/Home/1957e975426890445b61855cec9e87d2.php 第 27 行.
NOTIC: [8] Undefined variable: P /Applications/XAMPP/xamppfiles/htdocs/oj/app/Runtime/Cache/Home/1957e975426890445b61855cec9e87d2.php 第 28 行.
INFO: Run Behavior\ParseTemplateBehavior [ RunTime:0.007873s ]
INFO: [ view_parse ] --END-- [ RunTime:0.007913s ]
INFO: [ view_filter ] --START--
INFO: Run Behavior\WriteHtmlCacheBehavior [ RunTime:0.000113s ]
INFO: [ view_filter ] --END-- [ RunTime:0.000135s ]
INFO: [ app_end ] --START--
INFO: Run Behavior\ShowPageTraceBehavior [ RunTime:0.000351s ]
INFO: [ app_end ] --END-- [ RunTime:0.000398s ]

[ 2015-11-27T17:01:04+08:00 ] 127.0.0.1 /oj/index.php/Home/Msg/sendmsg.html
INFO: [ app_init ] --START--
INFO: Run Behavior\BuildLiteBehavior [ RunTime:0.000018s ]
INFO: [ app_init ] --END-- [ RunTime:0.000368s ]
INFO: [ app_begin ] --START--
INFO: Run Behavior\ReadHtmlCacheBehavior [ RunTime:0.000393s ]
INFO: [ app_begin ] --END-- [ RunTime:0.000454s ]
INFO: [ view_parse ] --START--
INFO: [ template_filter ] --START--
INFO: Run Behavior\ContentReplaceBehavior [ RunTime:0.000033s ]
INFO: [ template_filter ] --END-- [ RunTime:0.000112s ]
NOTIC: [8] Undefined variable: P /Applications/XAMPP/xamppfiles/htdocs/oj/app/Runtime/Cache/Home/f9d305132a315cabdd824eb3fd6bcd01.php 第 25 行.
NOTIC: [8] Undefined variable: P /Applications/XAMPP/xamppfiles/htdocs/oj/app/Runtime/Cache/Home/f9d305132a315cabdd824eb3fd6bcd01.php 第 26 行.
NOTIC: [8] Undefined variable: P /Applications/XAMPP/xamppfiles/htdocs/oj/app/Runtime/Cache/Home/f9d305132a315cabdd824eb3fd6bcd01.php 第 27 行.
NOTIC: [8] Undefined variable: P /Applications/XAMPP/xamppfiles/htdocs/oj/app/Runtime/Cache/Home/f9d305132a315cabdd824eb3fd6bcd01.php 第 28 行.
NOTIC: [8] Undefined variable: userInf /Applications/XAMPP/xamppfiles/htdocs/oj/app/Runtime/Cache/Home/f9d305132a315cabdd824eb3fd6bcd01.php 第 64 行.
INFO: Run Behavior\ParseTemplateBehavior [ RunTime:0.009467s ]
INFO: [ view_parse ] --END-- [ RunTime:0.009540s ]
INFO: [ view_filter ] --START--
INFO: Run Behavior\WriteHtmlCacheBehavior [ RunTime:0.000168s ]
INFO: [ view_filter ] --END-- [ RunTime:0.000203s ]
INFO: [ app_end ] --START--
INFO: Run Behavior\ShowPageTraceBehavior [ RunTime:0.000493s ]
INFO: [ app_end ] --END-- [ RunTime:0.000536s ]

[ 2015-11-27T17:03:17+08:00 ] 127.0.0.1 /oj/index.php/Home/Msg/index.html
INFO: [ app_init ] --START--
INFO: Run Behavior\BuildLiteBehavior [ RunTime:0.000018s ]
INFO: [ app_init ] --END-- [ RunTime:0.000353s ]
INFO: [ app_begin ] --START--
INFO: Run Behavior\ReadHtmlCacheBehavior [ RunTime:0.000382s ]
INFO: [ app_begin ] --END-- [ RunTime:0.000441s ]
SQL: SHOW COLUMNS FROM `mymsg` [ RunTime:0.0036s ]
SQL: SELECT * FROM `mymsg` WHERE `to` = 'admin' AND `read` = 0  [ RunTime:0.0004s ]
SQL: SELECT * FROM `mymsg` WHERE `to` = 'admin' AND `read` = 0  [ RunTime:0.0003s ]
SQL: SHOW COLUMNS FROM `user` [ RunTime:0.0015s ]
SQL: SELECT * FROM `user` WHERE `username` = 'admin' LIMIT 1   [ RunTime:0.0003s ]
INFO: [ view_parse ] --START--
INFO: [ template_filter ] --START--
INFO: Run Behavior\ContentReplaceBehavior [ RunTime:0.000030s ]
INFO: [ template_filter ] --END-- [ RunTime:0.000081s ]
NOTIC: [8] Undefined variable: P /Applications/XAMPP/xamppfiles/htdocs/oj/app/Runtime/Cache/Home/1957e975426890445b61855cec9e87d2.php 第 25 行.
NOTIC: [8] Undefined variable: P /Applications/XAMPP/xamppfiles/htdocs/oj/app/Runtime/Cache/Home/1957e975426890445b61855cec9e87d2.php 第 26 行.
NOTIC: [8] Undefined variable: P /Applications/XAMPP/xamppfiles/htdocs/oj/app/Runtime/Cache/Home/1957e975426890445b61855cec9e87d2.php 第 27 行.
NOTIC: [8] Undefined variable: P /Applications/XAMPP/xamppfiles/htdocs/oj/app/Runtime/Cache/Home/1957e975426890445b61855cec9e87d2.php 第 28 行.
INFO: Run Behavior\ParseTemplateBehavior [ RunTime:0.011165s ]
INFO: [ view_parse ] --END-- [ RunTime:0.011250s ]
INFO: [ view_filter ] --START--
INFO: Run Behavior\WriteHtmlCacheBehavior [ RunTime:0.000236s ]
INFO: [ view_filter ] --END-- [ RunTime:0.000283s ]
INFO: [ app_end ] --START--
INFO: Run Behavior\ShowPageTraceBehavior [ RunTime:0.000704s ]
INFO: [ app_end ] --END-- [ RunTime:0.000766s ]

[ 2015-11-27T17:03:52+08:00 ] 127.0.0.1 /oj/index.php/Home/Msg/index.html
INFO: [ app_init ] --START--
INFO: Run Behavior\BuildLiteBehavior [ RunTime:0.000017s ]
INFO: [ app_init ] --END-- [ RunTime:0.000355s ]
INFO: [ app_begin ] --START--
INFO: Run Behavior\ReadHtmlCacheBehavior [ RunTime:0.000653s ]
INFO: [ app_begin ] --END-- [ RunTime:0.000744s ]
SQL: SHOW COLUMNS FROM `mymsg` [ RunTime:0.0014s ]
SQL: SELECT * FROM `mymsg` WHERE `to` = 'admin' AND `read` = 0  [ RunTime:0.0003s ]
SQL: SELECT * FROM `mymsg` WHERE `to` = 'admin' AND `read` = 0  [ RunTime:0.0002s ]
SQL: SHOW COLUMNS FROM `user` [ RunTime:0.0012s ]
SQL: SELECT * FROM `user` WHERE `username` = 'admin' LIMIT 1   [ RunTime:0.0003s ]
INFO: [ view_parse ] --START--
INFO: [ template_filter ] --START--
INFO: Run Behavior\ContentReplaceBehavior [ RunTime:0.000038s ]
INFO: [ template_filter ] --END-- [ RunTime:0.000100s ]
NOTIC: [8] Undefined variable: P /Applications/XAMPP/xamppfiles/htdocs/oj/app/Runtime/Cache/Home/1957e975426890445b61855cec9e87d2.php 第 25 行.
NOTIC: [8] Undefined variable: P /Applications/XAMPP/xamppfiles/htdocs/oj/app/Runtime/Cache/Home/1957e975426890445b61855cec9e87d2.php 第 26 行.
NOTIC: [8] Undefined variable: P /Applications/XAMPP/xamppfiles/htdocs/oj/app/Runtime/Cache/Home/1957e975426890445b61855cec9e87d2.php 第 27 行.
NOTIC: [8] Undefined variable: P /Applications/XAMPP/xamppfiles/htdocs/oj/app/Runtime/Cache/Home/1957e975426890445b61855cec9e87d2.php 第 28 行.
INFO: Run Behavior\ParseTemplateBehavior [ RunTime:0.012919s ]
INFO: [ view_parse ] --END-- [ RunTime:0.013004s ]
INFO: [ view_filter ] --START--
INFO: Run Behavior\WriteHtmlCacheBehavior [ RunTime:0.000229s ]
INFO: [ view_filter ] --END-- [ RunTime:0.000267s ]
INFO: [ app_end ] --START--
INFO: Run Behavior\ShowPageTraceBehavior [ RunTime:0.000522s ]
INFO: [ app_end ] --END-- [ RunTime:0.000571s ]

[ 2015-11-27T17:04:03+08:00 ] 127.0.0.1 /oj/index.php/Home/Msg/index.html
INFO: [ app_init ] --START--
INFO: Run Behavior\BuildLiteBehavior [ RunTime:0.000012s ]
INFO: [ app_init ] --END-- [ RunTime:0.000311s ]
INFO: [ app_begin ] --START--
INFO: Run Behavior\ReadHtmlCacheBehavior [ RunTime:0.000297s ]
INFO: [ app_begin ] --END-- [ RunTime:0.000328s ]
SQL: SHOW COLUMNS FROM `mymsg` [ RunTime:0.0027s ]
SQL: SELECT * FROM `mymsg` WHERE `to` = 'admin' AND `read` = 0  [ RunTime:0.0004s ]
SQL: SELECT * FROM `mymsg` WHERE `to` = 'admin' AND `read` = 0  [ RunTime:0.0003s ]
SQL: SHOW COLUMNS FROM `user` [ RunTime:0.0013s ]
SQL: SELECT * FROM `user` WHERE `username` = 'admin' LIMIT 1   [ RunTime:0.0004s ]
INFO: [ view_parse ] --START--
INFO: [ template_filter ] --START--
INFO: Run Behavior\ContentReplaceBehavior [ RunTime:0.000029s ]
INFO: [ template_filter ] --END-- [ RunTime:0.000086s ]
NOTIC: [8] Undefined variable: P /Applications/XAMPP/xamppfiles/htdocs/oj/app/Runtime/Cache/Home/1957e975426890445b61855cec9e87d2.php 第 25 行.
NOTIC: [8] Undefined variable: P /Applications/XAMPP/xamppfiles/htdocs/oj/app/Runtime/Cache/Home/1957e975426890445b61855cec9e87d2.php 第 26 行.
NOTIC: [8] Undefined variable: P /Applications/XAMPP/xamppfiles/htdocs/oj/app/Runtime/Cache/Home/1957e975426890445b61855cec9e87d2.php 第 27 行.
NOTIC: [8] Undefined variable: P /Applications/XAMPP/xamppfiles/htdocs/oj/app/Runtime/Cache/Home/1957e975426890445b61855cec9e87d2.php 第 28 行.
INFO: Run Behavior\ParseTemplateBehavior [ RunTime:0.010087s ]
INFO: [ view_parse ] --END-- [ RunTime:0.010155s ]
INFO: [ view_filter ] --START--
INFO: Run Behavior\WriteHtmlCacheBehavior [ RunTime:0.000141s ]
INFO: [ view_filter ] --END-- [ RunTime:0.000164s ]
INFO: [ app_end ] --START--
INFO: Run Behavior\ShowPageTraceBehavior [ RunTime:0.000366s ]
INFO: [ app_end ] --END-- [ RunTime:0.000401s ]

[ 2015-11-27T17:04:39+08:00 ] 127.0.0.1 /oj/index.php/Home/Msg/index.html
INFO: [ app_init ] --START--
INFO: Run Behavior\BuildLiteBehavior [ RunTime:0.000012s ]
INFO: [ app_init ] --END-- [ RunTime:0.000305s ]
INFO: [ app_begin ] --START--
INFO: Run Behavior\ReadHtmlCacheBehavior [ RunTime:0.000295s ]
INFO: [ app_begin ] --END-- [ RunTime:0.000328s ]
SQL: SHOW COLUMNS FROM `mymsg` [ RunTime:0.0020s ]
SQL: SELECT * FROM `mymsg` WHERE `to` = 'admin' AND `read` = 0  [ RunTime:0.0003s ]
SQL: SELECT * FROM `mymsg` WHERE `to` = 'admin' AND `read` = 0  [ RunTime:0.0003s ]
SQL: SHOW COLUMNS FROM `user` [ RunTime:0.0020s ]
SQL: SELECT * FROM `user` WHERE `username` = 'admin' LIMIT 1   [ RunTime:0.0003s ]
INFO: [ view_parse ] --START--
INFO: [ template_filter ] --START--
INFO: Run Behavior\ContentReplaceBehavior [ RunTime:0.000024s ]
INFO: [ template_filter ] --END-- [ RunTime:0.000072s ]
NOTIC: [8] Undefined variable: P /Applications/XAMPP/xamppfiles/htdocs/oj/app/Runtime/Cache/Home/1957e975426890445b61855cec9e87d2.php 第 25 行.
NOTIC: [8] Undefined variable: P /Applications/XAMPP/xamppfiles/htdocs/oj/app/Runtime/Cache/Home/1957e975426890445b61855cec9e87d2.php 第 26 行.
NOTIC: [8] Undefined variable: P /Applications/XAMPP/xamppfiles/htdocs/oj/app/Runtime/Cache/Home/1957e975426890445b61855cec9e87d2.php 第 27 行.
NOTIC: [8] Undefined variable: P /Applications/XAMPP/xamppfiles/htdocs/oj/app/Runtime/Cache/Home/1957e975426890445b61855cec9e87d2.php 第 28 行.
INFO: Run Behavior\ParseTemplateBehavior [ RunTime:0.011097s ]
INFO: [ view_parse ] --END-- [ RunTime:0.011178s ]
INFO: [ view_filter ] --START--
INFO: Run Behavior\WriteHtmlCacheBehavior [ RunTime:0.000127s ]
INFO: [ view_filter ] --END-- [ RunTime:0.000151s ]
INFO: [ app_end ] --START--
INFO: Run Behavior\ShowPageTraceBehavior [ RunTime:0.000419s ]
INFO: [ app_end ] --END-- [ RunTime:0.000458s ]

[ 2015-11-27T17:05:26+08:00 ] 127.0.0.1 /oj/index.php/Home/Msg/old.html
INFO: [ app_init ] --START--
INFO: Run Behavior\BuildLiteBehavior [ RunTime:0.000033s ]
INFO: [ app_init ] --END-- [ RunTime:0.000987s ]
INFO: [ app_begin ] --START--
INFO: Run Behavior\ReadHtmlCacheBehavior [ RunTime:0.001008s ]
INFO: [ app_begin ] --END-- [ RunTime:0.001118s ]
SQL: SHOW COLUMNS FROM `mymsg` [ RunTime:0.0027s ]
SQL: SELECT * FROM `mymsg` WHERE `to` = 'admin'  [ RunTime:0.0005s ]
SQL: SHOW COLUMNS FROM `user` [ RunTime:0.0012s ]
SQL: SELECT * FROM `user` WHERE `username` = 'admin' LIMIT 1   [ RunTime:0.0003s ]
INFO: [ view_parse ] --START--
INFO: [ template_filter ] --START--
INFO: Run Behavior\ContentReplaceBehavior [ RunTime:0.000030s ]
INFO: [ template_filter ] --END-- [ RunTime:0.000070s ]
NOTIC: [8] Undefined variable: P /Applications/XAMPP/xamppfiles/htdocs/oj/app/Runtime/Cache/Home/1957e975426890445b61855cec9e87d2.php 第 25 行.
NOTIC: [8] Undefined variable: P /Applications/XAMPP/xamppfiles/htdocs/oj/app/Runtime/Cache/Home/1957e975426890445b61855cec9e87d2.php 第 26 行.
NOTIC: [8] Undefined variable: P /Applications/XAMPP/xamppfiles/htdocs/oj/app/Runtime/Cache/Home/1957e975426890445b61855cec9e87d2.php 第 27 行.
NOTIC: [8] Undefined variable: P /Applications/XAMPP/xamppfiles/htdocs/oj/app/Runtime/Cache/Home/1957e975426890445b61855cec9e87d2.php 第 28 行.
INFO: Run Behavior\ParseTemplateBehavior [ RunTime:0.011344s ]
INFO: [ view_parse ] --END-- [ RunTime:0.011422s ]
INFO: [ view_filter ] --START--
INFO: Run Behavior\WriteHtmlCacheBehavior [ RunTime:0.000426s ]
INFO: [ view_filter ] --END-- [ RunTime:0.000466s ]
INFO: [ app_end ] --START--
INFO: Run Behavior\ShowPageTraceBehavior [ RunTime:0.002244s ]
INFO: [ app_end ] --END-- [ RunTime:0.002344s ]

[ 2015-11-27T17:05:29+08:00 ] 127.0.0.1 /oj/index.php/Home/Msg/index.html
INFO: [ app_init ] --START--
INFO: Run Behavior\BuildLiteBehavior [ RunTime:0.000011s ]
INFO: [ app_init ] --END-- [ RunTime:0.000229s ]
INFO: [ app_begin ] --START--
INFO: Run Behavior\ReadHtmlCacheBehavior [ RunTime:0.000285s ]
INFO: [ app_begin ] --END-- [ RunTime:0.000316s ]
SQL: SHOW COLUMNS FROM `mymsg` [ RunTime:0.0013s ]
SQL: SELECT * FROM `mymsg` WHERE `to` = 'admin' AND `read` = 0  [ RunTime:0.0003s ]
SQL: SELECT * FROM `mymsg` WHERE `to` = 'admin' AND `read` = 0  [ RunTime:0.0003s ]
SQL: SHOW COLUMNS FROM `user` [ RunTime:0.0017s ]
SQL: SELECT * FROM `user` WHERE `username` = 'admin' LIMIT 1   [ RunTime:0.0003s ]
INFO: [ view_parse ] --START--
INFO: [ template_filter ] --START--
INFO: Run Behavior\ContentReplaceBehavior [ RunTime:0.000024s ]
INFO: [ template_filter ] --END-- [ RunTime:0.000054s ]
NOTIC: [8] Undefined variable: P /Applications/XAMPP/xamppfiles/htdocs/oj/app/Runtime/Cache/Home/1957e975426890445b61855cec9e87d2.php 第 25 行.
NOTIC: [8] Undefined variable: P /Applications/XAMPP/xamppfiles/htdocs/oj/app/Runtime/Cache/Home/1957e975426890445b61855cec9e87d2.php 第 26 行.
NOTIC: [8] Undefined variable: P /Applications/XAMPP/xamppfiles/htdocs/oj/app/Runtime/Cache/Home/1957e975426890445b61855cec9e87d2.php 第 27 行.
NOTIC: [8] Undefined variable: P /Applications/XAMPP/xamppfiles/htdocs/oj/app/Runtime/Cache/Home/1957e975426890445b61855cec9e87d2.php 第 28 行.
INFO: Run Behavior\ParseTemplateBehavior [ RunTime:0.006390s ]
INFO: [ view_parse ] --END-- [ RunTime:0.006431s ]
INFO: [ view_filter ] --START--
INFO: Run Behavior\WriteHtmlCacheBehavior [ RunTime:0.000159s ]
INFO: [ view_filter ] --END-- [ RunTime:0.000190s ]
INFO: [ app_end ] --START--
INFO: Run Behavior\ShowPageTraceBehavior [ RunTime:0.000398s ]
INFO: [ app_end ] --END-- [ RunTime:0.000437s ]

[ 2015-11-27T17:05:31+08:00 ] 127.0.0.1 /oj/index.php/Home/Msg/old.html
INFO: [ app_init ] --START--
INFO: Run Behavior\BuildLiteBehavior [ RunTime:0.000012s ]
INFO: [ app_init ] --END-- [ RunTime:0.000262s ]
INFO: [ app_begin ] --START--
INFO: Run Behavior\ReadHtmlCacheBehavior [ RunTime:0.000279s ]
INFO: [ app_begin ] --END-- [ RunTime:0.000308s ]
SQL: SHOW COLUMNS FROM `mymsg` [ RunTime:0.0033s ]
SQL: SELECT * FROM `mymsg` WHERE `to` = 'admin'  [ RunTime:0.0004s ]
SQL: SHOW COLUMNS FROM `user` [ RunTime:0.0015s ]
SQL: SELECT * FROM `user` WHERE `username` = 'admin' LIMIT 1   [ RunTime:0.0004s ]
INFO: [ view_parse ] --START--
INFO: [ template_filter ] --START--
INFO: Run Behavior\ContentReplaceBehavior [ RunTime:0.000029s ]
INFO: [ template_filter ] --END-- [ RunTime:0.000070s ]
NOTIC: [8] Undefined variable: P /Applications/XAMPP/xamppfiles/htdocs/oj/app/Runtime/Cache/Home/1957e975426890445b61855cec9e87d2.php 第 25 行.
NOTIC: [8] Undefined variable: P /Applications/XAMPP/xamppfiles/htdocs/oj/app/Runtime/Cache/Home/1957e975426890445b61855cec9e87d2.php 第 26 行.
NOTIC: [8] Undefined variable: P /Applications/XAMPP/xamppfiles/htdocs/oj/app/Runtime/Cache/Home/1957e975426890445b61855cec9e87d2.php 第 27 行.
NOTIC: [8] Undefined variable: P /Applications/XAMPP/xamppfiles/htdocs/oj/app/Runtime/Cache/Home/1957e975426890445b61855cec9e87d2.php 第 28 行.
INFO: Run Behavior\ParseTemplateBehavior [ RunTime:0.007077s ]
INFO: [ view_parse ] --END-- [ RunTime:0.007122s ]
INFO: [ view_filter ] --START--
INFO: Run Behavior\WriteHtmlCacheBehavior [ RunTime:0.000111s ]
INFO: [ view_filter ] --END-- [ RunTime:0.000134s ]
INFO: [ app_end ] --START--
INFO: Run Behavior\ShowPageTraceBehavior [ RunTime:0.000312s ]
INFO: [ app_end ] --END-- [ RunTime:0.000343s ]

[ 2015-11-27T17:05:42+08:00 ] 127.0.0.1 /oj/index.php/Home/Msg/index.html
INFO: [ app_init ] --START--
INFO: Run Behavior\BuildLiteBehavior [ RunTime:0.000012s ]
INFO: [ app_init ] --END-- [ RunTime:0.000277s ]
INFO: [ app_begin ] --START--
INFO: Run Behavior\ReadHtmlCacheBehavior [ RunTime:0.000280s ]
INFO: [ app_begin ] --END-- [ RunTime:0.000310s ]
SQL: SHOW COLUMNS FROM `mymsg` [ RunTime:0.0031s ]
SQL: SELECT * FROM `mymsg` WHERE `to` = 'admin' AND `read` = 0  [ RunTime:0.0005s ]
SQL: SELECT * FROM `mymsg` WHERE `to` = 'admin' AND `read` = 0  [ RunTime:0.0003s ]
SQL: SHOW COLUMNS FROM `user` [ RunTime:0.0018s ]
SQL: SELECT * FROM `user` WHERE `username` = 'admin' LIMIT 1   [ RunTime:0.0003s ]
INFO: [ view_parse ] --START--
INFO: [ template_filter ] --START--
INFO: Run Behavior\ContentReplaceBehavior [ RunTime:0.000026s ]
INFO: [ template_filter ] --END-- [ RunTime:0.000060s ]
NOTIC: [8] Undefined variable: P /Applications/XAMPP/xamppfiles/htdocs/oj/app/Runtime/Cache/Home/1957e975426890445b61855cec9e87d2.php 第 25 行.
NOTIC: [8] Undefined variable: P /Applications/XAMPP/xamppfiles/htdocs/oj/app/Runtime/Cache/Home/1957e975426890445b61855cec9e87d2.php 第 26 行.
NOTIC: [8] Undefined variable: P /Applications/XAMPP/xamppfiles/htdocs/oj/app/Runtime/Cache/Home/1957e975426890445b61855cec9e87d2.php 第 27 行.
NOTIC: [8] Undefined variable: P /Applications/XAMPP/xamppfiles/htdocs/oj/app/Runtime/Cache/Home/1957e975426890445b61855cec9e87d2.php 第 28 行.
INFO: Run Behavior\ParseTemplateBehavior [ RunTime:0.006092s ]
INFO: [ view_parse ] --END-- [ RunTime:0.006126s ]
INFO: [ view_filter ] --START--
INFO: Run Behavior\WriteHtmlCacheBehavior [ RunTime:0.000108s ]
INFO: [ view_filter ] --END-- [ RunTime:0.000130s ]
INFO: [ app_end ] --START--
INFO: Run Behavior\ShowPageTraceBehavior [ RunTime:0.000318s ]
INFO: [ app_end ] --END-- [ RunTime:0.000354s ]

[ 2015-11-27T17:05:43+08:00 ] 127.0.0.1 /oj/index.php/Home/Msg/old.html
INFO: [ app_init ] --START--
INFO: Run Behavior\BuildLiteBehavior [ RunTime:0.000011s ]
INFO: [ app_init ] --END-- [ RunTime:0.000235s ]
INFO: [ app_begin ] --START--
INFO: Run Behavior\ReadHtmlCacheBehavior [ RunTime:0.000279s ]
INFO: [ app_begin ] --END-- [ RunTime:0.000310s ]
SQL: SHOW COLUMNS FROM `mymsg` [ RunTime:0.0031s ]
SQL: SELECT * FROM `mymsg` WHERE `to` = 'admin'  [ RunTime:0.0004s ]
SQL: SHOW COLUMNS FROM `user` [ RunTime:0.0015s ]
SQL: SELECT * FROM `user` WHERE `username` = 'admin' LIMIT 1   [ RunTime:0.0004s ]
INFO: [ view_parse ] --START--
INFO: [ template_filter ] --START--
INFO: Run Behavior\ContentReplaceBehavior [ RunTime:0.000023s ]
INFO: [ template_filter ] --END-- [ RunTime:0.000055s ]
NOTIC: [8] Undefined variable: P /Applications/XAMPP/xamppfiles/htdocs/oj/app/Runtime/Cache/Home/1957e975426890445b61855cec9e87d2.php 第 25 行.
NOTIC: [8] Undefined variable: P /Applications/XAMPP/xamppfiles/htdocs/oj/app/Runtime/Cache/Home/1957e975426890445b61855cec9e87d2.php 第 26 行.
NOTIC: [8] Undefined variable: P /Applications/XAMPP/xamppfiles/htdocs/oj/app/Runtime/Cache/Home/1957e975426890445b61855cec9e87d2.php 第 27 行.
NOTIC: [8] Undefined variable: P /Applications/XAMPP/xamppfiles/htdocs/oj/app/Runtime/Cache/Home/1957e975426890445b61855cec9e87d2.php 第 28 行.
INFO: Run Behavior\ParseTemplateBehavior [ RunTime:0.006091s ]
INFO: [ view_parse ] --END-- [ RunTime:0.006141s ]
INFO: [ view_filter ] --START--
INFO: Run Behavior\WriteHtmlCacheBehavior [ RunTime:0.000136s ]
INFO: [ view_filter ] --END-- [ RunTime:0.000163s ]
INFO: [ app_end ] --START--
INFO: Run Behavior\ShowPageTraceBehavior [ RunTime:0.000385s ]
INFO: [ app_end ] --END-- [ RunTime:0.000516s ]

[ 2015-11-27T17:05:52+08:00 ] 127.0.0.1 /oj/index.php/Home/Msg/index.html
INFO: [ app_init ] --START--
INFO: Run Behavior\BuildLiteBehavior [ RunTime:0.000011s ]
INFO: [ app_init ] --END-- [ RunTime:0.000254s ]
INFO: [ app_begin ] --START--
INFO: Run Behavior\ReadHtmlCacheBehavior [ RunTime:0.000333s ]
INFO: [ app_begin ] --END-- [ RunTime:0.000364s ]
SQL: SHOW COLUMNS FROM `mymsg` [ RunTime:0.0015s ]
SQL: SELECT * FROM `mymsg` WHERE `to` = 'admin' AND `read` = 0  [ RunTime:0.0003s ]
SQL: SELECT * FROM `mymsg` WHERE `to` = 'admin' AND `read` = 0  [ RunTime:0.0003s ]
SQL: SHOW COLUMNS FROM `user` [ RunTime:0.0019s ]
SQL: SELECT * FROM `user` WHERE `username` = 'admin' LIMIT 1   [ RunTime:0.0003s ]
INFO: [ view_parse ] --START--
INFO: [ template_filter ] --START--
INFO: Run Behavior\ContentReplaceBehavior [ RunTime:0.000032s ]
INFO: [ template_filter ] --END-- [ RunTime:0.000092s ]
NOTIC: [8] Undefined variable: P /Applications/XAMPP/xamppfiles/htdocs/oj/app/Runtime/Cache/Home/1957e975426890445b61855cec9e87d2.php 第 25 行.
NOTIC: [8] Undefined variable: P /Applications/XAMPP/xamppfiles/htdocs/oj/app/Runtime/Cache/Home/1957e975426890445b61855cec9e87d2.php 第 26 行.
NOTIC: [8] Undefined variable: P /Applications/XAMPP/xamppfiles/htdocs/oj/app/Runtime/Cache/Home/1957e975426890445b61855cec9e87d2.php 第 27 行.
NOTIC: [8] Undefined variable: P /Applications/XAMPP/xamppfiles/htdocs/oj/app/Runtime/Cache/Home/1957e975426890445b61855cec9e87d2.php 第 28 行.
INFO: Run Behavior\ParseTemplateBehavior [ RunTime:0.008929s ]
INFO: [ view_parse ] --END-- [ RunTime:0.008987s ]
INFO: [ view_filter ] --START--
INFO: Run Behavior\WriteHtmlCacheBehavior [ RunTime:0.000138s ]
INFO: [ view_filter ] --END-- [ RunTime:0.000162s ]
INFO: [ app_end ] --START--
INFO: Run Behavior\ShowPageTraceBehavior [ RunTime:0.000335s ]
INFO: [ app_end ] --END-- [ RunTime:0.000373s ]

[ 2015-11-27T21:27:58+08:00 ] 202.194.124.69 /oj/
INFO: [ app_init ] --START--
INFO: Run Behavior\BuildLiteBehavior [ RunTime:0.000035s ]
INFO: [ app_init ] --END-- [ RunTime:0.002569s ]
INFO: [ app_begin ] --START--
INFO: Run Behavior\ReadHtmlCacheBehavior [ RunTime:0.001081s ]
INFO: [ app_begin ] --END-- [ RunTime:0.001207s ]
INFO: [ view_parse ] --START--
INFO: [ template_filter ] --START--
INFO: Run Behavior\ContentReplaceBehavior [ RunTime:0.000073s ]
INFO: [ template_filter ] --END-- [ RunTime:0.000187s ]
INFO: Run Behavior\ParseTemplateBehavior [ RunTime:0.016037s ]
INFO: [ view_parse ] --END-- [ RunTime:0.016153s ]
INFO: [ view_filter ] --START--
INFO: Run Behavior\WriteHtmlCacheBehavior [ RunTime:0.000621s ]
INFO: [ view_filter ] --END-- [ RunTime:0.000690s ]
INFO: [ app_end ] --START--
INFO: Run Behavior\ShowPageTraceBehavior [ RunTime:0.001286s ]
INFO: [ app_end ] --END-- [ RunTime:0.001381s ]

[ 2015-11-27T21:28:01+08:00 ] 202.194.124.69 /oj/index.php/Home/login.html
INFO: [ app_init ] --START--
INFO: Run Behavior\BuildLiteBehavior [ RunTime:0.000014s ]
INFO: [ app_init ] --END-- [ RunTime:0.000322s ]
INFO: [ app_begin ] --START--
INFO: Run Behavior\ReadHtmlCacheBehavior [ RunTime:0.000367s ]
INFO: [ app_begin ] --END-- [ RunTime:0.000408s ]
INFO: [ view_parse ] --START--
INFO: [ template_filter ] --START--
INFO: Run Behavior\ContentReplaceBehavior [ RunTime:0.000032s ]
INFO: [ template_filter ] --END-- [ RunTime:0.000102s ]
NOTIC: [8] Undefined variable: P /Applications/XAMPP/xamppfiles/htdocs/oj/app/Runtime/Cache/Home/1721c4720770efb58325480714de9558.php 第 25 行.
NOTIC: [8] Undefined variable: P /Applications/XAMPP/xamppfiles/htdocs/oj/app/Runtime/Cache/Home/1721c4720770efb58325480714de9558.php 第 26 行.
NOTIC: [8] Undefined variable: P /Applications/XAMPP/xamppfiles/htdocs/oj/app/Runtime/Cache/Home/1721c4720770efb58325480714de9558.php 第 27 行.
NOTIC: [8] Undefined variable: P /Applications/XAMPP/xamppfiles/htdocs/oj/app/Runtime/Cache/Home/1721c4720770efb58325480714de9558.php 第 28 行.
INFO: Run Behavior\ParseTemplateBehavior [ RunTime:0.015084s ]
INFO: [ view_parse ] --END-- [ RunTime:0.015135s ]
INFO: [ view_filter ] --START--
INFO: Run Behavior\WriteHtmlCacheBehavior [ RunTime:0.000147s ]
INFO: [ view_filter ] --END-- [ RunTime:0.000179s ]
INFO: [ app_end ] --START--
INFO: Run Behavior\ShowPageTraceBehavior [ RunTime:0.000530s ]
INFO: [ app_end ] --END-- [ RunTime:0.000578s ]

[ 2015-11-27T21:28:05+08:00 ] 202.194.124.69 /oj/index.php/Home/Login/index.html
INFO: [ app_init ] --START--
INFO: Run Behavior\BuildLiteBehavior [ RunTime:0.000012s ]
INFO: [ app_init ] --END-- [ RunTime:0.000277s ]
INFO: [ app_begin ] --START--
INFO: Run Behavior\ReadHtmlCacheBehavior [ RunTime:0.000353s ]
INFO: [ app_begin ] --END-- [ RunTime:0.000393s ]
INFO: [ view_parse ] --START--
INFO: [ template_filter ] --START--
INFO: Run Behavior\ContentReplaceBehavior [ RunTime:0.000022s ]
INFO: [ template_filter ] --END-- [ RunTime:0.000059s ]
NOTIC: [8] Undefined variable: P /Applications/XAMPP/xamppfiles/htdocs/oj/app/Runtime/Cache/Home/1721c4720770efb58325480714de9558.php 第 25 行.
NOTIC: [8] Undefined variable: P /Applications/XAMPP/xamppfiles/htdocs/oj/app/Runtime/Cache/Home/1721c4720770efb58325480714de9558.php 第 26 行.
NOTIC: [8] Undefined variable: P /Applications/XAMPP/xamppfiles/htdocs/oj/app/Runtime/Cache/Home/1721c4720770efb58325480714de9558.php 第 27 行.
NOTIC: [8] Undefined variable: P /Applications/XAMPP/xamppfiles/htdocs/oj/app/Runtime/Cache/Home/1721c4720770efb58325480714de9558.php 第 28 行.
INFO: Run Behavior\ParseTemplateBehavior [ RunTime:0.005586s ]
INFO: [ view_parse ] --END-- [ RunTime:0.005621s ]
INFO: [ view_filter ] --START--
INFO: Run Behavior\WriteHtmlCacheBehavior [ RunTime:0.000113s ]
INFO: [ view_filter ] --END-- [ RunTime:0.000140s ]
INFO: [ app_end ] --START--
INFO: Run Behavior\ShowPageTraceBehavior [ RunTime:0.000321s ]
INFO: [ app_end ] --END-- [ RunTime:0.000349s ]

[ 2015-11-27T21:45:27+08:00 ] 202.194.124.69 /oj/
INFO: [ app_init ] --START--
INFO: Run Behavior\BuildLiteBehavior [ RunTime:0.000048s ]
INFO: [ app_init ] --END-- [ RunTime:0.001276s ]
INFO: [ app_begin ] --START--
INFO: Run Behavior\ReadHtmlCacheBehavior [ RunTime:0.001262s ]
INFO: [ app_begin ] --END-- [ RunTime:0.001409s ]
INFO: [ view_parse ] --START--
INFO: [ template_filter ] --START--
INFO: Run Behavior\ContentReplaceBehavior [ RunTime:0.000045s ]
INFO: [ template_filter ] --END-- [ RunTime:0.000136s ]
INFO: Run Behavior\ParseTemplateBehavior [ RunTime:0.013855s ]
INFO: [ view_parse ] --END-- [ RunTime:0.013956s ]
INFO: [ view_filter ] --START--
INFO: Run Behavior\WriteHtmlCacheBehavior [ RunTime:0.000558s ]
INFO: [ view_filter ] --END-- [ RunTime:0.000631s ]
INFO: [ app_end ] --START--
INFO: Run Behavior\ShowPageTraceBehavior [ RunTime:0.001089s ]
INFO: [ app_end ] --END-- [ RunTime:0.001212s ]

[ 2015-11-27T21:45:36+08:00 ] 202.194.124.69 /oj/
INFO: [ app_init ] --START--
INFO: Run Behavior\BuildLiteBehavior [ RunTime:0.000031s ]
INFO: [ app_init ] --END-- [ RunTime:0.000677s ]
INFO: [ app_begin ] --START--
INFO: Run Behavior\ReadHtmlCacheBehavior [ RunTime:0.000743s ]
INFO: [ app_begin ] --END-- [ RunTime:0.000855s ]
INFO: [ view_parse ] --START--
INFO: [ template_filter ] --START--
INFO: Run Behavior\ContentReplaceBehavior [ RunTime:0.000054s ]
INFO: [ template_filter ] --END-- [ RunTime:0.000211s ]
INFO: Run Behavior\ParseTemplateBehavior [ RunTime:0.009095s ]
INFO: [ view_parse ] --END-- [ RunTime:0.009195s ]
INFO: [ view_filter ] --START--
INFO: Run Behavior\WriteHtmlCacheBehavior [ RunTime:0.000218s ]
INFO: [ view_filter ] --END-- [ RunTime:0.000286s ]
INFO: [ app_end ] --START--
INFO: Run Behavior\ShowPageTraceBehavior [ RunTime:0.000801s ]
INFO: [ app_end ] --END-- [ RunTime:0.000874s ]

