[ 2015-11-30T06:16:04+08:00 ] 127.0.0.1 /oj/index.php/Home/Msg/index.html
INFO: [ app_init ] --START--
INFO: Run Behavior\BuildLiteBehavior [ RunTime:0.000022s ]
INFO: [ app_init ] --END-- [ RunTime:0.001063s ]
INFO: [ app_begin ] --START--
INFO: Run Behavior\ReadHtmlCacheBehavior [ RunTime:0.000981s ]
INFO: [ app_begin ] --END-- [ RunTime:0.001088s ]
SQL: SHOW COLUMNS FROM `mymsg` [ RunTime:0.0291s ]
SQL: SELECT * FROM `mymsg` WHERE `to` = 'admin' AND `read` = 0  [ RunTime:0.0056s ]
SQL: SELECT * FROM `mymsg` WHERE `to` = 'admin' AND `read` = 0  [ RunTime:0.0006s ]
SQL: SHOW COLUMNS FROM `user` [ RunTime:0.0075s ]
SQL: SELECT * FROM `user` WHERE `username` = 'admin' LIMIT 1   [ RunTime:0.0056s ]
INFO: [ view_parse ] --START--
INFO: [ template_filter ] --START--
INFO: Run Behavior\ContentReplaceBehavior [ RunTime:0.000061s ]
INFO: [ template_filter ] --END-- [ RunTime:0.000125s ]
NOTIC: [8] Undefined variable: P /Applications/XAMPP/xamppfiles/htdocs/oj/app/Runtime/Cache/Home/1957e975426890445b61855cec9e87d2.php 第 25 行.
NOTIC: [8] Undefined variable: P /Applications/XAMPP/xamppfiles/htdocs/oj/app/Runtime/Cache/Home/1957e975426890445b61855cec9e87d2.php 第 26 行.
NOTIC: [8] Undefined variable: P /Applications/XAMPP/xamppfiles/htdocs/oj/app/Runtime/Cache/Home/1957e975426890445b61855cec9e87d2.php 第 27 行.
NOTIC: [8] Undefined variable: P /Applications/XAMPP/xamppfiles/htdocs/oj/app/Runtime/Cache/Home/1957e975426890445b61855cec9e87d2.php 第 28 行.
INFO: Run Behavior\ParseTemplateBehavior [ RunTime:0.019595s ]
INFO: [ view_parse ] --END-- [ RunTime:0.019649s ]
INFO: [ view_filter ] --START--
INFO: Run Behavior\WriteHtmlCacheBehavior [ RunTime:0.000511s ]
INFO: [ view_filter ] --END-- [ RunTime:0.000567s ]
INFO: [ app_end ] --START--
INFO: Run Behavior\ShowPageTraceBehavior [ RunTime:0.001103s ]
INFO: [ app_end ] --END-- [ RunTime:0.001183s ]

[ 2015-11-30T06:16:05+08:00 ] 127.0.0.1 /oj/index.php/Home/Msg/old.html
INFO: [ app_init ] --START--
INFO: Run Behavior\BuildLiteBehavior [ RunTime:0.000013s ]
INFO: [ app_init ] --END-- [ RunTime:0.000283s ]
INFO: [ app_begin ] --START--
INFO: Run Behavior\ReadHtmlCacheBehavior [ RunTime:0.000290s ]
INFO: [ app_begin ] --END-- [ RunTime:0.000322s ]
SQL: SHOW COLUMNS FROM `mymsg` [ RunTime:0.0013s ]
SQL: SELECT * FROM `mymsg` WHERE `to` = 'admin'  [ RunTime:0.0005s ]
SQL: SHOW COLUMNS FROM `user` [ RunTime:0.0019s ]
SQL: SELECT * FROM `user` WHERE `username` = 'admin' LIMIT 1   [ RunTime:0.0003s ]
INFO: [ view_parse ] --START--
INFO: [ template_filter ] --START--
INFO: Run Behavior\ContentReplaceBehavior [ RunTime:0.000025s ]
INFO: [ template_filter ] --END-- [ RunTime:0.000060s ]
NOTIC: [8] Undefined variable: P /Applications/XAMPP/xamppfiles/htdocs/oj/app/Runtime/Cache/Home/1957e975426890445b61855cec9e87d2.php 第 25 行.
NOTIC: [8] Undefined variable: P /Applications/XAMPP/xamppfiles/htdocs/oj/app/Runtime/Cache/Home/1957e975426890445b61855cec9e87d2.php 第 26 行.
NOTIC: [8] Undefined variable: P /Applications/XAMPP/xamppfiles/htdocs/oj/app/Runtime/Cache/Home/1957e975426890445b61855cec9e87d2.php 第 27 行.
NOTIC: [8] Undefined variable: P /Applications/XAMPP/xamppfiles/htdocs/oj/app/Runtime/Cache/Home/1957e975426890445b61855cec9e87d2.php 第 28 行.
INFO: Run Behavior\ParseTemplateBehavior [ RunTime:0.007218s ]
INFO: [ view_parse ] --END-- [ RunTime:0.007299s ]
INFO: [ view_filter ] --START--
INFO: Run Behavior\WriteHtmlCacheBehavior [ RunTime:0.000253s ]
INFO: [ view_filter ] --END-- [ RunTime:0.000301s ]
INFO: [ app_end ] --START--
INFO: Run Behavior\ShowPageTraceBehavior [ RunTime:0.002072s ]
INFO: [ app_end ] --END-- [ RunTime:0.002168s ]

[ 2015-11-30T06:16:09+08:00 ] 127.0.0.1 /oj/index.php/Home/Msg/sendmsg.html
INFO: [ app_init ] --START--
INFO: Run Behavior\BuildLiteBehavior [ RunTime:0.000012s ]
INFO: [ app_init ] --END-- [ RunTime:0.000252s ]
INFO: [ app_begin ] --START--
INFO: Run Behavior\ReadHtmlCacheBehavior [ RunTime:0.000298s ]
INFO: [ app_begin ] --END-- [ RunTime:0.000330s ]
INFO: [ view_parse ] --START--
INFO: [ template_filter ] --START--
INFO: Run Behavior\ContentReplaceBehavior [ RunTime:0.000025s ]
INFO: [ template_filter ] --END-- [ RunTime:0.000063s ]
NOTIC: [8] Undefined variable: P /Applications/XAMPP/xamppfiles/htdocs/oj/app/Runtime/Cache/Home/f9d305132a315cabdd824eb3fd6bcd01.php 第 25 行.
NOTIC: [8] Undefined variable: P /Applications/XAMPP/xamppfiles/htdocs/oj/app/Runtime/Cache/Home/f9d305132a315cabdd824eb3fd6bcd01.php 第 26 行.
NOTIC: [8] Undefined variable: P /Applications/XAMPP/xamppfiles/htdocs/oj/app/Runtime/Cache/Home/f9d305132a315cabdd824eb3fd6bcd01.php 第 27 行.
NOTIC: [8] Undefined variable: P /Applications/XAMPP/xamppfiles/htdocs/oj/app/Runtime/Cache/Home/f9d305132a315cabdd824eb3fd6bcd01.php 第 28 行.
NOTIC: [8] Undefined variable: userInf /Applications/XAMPP/xamppfiles/htdocs/oj/app/Runtime/Cache/Home/f9d305132a315cabdd824eb3fd6bcd01.php 第 72 行.
INFO: Run Behavior\ParseTemplateBehavior [ RunTime:0.005860s ]
INFO: [ view_parse ] --END-- [ RunTime:0.005905s ]
INFO: [ view_filter ] --START--
INFO: Run Behavior\WriteHtmlCacheBehavior [ RunTime:0.000203s ]
INFO: [ view_filter ] --END-- [ RunTime:0.000249s ]
INFO: [ app_end ] --START--
INFO: Run Behavior\ShowPageTraceBehavior [ RunTime:0.000553s ]
INFO: [ app_end ] --END-- [ RunTime:0.000598s ]

[ 2015-11-30T06:16:17+08:00 ] 127.0.0.1 /oj/index.php/Home/Msg/send.html
INFO: [ app_init ] --START--
INFO: Run Behavior\BuildLiteBehavior [ RunTime:0.000012s ]
INFO: [ app_init ] --END-- [ RunTime:0.000427s ]
INFO: [ app_begin ] --START--
INFO: Run Behavior\ReadHtmlCacheBehavior [ RunTime:0.000546s ]
INFO: [ app_begin ] --END-- [ RunTime:0.000638s ]
SQL: SHOW COLUMNS FROM `mymsg` [ RunTime:0.0027s ]
SQL: SHOW COLUMNS FROM `user` [ RunTime:0.0016s ]
SQL: SELECT * FROM `user` WHERE `username` = 'admin' LIMIT 1   [ RunTime:0.0003s ]
SQL: INSERT INTO `mymsg` (`to`,`title`,`content`,`from`) VALUES ('admin','多少分','在线','admin') [ RunTime:0.0067s ]
SQL: SELECT * FROM `mymsg` WHERE `to` = 'admin' AND `read` = 0  [ RunTime:0.0018s ]
INFO: [ app_end ] --START--
INFO: Run Behavior\ShowPageTraceBehavior [ RunTime:0.000845s ]
INFO: [ app_end ] --END-- [ RunTime:0.000940s ]

[ 2015-11-30T06:16:19+08:00 ] 127.0.0.1 /oj/index.php/Home/User/Index.html
INFO: [ app_init ] --START--
INFO: Run Behavior\BuildLiteBehavior [ RunTime:0.000019s ]
INFO: [ app_init ] --END-- [ RunTime:0.000405s ]
INFO: [ app_begin ] --START--
INFO: Run Behavior\ReadHtmlCacheBehavior [ RunTime:0.000523s ]
INFO: [ app_begin ] --END-- [ RunTime:0.000587s ]
SQL: SHOW COLUMNS FROM `user` [ RunTime:0.0021s ]
SQL: SELECT * FROM `user` WHERE `username` = 'admin' LIMIT 1   [ RunTime:0.0003s ]
INFO: [ view_parse ] --START--
INFO: [ template_filter ] --START--
INFO: Run Behavior\ContentReplaceBehavior [ RunTime:0.000046s ]
INFO: [ template_filter ] --END-- [ RunTime:0.000116s ]
NOTIC: [8] Undefined variable: P /Applications/XAMPP/xamppfiles/htdocs/oj/app/Runtime/Cache/Home/c4d675da734f315aa47c2be816a3d76e.php 第 25 行.
NOTIC: [8] Undefined variable: P /Applications/XAMPP/xamppfiles/htdocs/oj/app/Runtime/Cache/Home/c4d675da734f315aa47c2be816a3d76e.php 第 26 行.
NOTIC: [8] Undefined variable: P /Applications/XAMPP/xamppfiles/htdocs/oj/app/Runtime/Cache/Home/c4d675da734f315aa47c2be816a3d76e.php 第 27 行.
NOTIC: [8] Undefined variable: P /Applications/XAMPP/xamppfiles/htdocs/oj/app/Runtime/Cache/Home/c4d675da734f315aa47c2be816a3d76e.php 第 28 行.
INFO: Run Behavior\ParseTemplateBehavior [ RunTime:0.012515s ]
INFO: [ view_parse ] --END-- [ RunTime:0.012556s ]
INFO: [ view_filter ] --START--
INFO: Run Behavior\WriteHtmlCacheBehavior [ RunTime:0.000129s ]
INFO: [ view_filter ] --END-- [ RunTime:0.000153s ]
INFO: [ app_end ] --START--
INFO: Run Behavior\ShowPageTraceBehavior [ RunTime:0.000389s ]
INFO: [ app_end ] --END-- [ RunTime:0.000426s ]

[ 2015-11-30T06:16:28+08:00 ] 127.0.0.1 /oj/index.php/Home/Msg/index.html
INFO: [ app_init ] --START--
INFO: Run Behavior\BuildLiteBehavior [ RunTime:0.000013s ]
INFO: [ app_init ] --END-- [ RunTime:0.000447s ]
INFO: [ app_begin ] --START--
INFO: Run Behavior\ReadHtmlCacheBehavior [ RunTime:0.000415s ]
INFO: [ app_begin ] --END-- [ RunTime:0.000490s ]
SQL: SHOW COLUMNS FROM `mymsg` [ RunTime:0.0020s ]
SQL: SELECT * FROM `mymsg` WHERE `to` = 'admin' AND `read` = 0  [ RunTime:0.0003s ]
SQL: UPDATE `mymsg` SET `time`='2015-11-30 06:16:17',`from`='admin',`to`='admin',`title`='多少分',`content`='在线',`read`='1' WHERE `id` = 24 [ RunTime:0.0019s ]
SQL: SELECT * FROM `mymsg` WHERE `to` = 'admin' AND `read` = 0  [ RunTime:0.0004s ]
SQL: SHOW COLUMNS FROM `user` [ RunTime:0.0017s ]
SQL: SELECT * FROM `user` WHERE `username` = 'admin' LIMIT 1   [ RunTime:0.0003s ]
INFO: [ view_parse ] --START--
INFO: [ template_filter ] --START--
INFO: Run Behavior\ContentReplaceBehavior [ RunTime:0.000028s ]
INFO: [ template_filter ] --END-- [ RunTime:0.000065s ]
NOTIC: [8] Undefined variable: P /Applications/XAMPP/xamppfiles/htdocs/oj/app/Runtime/Cache/Home/1957e975426890445b61855cec9e87d2.php 第 25 行.
NOTIC: [8] Undefined variable: P /Applications/XAMPP/xamppfiles/htdocs/oj/app/Runtime/Cache/Home/1957e975426890445b61855cec9e87d2.php 第 26 行.
NOTIC: [8] Undefined variable: P /Applications/XAMPP/xamppfiles/htdocs/oj/app/Runtime/Cache/Home/1957e975426890445b61855cec9e87d2.php 第 27 行.
NOTIC: [8] Undefined variable: P /Applications/XAMPP/xamppfiles/htdocs/oj/app/Runtime/Cache/Home/1957e975426890445b61855cec9e87d2.php 第 28 行.
INFO: Run Behavior\ParseTemplateBehavior [ RunTime:0.009730s ]
INFO: [ view_parse ] --END-- [ RunTime:0.009760s ]
INFO: [ view_filter ] --START--
INFO: Run Behavior\WriteHtmlCacheBehavior [ RunTime:0.000115s ]
INFO: [ view_filter ] --END-- [ RunTime:0.000138s ]
INFO: [ app_end ] --START--
INFO: Run Behavior\ShowPageTraceBehavior [ RunTime:0.000368s ]
INFO: [ app_end ] --END-- [ RunTime:0.000401s ]

[ 2015-11-30T06:16:32+08:00 ] 127.0.0.1 /oj/index.php/Home/Msg/old.html
INFO: [ app_init ] --START--
INFO: Run Behavior\BuildLiteBehavior [ RunTime:0.000013s ]
INFO: [ app_init ] --END-- [ RunTime:0.000252s ]
INFO: [ app_begin ] --START--
INFO: Run Behavior\ReadHtmlCacheBehavior [ RunTime:0.000332s ]
INFO: [ app_begin ] --END-- [ RunTime:0.000369s ]
SQL: SHOW COLUMNS FROM `mymsg` [ RunTime:0.0017s ]
SQL: SELECT * FROM `mymsg` WHERE `to` = 'admin'  [ RunTime:0.0004s ]
SQL: SHOW COLUMNS FROM `user` [ RunTime:0.0017s ]
SQL: SELECT * FROM `user` WHERE `username` = 'admin' LIMIT 1   [ RunTime:0.0003s ]
INFO: [ view_parse ] --START--
INFO: [ template_filter ] --START--
INFO: Run Behavior\ContentReplaceBehavior [ RunTime:0.000023s ]
INFO: [ template_filter ] --END-- [ RunTime:0.000055s ]
NOTIC: [8] Undefined variable: P /Applications/XAMPP/xamppfiles/htdocs/oj/app/Runtime/Cache/Home/1957e975426890445b61855cec9e87d2.php 第 25 行.
NOTIC: [8] Undefined variable: P /Applications/XAMPP/xamppfiles/htdocs/oj/app/Runtime/Cache/Home/1957e975426890445b61855cec9e87d2.php 第 26 行.
NOTIC: [8] Undefined variable: P /Applications/XAMPP/xamppfiles/htdocs/oj/app/Runtime/Cache/Home/1957e975426890445b61855cec9e87d2.php 第 27 行.
NOTIC: [8] Undefined variable: P /Applications/XAMPP/xamppfiles/htdocs/oj/app/Runtime/Cache/Home/1957e975426890445b61855cec9e87d2.php 第 28 行.
INFO: Run Behavior\ParseTemplateBehavior [ RunTime:0.006177s ]
INFO: [ view_parse ] --END-- [ RunTime:0.006212s ]
INFO: [ view_filter ] --START--
INFO: Run Behavior\WriteHtmlCacheBehavior [ RunTime:0.000102s ]
INFO: [ view_filter ] --END-- [ RunTime:0.000125s ]
INFO: [ app_end ] --START--
INFO: Run Behavior\ShowPageTraceBehavior [ RunTime:0.000521s ]
INFO: [ app_end ] --END-- [ RunTime:0.000583s ]

[ 2015-11-30T06:16:41+08:00 ] 127.0.0.1 /oj/index.php/Home/bbs/index.html
INFO: [ app_init ] --START--
INFO: Run Behavior\BuildLiteBehavior [ RunTime:0.000014s ]
INFO: [ app_init ] --END-- [ RunTime:0.000487s ]
INFO: [ app_begin ] --START--
INFO: Run Behavior\ReadHtmlCacheBehavior [ RunTime:0.000478s ]
INFO: [ app_begin ] --END-- [ RunTime:0.000540s ]
SQL: SHOW COLUMNS FROM `bbslist` [ RunTime:0.0016s ]
SQL: SELECT * FROM `bbslist` ORDER BY last desc LIMIT 0,10   [ RunTime:0.0007s ]
INFO: [ view_parse ] --START--
INFO: [ template_filter ] --START--
INFO: Run Behavior\ContentReplaceBehavior [ RunTime:0.000035s ]
INFO: [ template_filter ] --END-- [ RunTime:0.000094s ]
INFO: Run Behavior\ParseTemplateBehavior [ RunTime:0.009671s ]
INFO: [ view_parse ] --END-- [ RunTime:0.009731s ]
INFO: [ view_filter ] --START--
INFO: Run Behavior\WriteHtmlCacheBehavior [ RunTime:0.000157s ]
INFO: [ view_filter ] --END-- [ RunTime:0.000188s ]
INFO: [ app_end ] --START--
INFO: Run Behavior\ShowPageTraceBehavior [ RunTime:0.000557s ]
INFO: [ app_end ] --END-- [ RunTime:0.000592s ]

[ 2015-11-30T06:21:58+08:00 ] 127.0.0.1 /oj/index.php/Home/bbs/index.html
INFO: [ app_init ] --START--
INFO: Run Behavior\BuildLiteBehavior [ RunTime:0.000010s ]
INFO: [ app_init ] --END-- [ RunTime:0.000320s ]
INFO: [ app_begin ] --START--
INFO: Run Behavior\ReadHtmlCacheBehavior [ RunTime:0.000506s ]
INFO: [ app_begin ] --END-- [ RunTime:0.000570s ]
SQL: SHOW COLUMNS FROM `bbslist` [ RunTime:0.0037s ]
SQL: SELECT * FROM `bbslist` ORDER BY last desc LIMIT 0,10   [ RunTime:0.0004s ]
INFO: [ view_parse ] --START--
INFO: [ template_filter ] --START--
INFO: Run Behavior\ContentReplaceBehavior [ RunTime:0.000030s ]
INFO: [ template_filter ] --END-- [ RunTime:0.000069s ]
INFO: Run Behavior\ParseTemplateBehavior [ RunTime:0.008611s ]
INFO: [ view_parse ] --END-- [ RunTime:0.008678s ]
INFO: [ view_filter ] --START--
INFO: Run Behavior\WriteHtmlCacheBehavior [ RunTime:0.000282s ]
INFO: [ view_filter ] --END-- [ RunTime:0.000312s ]
INFO: [ app_end ] --START--
INFO: Run Behavior\ShowPageTraceBehavior [ RunTime:0.000500s ]
INFO: [ app_end ] --END-- [ RunTime:0.000547s ]

[ 2015-11-30T06:22:11+08:00 ] 127.0.0.1 /oj/index.php/Home/bbs/write.html
INFO: [ app_init ] --START--
INFO: Run Behavior\BuildLiteBehavior [ RunTime:0.000011s ]
INFO: [ app_init ] --END-- [ RunTime:0.000324s ]
INFO: [ app_begin ] --START--
INFO: Run Behavior\ReadHtmlCacheBehavior [ RunTime:0.000399s ]
INFO: [ app_begin ] --END-- [ RunTime:0.000459s ]
NOTIC: [8] Undefined variable: _SESSON /Applications/XAMPP/xamppfiles/htdocs/oj/app/Home/Controller/BbsController.class.php 第 52 行.
INFO: [ app_end ] --START--
INFO: Run Behavior\ShowPageTraceBehavior [ RunTime:0.000641s ]
INFO: [ app_end ] --END-- [ RunTime:0.000694s ]

[ 2015-11-30T06:22:17+08:00 ] 127.0.0.1 /oj/index.php/Home/Msg/index.html
INFO: [ app_init ] --START--
INFO: Run Behavior\BuildLiteBehavior [ RunTime:0.000015s ]
INFO: [ app_init ] --END-- [ RunTime:0.000444s ]
INFO: [ app_begin ] --START--
INFO: Run Behavior\ReadHtmlCacheBehavior [ RunTime:0.000601s ]
INFO: [ app_begin ] --END-- [ RunTime:0.000693s ]
SQL: SHOW COLUMNS FROM `mymsg` [ RunTime:0.0019s ]
SQL: SELECT * FROM `mymsg` WHERE `to` = 'admin' AND `read` = 0  [ RunTime:0.0004s ]
SQL: SELECT * FROM `mymsg` WHERE `to` = 'admin' AND `read` = 0  [ RunTime:0.0003s ]
SQL: SHOW COLUMNS FROM `user` [ RunTime:0.0020s ]
SQL: SELECT * FROM `user` WHERE `username` = 'admin' LIMIT 1   [ RunTime:0.0003s ]
INFO: [ view_parse ] --START--
INFO: [ template_filter ] --START--
INFO: Run Behavior\ContentReplaceBehavior [ RunTime:0.000034s ]
INFO: [ template_filter ] --END-- [ RunTime:0.000077s ]
NOTIC: [8] Undefined variable: P /Applications/XAMPP/xamppfiles/htdocs/oj/app/Runtime/Cache/Home/1957e975426890445b61855cec9e87d2.php 第 25 行.
NOTIC: [8] Undefined variable: P /Applications/XAMPP/xamppfiles/htdocs/oj/app/Runtime/Cache/Home/1957e975426890445b61855cec9e87d2.php 第 26 行.
NOTIC: [8] Undefined variable: P /Applications/XAMPP/xamppfiles/htdocs/oj/app/Runtime/Cache/Home/1957e975426890445b61855cec9e87d2.php 第 27 行.
NOTIC: [8] Undefined variable: P /Applications/XAMPP/xamppfiles/htdocs/oj/app/Runtime/Cache/Home/1957e975426890445b61855cec9e87d2.php 第 28 行.
INFO: Run Behavior\ParseTemplateBehavior [ RunTime:0.013534s ]
INFO: [ view_parse ] --END-- [ RunTime:0.013579s ]
INFO: [ view_filter ] --START--
INFO: Run Behavior\WriteHtmlCacheBehavior [ RunTime:0.000176s ]
INFO: [ view_filter ] --END-- [ RunTime:0.000210s ]
INFO: [ app_end ] --START--
INFO: Run Behavior\ShowPageTraceBehavior [ RunTime:0.000539s ]
INFO: [ app_end ] --END-- [ RunTime:0.000586s ]

[ 2015-11-30T06:22:18+08:00 ] 127.0.0.1 /oj/index.php/Home/Msg/old.html
INFO: [ app_init ] --START--
INFO: Run Behavior\BuildLiteBehavior [ RunTime:0.000010s ]
INFO: [ app_init ] --END-- [ RunTime:0.000233s ]
INFO: [ app_begin ] --START--
INFO: Run Behavior\ReadHtmlCacheBehavior [ RunTime:0.000296s ]
INFO: [ app_begin ] --END-- [ RunTime:0.000329s ]
SQL: SHOW COLUMNS FROM `mymsg` [ RunTime:0.0035s ]
SQL: SELECT * FROM `mymsg` WHERE `to` = 'admin'  [ RunTime:0.0004s ]
SQL: SHOW COLUMNS FROM `user` [ RunTime:0.0012s ]
SQL: SELECT * FROM `user` WHERE `username` = 'admin' LIMIT 1   [ RunTime:0.0003s ]
INFO: [ view_parse ] --START--
INFO: [ template_filter ] --START--
INFO: Run Behavior\ContentReplaceBehavior [ RunTime:0.000031s ]
INFO: [ template_filter ] --END-- [ RunTime:0.000077s ]
NOTIC: [8] Undefined variable: P /Applications/XAMPP/xamppfiles/htdocs/oj/app/Runtime/Cache/Home/1957e975426890445b61855cec9e87d2.php 第 25 行.
NOTIC: [8] Undefined variable: P /Applications/XAMPP/xamppfiles/htdocs/oj/app/Runtime/Cache/Home/1957e975426890445b61855cec9e87d2.php 第 26 行.
NOTIC: [8] Undefined variable: P /Applications/XAMPP/xamppfiles/htdocs/oj/app/Runtime/Cache/Home/1957e975426890445b61855cec9e87d2.php 第 27 行.
NOTIC: [8] Undefined variable: P /Applications/XAMPP/xamppfiles/htdocs/oj/app/Runtime/Cache/Home/1957e975426890445b61855cec9e87d2.php 第 28 行.
INFO: Run Behavior\ParseTemplateBehavior [ RunTime:0.007333s ]
INFO: [ view_parse ] --END-- [ RunTime:0.007375s ]
INFO: [ view_filter ] --START--
INFO: Run Behavior\WriteHtmlCacheBehavior [ RunTime:0.000114s ]
INFO: [ view_filter ] --END-- [ RunTime:0.000137s ]
INFO: [ app_end ] --START--
INFO: Run Behavior\ShowPageTraceBehavior [ RunTime:0.000306s ]
INFO: [ app_end ] --END-- [ RunTime:0.000340s ]

[ 2015-11-30T06:22:20+08:00 ] 127.0.0.1 /oj/index.php/Home/User/Index.html
INFO: [ app_init ] --START--
INFO: Run Behavior\BuildLiteBehavior [ RunTime:0.000013s ]
INFO: [ app_init ] --END-- [ RunTime:0.000246s ]
INFO: [ app_begin ] --START--
INFO: Run Behavior\ReadHtmlCacheBehavior [ RunTime:0.000306s ]
INFO: [ app_begin ] --END-- [ RunTime:0.000340s ]
SQL: SHOW COLUMNS FROM `user` [ RunTime:0.0023s ]
SQL: SELECT * FROM `user` WHERE `username` = 'admin' LIMIT 1   [ RunTime:0.0003s ]
INFO: [ view_parse ] --START--
INFO: [ template_filter ] --START--
INFO: Run Behavior\ContentReplaceBehavior [ RunTime:0.000022s ]
INFO: [ template_filter ] --END-- [ RunTime:0.000054s ]
NOTIC: [8] Undefined variable: P /Applications/XAMPP/xamppfiles/htdocs/oj/app/Runtime/Cache/Home/c4d675da734f315aa47c2be816a3d76e.php 第 25 行.
NOTIC: [8] Undefined variable: P /Applications/XAMPP/xamppfiles/htdocs/oj/app/Runtime/Cache/Home/c4d675da734f315aa47c2be816a3d76e.php 第 26 行.
NOTIC: [8] Undefined variable: P /Applications/XAMPP/xamppfiles/htdocs/oj/app/Runtime/Cache/Home/c4d675da734f315aa47c2be816a3d76e.php 第 27 行.
NOTIC: [8] Undefined variable: P /Applications/XAMPP/xamppfiles/htdocs/oj/app/Runtime/Cache/Home/c4d675da734f315aa47c2be816a3d76e.php 第 28 行.
INFO: Run Behavior\ParseTemplateBehavior [ RunTime:0.006180s ]
INFO: [ view_parse ] --END-- [ RunTime:0.006216s ]
INFO: [ view_filter ] --START--
INFO: Run Behavior\WriteHtmlCacheBehavior [ RunTime:0.000103s ]
INFO: [ view_filter ] --END-- [ RunTime:0.000124s ]
INFO: [ app_end ] --START--
INFO: Run Behavior\ShowPageTraceBehavior [ RunTime:0.000340s ]
INFO: [ app_end ] --END-- [ RunTime:0.000366s ]

[ 2015-11-30T06:22:22+08:00 ] 127.0.0.1 /oj/index.php/Home/bbs/index.html
INFO: [ app_init ] --START--
INFO: Run Behavior\BuildLiteBehavior [ RunTime:0.000012s ]
INFO: [ app_init ] --END-- [ RunTime:0.000241s ]
INFO: [ app_begin ] --START--
INFO: Run Behavior\ReadHtmlCacheBehavior [ RunTime:0.000345s ]
INFO: [ app_begin ] --END-- [ RunTime:0.000381s ]
SQL: SHOW COLUMNS FROM `bbslist` [ RunTime:0.0016s ]
SQL: SELECT * FROM `bbslist` ORDER BY last desc LIMIT 0,10   [ RunTime:0.0003s ]
INFO: [ view_parse ] --START--
INFO: [ template_filter ] --START--
INFO: Run Behavior\ContentReplaceBehavior [ RunTime:0.000024s ]
INFO: [ template_filter ] --END-- [ RunTime:0.000060s ]
INFO: Run Behavior\ParseTemplateBehavior [ RunTime:0.006268s ]
INFO: [ view_parse ] --END-- [ RunTime:0.006315s ]
INFO: [ view_filter ] --START--
INFO: Run Behavior\WriteHtmlCacheBehavior [ RunTime:0.000106s ]
INFO: [ view_filter ] --END-- [ RunTime:0.000128s ]
INFO: [ app_end ] --START--
INFO: Run Behavior\ShowPageTraceBehavior [ RunTime:0.001912s ]
INFO: [ app_end ] --END-- [ RunTime:0.001996s ]

[ 2015-11-30T06:22:38+08:00 ] 127.0.0.1 /oj/index.php/Home/bbs/index.html
INFO: [ app_init ] --START--
INFO: Run Behavior\BuildLiteBehavior [ RunTime:0.000010s ]
INFO: [ app_init ] --END-- [ RunTime:0.000368s ]
INFO: [ app_begin ] --START--
INFO: Run Behavior\ReadHtmlCacheBehavior [ RunTime:0.000394s ]
INFO: [ app_begin ] --END-- [ RunTime:0.000454s ]
SQL: SHOW COLUMNS FROM `bbslist` [ RunTime:0.0034s ]
SQL: SELECT * FROM `bbslist` ORDER BY last desc LIMIT 0,10   [ RunTime:0.0004s ]
INFO: [ view_parse ] --START--
INFO: [ template_filter ] --START--
INFO: Run Behavior\ContentReplaceBehavior [ RunTime:0.000050s ]
INFO: [ template_filter ] --END-- [ RunTime:0.000128s ]
INFO: Run Behavior\ParseTemplateBehavior [ RunTime:0.016592s ]
INFO: [ view_parse ] --END-- [ RunTime:0.016691s ]
INFO: [ view_filter ] --START--
INFO: Run Behavior\WriteHtmlCacheBehavior [ RunTime:0.000213s ]
INFO: [ view_filter ] --END-- [ RunTime:0.000258s ]
INFO: [ app_end ] --START--
INFO: Run Behavior\ShowPageTraceBehavior [ RunTime:0.000696s ]
INFO: [ app_end ] --END-- [ RunTime:0.000749s ]

[ 2015-11-30T06:22:43+08:00 ] 127.0.0.1 /oj/index.php/Home/bbs/write.html
INFO: [ app_init ] --START--
INFO: Run Behavior\BuildLiteBehavior [ RunTime:0.000009s ]
INFO: [ app_init ] --END-- [ RunTime:0.000222s ]
INFO: [ app_begin ] --START--
INFO: Run Behavior\ReadHtmlCacheBehavior [ RunTime:0.000274s ]
INFO: [ app_begin ] --END-- [ RunTime:0.000306s ]
NOTIC: [8] Undefined variable: _SESSON /Applications/XAMPP/xamppfiles/htdocs/oj/app/Home/Controller/BbsController.class.php 第 52 行.
INFO: [ app_end ] --START--
INFO: Run Behavior\ShowPageTraceBehavior [ RunTime:0.000283s ]
INFO: [ app_end ] --END-- [ RunTime:0.000323s ]

[ 2015-11-30T06:23:52+08:00 ] 127.0.0.1 /oj/index.php/Home/bbs/write.html
INFO: [ app_init ] --START--
INFO: Run Behavior\BuildLiteBehavior [ RunTime:0.000012s ]
INFO: [ app_init ] --END-- [ RunTime:0.000398s ]
INFO: [ app_begin ] --START--
INFO: Run Behavior\ReadHtmlCacheBehavior [ RunTime:0.000375s ]
INFO: [ app_begin ] --END-- [ RunTime:0.000417s ]
NOTIC: [8] Undefined variable: _SESSON /Applications/XAMPP/xamppfiles/htdocs/oj/app/Home/Controller/BbsController.class.php 第 57 行.
SQL: SHOW COLUMNS FROM `bbslist` [ RunTime:0.0023s ]
ERR: SQLSTATE[23000]: Integrity constraint violation: 1048 Column 'admin' cannot be null

[ 2015-11-30T06:24:13+08:00 ] 127.0.0.1 /oj/index.php/Home/bbs/write.html
INFO: [ app_init ] --START--
INFO: Run Behavior\BuildLiteBehavior [ RunTime:0.000010s ]
INFO: [ app_init ] --END-- [ RunTime:0.000279s ]
INFO: [ app_begin ] --START--
INFO: Run Behavior\ReadHtmlCacheBehavior [ RunTime:0.000303s ]
INFO: [ app_begin ] --END-- [ RunTime:0.000347s ]
NOTIC: [8] Undefined variable: _SESSON /Applications/XAMPP/xamppfiles/htdocs/oj/app/Home/Controller/BbsController.class.php 第 57 行.
SQL: SHOW COLUMNS FROM `bbslist` [ RunTime:0.0017s ]
ERR: SQLSTATE[23000]: Integrity constraint violation: 1048 Column 'admin' cannot be null

[ 2015-11-30T06:24:15+08:00 ] 127.0.0.1 /oj/index.php/Home/bbs/index.html
INFO: [ app_init ] --START--
INFO: Run Behavior\BuildLiteBehavior [ RunTime:0.000010s ]
INFO: [ app_init ] --END-- [ RunTime:0.000239s ]
INFO: [ app_begin ] --START--
INFO: Run Behavior\ReadHtmlCacheBehavior [ RunTime:0.000323s ]
INFO: [ app_begin ] --END-- [ RunTime:0.000358s ]
SQL: SHOW COLUMNS FROM `bbslist` [ RunTime:0.0036s ]
SQL: SELECT * FROM `bbslist` ORDER BY last desc LIMIT 0,10   [ RunTime:0.0006s ]
INFO: [ view_parse ] --START--
INFO: [ template_filter ] --START--
INFO: Run Behavior\ContentReplaceBehavior [ RunTime:0.000032s ]
INFO: [ template_filter ] --END-- [ RunTime:0.000080s ]
INFO: Run Behavior\ParseTemplateBehavior [ RunTime:0.008407s ]
INFO: [ view_parse ] --END-- [ RunTime:0.008475s ]
INFO: [ view_filter ] --START--
INFO: Run Behavior\WriteHtmlCacheBehavior [ RunTime:0.000158s ]
INFO: [ view_filter ] --END-- [ RunTime:0.000184s ]
INFO: [ app_end ] --START--
INFO: Run Behavior\ShowPageTraceBehavior [ RunTime:0.000432s ]
INFO: [ app_end ] --END-- [ RunTime:0.000483s ]

[ 2015-11-30T06:24:22+08:00 ] 127.0.0.1 /oj/index.php/Home/bbs/write.html
INFO: [ app_init ] --START--
INFO: Run Behavior\BuildLiteBehavior [ RunTime:0.000018s ]
INFO: [ app_init ] --END-- [ RunTime:0.000474s ]
INFO: [ app_begin ] --START--
INFO: Run Behavior\ReadHtmlCacheBehavior [ RunTime:0.000507s ]
INFO: [ app_begin ] --END-- [ RunTime:0.000571s ]
NOTIC: [8] Undefined variable: _SESSON /Applications/XAMPP/xamppfiles/htdocs/oj/app/Home/Controller/BbsController.class.php 第 57 行.
SQL: SHOW COLUMNS FROM `bbslist` [ RunTime:0.0022s ]
ERR: SQLSTATE[23000]: Integrity constraint violation: 1048 Column 'admin' cannot be null

[ 2015-11-30T06:24:47+08:00 ] 127.0.0.1 /oj/index.php/Home/bbs/write.html
INFO: [ app_init ] --START--
INFO: Run Behavior\BuildLiteBehavior [ RunTime:0.000032s ]
INFO: [ app_init ] --END-- [ RunTime:0.000393s ]
INFO: [ app_begin ] --START--
INFO: Run Behavior\ReadHtmlCacheBehavior [ RunTime:0.000346s ]
INFO: [ app_begin ] --END-- [ RunTime:0.000382s ]
SQL: SHOW COLUMNS FROM `bbslist` [ RunTime:0.0020s ]
SQL: INSERT INTO `bbslist` (`title`,`content`,`admin`) VALUES ('zxc','asdqwe','admin') [ RunTime:0.0084s ]
INFO: [ app_end ] --START--
INFO: Run Behavior\ShowPageTraceBehavior [ RunTime:0.000575s ]
INFO: [ app_end ] --END-- [ RunTime:0.000630s ]

[ 2015-11-30T06:24:49+08:00 ] 127.0.0.1 /oj/index.php/Home/bbs/index.html
INFO: [ app_init ] --START--
INFO: Run Behavior\BuildLiteBehavior [ RunTime:0.000017s ]
INFO: [ app_init ] --END-- [ RunTime:0.000313s ]
INFO: [ app_begin ] --START--
INFO: Run Behavior\ReadHtmlCacheBehavior [ RunTime:0.000363s ]
INFO: [ app_begin ] --END-- [ RunTime:0.000412s ]
SQL: SHOW COLUMNS FROM `bbslist` [ RunTime:0.0026s ]
SQL: SELECT * FROM `bbslist` ORDER BY last desc LIMIT 0,10   [ RunTime:0.0005s ]
INFO: [ view_parse ] --START--
INFO: [ template_filter ] --START--
INFO: Run Behavior\ContentReplaceBehavior [ RunTime:0.000028s ]
INFO: [ template_filter ] --END-- [ RunTime:0.000082s ]
INFO: Run Behavior\ParseTemplateBehavior [ RunTime:0.008295s ]
INFO: [ view_parse ] --END-- [ RunTime:0.008423s ]
INFO: [ view_filter ] --START--
INFO: Run Behavior\WriteHtmlCacheBehavior [ RunTime:0.000359s ]
INFO: [ view_filter ] --END-- [ RunTime:0.000424s ]
INFO: [ app_end ] --START--
INFO: Run Behavior\ShowPageTraceBehavior [ RunTime:0.003026s ]
INFO: [ app_end ] --END-- [ RunTime:0.003120s ]

[ 2015-11-30T06:24:53+08:00 ] 127.0.0.1 /oj/index.php/Home/bbs/view.html?id=2
INFO: [ app_init ] --START--
INFO: Run Behavior\BuildLiteBehavior [ RunTime:0.000009s ]
INFO: [ app_init ] --END-- [ RunTime:0.000242s ]
INFO: [ app_begin ] --START--
INFO: Run Behavior\ReadHtmlCacheBehavior [ RunTime:0.000272s ]
INFO: [ app_begin ] --END-- [ RunTime:0.000302s ]
SQL: SHOW COLUMNS FROM `bbslist` [ RunTime:0.0017s ]
SQL: SELECT * FROM `bbslist` WHERE `id` = 2  [ RunTime:0.0004s ]
SQL: SHOW COLUMNS FROM `bbsmsg` [ RunTime:0.0014s ]
SQL: SELECT * FROM `bbsmsg` WHERE `id` = 2  [ RunTime:0.0003s ]
SQL: SHOW COLUMNS FROM `user` [ RunTime:0.0017s ]
INFO: [ view_parse ] --START--
INFO: [ template_filter ] --START--
INFO: Run Behavior\ContentReplaceBehavior [ RunTime:0.000039s ]
INFO: [ template_filter ] --END-- [ RunTime:0.000078s ]
INFO: Run Behavior\ParseTemplateBehavior [ RunTime:0.006889s ]
INFO: [ view_parse ] --END-- [ RunTime:0.006939s ]
INFO: [ view_filter ] --START--
INFO: Run Behavior\WriteHtmlCacheBehavior [ RunTime:0.000113s ]
INFO: [ view_filter ] --END-- [ RunTime:0.000137s ]
INFO: [ app_end ] --START--
INFO: Run Behavior\ShowPageTraceBehavior [ RunTime:0.001855s ]
INFO: [ app_end ] --END-- [ RunTime:0.001922s ]

[ 2015-11-30T06:25:34+08:00 ] 127.0.0.1 /oj/index.php/Home/bbs/index.html
INFO: [ app_init ] --START--
INFO: Run Behavior\BuildLiteBehavior [ RunTime:0.000011s ]
INFO: [ app_init ] --END-- [ RunTime:0.000244s ]
INFO: [ app_begin ] --START--
INFO: Run Behavior\ReadHtmlCacheBehavior [ RunTime:0.000323s ]
INFO: [ app_begin ] --END-- [ RunTime:0.000362s ]
SQL: SHOW COLUMNS FROM `bbslist` [ RunTime:0.0031s ]
SQL: SELECT * FROM `bbslist` ORDER BY last desc LIMIT 0,10   [ RunTime:0.0004s ]
INFO: [ view_parse ] --START--
INFO: [ template_filter ] --START--
INFO: Run Behavior\ContentReplaceBehavior [ RunTime:0.000022s ]
INFO: [ template_filter ] --END-- [ RunTime:0.000051s ]
NOTIC: [8] Undefined index: timr /Applications/XAMPP/xamppfiles/htdocs/oj/app/Runtime/Cache/Home/b97291c2af8e49c8c2885d7e183c22cb.php 第 74 行.
NOTIC: [8] Undefined index: timr /Applications/XAMPP/xamppfiles/htdocs/oj/app/Runtime/Cache/Home/b97291c2af8e49c8c2885d7e183c22cb.php 第 74 行.
INFO: Run Behavior\ParseTemplateBehavior [ RunTime:0.005716s ]
INFO: [ view_parse ] --END-- [ RunTime:0.005753s ]
INFO: [ view_filter ] --START--
INFO: Run Behavior\WriteHtmlCacheBehavior [ RunTime:0.000108s ]
INFO: [ view_filter ] --END-- [ RunTime:0.000132s ]
INFO: [ app_end ] --START--
INFO: Run Behavior\ShowPageTraceBehavior [ RunTime:0.000291s ]
INFO: [ app_end ] --END-- [ RunTime:0.000317s ]

[ 2015-11-30T06:25:56+08:00 ] 127.0.0.1 /oj/index.php/Home/bbs/index.html
INFO: [ app_init ] --START--
INFO: Run Behavior\BuildLiteBehavior [ RunTime:0.000010s ]
INFO: [ app_init ] --END-- [ RunTime:0.000218s ]
INFO: [ app_begin ] --START--
INFO: Run Behavior\ReadHtmlCacheBehavior [ RunTime:0.000274s ]
INFO: [ app_begin ] --END-- [ RunTime:0.000305s ]
SQL: SHOW COLUMNS FROM `bbslist` [ RunTime:0.0012s ]
SQL: SELECT * FROM `bbslist` ORDER BY last desc LIMIT 0,10   [ RunTime:0.0003s ]
INFO: [ view_parse ] --START--
INFO: [ template_filter ] --START--
INFO: Run Behavior\ContentReplaceBehavior [ RunTime:0.000034s ]
INFO: [ template_filter ] --END-- [ RunTime:0.000082s ]
INFO: Run Behavior\ParseTemplateBehavior [ RunTime:0.008221s ]
INFO: [ view_parse ] --END-- [ RunTime:0.008262s ]
INFO: [ view_filter ] --START--
INFO: Run Behavior\WriteHtmlCacheBehavior [ RunTime:0.000139s ]
INFO: [ view_filter ] --END-- [ RunTime:0.000170s ]
INFO: [ app_end ] --START--
INFO: Run Behavior\ShowPageTraceBehavior [ RunTime:0.000459s ]
INFO: [ app_end ] --END-- [ RunTime:0.000506s ]

[ 2015-11-30T06:26:28+08:00 ] 127.0.0.1 /oj/index.php/Home/Index/Problem.html
INFO: [ app_init ] --START--
INFO: Run Behavior\BuildLiteBehavior [ RunTime:0.000017s ]
INFO: [ app_init ] --END-- [ RunTime:0.000418s ]
INFO: [ app_begin ] --START--
INFO: Run Behavior\ReadHtmlCacheBehavior [ RunTime:0.000517s ]
INFO: [ app_begin ] --END-- [ RunTime:0.000574s ]
INFO: [ view_parse ] --START--
INFO: [ template_filter ] --START--
INFO: Run Behavior\ContentReplaceBehavior [ RunTime:0.000071s ]
INFO: [ template_filter ] --END-- [ RunTime:0.000143s ]
INFO: Run Behavior\ParseTemplateBehavior [ RunTime:0.009177s ]
INFO: [ view_parse ] --END-- [ RunTime:0.009260s ]
INFO: [ view_filter ] --START--
INFO: Run Behavior\WriteHtmlCacheBehavior [ RunTime:0.000144s ]
INFO: [ view_filter ] --END-- [ RunTime:0.000170s ]
INFO: [ app_end ] --START--
INFO: Run Behavior\ShowPageTraceBehavior [ RunTime:0.000341s ]
INFO: [ app_end ] --END-- [ RunTime:0.000372s ]

[ 2015-11-30T06:26:29+08:00 ] 127.0.0.1 /oj/index.php/Home/bbs/index.html
INFO: [ app_init ] --START--
INFO: Run Behavior\BuildLiteBehavior [ RunTime:0.000011s ]
INFO: [ app_init ] --END-- [ RunTime:0.000245s ]
INFO: [ app_begin ] --START--
INFO: Run Behavior\ReadHtmlCacheBehavior [ RunTime:0.000273s ]
INFO: [ app_begin ] --END-- [ RunTime:0.000303s ]
SQL: SHOW COLUMNS FROM `bbslist` [ RunTime:0.0033s ]
SQL: SELECT * FROM `bbslist` ORDER BY last desc LIMIT 0,10   [ RunTime:0.0003s ]
INFO: [ view_parse ] --START--
INFO: [ template_filter ] --START--
INFO: Run Behavior\ContentReplaceBehavior [ RunTime:0.000025s ]
INFO: [ template_filter ] --END-- [ RunTime:0.000061s ]
INFO: Run Behavior\ParseTemplateBehavior [ RunTime:0.005816s ]
INFO: [ view_parse ] --END-- [ RunTime:0.005854s ]
INFO: [ view_filter ] --START--
INFO: Run Behavior\WriteHtmlCacheBehavior [ RunTime:0.000112s ]
INFO: [ view_filter ] --END-- [ RunTime:0.000135s ]
INFO: [ app_end ] --START--
INFO: Run Behavior\ShowPageTraceBehavior [ RunTime:0.000304s ]
INFO: [ app_end ] --END-- [ RunTime:0.000330s ]

[ 2015-11-30T06:26:31+08:00 ] 127.0.0.1 /oj/index.php/Home/bbs/view.html?id=2
INFO: [ app_init ] --START--
INFO: Run Behavior\BuildLiteBehavior [ RunTime:0.000036s ]
INFO: [ app_init ] --END-- [ RunTime:0.000309s ]
INFO: [ app_begin ] --START--
INFO: Run Behavior\ReadHtmlCacheBehavior [ RunTime:0.000446s ]
INFO: [ app_begin ] --END-- [ RunTime:0.000495s ]
SQL: SHOW COLUMNS FROM `bbslist` [ RunTime:0.0021s ]
SQL: SELECT * FROM `bbslist` WHERE `id` = 2  [ RunTime:0.0003s ]
SQL: SHOW COLUMNS FROM `bbsmsg` [ RunTime:0.0017s ]
SQL: SELECT * FROM `bbsmsg` WHERE `id` = 2  [ RunTime:0.0003s ]
SQL: SHOW COLUMNS FROM `user` [ RunTime:0.0017s ]
INFO: [ view_parse ] --START--
INFO: [ template_filter ] --START--
INFO: Run Behavior\ContentReplaceBehavior [ RunTime:0.000025s ]
INFO: [ template_filter ] --END-- [ RunTime:0.000060s ]
INFO: Run Behavior\ParseTemplateBehavior [ RunTime:0.007848s ]
INFO: [ view_parse ] --END-- [ RunTime:0.007899s ]
INFO: [ view_filter ] --START--
INFO: Run Behavior\WriteHtmlCacheBehavior [ RunTime:0.000160s ]
INFO: [ view_filter ] --END-- [ RunTime:0.000193s ]
INFO: [ app_end ] --START--
INFO: Run Behavior\ShowPageTraceBehavior [ RunTime:0.000416s ]
INFO: [ app_end ] --END-- [ RunTime:0.000451s ]

[ 2015-11-30T06:26:32+08:00 ] 127.0.0.1 /oj/
INFO: [ app_init ] --START--
INFO: Run Behavior\BuildLiteBehavior [ RunTime:0.000010s ]
INFO: [ app_init ] --END-- [ RunTime:0.000219s ]
INFO: [ app_begin ] --START--
INFO: Run Behavior\ReadHtmlCacheBehavior [ RunTime:0.000271s ]
INFO: [ app_begin ] --END-- [ RunTime:0.000302s ]
INFO: [ view_parse ] --START--
INFO: [ template_filter ] --START--
INFO: Run Behavior\ContentReplaceBehavior [ RunTime:0.000023s ]
INFO: [ template_filter ] --END-- [ RunTime:0.000062s ]
INFO: Run Behavior\ParseTemplateBehavior [ RunTime:0.003850s ]
INFO: [ view_parse ] --END-- [ RunTime:0.003881s ]
INFO: [ view_filter ] --START--
INFO: Run Behavior\WriteHtmlCacheBehavior [ RunTime:0.000103s ]
INFO: [ view_filter ] --END-- [ RunTime:0.000126s ]
INFO: [ app_end ] --START--
INFO: Run Behavior\ShowPageTraceBehavior [ RunTime:0.000297s ]
INFO: [ app_end ] --END-- [ RunTime:0.000324s ]

[ 2015-11-30T06:26:34+08:00 ] 127.0.0.1 /oj/index.php/Home/login.html
INFO: [ app_init ] --START--
INFO: Run Behavior\BuildLiteBehavior [ RunTime:0.000011s ]
INFO: [ app_init ] --END-- [ RunTime:0.000251s ]
INFO: [ app_begin ] --START--
INFO: Run Behavior\ReadHtmlCacheBehavior [ RunTime:0.000360s ]
INFO: [ app_begin ] --END-- [ RunTime:0.000398s ]
INFO: [ view_parse ] --START--
INFO: [ template_filter ] --START--
INFO: Run Behavior\ContentReplaceBehavior [ RunTime:0.000023s ]
INFO: [ template_filter ] --END-- [ RunTime:0.000062s ]
NOTIC: [8] Undefined variable: P /Applications/XAMPP/xamppfiles/htdocs/oj/app/Runtime/Cache/Home/1721c4720770efb58325480714de9558.php 第 25 行.
NOTIC: [8] Undefined variable: P /Applications/XAMPP/xamppfiles/htdocs/oj/app/Runtime/Cache/Home/1721c4720770efb58325480714de9558.php 第 26 行.
NOTIC: [8] Undefined variable: P /Applications/XAMPP/xamppfiles/htdocs/oj/app/Runtime/Cache/Home/1721c4720770efb58325480714de9558.php 第 27 行.
NOTIC: [8] Undefined variable: P /Applications/XAMPP/xamppfiles/htdocs/oj/app/Runtime/Cache/Home/1721c4720770efb58325480714de9558.php 第 28 行.
INFO: Run Behavior\ParseTemplateBehavior [ RunTime:0.007450s ]
INFO: [ view_parse ] --END-- [ RunTime:0.007498s ]
INFO: [ view_filter ] --START--
INFO: Run Behavior\WriteHtmlCacheBehavior [ RunTime:0.000118s ]
INFO: [ view_filter ] --END-- [ RunTime:0.000143s ]
INFO: [ app_end ] --START--
INFO: Run Behavior\ShowPageTraceBehavior [ RunTime:0.000301s ]
INFO: [ app_end ] --END-- [ RunTime:0.000326s ]

[ 2015-11-30T06:26:37+08:00 ] 127.0.0.1 /oj/index.php/Home/Login/login.html
INFO: [ app_init ] --START--
INFO: Run Behavior\BuildLiteBehavior [ RunTime:0.000011s ]
INFO: [ app_init ] --END-- [ RunTime:0.000221s ]
INFO: [ app_begin ] --START--
INFO: Run Behavior\ReadHtmlCacheBehavior [ RunTime:0.000322s ]
INFO: [ app_begin ] --END-- [ RunTime:0.000355s ]
SQL: SHOW COLUMNS FROM `user` [ RunTime:0.0014s ]
SQL: SELECT * FROM `user` WHERE `username` = 'admin' AND `password` = 'admin888' LIMIT 1   [ RunTime:0.0003s ]
SQL: SHOW COLUMNS FROM `mymsg` [ RunTime:0.0021s ]
SQL: SELECT * FROM `mymsg` WHERE `to` = 'admin' AND `read` = 0  [ RunTime:0.0005s ]
INFO: [ app_end ] --START--
INFO: Run Behavior\ShowPageTraceBehavior [ RunTime:0.000670s ]
INFO: [ app_end ] --END-- [ RunTime:0.000728s ]

[ 2015-11-30T06:26:38+08:00 ] 127.0.0.1 /oj/index.php/Home/User.html
INFO: [ app_init ] --START--
INFO: Run Behavior\BuildLiteBehavior [ RunTime:0.000017s ]
INFO: [ app_init ] --END-- [ RunTime:0.000361s ]
INFO: [ app_begin ] --START--
INFO: Run Behavior\ReadHtmlCacheBehavior [ RunTime:0.000578s ]
INFO: [ app_begin ] --END-- [ RunTime:0.000639s ]
SQL: SHOW COLUMNS FROM `user` [ RunTime:0.0019s ]
SQL: SELECT * FROM `user` WHERE `username` = 'admin' LIMIT 1   [ RunTime:0.0003s ]
INFO: [ view_parse ] --START--
INFO: [ template_filter ] --START--
INFO: Run Behavior\ContentReplaceBehavior [ RunTime:0.000027s ]
INFO: [ template_filter ] --END-- [ RunTime:0.000070s ]
NOTIC: [8] Undefined variable: P /Applications/XAMPP/xamppfiles/htdocs/oj/app/Runtime/Cache/Home/c4d675da734f315aa47c2be816a3d76e.php 第 25 行.
NOTIC: [8] Undefined variable: P /Applications/XAMPP/xamppfiles/htdocs/oj/app/Runtime/Cache/Home/c4d675da734f315aa47c2be816a3d76e.php 第 26 行.
NOTIC: [8] Undefined variable: P /Applications/XAMPP/xamppfiles/htdocs/oj/app/Runtime/Cache/Home/c4d675da734f315aa47c2be816a3d76e.php 第 27 行.
NOTIC: [8] Undefined variable: P /Applications/XAMPP/xamppfiles/htdocs/oj/app/Runtime/Cache/Home/c4d675da734f315aa47c2be816a3d76e.php 第 28 行.
INFO: Run Behavior\ParseTemplateBehavior [ RunTime:0.006899s ]
INFO: [ view_parse ] --END-- [ RunTime:0.006961s ]
INFO: [ view_filter ] --START--
INFO: Run Behavior\WriteHtmlCacheBehavior [ RunTime:0.000309s ]
INFO: [ view_filter ] --END-- [ RunTime:0.000372s ]
INFO: [ app_end ] --START--
INFO: Run Behavior\ShowPageTraceBehavior [ RunTime:0.000641s ]
INFO: [ app_end ] --END-- [ RunTime:0.000699s ]

[ 2015-11-30T06:27:20+08:00 ] 127.0.0.1 /oj/index.php/Home/bbs/index.html
INFO: [ app_init ] --START--
INFO: Run Behavior\BuildLiteBehavior [ RunTime:0.000013s ]
INFO: [ app_init ] --END-- [ RunTime:0.000377s ]
INFO: [ app_begin ] --START--
INFO: Run Behavior\ReadHtmlCacheBehavior [ RunTime:0.000477s ]
INFO: [ app_begin ] --END-- [ RunTime:0.000553s ]
SQL: SHOW COLUMNS FROM `bbslist` [ RunTime:0.0012s ]
SQL: SELECT * FROM `bbslist` ORDER BY last desc LIMIT 0,10   [ RunTime:0.0003s ]
INFO: [ view_parse ] --START--
INFO: [ template_filter ] --START--
INFO: Run Behavior\ContentReplaceBehavior [ RunTime:0.000033s ]
INFO: [ template_filter ] --END-- [ RunTime:0.000087s ]
INFO: Run Behavior\ParseTemplateBehavior [ RunTime:0.009661s ]
INFO: [ view_parse ] --END-- [ RunTime:0.009748s ]
INFO: [ view_filter ] --START--
INFO: Run Behavior\WriteHtmlCacheBehavior [ RunTime:0.000230s ]
INFO: [ view_filter ] --END-- [ RunTime:0.000294s ]
INFO: [ app_end ] --START--
INFO: Run Behavior\ShowPageTraceBehavior [ RunTime:0.000800s ]
INFO: [ app_end ] --END-- [ RunTime:0.000868s ]

[ 2015-11-30T06:27:33+08:00 ] 127.0.0.1 /oj/index.php/Home/login/logout.html
INFO: [ app_init ] --START--
INFO: Run Behavior\BuildLiteBehavior [ RunTime:0.000010s ]
INFO: [ app_init ] --END-- [ RunTime:0.000245s ]
INFO: [ app_begin ] --START--
INFO: Run Behavior\ReadHtmlCacheBehavior [ RunTime:0.000278s ]
INFO: [ app_begin ] --END-- [ RunTime:0.000308s ]
INFO: [ app_end ] --START--
INFO: Run Behavior\ShowPageTraceBehavior [ RunTime:0.000658s ]
INFO: [ app_end ] --END-- [ RunTime:0.000725s ]

[ 2015-11-30T06:27:34+08:00 ] 127.0.0.1 /oj/index.php/Home/Login/index.html
INFO: [ app_init ] --START--
INFO: Run Behavior\BuildLiteBehavior [ RunTime:0.000012s ]
INFO: [ app_init ] --END-- [ RunTime:0.000269s ]
INFO: [ app_begin ] --START--
INFO: Run Behavior\ReadHtmlCacheBehavior [ RunTime:0.000353s ]
INFO: [ app_begin ] --END-- [ RunTime:0.000395s ]
INFO: [ view_parse ] --START--
INFO: [ template_filter ] --START--
INFO: Run Behavior\ContentReplaceBehavior [ RunTime:0.000026s ]
INFO: [ template_filter ] --END-- [ RunTime:0.000070s ]
NOTIC: [8] Undefined variable: P /Applications/XAMPP/xamppfiles/htdocs/oj/app/Runtime/Cache/Home/1721c4720770efb58325480714de9558.php 第 25 行.
NOTIC: [8] Undefined variable: P /Applications/XAMPP/xamppfiles/htdocs/oj/app/Runtime/Cache/Home/1721c4720770efb58325480714de9558.php 第 26 行.
NOTIC: [8] Undefined variable: P /Applications/XAMPP/xamppfiles/htdocs/oj/app/Runtime/Cache/Home/1721c4720770efb58325480714de9558.php 第 27 行.
NOTIC: [8] Undefined variable: P /Applications/XAMPP/xamppfiles/htdocs/oj/app/Runtime/Cache/Home/1721c4720770efb58325480714de9558.php 第 28 行.
INFO: Run Behavior\ParseTemplateBehavior [ RunTime:0.005876s ]
INFO: [ view_parse ] --END-- [ RunTime:0.005914s ]
INFO: [ view_filter ] --START--
INFO: Run Behavior\WriteHtmlCacheBehavior [ RunTime:0.000135s ]
INFO: [ view_filter ] --END-- [ RunTime:0.000165s ]
INFO: [ app_end ] --START--
INFO: Run Behavior\ShowPageTraceBehavior [ RunTime:0.000336s ]
INFO: [ app_end ] --END-- [ RunTime:0.000366s ]

[ 2015-11-30T06:27:37+08:00 ] 127.0.0.1 /oj/index.php/Home/Login/signup.html
INFO: [ app_init ] --START--
INFO: Run Behavior\BuildLiteBehavior [ RunTime:0.000010s ]
INFO: [ app_init ] --END-- [ RunTime:0.000209s ]
INFO: [ app_begin ] --START--
INFO: Run Behavior\ReadHtmlCacheBehavior [ RunTime:0.000538s ]
INFO: [ app_begin ] --END-- [ RunTime:0.000603s ]
INFO: [ view_parse ] --START--
INFO: [ template_filter ] --START--
INFO: Run Behavior\ContentReplaceBehavior [ RunTime:0.000039s ]
INFO: [ template_filter ] --END-- [ RunTime:0.000104s ]
NOTIC: [8] Undefined variable: P /Applications/XAMPP/xamppfiles/htdocs/oj/app/Runtime/Cache/Home/b0a2b77bdf79f91890e98b18e23fbb65.php 第 25 行.
NOTIC: [8] Undefined variable: P /Applications/XAMPP/xamppfiles/htdocs/oj/app/Runtime/Cache/Home/b0a2b77bdf79f91890e98b18e23fbb65.php 第 26 行.
NOTIC: [8] Undefined variable: P /Applications/XAMPP/xamppfiles/htdocs/oj/app/Runtime/Cache/Home/b0a2b77bdf79f91890e98b18e23fbb65.php 第 27 行.
NOTIC: [8] Undefined variable: P /Applications/XAMPP/xamppfiles/htdocs/oj/app/Runtime/Cache/Home/b0a2b77bdf79f91890e98b18e23fbb65.php 第 28 行.
INFO: Run Behavior\ParseTemplateBehavior [ RunTime:0.009288s ]
INFO: [ view_parse ] --END-- [ RunTime:0.009339s ]
INFO: [ view_filter ] --START--
INFO: Run Behavior\WriteHtmlCacheBehavior [ RunTime:0.000195s ]
INFO: [ view_filter ] --END-- [ RunTime:0.000233s ]
INFO: [ app_end ] --START--
INFO: Run Behavior\ShowPageTraceBehavior [ RunTime:0.000430s ]
INFO: [ app_end ] --END-- [ RunTime:0.000468s ]

[ 2015-11-30T06:29:16+08:00 ] 127.0.0.1 /oj/index.php/Home/Login/index.html
INFO: [ app_init ] --START--
INFO: Run Behavior\BuildLiteBehavior [ RunTime:0.000010s ]
INFO: [ app_init ] --END-- [ RunTime:0.000218s ]
INFO: [ app_begin ] --START--
INFO: Run Behavior\ReadHtmlCacheBehavior [ RunTime:0.000268s ]
INFO: [ app_begin ] --END-- [ RunTime:0.000299s ]
INFO: [ view_parse ] --START--
INFO: [ template_filter ] --START--
INFO: Run Behavior\ContentReplaceBehavior [ RunTime:0.000023s ]
INFO: [ template_filter ] --END-- [ RunTime:0.000058s ]
NOTIC: [8] Undefined variable: P /Applications/XAMPP/xamppfiles/htdocs/oj/app/Runtime/Cache/Home/1721c4720770efb58325480714de9558.php 第 25 行.
NOTIC: [8] Undefined variable: P /Applications/XAMPP/xamppfiles/htdocs/oj/app/Runtime/Cache/Home/1721c4720770efb58325480714de9558.php 第 26 行.
NOTIC: [8] Undefined variable: P /Applications/XAMPP/xamppfiles/htdocs/oj/app/Runtime/Cache/Home/1721c4720770efb58325480714de9558.php 第 27 行.
NOTIC: [8] Undefined variable: P /Applications/XAMPP/xamppfiles/htdocs/oj/app/Runtime/Cache/Home/1721c4720770efb58325480714de9558.php 第 28 行.
INFO: Run Behavior\ParseTemplateBehavior [ RunTime:0.005289s ]
INFO: [ view_parse ] --END-- [ RunTime:0.005332s ]
INFO: [ view_filter ] --START--
INFO: Run Behavior\WriteHtmlCacheBehavior [ RunTime:0.000111s ]
INFO: [ view_filter ] --END-- [ RunTime:0.000134s ]
INFO: [ app_end ] --START--
INFO: Run Behavior\ShowPageTraceBehavior [ RunTime:0.000295s ]
INFO: [ app_end ] --END-- [ RunTime:0.000319s ]

[ 2015-11-30T06:29:19+08:00 ] 127.0.0.1 /oj/index.php/Home/Login/login.html
INFO: [ app_init ] --START--
INFO: Run Behavior\BuildLiteBehavior [ RunTime:0.000013s ]
INFO: [ app_init ] --END-- [ RunTime:0.000270s ]
INFO: [ app_begin ] --START--
INFO: Run Behavior\ReadHtmlCacheBehavior [ RunTime:0.000320s ]
INFO: [ app_begin ] --END-- [ RunTime:0.000358s ]
SQL: SHOW COLUMNS FROM `user` [ RunTime:0.0013s ]
SQL: SELECT * FROM `user` WHERE `username` = 'admin' AND `password` = 'admin888' LIMIT 1   [ RunTime:0.0003s ]
SQL: SHOW COLUMNS FROM `mymsg` [ RunTime:0.0018s ]
SQL: SELECT * FROM `mymsg` WHERE `to` = 'admin' AND `read` = 0  [ RunTime:0.0003s ]
INFO: [ app_end ] --START--
INFO: Run Behavior\ShowPageTraceBehavior [ RunTime:0.000492s ]
INFO: [ app_end ] --END-- [ RunTime:0.000534s ]

[ 2015-11-30T06:29:20+08:00 ] 127.0.0.1 /oj/index.php/Home/User.html
INFO: [ app_init ] --START--
INFO: Run Behavior\BuildLiteBehavior [ RunTime:0.000012s ]
INFO: [ app_init ] --END-- [ RunTime:0.000261s ]
INFO: [ app_begin ] --START--
INFO: Run Behavior\ReadHtmlCacheBehavior [ RunTime:0.003428s ]
INFO: [ app_begin ] --END-- [ RunTime:0.003499s ]
SQL: SHOW COLUMNS FROM `user` [ RunTime:0.0024s ]
SQL: SELECT * FROM `user` WHERE `username` = 'admin' LIMIT 1   [ RunTime:0.0003s ]
INFO: [ view_parse ] --START--
INFO: [ template_filter ] --START--
INFO: Run Behavior\ContentReplaceBehavior [ RunTime:0.000039s ]
INFO: [ template_filter ] --END-- [ RunTime:0.000132s ]
NOTIC: [8] Undefined variable: P /Applications/XAMPP/xamppfiles/htdocs/oj/app/Runtime/Cache/Home/c4d675da734f315aa47c2be816a3d76e.php 第 25 行.
NOTIC: [8] Undefined variable: P /Applications/XAMPP/xamppfiles/htdocs/oj/app/Runtime/Cache/Home/c4d675da734f315aa47c2be816a3d76e.php 第 26 行.
NOTIC: [8] Undefined variable: P /Applications/XAMPP/xamppfiles/htdocs/oj/app/Runtime/Cache/Home/c4d675da734f315aa47c2be816a3d76e.php 第 27 行.
NOTIC: [8] Undefined variable: P /Applications/XAMPP/xamppfiles/htdocs/oj/app/Runtime/Cache/Home/c4d675da734f315aa47c2be816a3d76e.php 第 28 行.
INFO: Run Behavior\ParseTemplateBehavior [ RunTime:0.006879s ]
INFO: [ view_parse ] --END-- [ RunTime:0.006934s ]
INFO: [ view_filter ] --START--
INFO: Run Behavior\WriteHtmlCacheBehavior [ RunTime:0.000219s ]
INFO: [ view_filter ] --END-- [ RunTime:0.000248s ]
INFO: [ app_end ] --START--
INFO: Run Behavior\ShowPageTraceBehavior [ RunTime:0.000383s ]
INFO: [ app_end ] --END-- [ RunTime:0.000414s ]

[ 2015-11-30T06:29:27+08:00 ] 127.0.0.1 /oj/index.php/Home/bbs/index.html
INFO: [ app_init ] --START--
INFO: Run Behavior\BuildLiteBehavior [ RunTime:0.000010s ]
INFO: [ app_init ] --END-- [ RunTime:0.000215s ]
INFO: [ app_begin ] --START--
INFO: Run Behavior\ReadHtmlCacheBehavior [ RunTime:0.000265s ]
INFO: [ app_begin ] --END-- [ RunTime:0.000295s ]
SQL: SHOW COLUMNS FROM `bbslist` [ RunTime:0.0015s ]
SQL: SELECT * FROM `bbslist` ORDER BY last desc LIMIT 0,10   [ RunTime:0.0005s ]
INFO: [ view_parse ] --START--
INFO: [ template_filter ] --START--
INFO: Run Behavior\ContentReplaceBehavior [ RunTime:0.000029s ]
INFO: [ template_filter ] --END-- [ RunTime:0.000071s ]
INFO: Run Behavior\ParseTemplateBehavior [ RunTime:0.007908s ]
INFO: [ view_parse ] --END-- [ RunTime:0.007989s ]
INFO: [ view_filter ] --START--
INFO: Run Behavior\WriteHtmlCacheBehavior [ RunTime:0.000120s ]
INFO: [ view_filter ] --END-- [ RunTime:0.000143s ]
INFO: [ app_end ] --START--
INFO: Run Behavior\ShowPageTraceBehavior [ RunTime:0.000392s ]
INFO: [ app_end ] --END-- [ RunTime:0.000428s ]

[ 2015-11-30T06:29:41+08:00 ] 127.0.0.1 /oj/index.php/Home/bbs/view.html?id=1
INFO: [ app_init ] --START--
INFO: Run Behavior\BuildLiteBehavior [ RunTime:0.000083s ]
INFO: [ app_init ] --END-- [ RunTime:0.000526s ]
INFO: [ app_begin ] --START--
INFO: Run Behavior\ReadHtmlCacheBehavior [ RunTime:0.000574s ]
INFO: [ app_begin ] --END-- [ RunTime:0.000655s ]
SQL: SHOW COLUMNS FROM `bbslist` [ RunTime:0.0013s ]
SQL: SELECT * FROM `bbslist` WHERE `id` = 1  [ RunTime:0.0004s ]
SQL: SHOW COLUMNS FROM `bbsmsg` [ RunTime:0.0022s ]
SQL: SELECT * FROM `bbsmsg` WHERE `id` = 1  [ RunTime:0.0003s ]
SQL: SHOW COLUMNS FROM `user` [ RunTime:0.0020s ]
SQL: SELECT * FROM `user` WHERE `id` = 1 LIMIT 1   [ RunTime:0.0003s ]
INFO: [ view_parse ] --START--
INFO: [ template_filter ] --START--
INFO: Run Behavior\ContentReplaceBehavior [ RunTime:0.000035s ]
INFO: [ template_filter ] --END-- [ RunTime:0.000091s ]
INFO: Run Behavior\ParseTemplateBehavior [ RunTime:0.008754s ]
INFO: [ view_parse ] --END-- [ RunTime:0.008829s ]
INFO: [ view_filter ] --START--
INFO: Run Behavior\WriteHtmlCacheBehavior [ RunTime:0.000152s ]
INFO: [ view_filter ] --END-- [ RunTime:0.000184s ]
INFO: [ app_end ] --START--
INFO: Run Behavior\ShowPageTraceBehavior [ RunTime:0.000511s ]
INFO: [ app_end ] --END-- [ RunTime:0.000557s ]

[ 2015-11-30T06:29:45+08:00 ] 127.0.0.1 /oj/index.php/Home/bbs/view.html?id=2
INFO: [ app_init ] --START--
INFO: Run Behavior\BuildLiteBehavior [ RunTime:0.000010s ]
INFO: [ app_init ] --END-- [ RunTime:0.000218s ]
INFO: [ app_begin ] --START--
INFO: Run Behavior\ReadHtmlCacheBehavior [ RunTime:0.000268s ]
INFO: [ app_begin ] --END-- [ RunTime:0.000298s ]
SQL: SHOW COLUMNS FROM `bbslist` [ RunTime:0.0022s ]
SQL: SELECT * FROM `bbslist` WHERE `id` = 2  [ RunTime:0.0003s ]
SQL: SHOW COLUMNS FROM `bbsmsg` [ RunTime:0.0015s ]
SQL: SELECT * FROM `bbsmsg` WHERE `id` = 2  [ RunTime:0.0003s ]
SQL: SHOW COLUMNS FROM `user` [ RunTime:0.0018s ]
INFO: [ view_parse ] --START--
INFO: [ template_filter ] --START--
INFO: Run Behavior\ContentReplaceBehavior [ RunTime:0.000029s ]
INFO: [ template_filter ] --END-- [ RunTime:0.000072s ]
INFO: Run Behavior\ParseTemplateBehavior [ RunTime:0.008167s ]
INFO: [ view_parse ] --END-- [ RunTime:0.008240s ]
INFO: [ view_filter ] --START--
INFO: Run Behavior\WriteHtmlCacheBehavior [ RunTime:0.000250s ]
INFO: [ view_filter ] --END-- [ RunTime:0.000303s ]
INFO: [ app_end ] --START--
INFO: Run Behavior\ShowPageTraceBehavior [ RunTime:0.000479s ]
INFO: [ app_end ] --END-- [ RunTime:0.000524s ]

[ 2015-11-30T06:30:06+08:00 ] 127.0.0.1 /oj/index.php/Home/bbs/view.html?id=2
INFO: [ app_init ] --START--
INFO: Run Behavior\BuildLiteBehavior [ RunTime:0.000010s ]
INFO: [ app_init ] --END-- [ RunTime:0.000245s ]
INFO: [ app_begin ] --START--
INFO: Run Behavior\ReadHtmlCacheBehavior [ RunTime:0.000319s ]
INFO: [ app_begin ] --END-- [ RunTime:0.000355s ]
SQL: SHOW COLUMNS FROM `bbslist` [ RunTime:0.0025s ]
SQL: SELECT * FROM `bbslist` WHERE `id` = 2  [ RunTime:0.0005s ]
SQL: SHOW COLUMNS FROM `bbsmsg` [ RunTime:0.0017s ]
SQL: SELECT * FROM `bbsmsg` WHERE `id` = 2  [ RunTime:0.0003s ]
SQL: SHOW COLUMNS FROM `user` [ RunTime:0.0024s ]
INFO: [ view_parse ] --START--
INFO: [ template_filter ] --START--
INFO: Run Behavior\ContentReplaceBehavior [ RunTime:0.000025s ]
INFO: [ template_filter ] --END-- [ RunTime:0.000059s ]
INFO: Run Behavior\ParseTemplateBehavior [ RunTime:0.006988s ]
INFO: [ view_parse ] --END-- [ RunTime:0.007026s ]
INFO: [ view_filter ] --START--
INFO: Run Behavior\WriteHtmlCacheBehavior [ RunTime:0.000114s ]
INFO: [ view_filter ] --END-- [ RunTime:0.000137s ]
INFO: [ app_end ] --START--
INFO: Run Behavior\ShowPageTraceBehavior [ RunTime:0.000328s ]
INFO: [ app_end ] --END-- [ RunTime:0.000354s ]

[ 2015-11-30T06:33:05+08:00 ] 127.0.0.1 /oj/index.php/Home/bbs/view.html?id=2
INFO: [ app_init ] --START--
INFO: Run Behavior\BuildLiteBehavior [ RunTime:0.000017s ]
INFO: [ app_init ] --END-- [ RunTime:0.000308s ]
INFO: [ app_begin ] --START--
INFO: Run Behavior\ReadHtmlCacheBehavior [ RunTime:0.000480s ]
INFO: [ app_begin ] --END-- [ RunTime:0.000526s ]
SQL: SHOW COLUMNS FROM `bbslist` [ RunTime:0.0032s ]
SQL: SELECT * FROM `bbslist` WHERE `id` = 2  [ RunTime:0.0004s ]
SQL: SHOW COLUMNS FROM `bbsmsg` [ RunTime:0.0017s ]
SQL: SELECT * FROM `bbsmsg` WHERE `id` = 2  [ RunTime:0.0003s ]
SQL: SHOW COLUMNS FROM `user` [ RunTime:0.0020s ]
INFO: [ view_parse ] --START--
INFO: [ template_filter ] --START--
INFO: Run Behavior\ContentReplaceBehavior [ RunTime:0.000024s ]
INFO: [ template_filter ] --END-- [ RunTime:0.000059s ]

[ 2015-11-30T06:33:13+08:00 ] 127.0.0.1 /oj/index.php/Home/bbs/view.html?id=2
INFO: [ app_init ] --START--
INFO: Run Behavior\BuildLiteBehavior [ RunTime:0.000011s ]
INFO: [ app_init ] --END-- [ RunTime:0.000282s ]
INFO: [ app_begin ] --START--
INFO: Run Behavior\ReadHtmlCacheBehavior [ RunTime:0.000274s ]
INFO: [ app_begin ] --END-- [ RunTime:0.000313s ]
SQL: SHOW COLUMNS FROM `bbslist` [ RunTime:0.0012s ]
SQL: SELECT * FROM `bbslist` WHERE `id` = 2  [ RunTime:0.0003s ]
SQL: SHOW COLUMNS FROM `bbsmsg` [ RunTime:0.0016s ]
SQL: SELECT * FROM `bbsmsg` WHERE `id` = 2  [ RunTime:0.0003s ]
SQL: SHOW COLUMNS FROM `user` [ RunTime:0.0022s ]
INFO: [ view_parse ] --START--
INFO: [ template_filter ] --START--
INFO: Run Behavior\ContentReplaceBehavior [ RunTime:0.000030s ]
INFO: [ template_filter ] --END-- [ RunTime:0.000075s ]
INFO: Run Behavior\ParseTemplateBehavior [ RunTime:0.007022s ]
INFO: [ view_parse ] --END-- [ RunTime:0.007079s ]
INFO: [ view_filter ] --START--
INFO: Run Behavior\WriteHtmlCacheBehavior [ RunTime:0.000158s ]
INFO: [ view_filter ] --END-- [ RunTime:0.000190s ]
INFO: [ app_end ] --START--
INFO: Run Behavior\ShowPageTraceBehavior [ RunTime:0.000404s ]
INFO: [ app_end ] --END-- [ RunTime:0.000438s ]

[ 2015-11-30T06:34:13+08:00 ] 127.0.0.1 /oj/index.php/Home/bbs/view.html?id=2
INFO: [ app_init ] --START--
INFO: Run Behavior\BuildLiteBehavior [ RunTime:0.000010s ]
INFO: [ app_init ] --END-- [ RunTime:0.000215s ]
INFO: [ app_begin ] --START--
INFO: Run Behavior\ReadHtmlCacheBehavior [ RunTime:0.000266s ]
INFO: [ app_begin ] --END-- [ RunTime:0.000298s ]
SQL: SHOW COLUMNS FROM `bbslist` [ RunTime:0.0012s ]
SQL: SELECT * FROM `bbslist` WHERE `id` = 2  [ RunTime:0.0003s ]
SQL: SHOW COLUMNS FROM `bbsmsg` [ RunTime:0.0012s ]
SQL: SELECT * FROM `bbsmsg` WHERE `id` = 2  [ RunTime:0.0003s ]
SQL: SHOW COLUMNS FROM `user` [ RunTime:0.0015s ]
INFO: [ view_parse ] --START--
INFO: [ template_filter ] --START--
INFO: Run Behavior\ContentReplaceBehavior [ RunTime:0.000021s ]
INFO: [ template_filter ] --END-- [ RunTime:0.000051s ]
INFO: Run Behavior\ParseTemplateBehavior [ RunTime:0.005481s ]
INFO: [ view_parse ] --END-- [ RunTime:0.005515s ]
INFO: [ view_filter ] --START--
INFO: Run Behavior\WriteHtmlCacheBehavior [ RunTime:0.000107s ]
INFO: [ view_filter ] --END-- [ RunTime:0.000130s ]
INFO: [ app_end ] --START--
INFO: Run Behavior\ShowPageTraceBehavior [ RunTime:0.000317s ]
INFO: [ app_end ] --END-- [ RunTime:0.000355s ]

[ 2015-11-30T06:34:25+08:00 ] 127.0.0.1 /oj/index.php/Home/bbs/view.html?id=2
INFO: [ app_init ] --START--
INFO: Run Behavior\BuildLiteBehavior [ RunTime:0.000010s ]
INFO: [ app_init ] --END-- [ RunTime:0.000221s ]
INFO: [ app_begin ] --START--
INFO: Run Behavior\ReadHtmlCacheBehavior [ RunTime:0.000274s ]
INFO: [ app_begin ] --END-- [ RunTime:0.000304s ]
SQL: SHOW COLUMNS FROM `bbslist` [ RunTime:0.0029s ]
SQL: SELECT * FROM `bbslist` WHERE `id` = 2  [ RunTime:0.0004s ]
SQL: SHOW COLUMNS FROM `bbsmsg` [ RunTime:0.0017s ]
SQL: SELECT * FROM `bbsmsg` WHERE `id` = 2  [ RunTime:0.0003s ]
SQL: SHOW COLUMNS FROM `user` [ RunTime:0.0014s ]
INFO: [ view_parse ] --START--
INFO: [ template_filter ] --START--
INFO: Run Behavior\ContentReplaceBehavior [ RunTime:0.000025s ]
INFO: [ template_filter ] --END-- [ RunTime:0.000063s ]
INFO: Run Behavior\ParseTemplateBehavior [ RunTime:0.006194s ]
INFO: [ view_parse ] --END-- [ RunTime:0.006232s ]
INFO: [ view_filter ] --START--
INFO: Run Behavior\WriteHtmlCacheBehavior [ RunTime:0.000118s ]
INFO: [ view_filter ] --END-- [ RunTime:0.000141s ]
INFO: [ app_end ] --START--
INFO: Run Behavior\ShowPageTraceBehavior [ RunTime:0.000300s ]
INFO: [ app_end ] --END-- [ RunTime:0.000326s ]

[ 2015-11-30T06:40:34+08:00 ] 127.0.0.1 /oj/index.php/Home/bbs/writecomment.html?id=2
INFO: [ app_init ] --START--
INFO: Run Behavior\BuildLiteBehavior [ RunTime:0.000013s ]
INFO: [ app_init ] --END-- [ RunTime:0.000286s ]
INFO: [ app_begin ] --START--
INFO: Run Behavior\ReadHtmlCacheBehavior [ RunTime:0.000579s ]
INFO: [ app_begin ] --END-- [ RunTime:0.000651s ]
SQL: SHOW COLUMNS FROM `bbslist` [ RunTime:0.0018s ]
SQL: SELECT * FROM `bbslist` WHERE `id` = 2 LIMIT 1   [ RunTime:0.0003s ]
SQL: SHOW COLUMNS FROM `bbsmsg` [ RunTime:0.0024s ]
SQL: INSERT INTO `bbsmsg` (`id`,`content`,`from`) VALUES ('2','asd','1') [ RunTime:0.0017s ]
INFO: [ app_end ] --START--
INFO: Run Behavior\ShowPageTraceBehavior [ RunTime:0.000672s ]
INFO: [ app_end ] --END-- [ RunTime:0.000733s ]

[ 2015-11-30T06:40:36+08:00 ] 127.0.0.1 /oj/index.php/Home/bbs/index.html
INFO: [ app_init ] --START--
INFO: Run Behavior\BuildLiteBehavior [ RunTime:0.000012s ]
INFO: [ app_init ] --END-- [ RunTime:0.000251s ]
INFO: [ app_begin ] --START--
INFO: Run Behavior\ReadHtmlCacheBehavior [ RunTime:0.000400s ]
INFO: [ app_begin ] --END-- [ RunTime:0.000462s ]
SQL: SHOW COLUMNS FROM `bbslist` [ RunTime:0.0022s ]
SQL: SELECT * FROM `bbslist` ORDER BY last desc LIMIT 0,10   [ RunTime:0.0003s ]
INFO: [ view_parse ] --START--
INFO: [ template_filter ] --START--
INFO: Run Behavior\ContentReplaceBehavior [ RunTime:0.000027s ]
INFO: [ template_filter ] --END-- [ RunTime:0.000071s ]
INFO: Run Behavior\ParseTemplateBehavior [ RunTime:0.009127s ]
INFO: [ view_parse ] --END-- [ RunTime:0.009176s ]
INFO: [ view_filter ] --START--
INFO: Run Behavior\WriteHtmlCacheBehavior [ RunTime:0.000155s ]
INFO: [ view_filter ] --END-- [ RunTime:0.000183s ]
INFO: [ app_end ] --START--
INFO: Run Behavior\ShowPageTraceBehavior [ RunTime:0.000356s ]
INFO: [ app_end ] --END-- [ RunTime:0.000398s ]

[ 2015-11-30T06:40:38+08:00 ] 127.0.0.1 /oj/index.php/Home/bbs/view.html?id=2
INFO: [ app_init ] --START--
INFO: Run Behavior\BuildLiteBehavior [ RunTime:0.000011s ]
INFO: [ app_init ] --END-- [ RunTime:0.000210s ]
INFO: [ app_begin ] --START--
INFO: Run Behavior\ReadHtmlCacheBehavior [ RunTime:0.000266s ]
INFO: [ app_begin ] --END-- [ RunTime:0.000308s ]
SQL: SHOW COLUMNS FROM `bbslist` [ RunTime:0.0022s ]
SQL: SELECT * FROM `bbslist` WHERE `id` = 2  [ RunTime:0.0007s ]
SQL: SHOW COLUMNS FROM `bbsmsg` [ RunTime:0.0014s ]
SQL: SELECT * FROM `bbsmsg` WHERE `id` = 2  [ RunTime:0.0003s ]
SQL: SHOW COLUMNS FROM `user` [ RunTime:0.0017s ]
SQL: SELECT * FROM `user` WHERE `id` = 2 LIMIT 1   [ RunTime:0.0003s ]
NOTIC: [8] Undefined offset: 0 /Applications/XAMPP/xamppfiles/htdocs/oj/app/Home/Controller/BbsController.class.php 第 37 行.
NOTIC: [8] Undefined offset: 0 /Applications/XAMPP/xamppfiles/htdocs/oj/app/Home/Controller/BbsController.class.php 第 38 行.
INFO: [ view_parse ] --START--
INFO: [ template_filter ] --START--
INFO: Run Behavior\ContentReplaceBehavior [ RunTime:0.000024s ]
INFO: [ template_filter ] --END-- [ RunTime:0.000059s ]
INFO: Run Behavior\ParseTemplateBehavior [ RunTime:0.006244s ]
INFO: [ view_parse ] --END-- [ RunTime:0.006280s ]
INFO: [ view_filter ] --START--
INFO: Run Behavior\WriteHtmlCacheBehavior [ RunTime:0.000109s ]
INFO: [ view_filter ] --END-- [ RunTime:0.000132s ]
INFO: [ app_end ] --START--
INFO: Run Behavior\ShowPageTraceBehavior [ RunTime:0.000290s ]
INFO: [ app_end ] --END-- [ RunTime:0.000316s ]

[ 2015-11-30T06:40:48+08:00 ] 127.0.0.1 /oj/index.php/Home/bbs/writecomment.html?id=2
INFO: [ app_init ] --START--
INFO: Run Behavior\BuildLiteBehavior [ RunTime:0.000011s ]
INFO: [ app_init ] --END-- [ RunTime:0.000235s ]
INFO: [ app_begin ] --START--
INFO: Run Behavior\ReadHtmlCacheBehavior [ RunTime:0.000285s ]
INFO: [ app_begin ] --END-- [ RunTime:0.000318s ]
SQL: SHOW COLUMNS FROM `bbslist` [ RunTime:0.0023s ]
SQL: SELECT * FROM `bbslist` WHERE `id` = 2 LIMIT 1   [ RunTime:0.0007s ]
SQL: SHOW COLUMNS FROM `bbsmsg` [ RunTime:0.0022s ]
SQL: INSERT INTO `bbsmsg` (`id`,`content`,`from`) VALUES ('2','zcxzwqeqwe','1') [ RunTime:0.0019s ]
INFO: [ app_end ] --START--
INFO: Run Behavior\ShowPageTraceBehavior [ RunTime:0.000579s ]
INFO: [ app_end ] --END-- [ RunTime:0.000656s ]

[ 2015-11-30T06:40:49+08:00 ] 127.0.0.1 /oj/index.php/Home/bbs/index.html
INFO: [ app_init ] --START--
INFO: Run Behavior\BuildLiteBehavior [ RunTime:0.000013s ]
INFO: [ app_init ] --END-- [ RunTime:0.000262s ]
INFO: [ app_begin ] --START--
INFO: Run Behavior\ReadHtmlCacheBehavior [ RunTime:0.000552s ]
INFO: [ app_begin ] --END-- [ RunTime:0.000617s ]
SQL: SHOW COLUMNS FROM `bbslist` [ RunTime:0.0013s ]
SQL: SELECT * FROM `bbslist` ORDER BY last desc LIMIT 0,10   [ RunTime:0.0003s ]
INFO: [ view_parse ] --START--
INFO: [ template_filter ] --START--
INFO: Run Behavior\ContentReplaceBehavior [ RunTime:0.000027s ]
INFO: [ template_filter ] --END-- [ RunTime:0.000069s ]
INFO: Run Behavior\ParseTemplateBehavior [ RunTime:0.008180s ]
INFO: [ view_parse ] --END-- [ RunTime:0.008230s ]
INFO: [ view_filter ] --START--
INFO: Run Behavior\WriteHtmlCacheBehavior [ RunTime:0.000234s ]
INFO: [ view_filter ] --END-- [ RunTime:0.000265s ]
INFO: [ app_end ] --START--
INFO: Run Behavior\ShowPageTraceBehavior [ RunTime:0.000377s ]
INFO: [ app_end ] --END-- [ RunTime:0.000410s ]

[ 2015-11-30T06:40:51+08:00 ] 127.0.0.1 /oj/index.php/Home/bbs/view.html?id=2
INFO: [ app_init ] --START--
INFO: Run Behavior\BuildLiteBehavior [ RunTime:0.000010s ]
INFO: [ app_init ] --END-- [ RunTime:0.000212s ]
INFO: [ app_begin ] --START--
INFO: Run Behavior\ReadHtmlCacheBehavior [ RunTime:0.000373s ]
INFO: [ app_begin ] --END-- [ RunTime:0.000408s ]
SQL: SHOW COLUMNS FROM `bbslist` [ RunTime:0.0032s ]
SQL: SELECT * FROM `bbslist` WHERE `id` = 2  [ RunTime:0.0003s ]
SQL: SHOW COLUMNS FROM `bbsmsg` [ RunTime:0.0014s ]
SQL: SELECT * FROM `bbsmsg` WHERE `id` = 2  [ RunTime:0.0003s ]
SQL: SHOW COLUMNS FROM `user` [ RunTime:0.0015s ]
SQL: SELECT * FROM `user` WHERE `id` = 2 LIMIT 1   [ RunTime:0.0003s ]
NOTIC: [8] Undefined offset: 0 /Applications/XAMPP/xamppfiles/htdocs/oj/app/Home/Controller/BbsController.class.php 第 37 行.
NOTIC: [8] Undefined offset: 0 /Applications/XAMPP/xamppfiles/htdocs/oj/app/Home/Controller/BbsController.class.php 第 38 行.
SQL: SELECT * FROM `user` WHERE `id` = 2 LIMIT 1   [ RunTime:0.0002s ]
NOTIC: [8] Undefined offset: 0 /Applications/XAMPP/xamppfiles/htdocs/oj/app/Home/Controller/BbsController.class.php 第 37 行.
NOTIC: [8] Undefined offset: 0 /Applications/XAMPP/xamppfiles/htdocs/oj/app/Home/Controller/BbsController.class.php 第 38 行.
INFO: [ view_parse ] --START--
INFO: [ template_filter ] --START--
INFO: Run Behavior\ContentReplaceBehavior [ RunTime:0.000024s ]
INFO: [ template_filter ] --END-- [ RunTime:0.000061s ]
INFO: Run Behavior\ParseTemplateBehavior [ RunTime:0.006005s ]
INFO: [ view_parse ] --END-- [ RunTime:0.006040s ]
INFO: [ view_filter ] --START--
INFO: Run Behavior\WriteHtmlCacheBehavior [ RunTime:0.000112s ]
INFO: [ view_filter ] --END-- [ RunTime:0.000134s ]
INFO: [ app_end ] --START--
INFO: Run Behavior\ShowPageTraceBehavior [ RunTime:0.000307s ]
INFO: [ app_end ] --END-- [ RunTime:0.000332s ]

[ 2015-11-30T06:42:50+08:00 ] 127.0.0.1 /oj/index.php/Home/bbs/view.html?id=2
INFO: [ app_init ] --START--
INFO: Run Behavior\BuildLiteBehavior [ RunTime:0.000101s ]
INFO: [ app_init ] --END-- [ RunTime:0.000961s ]
INFO: [ app_begin ] --START--
INFO: Run Behavior\ReadHtmlCacheBehavior [ RunTime:0.000371s ]
INFO: [ app_begin ] --END-- [ RunTime:0.000444s ]
SQL: SHOW COLUMNS FROM `bbslist` [ RunTime:0.0030s ]
SQL: SELECT * FROM `bbslist` WHERE `id` = 2  [ RunTime:0.0004s ]
SQL: SHOW COLUMNS FROM `bbsmsg` [ RunTime:0.0020s ]
SQL: SELECT * FROM `bbsmsg` WHERE `id` = 2  [ RunTime:0.0003s ]
SQL: SHOW COLUMNS FROM `user` [ RunTime:0.0025s ]
SQL: SELECT * FROM `user` WHERE `id` = 2 LIMIT 1   [ RunTime:0.0003s ]
NOTIC: [8] Undefined offset: 0 /Applications/XAMPP/xamppfiles/htdocs/oj/app/Home/Controller/BbsController.class.php 第 37 行.
NOTIC: [8] Undefined offset: 0 /Applications/XAMPP/xamppfiles/htdocs/oj/app/Home/Controller/BbsController.class.php 第 38 行.
SQL: SELECT * FROM `user` WHERE `id` = 2 LIMIT 1   [ RunTime:0.0003s ]
NOTIC: [8] Undefined offset: 0 /Applications/XAMPP/xamppfiles/htdocs/oj/app/Home/Controller/BbsController.class.php 第 37 行.
NOTIC: [8] Undefined offset: 0 /Applications/XAMPP/xamppfiles/htdocs/oj/app/Home/Controller/BbsController.class.php 第 38 行.
INFO: [ view_parse ] --START--
INFO: [ template_filter ] --START--
INFO: Run Behavior\ContentReplaceBehavior [ RunTime:0.000028s ]
INFO: [ template_filter ] --END-- [ RunTime:0.000070s ]
INFO: Run Behavior\ParseTemplateBehavior [ RunTime:0.006297s ]
INFO: [ view_parse ] --END-- [ RunTime:0.006331s ]
INFO: [ view_filter ] --START--
INFO: Run Behavior\WriteHtmlCacheBehavior [ RunTime:0.000114s ]
INFO: [ view_filter ] --END-- [ RunTime:0.000137s ]
INFO: [ app_end ] --START--
INFO: Run Behavior\ShowPageTraceBehavior [ RunTime:0.000313s ]
INFO: [ app_end ] --END-- [ RunTime:0.000348s ]

[ 2015-11-30T06:42:54+08:00 ] 127.0.0.1 /oj/index.php/Home/bbs/view.html?id=2
INFO: [ app_init ] --START--
INFO: Run Behavior\BuildLiteBehavior [ RunTime:0.000015s ]
INFO: [ app_init ] --END-- [ RunTime:0.000355s ]
INFO: [ app_begin ] --START--
INFO: Run Behavior\ReadHtmlCacheBehavior [ RunTime:0.000472s ]
INFO: [ app_begin ] --END-- [ RunTime:0.000526s ]
SQL: SHOW COLUMNS FROM `bbslist` [ RunTime:0.0028s ]
SQL: SELECT * FROM `bbslist` WHERE `id` = 2  [ RunTime:0.0004s ]
SQL: SHOW COLUMNS FROM `bbsmsg` [ RunTime:0.0018s ]
SQL: SELECT * FROM `bbsmsg` WHERE `id` = 2  [ RunTime:0.0003s ]
SQL: SHOW COLUMNS FROM `user` [ RunTime:0.0021s ]
SQL: SELECT * FROM `user` WHERE `id` = 2 LIMIT 1   [ RunTime:0.0003s ]
NOTIC: [8] Undefined offset: 0 /Applications/XAMPP/xamppfiles/htdocs/oj/app/Home/Controller/BbsController.class.php 第 37 行.
NOTIC: [8] Undefined offset: 0 /Applications/XAMPP/xamppfiles/htdocs/oj/app/Home/Controller/BbsController.class.php 第 38 行.
SQL: SELECT * FROM `user` WHERE `id` = 2 LIMIT 1   [ RunTime:0.0003s ]
NOTIC: [8] Undefined offset: 0 /Applications/XAMPP/xamppfiles/htdocs/oj/app/Home/Controller/BbsController.class.php 第 37 行.
NOTIC: [8] Undefined offset: 0 /Applications/XAMPP/xamppfiles/htdocs/oj/app/Home/Controller/BbsController.class.php 第 38 行.
INFO: [ view_parse ] --START--
INFO: [ template_filter ] --START--
INFO: Run Behavior\ContentReplaceBehavior [ RunTime:0.000026s ]
INFO: [ template_filter ] --END-- [ RunTime:0.000065s ]
INFO: Run Behavior\ParseTemplateBehavior [ RunTime:0.008067s ]
INFO: [ view_parse ] --END-- [ RunTime:0.008105s ]
INFO: [ view_filter ] --START--
INFO: Run Behavior\WriteHtmlCacheBehavior [ RunTime:0.000107s ]
INFO: [ view_filter ] --END-- [ RunTime:0.000129s ]
INFO: [ app_end ] --START--
INFO: Run Behavior\ShowPageTraceBehavior [ RunTime:0.000289s ]
INFO: [ app_end ] --END-- [ RunTime:0.000315s ]

[ 2015-11-30T06:42:58+08:00 ] 127.0.0.1 /oj/index.php/Home/User/Index.html
INFO: [ app_init ] --START--
INFO: Run Behavior\BuildLiteBehavior [ RunTime:0.000018s ]
INFO: [ app_init ] --END-- [ RunTime:0.000396s ]
INFO: [ app_begin ] --START--
INFO: Run Behavior\ReadHtmlCacheBehavior [ RunTime:0.000877s ]
INFO: [ app_begin ] --END-- [ RunTime:0.000958s ]
SQL: SHOW COLUMNS FROM `user` [ RunTime:0.0027s ]
SQL: SELECT * FROM `user` WHERE `username` = 'admin' LIMIT 1   [ RunTime:0.0003s ]
INFO: [ view_parse ] --START--
INFO: [ template_filter ] --START--
INFO: Run Behavior\ContentReplaceBehavior [ RunTime:0.000028s ]
INFO: [ template_filter ] --END-- [ RunTime:0.000071s ]
NOTIC: [8] Undefined variable: P /Applications/XAMPP/xamppfiles/htdocs/oj/app/Runtime/Cache/Home/c4d675da734f315aa47c2be816a3d76e.php 第 25 行.
NOTIC: [8] Undefined variable: P /Applications/XAMPP/xamppfiles/htdocs/oj/app/Runtime/Cache/Home/c4d675da734f315aa47c2be816a3d76e.php 第 26 行.
NOTIC: [8] Undefined variable: P /Applications/XAMPP/xamppfiles/htdocs/oj/app/Runtime/Cache/Home/c4d675da734f315aa47c2be816a3d76e.php 第 27 行.
NOTIC: [8] Undefined variable: P /Applications/XAMPP/xamppfiles/htdocs/oj/app/Runtime/Cache/Home/c4d675da734f315aa47c2be816a3d76e.php 第 28 行.
INFO: Run Behavior\ParseTemplateBehavior [ RunTime:0.006332s ]
INFO: [ view_parse ] --END-- [ RunTime:0.006445s ]
INFO: [ view_filter ] --START--
INFO: Run Behavior\WriteHtmlCacheBehavior [ RunTime:0.000166s ]
INFO: [ view_filter ] --END-- [ RunTime:0.000194s ]
INFO: [ app_end ] --START--
INFO: Run Behavior\ShowPageTraceBehavior [ RunTime:0.001952s ]
INFO: [ app_end ] --END-- [ RunTime:0.002049s ]

[ 2015-11-30T06:42:59+08:00 ] 127.0.0.1 /oj/index.php/Home/User/Index.html
INFO: [ app_init ] --START--
INFO: Run Behavior\BuildLiteBehavior [ RunTime:0.000017s ]
INFO: [ app_init ] --END-- [ RunTime:0.000408s ]
INFO: [ app_begin ] --START--
INFO: Run Behavior\ReadHtmlCacheBehavior [ RunTime:0.000534s ]
INFO: [ app_begin ] --END-- [ RunTime:0.000589s ]
SQL: SHOW COLUMNS FROM `user` [ RunTime:0.0029s ]
SQL: SELECT * FROM `user` WHERE `username` = 'admin' LIMIT 1   [ RunTime:0.0003s ]
INFO: [ view_parse ] --START--
INFO: [ template_filter ] --START--
INFO: Run Behavior\ContentReplaceBehavior [ RunTime:0.000024s ]
INFO: [ template_filter ] --END-- [ RunTime:0.000056s ]
NOTIC: [8] Undefined variable: P /Applications/XAMPP/xamppfiles/htdocs/oj/app/Runtime/Cache/Home/c4d675da734f315aa47c2be816a3d76e.php 第 25 行.
NOTIC: [8] Undefined variable: P /Applications/XAMPP/xamppfiles/htdocs/oj/app/Runtime/Cache/Home/c4d675da734f315aa47c2be816a3d76e.php 第 26 行.
NOTIC: [8] Undefined variable: P /Applications/XAMPP/xamppfiles/htdocs/oj/app/Runtime/Cache/Home/c4d675da734f315aa47c2be816a3d76e.php 第 27 行.
NOTIC: [8] Undefined variable: P /Applications/XAMPP/xamppfiles/htdocs/oj/app/Runtime/Cache/Home/c4d675da734f315aa47c2be816a3d76e.php 第 28 行.
INFO: Run Behavior\ParseTemplateBehavior [ RunTime:0.005950s ]
INFO: [ view_parse ] --END-- [ RunTime:0.005987s ]
INFO: [ view_filter ] --START--
INFO: Run Behavior\WriteHtmlCacheBehavior [ RunTime:0.000106s ]
INFO: [ view_filter ] --END-- [ RunTime:0.000129s ]
INFO: [ app_end ] --START--
INFO: Run Behavior\ShowPageTraceBehavior [ RunTime:0.000297s ]
INFO: [ app_end ] --END-- [ RunTime:0.000323s ]

[ 2015-11-30T06:43:05+08:00 ] 127.0.0.1 /oj/index.php/Home/bbs/index.html
INFO: [ app_init ] --START--
INFO: Run Behavior\BuildLiteBehavior [ RunTime:0.000011s ]
INFO: [ app_init ] --END-- [ RunTime:0.000224s ]
INFO: [ app_begin ] --START--
INFO: Run Behavior\ReadHtmlCacheBehavior [ RunTime:0.000279s ]
INFO: [ app_begin ] --END-- [ RunTime:0.000310s ]
SQL: SHOW COLUMNS FROM `bbslist` [ RunTime:0.0032s ]
SQL: SELECT * FROM `bbslist` ORDER BY last desc LIMIT 0,10   [ RunTime:0.0004s ]
INFO: [ view_parse ] --START--
INFO: [ template_filter ] --START--
INFO: Run Behavior\ContentReplaceBehavior [ RunTime:0.000043s ]
INFO: [ template_filter ] --END-- [ RunTime:0.000106s ]
INFO: Run Behavior\ParseTemplateBehavior [ RunTime:0.009829s ]
INFO: [ view_parse ] --END-- [ RunTime:0.009886s ]
INFO: [ view_filter ] --START--
INFO: Run Behavior\WriteHtmlCacheBehavior [ RunTime:0.000208s ]
INFO: [ view_filter ] --END-- [ RunTime:0.000252s ]
INFO: [ app_end ] --START--
INFO: Run Behavior\ShowPageTraceBehavior [ RunTime:0.000563s ]
INFO: [ app_end ] --END-- [ RunTime:0.000611s ]

[ 2015-11-30T06:43:09+08:00 ] 127.0.0.1 /oj/index.php/Home/bbs/view.html?id=2
INFO: [ app_init ] --START--
INFO: Run Behavior\BuildLiteBehavior [ RunTime:0.000010s ]
INFO: [ app_init ] --END-- [ RunTime:0.000235s ]
INFO: [ app_begin ] --START--
INFO: Run Behavior\ReadHtmlCacheBehavior [ RunTime:0.000263s ]
INFO: [ app_begin ] --END-- [ RunTime:0.000294s ]
SQL: SHOW COLUMNS FROM `bbslist` [ RunTime:0.0024s ]
SQL: SELECT * FROM `bbslist` WHERE `id` = 2  [ RunTime:0.0004s ]
SQL: SHOW COLUMNS FROM `bbsmsg` [ RunTime:0.0016s ]
SQL: SELECT * FROM `bbsmsg` WHERE `id` = 2  [ RunTime:0.0003s ]
SQL: SHOW COLUMNS FROM `user` [ RunTime:0.0026s ]
SQL: SELECT * FROM `user` WHERE `id` = 2 LIMIT 1   [ RunTime:0.0003s ]
NOTIC: [8] Undefined offset: 0 /Applications/XAMPP/xamppfiles/htdocs/oj/app/Home/Controller/BbsController.class.php 第 37 行.
NOTIC: [8] Undefined offset: 0 /Applications/XAMPP/xamppfiles/htdocs/oj/app/Home/Controller/BbsController.class.php 第 38 行.
SQL: SELECT * FROM `user` WHERE `id` = 2 LIMIT 1   [ RunTime:0.0003s ]
NOTIC: [8] Undefined offset: 0 /Applications/XAMPP/xamppfiles/htdocs/oj/app/Home/Controller/BbsController.class.php 第 37 行.
NOTIC: [8] Undefined offset: 0 /Applications/XAMPP/xamppfiles/htdocs/oj/app/Home/Controller/BbsController.class.php 第 38 行.
INFO: [ view_parse ] --START--
INFO: [ template_filter ] --START--
INFO: Run Behavior\ContentReplaceBehavior [ RunTime:0.000025s ]
INFO: [ template_filter ] --END-- [ RunTime:0.000080s ]
INFO: Run Behavior\ParseTemplateBehavior [ RunTime:0.007583s ]
INFO: [ view_parse ] --END-- [ RunTime:0.007620s ]
INFO: [ view_filter ] --START--
INFO: Run Behavior\WriteHtmlCacheBehavior [ RunTime:0.000111s ]
INFO: [ view_filter ] --END-- [ RunTime:0.000137s ]
INFO: [ app_end ] --START--
INFO: Run Behavior\ShowPageTraceBehavior [ RunTime:0.000314s ]
INFO: [ app_end ] --END-- [ RunTime:0.000349s ]

[ 2015-11-30T06:44:11+08:00 ] 127.0.0.1 /oj/index.php/Home/bbs/index.html
INFO: [ app_init ] --START--
INFO: Run Behavior\BuildLiteBehavior [ RunTime:0.000013s ]
INFO: [ app_init ] --END-- [ RunTime:0.000254s ]
INFO: [ app_begin ] --START--
INFO: Run Behavior\ReadHtmlCacheBehavior [ RunTime:0.000583s ]
INFO: [ app_begin ] --END-- [ RunTime:0.000636s ]
SQL: SHOW COLUMNS FROM `bbslist` [ RunTime:0.0022s ]
SQL: SELECT * FROM `bbslist` ORDER BY last desc LIMIT 0,10   [ RunTime:0.0003s ]
INFO: [ view_parse ] --START--
INFO: [ template_filter ] --START--
INFO: Run Behavior\ContentReplaceBehavior [ RunTime:0.000030s ]
INFO: [ template_filter ] --END-- [ RunTime:0.000075s ]
INFO: Run Behavior\ParseTemplateBehavior [ RunTime:0.009849s ]
INFO: [ view_parse ] --END-- [ RunTime:0.009981s ]
INFO: [ view_filter ] --START--
INFO: Run Behavior\WriteHtmlCacheBehavior [ RunTime:0.000260s ]
INFO: [ view_filter ] --END-- [ RunTime:0.000311s ]
INFO: [ app_end ] --START--
INFO: Run Behavior\ShowPageTraceBehavior [ RunTime:0.002129s ]
INFO: [ app_end ] --END-- [ RunTime:0.003697s ]

[ 2015-11-30T06:44:13+08:00 ] 127.0.0.1 /oj/index.php/Home/bbs/index.html
INFO: [ app_init ] --START--
INFO: Run Behavior\BuildLiteBehavior [ RunTime:0.000012s ]
INFO: [ app_init ] --END-- [ RunTime:0.000263s ]
INFO: [ app_begin ] --START--
INFO: Run Behavior\ReadHtmlCacheBehavior [ RunTime:0.000491s ]
INFO: [ app_begin ] --END-- [ RunTime:0.000533s ]
SQL: SHOW COLUMNS FROM `bbslist` [ RunTime:0.0035s ]
SQL: SELECT * FROM `bbslist` ORDER BY last desc LIMIT 0,10   [ RunTime:0.0005s ]
INFO: [ view_parse ] --START--
INFO: [ template_filter ] --START--
INFO: Run Behavior\ContentReplaceBehavior [ RunTime:0.000033s ]
INFO: [ template_filter ] --END-- [ RunTime:0.000082s ]
INFO: Run Behavior\ParseTemplateBehavior [ RunTime:0.008621s ]
INFO: [ view_parse ] --END-- [ RunTime:0.008671s ]
INFO: [ view_filter ] --START--
INFO: Run Behavior\WriteHtmlCacheBehavior [ RunTime:0.000240s ]
INFO: [ view_filter ] --END-- [ RunTime:0.000281s ]
INFO: [ app_end ] --START--
INFO: Run Behavior\ShowPageTraceBehavior [ RunTime:0.000559s ]
INFO: [ app_end ] --END-- [ RunTime:0.000609s ]

[ 2015-11-30T06:44:16+08:00 ] 127.0.0.1 /oj/index.php/Home/bbs/index.html
INFO: [ app_init ] --START--
INFO: Run Behavior\BuildLiteBehavior [ RunTime:0.000010s ]
INFO: [ app_init ] --END-- [ RunTime:0.000216s ]
INFO: [ app_begin ] --START--
INFO: Run Behavior\ReadHtmlCacheBehavior [ RunTime:0.000272s ]
INFO: [ app_begin ] --END-- [ RunTime:0.000303s ]
SQL: SHOW COLUMNS FROM `bbslist` [ RunTime:0.0028s ]
SQL: SELECT * FROM `bbslist` ORDER BY last desc LIMIT 0,10   [ RunTime:0.0005s ]
INFO: [ view_parse ] --START--
INFO: [ template_filter ] --START--
INFO: Run Behavior\ContentReplaceBehavior [ RunTime:0.000042s ]
INFO: [ template_filter ] --END-- [ RunTime:0.000109s ]
INFO: Run Behavior\ParseTemplateBehavior [ RunTime:0.011076s ]
INFO: [ view_parse ] --END-- [ RunTime:0.011159s ]
INFO: [ view_filter ] --START--
INFO: Run Behavior\WriteHtmlCacheBehavior [ RunTime:0.000232s ]
INFO: [ view_filter ] --END-- [ RunTime:0.000280s ]
INFO: [ app_end ] --START--
INFO: Run Behavior\ShowPageTraceBehavior [ RunTime:0.000560s ]
INFO: [ app_end ] --END-- [ RunTime:0.000605s ]

[ 2015-11-30T06:44:17+08:00 ] 127.0.0.1 /oj/index.php/Home/bbs/view.html?id=2
INFO: [ app_init ] --START--
INFO: Run Behavior\BuildLiteBehavior [ RunTime:0.000014s ]
INFO: [ app_init ] --END-- [ RunTime:0.000358s ]
INFO: [ app_begin ] --START--
INFO: Run Behavior\ReadHtmlCacheBehavior [ RunTime:0.000334s ]
INFO: [ app_begin ] --END-- [ RunTime:0.000372s ]
SQL: SHOW COLUMNS FROM `bbslist` [ RunTime:0.0022s ]
SQL: SELECT * FROM `bbslist` WHERE `id` = 2  [ RunTime:0.0003s ]
SQL: SHOW COLUMNS FROM `bbsmsg` [ RunTime:0.0018s ]
SQL: SELECT * FROM `bbsmsg` WHERE `id` = 2  [ RunTime:0.0004s ]
SQL: SHOW COLUMNS FROM `user` [ RunTime:0.0020s ]
SQL: SELECT * FROM `user` WHERE `id` = 2 LIMIT 1   [ RunTime:0.0003s ]
NOTIC: [8] Undefined offset: 0 /Applications/XAMPP/xamppfiles/htdocs/oj/app/Home/Controller/BbsController.class.php 第 37 行.
NOTIC: [8] Undefined offset: 0 /Applications/XAMPP/xamppfiles/htdocs/oj/app/Home/Controller/BbsController.class.php 第 38 行.
SQL: SELECT * FROM `user` WHERE `id` = 2 LIMIT 1   [ RunTime:0.0002s ]
NOTIC: [8] Undefined offset: 0 /Applications/XAMPP/xamppfiles/htdocs/oj/app/Home/Controller/BbsController.class.php 第 37 行.
NOTIC: [8] Undefined offset: 0 /Applications/XAMPP/xamppfiles/htdocs/oj/app/Home/Controller/BbsController.class.php 第 38 行.
INFO: [ view_parse ] --START--
INFO: [ template_filter ] --START--
INFO: Run Behavior\ContentReplaceBehavior [ RunTime:0.000024s ]
INFO: [ template_filter ] --END-- [ RunTime:0.000059s ]
INFO: Run Behavior\ParseTemplateBehavior [ RunTime:0.006202s ]
INFO: [ view_parse ] --END-- [ RunTime:0.006253s ]
INFO: [ view_filter ] --START--
INFO: Run Behavior\WriteHtmlCacheBehavior [ RunTime:0.000117s ]
INFO: [ view_filter ] --END-- [ RunTime:0.000139s ]
INFO: [ app_end ] --START--
INFO: Run Behavior\ShowPageTraceBehavior [ RunTime:0.000318s ]
INFO: [ app_end ] --END-- [ RunTime:0.000354s ]

[ 2015-11-30T06:44:19+08:00 ] 127.0.0.1 /oj/index.php/Home/bbs/index.html
INFO: [ app_init ] --START--
INFO: Run Behavior\BuildLiteBehavior [ RunTime:0.000011s ]
INFO: [ app_init ] --END-- [ RunTime:0.000219s ]
INFO: [ app_begin ] --START--
INFO: Run Behavior\ReadHtmlCacheBehavior [ RunTime:0.000342s ]
INFO: [ app_begin ] --END-- [ RunTime:0.000386s ]
SQL: SHOW COLUMNS FROM `bbslist` [ RunTime:0.0014s ]
SQL: SELECT * FROM `bbslist` ORDER BY last desc LIMIT 0,10   [ RunTime:0.0003s ]
INFO: [ view_parse ] --START--
INFO: [ template_filter ] --START--
INFO: Run Behavior\ContentReplaceBehavior [ RunTime:0.000025s ]
INFO: [ template_filter ] --END-- [ RunTime:0.000071s ]
INFO: Run Behavior\ParseTemplateBehavior [ RunTime:0.006659s ]
INFO: [ view_parse ] --END-- [ RunTime:0.006695s ]
INFO: [ view_filter ] --START--
INFO: Run Behavior\WriteHtmlCacheBehavior [ RunTime:0.000124s ]
INFO: [ view_filter ] --END-- [ RunTime:0.000147s ]
INFO: [ app_end ] --START--
INFO: Run Behavior\ShowPageTraceBehavior [ RunTime:0.000313s ]
INFO: [ app_end ] --END-- [ RunTime:0.000338s ]

[ 2015-11-30T06:44:22+08:00 ] 127.0.0.1 /oj/index.php/Home/bbs/view.html?id=1
INFO: [ app_init ] --START--
INFO: Run Behavior\BuildLiteBehavior [ RunTime:0.000014s ]
INFO: [ app_init ] --END-- [ RunTime:0.000386s ]
INFO: [ app_begin ] --START--
INFO: Run Behavior\ReadHtmlCacheBehavior [ RunTime:0.000559s ]
INFO: [ app_begin ] --END-- [ RunTime:0.000627s ]
SQL: SHOW COLUMNS FROM `bbslist` [ RunTime:0.0021s ]
SQL: SELECT * FROM `bbslist` WHERE `id` = 1  [ RunTime:0.0003s ]
SQL: SHOW COLUMNS FROM `bbsmsg` [ RunTime:0.0022s ]
SQL: SELECT * FROM `bbsmsg` WHERE `id` = 1  [ RunTime:0.0004s ]
SQL: SHOW COLUMNS FROM `user` [ RunTime:0.0020s ]
SQL: SELECT * FROM `user` WHERE `id` = 1 LIMIT 1   [ RunTime:0.0004s ]
INFO: [ view_parse ] --START--
INFO: [ template_filter ] --START--
INFO: Run Behavior\ContentReplaceBehavior [ RunTime:0.000024s ]
INFO: [ template_filter ] --END-- [ RunTime:0.000063s ]
INFO: Run Behavior\ParseTemplateBehavior [ RunTime:0.007897s ]
INFO: [ view_parse ] --END-- [ RunTime:0.007963s ]
INFO: [ view_filter ] --START--
INFO: Run Behavior\WriteHtmlCacheBehavior [ RunTime:0.000216s ]
INFO: [ view_filter ] --END-- [ RunTime:0.000261s ]
INFO: [ app_end ] --START--
INFO: Run Behavior\ShowPageTraceBehavior [ RunTime:0.000578s ]
INFO: [ app_end ] --END-- [ RunTime:0.000644s ]

[ 2015-11-30T06:45:19+08:00 ] 127.0.0.1 /oj/index.php/Home/bbs/index.html
INFO: [ app_init ] --START--
INFO: Run Behavior\BuildLiteBehavior [ RunTime:0.000021s ]
INFO: [ app_init ] --END-- [ RunTime:0.000472s ]
INFO: [ app_begin ] --START--
INFO: Run Behavior\ReadHtmlCacheBehavior [ RunTime:0.000666s ]
INFO: [ app_begin ] --END-- [ RunTime:0.000729s ]
SQL: SHOW COLUMNS FROM `bbslist` [ RunTime:0.0026s ]
SQL: SELECT * FROM `bbslist` ORDER BY last desc LIMIT 0,10   [ RunTime:0.0004s ]
INFO: [ view_parse ] --START--
INFO: [ template_filter ] --START--
INFO: Run Behavior\ContentReplaceBehavior [ RunTime:0.000029s ]
INFO: [ template_filter ] --END-- [ RunTime:0.000072s ]
INFO: Run Behavior\ParseTemplateBehavior [ RunTime:0.007649s ]
INFO: [ view_parse ] --END-- [ RunTime:0.007692s ]
INFO: [ view_filter ] --START--
INFO: Run Behavior\WriteHtmlCacheBehavior [ RunTime:0.000123s ]
INFO: [ view_filter ] --END-- [ RunTime:0.000145s ]
INFO: [ app_end ] --START--
INFO: Run Behavior\ShowPageTraceBehavior [ RunTime:0.000368s ]
INFO: [ app_end ] --END-- [ RunTime:0.000404s ]

[ 2015-11-30T06:45:37+08:00 ] 127.0.0.1 /oj/index.php/Home/bbs/view.html?id=2
INFO: [ app_init ] --START--
INFO: Run Behavior\BuildLiteBehavior [ RunTime:0.000012s ]
INFO: [ app_init ] --END-- [ RunTime:0.000256s ]
INFO: [ app_begin ] --START--
INFO: Run Behavior\ReadHtmlCacheBehavior [ RunTime:0.000331s ]
INFO: [ app_begin ] --END-- [ RunTime:0.000367s ]
SQL: SHOW COLUMNS FROM `bbslist` [ RunTime:0.0018s ]
SQL: SELECT * FROM `bbslist` WHERE `id` = 2  [ RunTime:0.0003s ]
SQL: SHOW COLUMNS FROM `bbsmsg` [ RunTime:0.0017s ]
SQL: SELECT * FROM `bbsmsg` WHERE `id` = 2  [ RunTime:0.0003s ]
SQL: SHOW COLUMNS FROM `user` [ RunTime:0.0023s ]
SQL: SELECT * FROM `user` WHERE `id` = 2 LIMIT 1   [ RunTime:0.0003s ]
NOTIC: [8] Undefined offset: 0 /Applications/XAMPP/xamppfiles/htdocs/oj/app/Home/Controller/BbsController.class.php 第 37 行.
NOTIC: [8] Undefined offset: 0 /Applications/XAMPP/xamppfiles/htdocs/oj/app/Home/Controller/BbsController.class.php 第 38 行.
SQL: SELECT * FROM `user` WHERE `id` = 2 LIMIT 1   [ RunTime:0.0002s ]
NOTIC: [8] Undefined offset: 0 /Applications/XAMPP/xamppfiles/htdocs/oj/app/Home/Controller/BbsController.class.php 第 37 行.
NOTIC: [8] Undefined offset: 0 /Applications/XAMPP/xamppfiles/htdocs/oj/app/Home/Controller/BbsController.class.php 第 38 行.
INFO: [ view_parse ] --START--
INFO: [ template_filter ] --START--
INFO: Run Behavior\ContentReplaceBehavior [ RunTime:0.000024s ]
INFO: [ template_filter ] --END-- [ RunTime:0.000061s ]
INFO: Run Behavior\ParseTemplateBehavior [ RunTime:0.006062s ]
INFO: [ view_parse ] --END-- [ RunTime:0.006096s ]
INFO: [ view_filter ] --START--
INFO: Run Behavior\WriteHtmlCacheBehavior [ RunTime:0.000170s ]
INFO: [ view_filter ] --END-- [ RunTime:0.000205s ]
INFO: [ app_end ] --START--
INFO: Run Behavior\ShowPageTraceBehavior [ RunTime:0.000450s ]
INFO: [ app_end ] --END-- [ RunTime:0.000511s ]

[ 2015-11-30T06:46:35+08:00 ] 127.0.0.1 /oj/index.php/Home/bbs/view.html?id=2
INFO: [ app_init ] --START--
INFO: Run Behavior\BuildLiteBehavior [ RunTime:0.000012s ]
INFO: [ app_init ] --END-- [ RunTime:0.000250s ]
INFO: [ app_begin ] --START--
INFO: Run Behavior\ReadHtmlCacheBehavior [ RunTime:0.000612s ]
INFO: [ app_begin ] --END-- [ RunTime:0.000655s ]
SQL: SHOW COLUMNS FROM `bbslist` [ RunTime:0.0020s ]
SQL: SELECT * FROM `bbslist` WHERE `id` = 2  [ RunTime:0.0003s ]
SQL: SHOW COLUMNS FROM `bbsmsg` [ RunTime:0.0019s ]
SQL: SELECT * FROM `bbsmsg` WHERE `id` = 2  [ RunTime:0.0003s ]
SQL: SHOW COLUMNS FROM `user` [ RunTime:0.0027s ]
SQL: SELECT * FROM `user` WHERE `id` = 2 LIMIT 1   [ RunTime:0.0004s ]
NOTIC: [8] Undefined offset: 0 /Applications/XAMPP/xamppfiles/htdocs/oj/app/Home/Controller/BbsController.class.php 第 37 行.
NOTIC: [8] Undefined offset: 0 /Applications/XAMPP/xamppfiles/htdocs/oj/app/Home/Controller/BbsController.class.php 第 38 行.
SQL: SELECT * FROM `user` WHERE `id` = 2 LIMIT 1   [ RunTime:0.0003s ]
NOTIC: [8] Undefined offset: 0 /Applications/XAMPP/xamppfiles/htdocs/oj/app/Home/Controller/BbsController.class.php 第 37 行.
NOTIC: [8] Undefined offset: 0 /Applications/XAMPP/xamppfiles/htdocs/oj/app/Home/Controller/BbsController.class.php 第 38 行.
INFO: [ view_parse ] --START--
INFO: [ template_filter ] --START--
INFO: Run Behavior\ContentReplaceBehavior [ RunTime:0.000031s ]
INFO: [ template_filter ] --END-- [ RunTime:0.000077s ]
INFO: Run Behavior\ParseTemplateBehavior [ RunTime:0.009151s ]
INFO: [ view_parse ] --END-- [ RunTime:0.009198s ]
INFO: [ view_filter ] --START--
INFO: Run Behavior\WriteHtmlCacheBehavior [ RunTime:0.000240s ]
INFO: [ view_filter ] --END-- [ RunTime:0.000280s ]
INFO: [ app_end ] --START--
INFO: Run Behavior\ShowPageTraceBehavior [ RunTime:0.000589s ]
INFO: [ app_end ] --END-- [ RunTime:0.000655s ]

[ 2015-11-30T06:48:33+08:00 ] 127.0.0.1 /oj/index.php/Home/bbs/view.html?id=2
INFO: [ app_init ] --START--
INFO: Run Behavior\BuildLiteBehavior [ RunTime:0.000010s ]
INFO: [ app_init ] --END-- [ RunTime:0.000230s ]
INFO: [ app_begin ] --START--
INFO: Run Behavior\ReadHtmlCacheBehavior [ RunTime:0.000557s ]
INFO: [ app_begin ] --END-- [ RunTime:0.000615s ]
SQL: SHOW COLUMNS FROM `bbslist` [ RunTime:0.0028s ]
SQL: SELECT * FROM `bbslist` WHERE `id` = 2  [ RunTime:0.0003s ]
SQL: SHOW COLUMNS FROM `bbsmsg` [ RunTime:0.0015s ]
SQL: SELECT * FROM `bbsmsg` WHERE `id` = 2  [ RunTime:0.0003s ]
SQL: SHOW COLUMNS FROM `user` [ RunTime:0.0018s ]
SQL: SELECT * FROM `user` WHERE `id` = 2 LIMIT 1   [ RunTime:0.0003s ]
NOTIC: [8] Undefined offset: 0 /Applications/XAMPP/xamppfiles/htdocs/oj/app/Home/Controller/BbsController.class.php 第 37 行.
NOTIC: [8] Undefined offset: 0 /Applications/XAMPP/xamppfiles/htdocs/oj/app/Home/Controller/BbsController.class.php 第 38 行.
SQL: SELECT * FROM `user` WHERE `id` = 2 LIMIT 1   [ RunTime:0.0003s ]
NOTIC: [8] Undefined offset: 0 /Applications/XAMPP/xamppfiles/htdocs/oj/app/Home/Controller/BbsController.class.php 第 37 行.
NOTIC: [8] Undefined offset: 0 /Applications/XAMPP/xamppfiles/htdocs/oj/app/Home/Controller/BbsController.class.php 第 38 行.
INFO: [ view_parse ] --START--
INFO: [ template_filter ] --START--
INFO: Run Behavior\ContentReplaceBehavior [ RunTime:0.000024s ]
INFO: [ template_filter ] --END-- [ RunTime:0.000061s ]
INFO: Run Behavior\ParseTemplateBehavior [ RunTime:0.006990s ]
INFO: [ view_parse ] --END-- [ RunTime:0.007029s ]
INFO: [ view_filter ] --START--
INFO: Run Behavior\WriteHtmlCacheBehavior [ RunTime:0.000116s ]
INFO: [ view_filter ] --END-- [ RunTime:0.000140s ]
INFO: [ app_end ] --START--
INFO: Run Behavior\ShowPageTraceBehavior [ RunTime:0.000309s ]
INFO: [ app_end ] --END-- [ RunTime:0.000344s ]

[ 2015-11-30T06:48:40+08:00 ] 127.0.0.1 /oj/index.php/Home/bbs/view.html?id=1
INFO: [ app_init ] --START--
INFO: Run Behavior\BuildLiteBehavior [ RunTime:0.000010s ]
INFO: [ app_init ] --END-- [ RunTime:0.000251s ]
INFO: [ app_begin ] --START--
INFO: Run Behavior\ReadHtmlCacheBehavior [ RunTime:0.000273s ]
INFO: [ app_begin ] --END-- [ RunTime:0.000304s ]
SQL: SHOW COLUMNS FROM `bbslist` [ RunTime:0.0021s ]
SQL: SELECT * FROM `bbslist` WHERE `id` = 1  [ RunTime:0.0008s ]
SQL: SHOW COLUMNS FROM `bbsmsg` [ RunTime:0.0021s ]
SQL: SELECT * FROM `bbsmsg` WHERE `id` = 1  [ RunTime:0.0003s ]
SQL: SHOW COLUMNS FROM `user` [ RunTime:0.0017s ]
SQL: SELECT * FROM `user` WHERE `id` = 1 LIMIT 1   [ RunTime:0.0003s ]
INFO: [ view_parse ] --START--
INFO: [ template_filter ] --START--
INFO: Run Behavior\ContentReplaceBehavior [ RunTime:0.000025s ]
INFO: [ template_filter ] --END-- [ RunTime:0.000063s ]
INFO: Run Behavior\ParseTemplateBehavior [ RunTime:0.008762s ]
INFO: [ view_parse ] --END-- [ RunTime:0.008802s ]
INFO: [ view_filter ] --START--
INFO: Run Behavior\WriteHtmlCacheBehavior [ RunTime:0.000125s ]
INFO: [ view_filter ] --END-- [ RunTime:0.000148s ]
INFO: [ app_end ] --START--
INFO: Run Behavior\ShowPageTraceBehavior [ RunTime:0.000430s ]
INFO: [ app_end ] --END-- [ RunTime:0.000464s ]

[ 2015-11-30T06:48:42+08:00 ] 127.0.0.1 /oj/index.php/Home/bbs/view.html?id=1
INFO: [ app_init ] --START--
INFO: Run Behavior\BuildLiteBehavior [ RunTime:0.000014s ]
INFO: [ app_init ] --END-- [ RunTime:0.000284s ]
INFO: [ app_begin ] --START--
INFO: Run Behavior\ReadHtmlCacheBehavior [ RunTime:0.000353s ]
INFO: [ app_begin ] --END-- [ RunTime:0.000393s ]
SQL: SHOW COLUMNS FROM `bbslist` [ RunTime:0.0026s ]
SQL: SELECT * FROM `bbslist` WHERE `id` = 1  [ RunTime:0.0005s ]
SQL: SHOW COLUMNS FROM `bbsmsg` [ RunTime:0.0017s ]
SQL: SELECT * FROM `bbsmsg` WHERE `id` = 1  [ RunTime:0.0004s ]
SQL: SHOW COLUMNS FROM `user` [ RunTime:0.0016s ]
SQL: SELECT * FROM `user` WHERE `id` = 1 LIMIT 1   [ RunTime:0.0003s ]
INFO: [ view_parse ] --START--
INFO: [ template_filter ] --START--
INFO: Run Behavior\ContentReplaceBehavior [ RunTime:0.000041s ]
INFO: [ template_filter ] --END-- [ RunTime:0.000102s ]
INFO: Run Behavior\ParseTemplateBehavior [ RunTime:0.009367s ]
INFO: [ view_parse ] --END-- [ RunTime:0.009422s ]
INFO: [ view_filter ] --START--
INFO: Run Behavior\WriteHtmlCacheBehavior [ RunTime:0.000194s ]
INFO: [ view_filter ] --END-- [ RunTime:0.000237s ]
INFO: [ app_end ] --START--
INFO: Run Behavior\ShowPageTraceBehavior [ RunTime:0.000544s ]
INFO: [ app_end ] --END-- [ RunTime:0.000592s ]

[ 2015-11-30T06:48:47+08:00 ] 127.0.0.1 /oj/index.php/Home/bbs/view.html?id=2
INFO: [ app_init ] --START--
INFO: Run Behavior\BuildLiteBehavior [ RunTime:0.000010s ]
INFO: [ app_init ] --END-- [ RunTime:0.000216s ]
INFO: [ app_begin ] --START--
INFO: Run Behavior\ReadHtmlCacheBehavior [ RunTime:0.000347s ]
INFO: [ app_begin ] --END-- [ RunTime:0.000396s ]
SQL: SHOW COLUMNS FROM `bbslist` [ RunTime:0.0035s ]
SQL: SELECT * FROM `bbslist` WHERE `id` = 2  [ RunTime:0.0003s ]
SQL: SHOW COLUMNS FROM `bbsmsg` [ RunTime:0.0030s ]
SQL: SELECT * FROM `bbsmsg` WHERE `id` = 2  [ RunTime:0.0005s ]
SQL: SHOW COLUMNS FROM `user` [ RunTime:0.0019s ]
SQL: SELECT * FROM `user` WHERE `id` = 2 LIMIT 1   [ RunTime:0.0005s ]
NOTIC: [8] Undefined offset: 0 /Applications/XAMPP/xamppfiles/htdocs/oj/app/Home/Controller/BbsController.class.php 第 37 行.
NOTIC: [8] Undefined offset: 0 /Applications/XAMPP/xamppfiles/htdocs/oj/app/Home/Controller/BbsController.class.php 第 38 行.
SQL: SELECT * FROM `user` WHERE `id` = 2 LIMIT 1   [ RunTime:0.0003s ]
NOTIC: [8] Undefined offset: 0 /Applications/XAMPP/xamppfiles/htdocs/oj/app/Home/Controller/BbsController.class.php 第 37 行.
NOTIC: [8] Undefined offset: 0 /Applications/XAMPP/xamppfiles/htdocs/oj/app/Home/Controller/BbsController.class.php 第 38 行.
INFO: [ view_parse ] --START--
INFO: [ template_filter ] --START--
INFO: Run Behavior\ContentReplaceBehavior [ RunTime:0.000022s ]
INFO: [ template_filter ] --END-- [ RunTime:0.000054s ]
INFO: Run Behavior\ParseTemplateBehavior [ RunTime:0.006789s ]
INFO: [ view_parse ] --END-- [ RunTime:0.006825s ]
INFO: [ view_filter ] --START--
INFO: Run Behavior\WriteHtmlCacheBehavior [ RunTime:0.000110s ]
INFO: [ view_filter ] --END-- [ RunTime:0.000134s ]
INFO: [ app_end ] --START--
INFO: Run Behavior\ShowPageTraceBehavior [ RunTime:0.000292s ]
INFO: [ app_end ] --END-- [ RunTime:0.000317s ]

[ 2015-11-30T06:51:57+08:00 ] 127.0.0.1 /oj/index.php/Home/bbs/view.html?id=2
INFO: [ app_init ] --START--
INFO: Run Behavior\BuildLiteBehavior [ RunTime:0.000014s ]
INFO: [ app_init ] --END-- [ RunTime:0.000321s ]
INFO: [ app_begin ] --START--
INFO: Run Behavior\ReadHtmlCacheBehavior [ RunTime:0.000383s ]
INFO: [ app_begin ] --END-- [ RunTime:0.000427s ]
SQL: SHOW COLUMNS FROM `bbslist` [ RunTime:0.0024s ]
SQL: SELECT * FROM `bbslist` WHERE `id` = 2  [ RunTime:0.0003s ]
SQL: SHOW COLUMNS FROM `bbsmsg` [ RunTime:0.0021s ]
SQL: SELECT * FROM `bbsmsg` WHERE `id` = 2  [ RunTime:0.0003s ]
SQL: SHOW COLUMNS FROM `user` [ RunTime:0.0016s ]
SQL: SELECT * FROM `user` LIMIT 1   [ RunTime:0.0003s ]
SQL: SELECT * FROM `user` LIMIT 1   [ RunTime:0.0014s ]
INFO: [ view_parse ] --START--
INFO: [ template_filter ] --START--
INFO: Run Behavior\ContentReplaceBehavior [ RunTime:0.000027s ]
INFO: [ template_filter ] --END-- [ RunTime:0.000071s ]
INFO: Run Behavior\ParseTemplateBehavior [ RunTime:0.007462s ]
INFO: [ view_parse ] --END-- [ RunTime:0.007520s ]
INFO: [ view_filter ] --START--
INFO: Run Behavior\WriteHtmlCacheBehavior [ RunTime:0.000239s ]
INFO: [ view_filter ] --END-- [ RunTime:0.000296s ]
INFO: [ app_end ] --START--
INFO: Run Behavior\ShowPageTraceBehavior [ RunTime:0.000443s ]
INFO: [ app_end ] --END-- [ RunTime:0.000481s ]

