[ 2015-12-07T13:27:03+08:00 ] 127.0.0.1 /oj/index.php/Home/login/logout.html
INFO: [ app_init ] --START--
INFO: Run Behavior\BuildLiteBehavior [ RunTime:0.000036s ]
INFO: [ app_init ] --END-- [ RunTime:0.001006s ]
INFO: [ app_begin ] --START--
INFO: Run Behavior\ReadHtmlCacheBehavior [ RunTime:0.000926s ]
INFO: [ app_begin ] --END-- [ RunTime:0.001044s ]
INFO: [ app_end ] --START--
INFO: Run Behavior\ShowPageTraceBehavior [ RunTime:0.001218s ]
INFO: [ app_end ] --END-- [ RunTime:0.001375s ]

[ 2015-12-07T13:27:06+08:00 ] 127.0.0.1 /oj/index.php/Home/Login/index.html
INFO: [ app_init ] --START--
INFO: Run Behavior\BuildLiteBehavior [ RunTime:0.000010s ]
INFO: [ app_init ] --END-- [ RunTime:0.000247s ]
INFO: [ app_begin ] --START--
INFO: Run Behavior\ReadHtmlCacheBehavior [ RunTime:0.000470s ]
INFO: [ app_begin ] --END-- [ RunTime:0.000509s ]
INFO: [ view_parse ] --START--
INFO: [ template_filter ] --START--
INFO: Run Behavior\ContentReplaceBehavior [ RunTime:0.000033s ]
INFO: [ template_filter ] --END-- [ RunTime:0.000102s ]
NOTIC: [8] Undefined variable: P /Applications/XAMPP/xamppfiles/htdocs/oj/app/Runtime/Cache/Home/1721c4720770efb58325480714de9558.php 第 25 行.
NOTIC: [8] Undefined variable: P /Applications/XAMPP/xamppfiles/htdocs/oj/app/Runtime/Cache/Home/1721c4720770efb58325480714de9558.php 第 26 行.
NOTIC: [8] Undefined variable: P /Applications/XAMPP/xamppfiles/htdocs/oj/app/Runtime/Cache/Home/1721c4720770efb58325480714de9558.php 第 27 行.
NOTIC: [8] Undefined variable: P /Applications/XAMPP/xamppfiles/htdocs/oj/app/Runtime/Cache/Home/1721c4720770efb58325480714de9558.php 第 28 行.
INFO: Run Behavior\ParseTemplateBehavior [ RunTime:0.021349s ]
INFO: [ view_parse ] --END-- [ RunTime:0.021443s ]
INFO: [ view_filter ] --START--
INFO: Run Behavior\WriteHtmlCacheBehavior [ RunTime:0.000522s ]
INFO: [ view_filter ] --END-- [ RunTime:0.000574s ]
INFO: [ app_end ] --START--
INFO: Run Behavior\ShowPageTraceBehavior [ RunTime:0.000458s ]
INFO: [ app_end ] --END-- [ RunTime:0.000496s ]

[ 2015-12-07T13:27:07+08:00 ] 127.0.0.1 /oj/index.php/Home/Login/login.html
INFO: [ app_init ] --START--
INFO: Run Behavior\BuildLiteBehavior [ RunTime:0.000013s ]
INFO: [ app_init ] --END-- [ RunTime:0.000383s ]
INFO: [ app_begin ] --START--
INFO: Run Behavior\ReadHtmlCacheBehavior [ RunTime:0.000330s ]
INFO: [ app_begin ] --END-- [ RunTime:0.000380s ]
ERR: SQLSTATE[HY000] [2002] Connection refused

