[ 2015-06-22T12:26:14+08:00 ] 127.0.0.1 /thbbs/asd
INFO: [ app_init ] --START--
INFO: Run Behavior\BuildLiteBehavior [ RunTime:0.000450s ]
INFO: [ app_init ] --END-- [ RunTime:0.002962s ]
ERR: 无法加载模块:Asd

[ 2015-06-22T12:26:18+08:00 ] 127.0.0.1 /thbbs/1231231
INFO: [ app_init ] --START--
INFO: Run Behavior\BuildLiteBehavior [ RunTime:0.000013s ]
INFO: [ app_init ] --END-- [ RunTime:0.000296s ]
ERR: 无法加载模块:1231231

[ 2015-06-22T12:26:36+08:00 ] 127.0.0.1 /thbbs/1231231
INFO: [ app_init ] --START--
INFO: Run Behavior\BuildLiteBehavior [ RunTime:0.000016s ]
INFO: [ app_init ] --END-- [ RunTime:0.000428s ]
ERR: 无法加载模块:1231231

[ 2015-06-22T12:27:31+08:00 ] 127.0.0.1 /thbbs/1231231
INFO: [ app_init ] --START--
INFO: Run Behavior\BuildLiteBehavior [ RunTime:0.000017s ]
INFO: [ app_init ] --END-- [ RunTime:0.000291s ]
ERR: 无法加载模块:1231231

[ 2015-06-22T12:27:32+08:00 ] 127.0.0.1 /thbbs/1231231
INFO: [ app_init ] --START--
INFO: Run Behavior\BuildLiteBehavior [ RunTime:0.000012s ]
INFO: [ app_init ] --END-- [ RunTime:0.000243s ]
ERR: 无法加载模块:1231231

[ 2015-06-22T12:27:39+08:00 ] 127.0.0.1 /thbbs/122345678
INFO: [ app_init ] --START--
INFO: Run Behavior\BuildLiteBehavior [ RunTime:0.000036s ]
INFO: [ app_init ] --END-- [ RunTime:0.000984s ]
ERR: 无法加载模块:122345678

[ 2015-06-22T12:27:51+08:00 ] 127.0.0.1 /thbbs/122345678
INFO: [ app_init ] --START--
INFO: Run Behavior\BuildLiteBehavior [ RunTime:0.000021s ]
INFO: [ app_init ] --END-- [ RunTime:0.000417s ]
ERR: 无法加载模块:122345678

[ 2015-06-22T12:39:54+08:00 ] 127.0.0.1 /thbbs/122345678
INFO: [ app_init ] --START--
INFO: Run Behavior\BuildLiteBehavior [ RunTime:0.000020s ]
INFO: [ app_init ] --END-- [ RunTime:0.000756s ]
ERR: 无法加载模块:122345678

[ 2015-06-22T12:39:55+08:00 ] 127.0.0.1 /thbbs/122345678
INFO: [ app_init ] --START--
INFO: Run Behavior\BuildLiteBehavior [ RunTime:0.000012s ]
INFO: [ app_init ] --END-- [ RunTime:0.000299s ]
ERR: 无法加载模块:122345678

[ 2015-06-22T12:40:42+08:00 ] 127.0.0.1 /thbbs/122345678
INFO: [ app_init ] --START--
INFO: Run Behavior\BuildLiteBehavior [ RunTime:0.000012s ]
INFO: [ app_init ] --END-- [ RunTime:0.000244s ]
ERR: 无法加载模块:122345678

[ 2015-06-22T12:40:43+08:00 ] 127.0.0.1 /thbbs/122345678
INFO: [ app_init ] --START--
INFO: Run Behavior\BuildLiteBehavior [ RunTime:0.000019s ]
INFO: [ app_init ] --END-- [ RunTime:0.000546s ]
ERR: 无法加载模块:122345678

[ 2015-06-22T12:40:47+08:00 ] 127.0.0.1 /thbbs/1
INFO: [ app_init ] --START--
INFO: Run Behavior\BuildLiteBehavior [ RunTime:0.000010s ]
INFO: [ app_init ] --END-- [ RunTime:0.000226s ]
ERR: 无法加载模块:1

[ 2015-06-22T12:40:50+08:00 ] 127.0.0.1 /thbbs/1123
INFO: [ app_init ] --START--
INFO: Run Behavior\BuildLiteBehavior [ RunTime:0.000009s ]
INFO: [ app_init ] --END-- [ RunTime:0.000205s ]
ERR: 无法加载模块:1123

[ 2015-06-22T13:21:55+08:00 ] 127.0.0.1 /thbbs/show_1
INFO: [ app_init ] --START--
INFO: Run Behavior\BuildLiteBehavior [ RunTime:0.000022s ]
INFO: [ app_init ] --END-- [ RunTime:0.000843s ]
ERR: 无法加载模块:Show_1

[ 2015-06-22T13:22:07+08:00 ] 127.0.0.1 /thbbs/show_1
INFO: [ app_init ] --START--
INFO: Run Behavior\BuildLiteBehavior [ RunTime:0.000010s ]
INFO: [ app_init ] --END-- [ RunTime:0.000299s ]
ERR: 无法加载模块:Show_1

[ 2015-06-22T19:00:11+08:00 ] 127.0.0.1 /thbbs/show_0
INFO: [ app_init ] --START--
INFO: Run Behavior\BuildLiteBehavior [ RunTime:0.000031s ]
INFO: [ app_init ] --END-- [ RunTime:0.002872s ]
NOTIC: [2] preg_match(): Compilation failed: nothing to repeat at offset 7 /Applications/XAMPP/xamppfiles/htdocs/thbbs/ThinkPHP/Library/Think/Route.class.php 第 58 行.
ERR: 无法加载模块:Show_0

[ 2015-06-22T19:00:27+08:00 ] 127.0.0.1 /thbbs/show_0
INFO: [ app_init ] --START--
INFO: Run Behavior\BuildLiteBehavior [ RunTime:0.000014s ]
INFO: [ app_init ] --END-- [ RunTime:0.000336s ]
NOTIC: [2] preg_match(): Compilation failed: nothing to repeat at offset 7 /Applications/XAMPP/xamppfiles/htdocs/thbbs/ThinkPHP/Library/Think/Route.class.php 第 58 行.
ERR: 无法加载模块:Show_0

[ 2015-06-22T19:01:41+08:00 ] 127.0.0.1 /thbbs/show_222
INFO: [ app_init ] --START--
INFO: Run Behavior\BuildLiteBehavior [ RunTime:0.000010s ]
INFO: [ app_init ] --END-- [ RunTime:0.000211s ]
ERR: 无法加载模块:Show_222

[ 2015-06-22T19:01:55+08:00 ] 127.0.0.1 /thbbs/show_0
INFO: [ app_init ] --START--
INFO: Run Behavior\BuildLiteBehavior [ RunTime:0.000020s ]
INFO: [ app_init ] --END-- [ RunTime:0.000560s ]
ERR: 无法加载模块:Show_0

[ 2015-06-22T19:02:05+08:00 ] 127.0.0.1 /thbbs/show_a
INFO: [ app_init ] --START--
INFO: Run Behavior\BuildLiteBehavior [ RunTime:0.000010s ]
INFO: [ app_init ] --END-- [ RunTime:0.000218s ]
ERR: 无法加载模块:Show_a

[ 2015-06-22T19:02:09+08:00 ] 127.0.0.1 /thbbs/show_0
INFO: [ app_init ] --START--
INFO: Run Behavior\BuildLiteBehavior [ RunTime:0.000010s ]
INFO: [ app_init ] --END-- [ RunTime:0.000226s ]
ERR: 无法加载模块:Show_0

[ 2015-06-22T19:03:38+08:00 ] 127.0.0.1 /thbbs/show_0
INFO: [ app_init ] --START--
INFO: Run Behavior\BuildLiteBehavior [ RunTime:0.000018s ]
INFO: [ app_init ] --END-- [ RunTime:0.000422s ]
ERR: 无法加载模块:Show_0

