[ 2016-09-28T22:39:13+08:00 ] 127.0.0.1 /oj2/index.php/Status
INFO: [ app_init ] --START--
INFO: Run Behavior\BuildLiteBehavior [ RunTime:0.000022s ]
INFO: [ app_init ] --END-- [ RunTime:0.000876s ]
INFO: [ app_begin ] --START--
INFO: Run Behavior\ReadHtmlCacheBehavior [ RunTime:0.001024s ]
INFO: [ app_begin ] --END-- [ RunTime:0.001112s ]
SQL: SHOW COLUMNS FROM `oj_solution` [ RunTime:0.0008s ]
SQL: SELECT COUNT(*) AS tp_count FROM `oj_solution` LIMIT 1   [ RunTime:0.0010s ]
SQL: SELECT * FROM `oj_solution` LIMIT 0,10   [ RunTime:0.0006s ]
INFO: [ view_parse ] --START--
INFO: [ template_filter ] --START--
INFO: Run Behavior\ContentReplaceBehavior [ RunTime:0.000098s ]
INFO: [ template_filter ] --END-- [ RunTime:0.000243s ]
NOTIC: [8] Undefined index: problem_id /Applications/XAMPP/xamppfiles/htdocs/oj2/app/Runtime/Cache/Status/893272d7d3ef84dee73f0b12c9556dc7.php 第 24 行.
NOTIC: [8] Undefined index: problem_id /Applications/XAMPP/xamppfiles/htdocs/oj2/app/Runtime/Cache/Status/893272d7d3ef84dee73f0b12c9556dc7.php 第 24 行.
NOTIC: [8] Undefined index: problem_id /Applications/XAMPP/xamppfiles/htdocs/oj2/app/Runtime/Cache/Status/893272d7d3ef84dee73f0b12c9556dc7.php 第 24 行.
NOTIC: [8] Undefined index: problem_id /Applications/XAMPP/xamppfiles/htdocs/oj2/app/Runtime/Cache/Status/893272d7d3ef84dee73f0b12c9556dc7.php 第 24 行.
NOTIC: [8] Undefined index: problem_id /Applications/XAMPP/xamppfiles/htdocs/oj2/app/Runtime/Cache/Status/893272d7d3ef84dee73f0b12c9556dc7.php 第 24 行.
NOTIC: [8] Undefined index: problem_id /Applications/XAMPP/xamppfiles/htdocs/oj2/app/Runtime/Cache/Status/893272d7d3ef84dee73f0b12c9556dc7.php 第 24 行.
NOTIC: [8] Undefined index: problem_id /Applications/XAMPP/xamppfiles/htdocs/oj2/app/Runtime/Cache/Status/893272d7d3ef84dee73f0b12c9556dc7.php 第 24 行.
INFO: Run Behavior\ParseTemplateBehavior [ RunTime:0.012291s ]
INFO: [ view_parse ] --END-- [ RunTime:0.012355s ]
INFO: [ view_filter ] --START--
INFO: Run Behavior\WriteHtmlCacheBehavior [ RunTime:0.000479s ]
INFO: [ view_filter ] --END-- [ RunTime:0.000531s ]
INFO: [ app_end ] --START--
INFO: Run Behavior\ShowPageTraceBehavior [ RunTime:0.000920s ]
INFO: [ app_end ] --END-- [ RunTime:0.000996s ]

