[ 2016-09-30T15:16:10+08:00 ] 127.0.0.1 /oj2/index.php/Status
INFO: [ app_init ] --START--
INFO: Run Behavior\BuildLiteBehavior [ RunTime:0.000024s ]
INFO: [ app_init ] --END-- [ RunTime:0.000401s ]
INFO: [ app_begin ] --START--
INFO: Run Behavior\ReadHtmlCacheBehavior [ RunTime:0.000930s ]
INFO: [ app_begin ] --END-- [ RunTime:0.001022s ]
SQL: SHOW COLUMNS FROM `oj_solution` [ RunTime:0.0007s ]
SQL: SELECT COUNT(*) AS tp_count FROM `oj_solution` LIMIT 1   [ RunTime:0.0003s ]
SQL: SELECT * FROM `oj_solution` LIMIT 0,10   [ RunTime:0.0004s ]
INFO: [ view_parse ] --START--
INFO: [ template_filter ] --START--
INFO: Run Behavior\ContentReplaceBehavior [ RunTime:0.000056s ]
INFO: [ template_filter ] --END-- [ RunTime:0.000135s ]
NOTIC: [8] Undefined index: problem_id /Applications/XAMPP/xamppfiles/htdocs/oj2/app/Runtime/Cache/Status/893272d7d3ef84dee73f0b12c9556dc7.php 第 24 行.
NOTIC: [8] Undefined index: problem_id /Applications/XAMPP/xamppfiles/htdocs/oj2/app/Runtime/Cache/Status/893272d7d3ef84dee73f0b12c9556dc7.php 第 24 行.
NOTIC: [8] Undefined index: problem_id /Applications/XAMPP/xamppfiles/htdocs/oj2/app/Runtime/Cache/Status/893272d7d3ef84dee73f0b12c9556dc7.php 第 24 行.
NOTIC: [8] Undefined index: problem_id /Applications/XAMPP/xamppfiles/htdocs/oj2/app/Runtime/Cache/Status/893272d7d3ef84dee73f0b12c9556dc7.php 第 24 行.
NOTIC: [8] Undefined index: problem_id /Applications/XAMPP/xamppfiles/htdocs/oj2/app/Runtime/Cache/Status/893272d7d3ef84dee73f0b12c9556dc7.php 第 24 行.
NOTIC: [8] Undefined index: problem_id /Applications/XAMPP/xamppfiles/htdocs/oj2/app/Runtime/Cache/Status/893272d7d3ef84dee73f0b12c9556dc7.php 第 24 行.
NOTIC: [8] Undefined index: problem_id /Applications/XAMPP/xamppfiles/htdocs/oj2/app/Runtime/Cache/Status/893272d7d3ef84dee73f0b12c9556dc7.php 第 24 行.
INFO: Run Behavior\ParseTemplateBehavior [ RunTime:0.014536s ]
INFO: [ view_parse ] --END-- [ RunTime:0.014602s ]
INFO: [ view_filter ] --START--
INFO: Run Behavior\WriteHtmlCacheBehavior [ RunTime:0.000480s ]
INFO: [ view_filter ] --END-- [ RunTime:0.000531s ]
INFO: [ app_end ] --START--
INFO: Run Behavior\ShowPageTraceBehavior [ RunTime:0.000868s ]
INFO: [ app_end ] --END-- [ RunTime:0.000941s ]

